#
# There is insufficient memory for the Java Runtime Environment to continue.
# Native memory allocation (malloc) failed to allocate 792096 bytes for Chunk::new
# Possible reasons:
#   The system is out of physical RAM or swap space
#   In 32 bit mode, the process size limit was hit
# Possible solutions:
#   Reduce memory load on the system
#   Increase physical memory or swap space
#   Check if swap backing store is full
#   Use 64 bit Java on a 64 bit OS
#   Decrease Java heap size (-Xmx/-Xms)
#   Decrease number of Java threads
#   Decrease Java thread stack sizes (-Xss)
#   Set larger code cache with -XX:ReservedCodeCacheSize=
# This output file may be truncated or incomplete.
#
#  Out of Memory Error (allocation.cpp:390), pid=19336, tid=0x0000000000007700
#
# JRE version: Java(TM) SE Runtime Environment (8.0_181-b13) (build 1.8.0_181-b13)
# Java VM: Java HotSpot(TM) 64-Bit Server VM (25.181-b13 mixed mode windows-amd64 compressed oops)
# Failed to write core dump. Minidumps are not enabled by default on client versions of Windows
#

---------------  T H R E A D  ---------------

Current thread (0x0000000016466800):  JavaThread "C2 CompilerThread1" daemon [_thread_in_native, id=30464, stack(0x0000000016960000,0x0000000016a60000)]

Stack: [0x0000000016960000,0x0000000016a60000]
[error occurred during error reporting (printing stack bounds), id 0xc0000005]

Native frames: (J=compiled Java code, j=interpreted, Vv=VM code, C=native code)


Current CompileTask:
C2:   3256 3012   !   4       javafx.scene.CssStyleHelper::transitionToState (1075 bytes)


---------------  P R O C E S S  ---------------

Java Threads: ( => current thread )
  0x00000000173e6000 JavaThread "Prism Font Disposer" daemon [_thread_blocked, id=10692, stack(0x0000000022070000,0x0000000022170000)]
  0x0000000017108800 JavaThread "Thread-5" [_thread_blocked, id=16560, stack(0x0000000021840000,0x0000000021940000)]
  0x000000001727b800 JavaThread "Thread-4" [_thread_blocked, id=18556, stack(0x0000000021740000,0x0000000021840000)]
  0x0000000016f3e000 JavaThread "Thread-3" daemon [_thread_in_native, id=31632, stack(0x000000001e570000,0x000000001e670000)]
  0x0000000016f39800 JavaThread "JavaFX-Launcher" [_thread_blocked, id=31636, stack(0x000000001e670000,0x000000001e770000)]
  0x000000001684c000 JavaThread "JavaFX Application Thread" [_thread_in_vm, id=23576, stack(0x0000000017ad0000,0x0000000017bd0000)]
  0x0000000016f13000 JavaThread "Thread-1" daemon [_thread_blocked, id=31720, stack(0x00000000179d0000,0x0000000017ad0000)]
  0x000000001682b000 JavaThread "QuantumRenderer-0" daemon [_thread_blocked, id=16252, stack(0x00000000176c0000,0x00000000177c0000)]
  0x00000000164dc000 JavaThread "Service Thread" daemon [_thread_blocked, id=14668, stack(0x0000000016b60000,0x0000000016c60000)]
  0x0000000016471800 JavaThread "C1 CompilerThread2" daemon [_thread_in_native, id=30944, stack(0x0000000016a60000,0x0000000016b60000)]
=>0x0000000016466800 JavaThread "C2 CompilerThread1" daemon [_thread_in_native, id=30464, stack(0x0000000016960000,0x0000000016a60000)]
  0x0000000014f5e000 JavaThread "C2 CompilerThread0" daemon [_thread_in_native, id=30332, stack(0x0000000016860000,0x0000000016960000)]
  0x0000000014f5a800 JavaThread "Attach Listener" daemon [_thread_blocked, id=6852, stack(0x0000000016360000,0x0000000016460000)]
  0x0000000014f59000 JavaThread "Signal Dispatcher" daemon [_thread_blocked, id=31240, stack(0x0000000016260000,0x0000000016360000)]
  0x0000000014eea800 JavaThread "Finalizer" daemon [_thread_blocked, id=30588, stack(0x0000000016160000,0x0000000016260000)]
  0x0000000014ec9000 JavaThread "Reference Handler" daemon [_thread_blocked, id=22672, stack(0x0000000016060000,0x0000000016160000)]
  0x000000000250e000 JavaThread "main" [_thread_blocked, id=21260, stack(0x00000000028e0000,0x00000000029e0000)]

Other Threads:
  0x0000000014ec7800 VMThread [stack: 0x0000000015f60000,0x0000000016060000] [id=23816]
  0x0000000016514800 WatcherThread [stack: 0x0000000016c60000,0x0000000016d60000] [id=30608]

VM state:not at safepoint (normal execution)

VM Mutex/Monitor currently owned by a thread: None

Heap:
 PSYoungGen      total 67584K, used 30401K [0x00000000ec300000, 0x00000000f1500000, 0x0000000100000000)
  eden space 58880K, 36% used [0x00000000ec300000,0x00000000ed837c78,0x00000000efc80000)
  from space 8704K, 99% used [0x00000000f0780000,0x00000000f0ff8a38,0x00000000f1000000)
  to   space 11264K, 0% used [0x00000000efc80000,0x00000000efc80000,0x00000000f0780000)
 ParOldGen       total 40960K, used 11048K [0x00000000c4800000, 0x00000000c7000000, 0x00000000ec300000)
  object space 40960K, 26% used [0x00000000c4800000,0x00000000c52ca3a0,0x00000000c7000000)
 Metaspace       used 18857K, capacity 20124K, committed 20224K, reserved 1067008K
  class space    used 2747K, capacity 2999K, committed 3072K, reserved 1048576K

Card table byte_map: [0x0000000011ea0000,0x0000000012080000] byte_map_base: 0x000000001187c000

Marking Bits: (ParMarkBitMap*) 0x0000000053962d00
 Begin Bits: [0x00000000125c0000, 0x00000000134a0000)
 End Bits:   [0x00000000134a0000, 0x0000000014380000)

Polling page: 0x0000000000720000

CodeCache: size=245760Kb used=9792Kb max_used=9792Kb free=235967Kb
 bounds [0x0000000002ae0000, 0x0000000003480000, 0x0000000011ae0000]
 total_blobs=3678 nmethods=3079 adapters=509
 compilation: enabled

Compilation events (10 events):
Event: 3.251 Thread 0x0000000014f5e000 3008       4       java.util.AbstractList$Itr::hasNext (20 bytes)
Event: 3.251 Thread 0x0000000014f5e000 nmethod 3008 0x00000000034597d0 code [0x0000000003459900, 0x0000000003459998]
Event: 3.251 Thread 0x0000000014f5e000 3020   !   4       java.util.AbstractList$Itr::next (45 bytes)
Event: 3.252 Thread 0x0000000014f5e000 nmethod 3020 0x0000000003460710 code [0x0000000003460860, 0x0000000003460968]
Event: 3.252 Thread 0x0000000014f5e000 2980       4       java.util.AbstractList$Itr::<init> (6 bytes)
Event: 3.253 Thread 0x0000000016471800 3070       3       javafx.scene.Node::updateLocalToParentTransform (442 bytes)
Event: 3.253 Thread 0x0000000014f5e000 nmethod 2980 0x0000000003460490 code [0x00000000034605c0, 0x0000000003460658]
Event: 3.253 Thread 0x0000000014f5e000 3069       4       javafx.scene.Node::getClip (21 bytes)
Event: 3.253 Thread 0x0000000014f5e000 nmethod 3069 0x0000000003460210 code [0x0000000003460360, 0x00000000034603e8]
Event: 3.253 Thread 0x0000000014f5e000 3066       4       javafx.scene.control.Labeled$StyleableProperties$1::getStyleableProperty (9 bytes)

GC Heap History (10 events):
Event: 1.385 GC heap before
{Heap before GC invocations=2 (full 0):
 PSYoungGen      total 17920K, used 17848K [0x00000000ec300000, 0x00000000ed700000, 0x0000000100000000)
  eden space 15360K, 100% used [0x00000000ec300000,0x00000000ed200000,0x00000000ed200000)
  from space 2560K, 97% used [0x00000000ed200000,0x00000000ed46e040,0x00000000ed480000)
  to   space 2560K, 0% used [0x00000000ed480000,0x00000000ed480000,0x00000000ed700000)
 ParOldGen       total 40960K, used 16K [0x00000000c4800000, 0x00000000c7000000, 0x00000000ec300000)
  object space 40960K, 0% used [0x00000000c4800000,0x00000000c4804000,0x00000000c7000000)
 Metaspace       used 11482K, capacity 11926K, committed 12032K, reserved 1058816K
  class space    used 1563K, capacity 1706K, committed 1792K, reserved 1048576K
Event: 1.389 GC heap after
Heap after GC invocations=2 (full 0):
 PSYoungGen      total 17920K, used 2536K [0x00000000ec300000, 0x00000000ee600000, 0x0000000100000000)
  eden space 15360K, 0% used [0x00000000ec300000,0x00000000ec300000,0x00000000ed200000)
  from space 2560K, 99% used [0x00000000ed480000,0x00000000ed6fa040,0x00000000ed700000)
  to   space 2560K, 0% used [0x00000000ed200000,0x00000000ed200000,0x00000000ed480000)
 ParOldGen       total 40960K, used 1160K [0x00000000c4800000, 0x00000000c7000000, 0x00000000ec300000)
  object space 40960K, 2% used [0x00000000c4800000,0x00000000c4922010,0x00000000c7000000)
 Metaspace       used 11482K, capacity 11926K, committed 12032K, reserved 1058816K
  class space    used 1563K, capacity 1706K, committed 1792K, reserved 1048576K
}
Event: 1.719 GC heap before
{Heap before GC invocations=3 (full 0):
 PSYoungGen      total 17920K, used 17896K [0x00000000ec300000, 0x00000000ee600000, 0x0000000100000000)
  eden space 15360K, 100% used [0x00000000ec300000,0x00000000ed200000,0x00000000ed200000)
  from space 2560K, 99% used [0x00000000ed480000,0x00000000ed6fa040,0x00000000ed700000)
  to   space 2560K, 0% used [0x00000000ed200000,0x00000000ed200000,0x00000000ed480000)
 ParOldGen       total 40960K, used 1160K [0x00000000c4800000, 0x00000000c7000000, 0x00000000ec300000)
  object space 40960K, 2% used [0x00000000c4800000,0x00000000c4922010,0x00000000c7000000)
 Metaspace       used 13501K, capacity 14114K, committed 14336K, reserved 1060864K
  class space    used 1847K, capacity 1984K, committed 2048K, reserved 1048576K
Event: 1.726 GC heap after
Heap after GC invocations=3 (full 0):
 PSYoungGen      total 17920K, used 2552K [0x00000000ec300000, 0x00000000ee600000, 0x0000000100000000)
  eden space 15360K, 0% used [0x00000000ec300000,0x00000000ec300000,0x00000000ed200000)
  from space 2560K, 99% used [0x00000000ed200000,0x00000000ed47e050,0x00000000ed480000)
  to   space 2560K, 0% used [0x00000000ee380000,0x00000000ee380000,0x00000000ee600000)
 ParOldGen       total 40960K, used 7654K [0x00000000c4800000, 0x00000000c7000000, 0x00000000ec300000)
  object space 40960K, 18% used [0x00000000c4800000,0x00000000c4f79900,0x00000000c7000000)
 Metaspace       used 13501K, capacity 14114K, committed 14336K, reserved 1060864K
  class space    used 1847K, capacity 1984K, committed 2048K, reserved 1048576K
}
Event: 2.126 GC heap before
{Heap before GC invocations=4 (full 0):
 PSYoungGen      total 17920K, used 17912K [0x00000000ec300000, 0x00000000ee600000, 0x0000000100000000)
  eden space 15360K, 100% used [0x00000000ec300000,0x00000000ed200000,0x00000000ed200000)
  from space 2560K, 99% used [0x00000000ed200000,0x00000000ed47e050,0x00000000ed480000)
  to   space 2560K, 0% used [0x00000000ee380000,0x00000000ee380000,0x00000000ee600000)
 ParOldGen       total 40960K, used 7654K [0x00000000c4800000, 0x00000000c7000000, 0x00000000ec300000)
  object space 40960K, 18% used [0x00000000c4800000,0x00000000c4f79900,0x00000000c7000000)
 Metaspace       used 16622K, capacity 17404K, committed 17536K, reserved 1064960K
  class space    used 2457K, capacity 2667K, committed 2688K, reserved 1048576K
Event: 2.134 GC heap after
Heap after GC invocations=4 (full 0):
 PSYoungGen      total 33280K, used 2536K [0x00000000ec300000, 0x00000000ee600000, 0x0000000100000000)
  eden space 30720K, 0% used [0x00000000ec300000,0x00000000ec300000,0x00000000ee100000)
  from space 2560K, 99% used [0x00000000ee380000,0x00000000ee5fa040,0x00000000ee600000)
  to   space 2560K, 0% used [0x00000000ee100000,0x00000000ee100000,0x00000000ee380000)
 ParOldGen       total 40960K, used 8902K [0x00000000c4800000, 0x00000000c7000000, 0x00000000ec300000)
  object space 40960K, 21% used [0x00000000c4800000,0x00000000c50b1920,0x00000000c7000000)
 Metaspace       used 16622K, capacity 17404K, committed 17536K, reserved 1064960K
  class space    used 2457K, capacity 2667K, committed 2688K, reserved 1048576K
}
Event: 2.417 GC heap before
{Heap before GC invocations=5 (full 0):
 PSYoungGen      total 33280K, used 33256K [0x00000000ec300000, 0x00000000ee600000, 0x0000000100000000)
  eden space 30720K, 100% used [0x00000000ec300000,0x00000000ee100000,0x00000000ee100000)
  from space 2560K, 99% used [0x00000000ee380000,0x00000000ee5fa040,0x00000000ee600000)
  to   space 2560K, 0% used [0x00000000ee100000,0x00000000ee100000,0x00000000ee380000)
 ParOldGen       total 40960K, used 8902K [0x00000000c4800000, 0x00000000c7000000, 0x00000000ec300000)
  object space 40960K, 21% used [0x00000000c4800000,0x00000000c50b1920,0x00000000c7000000)
 Metaspace       used 16842K, capacity 17714K, committed 17920K, reserved 1064960K
  class space    used 2507K, capacity 2740K, committed 2816K, reserved 1048576K
Event: 2.428 GC heap after
Heap after GC invocations=5 (full 0):
 PSYoungGen      total 33280K, used 2536K [0x00000000ec300000, 0x00000000f1000000, 0x0000000100000000)
  eden space 30720K, 0% used [0x00000000ec300000,0x00000000ec300000,0x00000000ee100000)
  from space 2560K, 99% used [0x00000000ee100000,0x00000000ee37a040,0x00000000ee380000)
  to   space 8704K, 0% used [0x00000000f0780000,0x00000000f0780000,0x00000000f1000000)
 ParOldGen       total 40960K, used 9398K [0x00000000c4800000, 0x00000000c7000000, 0x00000000ec300000)
  object space 40960K, 22% used [0x00000000c4800000,0x00000000c512d920,0x00000000c7000000)
 Metaspace       used 16842K, capacity 17714K, committed 17920K, reserved 1064960K
  class space    used 2507K, capacity 2740K, committed 2816K, reserved 1048576K
}
Event: 2.885 GC heap before
{Heap before GC invocations=6 (full 0):
 PSYoungGen      total 33280K, used 33256K [0x00000000ec300000, 0x00000000f1000000, 0x0000000100000000)
  eden space 30720K, 100% used [0x00000000ec300000,0x00000000ee100000,0x00000000ee100000)
  from space 2560K, 99% used [0x00000000ee100000,0x00000000ee37a040,0x00000000ee380000)
  to   space 8704K, 0% used [0x00000000f0780000,0x00000000f0780000,0x00000000f1000000)
 ParOldGen       total 40960K, used 9398K [0x00000000c4800000, 0x00000000c7000000, 0x00000000ec300000)
  object space 40960K, 22% used [0x00000000c4800000,0x00000000c512d920,0x00000000c7000000)
 Metaspace       used 18243K, capacity 19458K, committed 19712K, reserved 1067008K
  class space    used 2705K, capacity 2962K, committed 3072K, reserved 1048576K
Event: 2.901 GC heap after
Heap after GC invocations=6 (full 0):
 PSYoungGen      total 67584K, used 8674K [0x00000000ec300000, 0x00000000f1500000, 0x0000000100000000)
  eden space 58880K, 0% used [0x00000000ec300000,0x00000000ec300000,0x00000000efc80000)
  from space 8704K, 99% used [0x00000000f0780000,0x00000000f0ff8a38,0x00000000f1000000)
  to   space 11264K, 0% used [0x00000000efc80000,0x00000000efc80000,0x00000000f0780000)
 ParOldGen       total 40960K, used 11048K [0x00000000c4800000, 0x00000000c7000000, 0x00000000ec300000)
  object space 40960K, 26% used [0x00000000c4800000,0x00000000c52ca3a0,0x00000000c7000000)
 Metaspace       used 18243K, capacity 19458K, committed 19712K, reserved 1067008K
  class space    used 2705K, capacity 2962K, committed 3072K, reserved 1048576K
}

Deoptimization events (10 events):
Event: 2.873 Thread 0x000000001684c000 Uncommon trap: reason=class_check action=maybe_recompile pc=0x00000000032c4e0c method=javafx.scene.control.Labeled$StyleableProperties$1.getStyleableProperty(Ljavafx/css/Styleable;)Ljavafx/css/StyleableProperty; @ 2
Event: 2.873 Thread 0x000000001684c000 Uncommon trap: reason=class_check action=maybe_recompile pc=0x00000000032c4de8 method=javafx.scene.control.Labeled$StyleableProperties$1.getStyleableProperty(Ljavafx/css/Styleable;)Ljavafx/css/StyleableProperty; @ 2
Event: 2.906 Thread 0x000000001684c000 Uncommon trap: reason=unstable_if action=reinterpret pc=0x00000000032d01f8 method=javafx.scene.Node.notifyParentOfBoundsChange()V @ 18
Event: 2.907 Thread 0x000000001684c000 Uncommon trap: reason=unstable_if action=reinterpret pc=0x00000000032bcf50 method=java.util.WeakHashMap.expungeStaleEntries()V @ 9
Event: 2.921 Thread 0x000000001684c000 Uncommon trap: reason=unstable_if action=reinterpret pc=0x0000000002fd6230 method=javafx.collections.ListChangeBuilder.commit()V @ 16
Event: 2.963 Thread 0x000000001684c000 Uncommon trap: reason=bimorphic action=maybe_recompile pc=0x0000000002f7e158 method=com.sun.javafx.binding.ExpressionHelper.fireValueChangedEvent(Lcom/sun/javafx/binding/ExpressionHelper;)V @ 5
Event: 2.963 Thread 0x000000001684c000 Uncommon trap: reason=bimorphic action=maybe_recompile pc=0x0000000002f7e158 method=com.sun.javafx.binding.ExpressionHelper.fireValueChangedEvent(Lcom/sun/javafx/binding/ExpressionHelper;)V @ 5
Event: 2.963 Thread 0x000000001684c000 Uncommon trap: reason=bimorphic action=maybe_recompile pc=0x0000000002f7e158 method=com.sun.javafx.binding.ExpressionHelper.fireValueChangedEvent(Lcom/sun/javafx/binding/ExpressionHelper;)V @ 5
Event: 3.054 Thread 0x000000001684c000 Uncommon trap: reason=class_check action=maybe_recompile pc=0x0000000003397f64 method=javafx.scene.control.Labeled$StyleableProperties$1.getStyleableProperty(Ljavafx/css/Styleable;)Ljavafx/css/StyleableProperty; @ 2
Event: 3.145 Thread 0x000000001684c000 Uncommon trap: reason=unstable_if action=reinterpret pc=0x0000000003035ba8 method=jdk.internal.org.objectweb.asm.Type.getArgumentsAndReturnSizes(Ljava/lang/String;)I @ 47

Classes redefined (0 events):
No events

Internal exceptions (10 events):
Event: 1.547 Thread 0x000000001684c000 Exception <a 'java/lang/ArrayIndexOutOfBoundsException': 58> (0x00000000ec9cb7a8) thrown at [C:\re\workspace\8-2-build-windows-amd64-cygwin\jdk8u181\11358\hotspot\src\share\vm\interpreter\interpreterRuntime.cpp, line 366]
Event: 1.573 Thread 0x000000001684c000 Exception <a 'java/lang/NoSuchMethodError': <clinit>> (0x00000000ecaad260) thrown at [C:\re\workspace\8-2-build-windows-amd64-cygwin\jdk8u181\11358\hotspot\src\share\vm\prims\jni.cpp, line 1613]
Event: 1.731 Thread 0x000000001684c000 Exception <a 'java/lang/NoSuchMethodError': <clinit>> (0x00000000ec3565f8) thrown at [C:\re\workspace\8-2-build-windows-amd64-cygwin\jdk8u181\11358\hotspot\src\share\vm\prims\jni.cpp, line 1613]
Event: 1.731 Thread 0x000000001684c000 Exception <a 'java/lang/NoSuchMethodError': <clinit>> (0x00000000ec356f90) thrown at [C:\re\workspace\8-2-build-windows-amd64-cygwin\jdk8u181\11358\hotspot\src\share\vm\prims\jni.cpp, line 1613]
Event: 1.787 Thread 0x000000001684c000 Implicit null exception at 0x0000000002e13535 to 0x0000000002e13751
Event: 1.787 Thread 0x000000001684c000 Implicit null exception at 0x0000000002e26758 to 0x0000000002e267e6
Event: 1.813 Thread 0x000000001684c000 Exception <a 'java/io/FileNotFoundException'> (0x00000000ec570ac8) thrown at [C:\re\workspace\8-2-build-windows-amd64-cygwin\jdk8u181\11358\hotspot\src\share\vm\prims\jni.cpp, line 709]
Event: 2.048 Thread 0x000000001684c000 Implicit null exception at 0x0000000002fa71ed to 0x0000000002fa78a1
Event: 2.051 Thread 0x000000001684c000 Implicit null exception at 0x0000000002f25a2a to 0x0000000002f25a71
Event: 2.315 Thread 0x000000001684c000 Implicit null exception at 0x0000000003118f23 to 0x0000000003119a42

Events (10 events):
Event: 3.149 loading class com/sun/javafx/scene/traversal/TabOrderHelper
Event: 3.149 loading class com/sun/javafx/scene/traversal/TabOrderHelper done
Event: 3.153 loading class java/util/AbstractList$1
Event: 3.154 loading class java/util/AbstractList$1 done
Event: 3.155 loading class java/util/Collections$UnmodifiableList$1
Event: 3.156 loading class java/util/Collections$UnmodifiableList$1 done
Event: 3.252 loading class javafx/scene/shape/Shape3D
Event: 3.252 loading class javafx/scene/shape/Shape3D done
Event: 3.253 loading class javafx/scene/effect/Effect$1
Event: 3.253 loading class javafx/scene/effect/Effect$1 done


Dynamic libraries:
0x00007ff717940000 - 0x00007ff717977000 	C:\Program Files\Java\jre1.8.0_181\bin\javaw.exe
0x00007fff7aba0000 - 0x00007fff7ad90000 	C:\WINDOWS\SYSTEM32\ntdll.dll
0x00007fff79210000 - 0x00007fff792c2000 	C:\WINDOWS\System32\KERNEL32.DLL
0x00007fff78110000 - 0x00007fff783b3000 	C:\WINDOWS\System32\KERNELBASE.dll
0x00007fff792e0000 - 0x00007fff79383000 	C:\WINDOWS\System32\ADVAPI32.dll
0x00007fff78d80000 - 0x00007fff78e1e000 	C:\WINDOWS\System32\msvcrt.dll
0x00007fff79390000 - 0x00007fff79427000 	C:\WINDOWS\System32\sechost.dll
0x00007fff790f0000 - 0x00007fff79210000 	C:\WINDOWS\System32\RPCRT4.dll
0x00007fff79a00000 - 0x00007fff79b94000 	C:\WINDOWS\System32\USER32.dll
0x00007fff78440000 - 0x00007fff78461000 	C:\WINDOWS\System32\win32u.dll
0x00007fff7a010000 - 0x00007fff7a036000 	C:\WINDOWS\System32\GDI32.dll
0x00007fff77d70000 - 0x00007fff77f04000 	C:\WINDOWS\System32\gdi32full.dll
0x00007fff77c80000 - 0x00007fff77d1e000 	C:\WINDOWS\System32\msvcp_win.dll
0x00007fff77b80000 - 0x00007fff77c7a000 	C:\WINDOWS\System32\ucrtbase.dll
0x00007fff6b910000 - 0x00007fff6bb95000 	C:\WINDOWS\WinSxS\amd64_microsoft.windows.common-controls_6595b64144ccf1df_6.0.18362.418_none_e6c6b287130d565d\COMCTL32.dll
0x00007fff794b0000 - 0x00007fff797e6000 	C:\WINDOWS\System32\combase.dll
0x00007fff783c0000 - 0x00007fff78440000 	C:\WINDOWS\System32\bcryptPrimitives.dll
0x00007fff7ab10000 - 0x00007fff7ab3e000 	C:\WINDOWS\System32\IMM32.DLL
0x0000000052e20000 - 0x0000000052ef2000 	C:\Program Files\Java\jre1.8.0_181\bin\msvcr100.dll
0x0000000053140000 - 0x00000000539e2000 	C:\Program Files\Java\jre1.8.0_181\bin\server\jvm.dll
0x00007fff792d0000 - 0x00007fff792d8000 	C:\WINDOWS\System32\PSAPI.DLL
0x00007fff755f0000 - 0x00007fff75614000 	C:\WINDOWS\SYSTEM32\WINMM.dll
0x00007fff6d170000 - 0x00007fff6d17a000 	C:\WINDOWS\SYSTEM32\VERSION.dll
0x00007fff60a40000 - 0x00007fff60a49000 	C:\WINDOWS\SYSTEM32\WSOCK32.dll
0x00007fff755b0000 - 0x00007fff755dd000 	C:\WINDOWS\SYSTEM32\WINMMBASE.dll
0x00007fff77b30000 - 0x00007fff77b7a000 	C:\WINDOWS\System32\cfgmgr32.dll
0x00007fff7a8e0000 - 0x00007fff7a94f000 	C:\WINDOWS\System32\ws2_32.DLL
0x0000000053050000 - 0x000000005305f000 	C:\Program Files\Java\jre1.8.0_181\bin\verify.dll
0x0000000053020000 - 0x0000000053049000 	C:\Program Files\Java\jre1.8.0_181\bin\java.dll
0x0000000053000000 - 0x0000000053016000 	C:\Program Files\Java\jre1.8.0_181\bin\zip.dll
0x00007fff7a040000 - 0x00007fff7a725000 	C:\WINDOWS\System32\SHELL32.dll
0x00007fff78e90000 - 0x00007fff78f39000 	C:\WINDOWS\System32\shcore.dll
0x00007fff78470000 - 0x00007fff78bef000 	C:\WINDOWS\System32\windows.storage.dll
0x00007fff77b10000 - 0x00007fff77b2f000 	C:\WINDOWS\System32\profapi.dll
0x00007fff77aa0000 - 0x00007fff77aea000 	C:\WINDOWS\System32\powrprof.dll
0x00007fff77a70000 - 0x00007fff77a80000 	C:\WINDOWS\System32\UMPDC.dll
0x00007fff78f50000 - 0x00007fff78fa2000 	C:\WINDOWS\System32\shlwapi.dll
0x00007fff77a80000 - 0x00007fff77a91000 	C:\WINDOWS\System32\kernel.appcore.dll
0x00007fff77d20000 - 0x00007fff77d37000 	C:\WINDOWS\System32\cryptsp.dll
0x0000000000780000 - 0x0000000000783000 	C:\Program Files\Java\jre1.8.0_181\bin\api-ms-win-core-console-l1-1-0.dll
0x0000000000790000 - 0x0000000000793000 	C:\Program Files\Java\jre1.8.0_181\bin\api-ms-win-core-datetime-l1-1-0.dll
0x00000000007a0000 - 0x00000000007a3000 	C:\Program Files\Java\jre1.8.0_181\bin\api-ms-win-core-debug-l1-1-0.dll
0x0000000000e10000 - 0x0000000000e13000 	C:\Program Files\Java\jre1.8.0_181\bin\api-ms-win-core-errorhandling-l1-1-0.dll
0x00000000024a0000 - 0x00000000024a4000 	C:\Program Files\Java\jre1.8.0_181\bin\api-ms-win-core-file-l1-1-0.dll
0x00000000024b0000 - 0x00000000024b3000 	C:\Program Files\Java\jre1.8.0_181\bin\api-ms-win-core-file-l1-2-0.dll
0x00000000024c0000 - 0x00000000024c3000 	C:\Program Files\Java\jre1.8.0_181\bin\api-ms-win-core-file-l2-1-0.dll
0x00000000024d0000 - 0x00000000024d3000 	C:\Program Files\Java\jre1.8.0_181\bin\api-ms-win-core-handle-l1-1-0.dll
0x00000000024e0000 - 0x00000000024e3000 	C:\Program Files\Java\jre1.8.0_181\bin\api-ms-win-core-heap-l1-1-0.dll
0x00000000024f0000 - 0x00000000024f3000 	C:\Program Files\Java\jre1.8.0_181\bin\api-ms-win-core-interlocked-l1-1-0.dll
0x0000000002510000 - 0x0000000002513000 	C:\Program Files\Java\jre1.8.0_181\bin\api-ms-win-core-libraryloader-l1-1-0.dll
0x0000000002520000 - 0x0000000002523000 	C:\Program Files\Java\jre1.8.0_181\bin\api-ms-win-core-localization-l1-2-0.dll
0x0000000002530000 - 0x0000000002533000 	C:\Program Files\Java\jre1.8.0_181\bin\api-ms-win-core-memory-l1-1-0.dll
0x0000000002540000 - 0x0000000002543000 	C:\Program Files\Java\jre1.8.0_181\bin\api-ms-win-core-namedpipe-l1-1-0.dll
0x0000000002550000 - 0x0000000002553000 	C:\Program Files\Java\jre1.8.0_181\bin\api-ms-win-core-processenvironment-l1-1-0.dll
0x0000000002560000 - 0x0000000002563000 	C:\Program Files\Java\jre1.8.0_181\bin\api-ms-win-core-processthreads-l1-1-0.dll
0x0000000002570000 - 0x0000000002573000 	C:\Program Files\Java\jre1.8.0_181\bin\api-ms-win-core-processthreads-l1-1-1.dll
0x0000000002580000 - 0x0000000002583000 	C:\Program Files\Java\jre1.8.0_181\bin\api-ms-win-core-profile-l1-1-0.dll
0x0000000016d60000 - 0x0000000016d63000 	C:\Program Files\Java\jre1.8.0_181\bin\api-ms-win-core-rtlsupport-l1-1-0.dll
0x0000000016d70000 - 0x0000000016d73000 	C:\Program Files\Java\jre1.8.0_181\bin\api-ms-win-core-string-l1-1-0.dll
0x0000000016d80000 - 0x0000000016d83000 	C:\Program Files\Java\jre1.8.0_181\bin\api-ms-win-core-synch-l1-1-0.dll
0x0000000016d90000 - 0x0000000016d93000 	C:\Program Files\Java\jre1.8.0_181\bin\api-ms-win-core-synch-l1-2-0.dll
0x0000000016da0000 - 0x0000000016da3000 	C:\Program Files\Java\jre1.8.0_181\bin\api-ms-win-core-sysinfo-l1-1-0.dll
0x0000000016db0000 - 0x0000000016db3000 	C:\Program Files\Java\jre1.8.0_181\bin\api-ms-win-core-timezone-l1-1-0.dll
0x0000000016dc0000 - 0x0000000016dc3000 	C:\Program Files\Java\jre1.8.0_181\bin\api-ms-win-core-util-l1-1-0.dll
0x0000000016dd0000 - 0x0000000016dd3000 	C:\Program Files\Java\jre1.8.0_181\bin\api-ms-win-crt-conio-l1-1-0.dll
0x0000000016de0000 - 0x0000000016de4000 	C:\Program Files\Java\jre1.8.0_181\bin\api-ms-win-crt-convert-l1-1-0.dll
0x0000000016df0000 - 0x0000000016df3000 	C:\Program Files\Java\jre1.8.0_181\bin\api-ms-win-crt-environment-l1-1-0.dll
0x0000000016e00000 - 0x0000000016e03000 	C:\Program Files\Java\jre1.8.0_181\bin\api-ms-win-crt-filesystem-l1-1-0.dll
0x0000000016e10000 - 0x0000000016e13000 	C:\Program Files\Java\jre1.8.0_181\bin\api-ms-win-crt-heap-l1-1-0.dll
0x0000000016e20000 - 0x0000000016e23000 	C:\Program Files\Java\jre1.8.0_181\bin\api-ms-win-crt-locale-l1-1-0.dll
0x0000000016e30000 - 0x0000000016e35000 	C:\Program Files\Java\jre1.8.0_181\bin\api-ms-win-crt-math-l1-1-0.dll
0x0000000016e40000 - 0x0000000016e45000 	C:\Program Files\Java\jre1.8.0_181\bin\api-ms-win-crt-multibyte-l1-1-0.dll
0x0000000016e50000 - 0x0000000016e60000 	C:\Program Files\Java\jre1.8.0_181\bin\api-ms-win-crt-private-l1-1-0.dll
0x0000000016e60000 - 0x0000000016e63000 	C:\Program Files\Java\jre1.8.0_181\bin\api-ms-win-crt-process-l1-1-0.dll
0x0000000016e70000 - 0x0000000016e74000 	C:\Program Files\Java\jre1.8.0_181\bin\api-ms-win-crt-runtime-l1-1-0.dll
0x0000000016e80000 - 0x0000000016e84000 	C:\Program Files\Java\jre1.8.0_181\bin\api-ms-win-crt-stdio-l1-1-0.dll
0x0000000016e90000 - 0x0000000016e94000 	C:\Program Files\Java\jre1.8.0_181\bin\api-ms-win-crt-string-l1-1-0.dll
0x0000000016ea0000 - 0x0000000016ea3000 	C:\Program Files\Java\jre1.8.0_181\bin\api-ms-win-crt-time-l1-1-0.dll
0x0000000016eb0000 - 0x0000000016eb3000 	C:\Program Files\Java\jre1.8.0_181\bin\api-ms-win-crt-utility-l1-1-0.dll
0x00007fff5ca00000 - 0x00007fff5caf6000 	C:\Program Files\Java\jre1.8.0_181\bin\ucrtbase.dll
0x00007fff70ce0000 - 0x00007fff70cf6000 	C:\Program Files\Java\jre1.8.0_181\bin\vcruntime140.dll
0x00007fff70c40000 - 0x00007fff70cdc000 	C:\Program Files\Java\jre1.8.0_181\bin\msvcp140.dll
0x00007fff70400000 - 0x00007fff70451000 	C:\Program Files\Java\jre1.8.0_181\bin\concrt140.dll
0x0000000052df0000 - 0x0000000052e13000 	C:\Program Files\Java\jre1.8.0_181\bin\prism_d3d.dll
0x00007fff58e00000 - 0x00007fff58fc7000 	C:\WINDOWS\system32\d3d9.dll
0x00007fff75f30000 - 0x00007fff75f5d000 	C:\WINDOWS\SYSTEM32\dwmapi.dll
0x00007fff766e0000 - 0x00007fff76700000 	C:\WINDOWS\SYSTEM32\dxcore.dll
0x00007fff759f0000 - 0x00007fff75a89000 	C:\WINDOWS\system32\uxtheme.dll
0x00007fff2cb90000 - 0x00007fff303e9000 	C:\WINDOWS\System32\DriverStore\FileRepository\igdlh64.inf_amd64_47ad21e28c856994\igdumdim64.dll
0x00007fff78c50000 - 0x00007fff78d14000 	C:\WINDOWS\System32\OLEAUT32.dll
0x00007fff7a9b0000 - 0x00007fff7ab06000 	C:\WINDOWS\System32\ole32.dll
0x00007fff79ba0000 - 0x00007fff7a010000 	C:\WINDOWS\System32\SETUPAPI.dll
0x00007fff77d40000 - 0x00007fff77d66000 	C:\WINDOWS\System32\bcrypt.dll
0x0000000052da0000 - 0x0000000052de9000 	C:\Program Files\Java\jre1.8.0_181\bin\glass.dll
0x00007fff79930000 - 0x00007fff79a00000 	C:\WINDOWS\System32\COMDLG32.dll
0x00007fff797f0000 - 0x00007fff79926000 	C:\WINDOWS\System32\MSCTF.dll
0x00007fff6d440000 - 0x00007fff6ea42000 	C:\WINDOWS\System32\DriverStore\FileRepository\igdlh64.inf_amd64_47ad21e28c856994\igc64.dll
0x0000000052d80000 - 0x0000000052d94000 	C:\Program Files\Java\jre1.8.0_181\bin\javafx_font.dll
0x00007fff5d7c0000 - 0x00007fff5dabe000 	C:\WINDOWS\SYSTEM32\dwrite.dll
0x00007fff79040000 - 0x00007fff790e2000 	C:\WINDOWS\System32\clbcatq.dll
0x00007fff72990000 - 0x00007fff72b3f000 	C:\WINDOWS\SYSTEM32\WindowsCodecs.dll
0x00007fff56650000 - 0x00007fff5668a000 	C:\WINDOWS\system32\dataexchange.dll
0x00007fff748c0000 - 0x00007fff74b1b000 	C:\WINDOWS\system32\d3d11.dll
0x00007fff74f80000 - 0x00007fff7515b000 	C:\WINDOWS\system32\dcomp.dll
0x00007fff76770000 - 0x00007fff7685b000 	C:\WINDOWS\system32\dxgi.dll
0x00007fff75b20000 - 0x00007fff75d7a000 	C:\WINDOWS\system32\twinapi.appcore.dll
0x00007fff76040000 - 0x00007fff76069000 	C:\WINDOWS\system32\RMCLIENT.dll
0x00007fff6a710000 - 0x00007fff6a743000 	C:\Program Files\Common Files\Microsoft Shared\Ink\rtscom.dll
0x00007fff68330000 - 0x00007fff683ce000 	C:\WINDOWS\System32\TextInputFramework.dll
0x00007fff754d0000 - 0x00007fff755a4000 	C:\WINDOWS\System32\CoreMessaging.dll
0x00007fff72ce0000 - 0x00007fff7300a000 	C:\WINDOWS\System32\CoreUIComponents.dll
0x00007fff76ad0000 - 0x00007fff76b01000 	C:\WINDOWS\SYSTEM32\ntmarta.dll
0x00007fff73470000 - 0x00007fff735c3000 	C:\WINDOWS\SYSTEM32\wintypes.dll
0x00007fff66b90000 - 0x00007fff66e36000 	C:\WINDOWS\System32\iertutil.dll

VM Arguments:
jvm_args: -Dfile.encoding=UTF-8 
java_command: main.StartOs
java_class_path (initial): C:\Program Files\Java\jre1.8.0_181\lib\resources.jar;C:\Program Files\Java\jre1.8.0_181\lib\rt.jar;C:\Program Files\Java\jre1.8.0_181\lib\jsse.jar;C:\Program Files\Java\jre1.8.0_181\lib\jce.jar;C:\Program Files\Java\jre1.8.0_181\lib\charsets.jar;C:\Program Files\Java\jre1.8.0_181\lib\jfr.jar;C:\Program Files\Java\jre1.8.0_181\lib\ext\access-bridge-64.jar;C:\Program Files\Java\jre1.8.0_181\lib\ext\cldrdata.jar;C:\Program Files\Java\jre1.8.0_181\lib\ext\dnsns.jar;C:\Program Files\Java\jre1.8.0_181\lib\ext\jaccess.jar;C:\Program Files\Java\jre1.8.0_181\lib\ext\jfxrt.jar;C:\Program Files\Java\jre1.8.0_181\lib\ext\localedata.jar;C:\Program Files\Java\jre1.8.0_181\lib\ext\nashorn.jar;C:\Program Files\Java\jre1.8.0_181\lib\ext\sunec.jar;C:\Program Files\Java\jre1.8.0_181\lib\ext\sunjce_provider.jar;C:\Program Files\Java\jre1.8.0_181\lib\ext\sunmscapi.jar;C:\Program Files\Java\jre1.8.0_181\lib\ext\sunpkcs11.jar;C:\Program Files\Java\jre1.8.0_181\lib\ext\zipfs.jar;C:\Users\lenovo\eclipse-workspace\DemoOs\bin;C:\Users\lenovo\.p2\pool\plugins\org.eclipse.fx.ide.css.jfx8_3.1.0.201712060800.jar
Launcher Type: SUN_STANDARD

Environment Variables:
PATH=C:/Program Files/Java/jre1.8.0_181/bin/server;C:/Program Files/Java/jre1.8.0_181/bin;C:/Program Files/Java/jre1.8.0_181/lib/amd64;C:\Program Files (x86)\Common Files\Oracle\Java\javapath;C:\WINDOWS\system32;C:\WINDOWS;C:\WINDOWS\System32\Wbem;C:\WINDOWS\System32\WindowsPowerShell\v1.0\;C:\WINDOWS\System32\OpenSSH\;C:\Program Files\Java\jre-10.0.1;C:\Program Files\Java\jdk-10.0.1;D:\Git\cmd;C:\Program Files\Java\jdk1.8.0_181\bin;C:\Program Files (x86)\NVIDIA Corporation\PhysX\Common;C:\Program Files\dotnet\;%QUARTUS_ROOTDIR%\bin;C:\Program Files\nodejs\;C:\Program Files\Git\cmd;C:\WINDOWS\system32;C:\WINDOWS;C:\WINDOWS\System32\Wbem;C:\WINDOWS\System32\WindowsPowerShell\v1.0\;C:\WINDOWS\System32\OpenSSH\;C:\Users\lenovo\AppData\Local\Microsoft\WindowsApps;C:\Users\lenovo\AppData\Roaming\npm;;C:\WINDOWS\system32;
USERNAME=lenovo
OS=Windows_NT
PROCESSOR_IDENTIFIER=Intel64 Family 6 Model 158 Stepping 9, GenuineIntel



---------------  S Y S T E M  ---------------

OS: Windows 10.0 , 64 bit Build 18362 (10.0.18362.329)

CPU:total 4 (initial active 4) (4 cores per cpu, 1 threads per core) family 6 model 158 stepping 9, cmov, cx8, fxsr, mmx, sse, sse2, sse3, ssse3, sse4.1, sse4.2, popcnt, avx, avx2, aes, clmul, erms, 3dnowpref, lzcnt, tsc, tscinvbit, bmi1, bmi2, adx

Memory: 4k page, physical 3893912k(205760k free), swap 15952536k(5412k free)

vm_info: Java HotSpot(TM) 64-Bit Server VM (25.181-b13) for windows-amd64 JRE (1.8.0_181-b13), built on Jul  7 2018 04:01:33 by "java_re" with MS VC++ 10.0 (VS2010)

time: Sat Oct 26 20:54:06 2019
elapsed time: 3 seconds (0d 0h 0m 3s)

