#
# There is insufficient memory for the Java Runtime Environment to continue.
# Native memory allocation (malloc) failed to allocate 1163216 bytes for Chunk::new
# Possible reasons:
#   The system is out of physical RAM or swap space
#   In 32 bit mode, the process size limit was hit
# Possible solutions:
#   Reduce memory load on the system
#   Increase physical memory or swap space
#   Check if swap backing store is full
#   Use 64 bit Java on a 64 bit OS
#   Decrease Java heap size (-Xmx/-Xms)
#   Decrease number of Java threads
#   Decrease Java thread stack sizes (-Xss)
#   Set larger code cache with -XX:ReservedCodeCacheSize=
# This output file may be truncated or incomplete.
#
#  Out of Memory Error (allocation.cpp:390), pid=14580, tid=0x0000000000007b0c
#
# JRE version: Java(TM) SE Runtime Environment (8.0_181-b13) (build 1.8.0_181-b13)
# Java VM: Java HotSpot(TM) 64-Bit Server VM (25.181-b13 mixed mode windows-amd64 compressed oops)
# Failed to write core dump. Minidumps are not enabled by default on client versions of Windows
#

---------------  T H R E A D  ---------------

Current thread (0x0000000015134000):  JavaThread "C2 CompilerThread0" daemon [_thread_in_native, id=31500, stack(0x0000000016a90000,0x0000000016b90000)]

Stack: [0x0000000016a90000,0x0000000016b90000]
[error occurred during error reporting (printing stack bounds), id 0xc0000005]

Native frames: (J=compiled Java code, j=interpreted, Vv=VM code, C=native code)


Current CompileTask:
C2:   2639 3025       4       javafx.scene.CssStyleHelper::lookupFont (1234 bytes)


---------------  P R O C E S S  ---------------

Java Threads: ( => current thread )
  0x00000000176c6800 JavaThread "Prism Font Disposer" daemon [_thread_blocked, id=9120, stack(0x0000000022eb0000,0x0000000022fb0000)]
  0x0000000017418800 JavaThread "Thread-5" [_thread_blocked, id=23992, stack(0x0000000021bc0000,0x0000000021cc0000)]
  0x0000000017420800 JavaThread "Thread-4" [_thread_blocked, id=31156, stack(0x0000000021ac0000,0x0000000021bc0000)]
  0x00000000172b4000 JavaThread "JavaFX-Launcher" [_thread_blocked, id=30500, stack(0x000000001e9f0000,0x000000001eaf0000)]
  0x0000000017255000 JavaThread "Thread-2" daemon [_thread_in_native, id=27784, stack(0x000000001e8f0000,0x000000001e9f0000)]
  0x00000000171f4800 JavaThread "JavaFX Application Thread" [_thread_in_native, id=25408, stack(0x0000000017e60000,0x0000000017f60000)]
  0x00000000171e8800 JavaThread "Thread-1" daemon [_thread_blocked, id=15536, stack(0x0000000017d60000,0x0000000017e60000)]
  0x0000000016879800 JavaThread "QuantumRenderer-0" daemon [_thread_in_Java, id=30276, stack(0x00000000179c0000,0x0000000017ac0000)]
  0x0000000016518800 JavaThread "Service Thread" daemon [_thread_blocked, id=19168, stack(0x0000000016d90000,0x0000000016e90000)]
  0x000000001649b800 JavaThread "C1 CompilerThread2" daemon [_thread_in_native, id=31380, stack(0x0000000016c90000,0x0000000016d90000)]
  0x000000001513b000 JavaThread "C2 CompilerThread1" daemon [_thread_in_native, id=18616, stack(0x0000000016b90000,0x0000000016c90000)]
=>0x0000000015134000 JavaThread "C2 CompilerThread0" daemon [_thread_in_native, id=31500, stack(0x0000000016a90000,0x0000000016b90000)]
  0x0000000015133800 JavaThread "Attach Listener" daemon [_thread_blocked, id=21036, stack(0x0000000016990000,0x0000000016a90000)]
  0x00000000150d9800 JavaThread "Signal Dispatcher" daemon [_thread_blocked, id=30448, stack(0x0000000016890000,0x0000000016990000)]
  0x00000000150ca800 JavaThread "Finalizer" daemon [_thread_blocked, id=31100, stack(0x0000000016330000,0x0000000016430000)]
  0x00000000150a8800 JavaThread "Reference Handler" daemon [_thread_blocked, id=31292, stack(0x0000000016230000,0x0000000016330000)]
  0x000000000275e000 JavaThread "main" [_thread_blocked, id=26760, stack(0x0000000002ac0000,0x0000000002bc0000)]

Other Threads:
  0x00000000150a8000 VMThread [stack: 0x0000000016130000,0x0000000016230000] [id=27532]
  0x0000000016545000 WatcherThread [stack: 0x0000000016e90000,0x0000000016f90000] [id=29416]

VM state:not at safepoint (normal execution)

VM Mutex/Monitor currently owned by a thread: None

Heap:
 PSYoungGen      total 67584K, used 35386K [0x00000000ec300000, 0x00000000f1500000, 0x0000000100000000)
  eden space 58880K, 45% used [0x00000000ec300000,0x00000000edd14b88,0x00000000efc80000)
  from space 8704K, 99% used [0x00000000f0780000,0x00000000f0ff9ec0,0x00000000f1000000)
  to   space 11264K, 0% used [0x00000000efc80000,0x00000000efc80000,0x00000000f0780000)
 ParOldGen       total 40960K, used 10965K [0x00000000c4800000, 0x00000000c7000000, 0x00000000ec300000)
  object space 40960K, 26% used [0x00000000c4800000,0x00000000c52b54c8,0x00000000c7000000)
 Metaspace       used 19618K, capacity 20982K, committed 21120K, reserved 1067008K
  class space    used 2849K, capacity 3152K, committed 3200K, reserved 1048576K

Card table byte_map: [0x0000000012080000,0x0000000012260000] byte_map_base: 0x0000000011a5c000

Marking Bits: (ParMarkBitMap*) 0x0000000053962d00
 Begin Bits: [0x00000000127a0000, 0x0000000013680000)
 End Bits:   [0x0000000013680000, 0x0000000014560000)

Polling page: 0x0000000000b00000

CodeCache: size=245760Kb used=10250Kb max_used=10250Kb free=235509Kb
 bounds [0x0000000002cc0000, 0x00000000036d0000, 0x0000000011cc0000]
 total_blobs=3873 nmethods=3222 adapters=561
 compilation: enabled

Compilation events (10 events):
Event: 2.603 Thread 0x000000001649b800 3226   !   2       sun.net.www.ParseUtil::decode (316 bytes)
Event: 2.605 Thread 0x000000001649b800 nmethod 3226 0x00000000036ba150 code [0x00000000036ba4a0, 0x00000000036bb8c8]
Event: 2.615 Thread 0x000000001649b800 3227       2       com.sun.javafx.geom.transform.GeneralTransform3D::get (34 bytes)
Event: 2.615 Thread 0x000000001649b800 nmethod 3227 0x00000000036bd050 code [0x00000000036bd1a0, 0x00000000036bd310]
Event: 2.615 Thread 0x000000001649b800 3228       2       sun.nio.cs.UTF_8$Decoder::decodeArrayLoop (691 bytes)
Event: 2.617 Thread 0x000000001649b800 nmethod 3228 0x00000000036bd410 code [0x00000000036bda20, 0x00000000036bf788]
Event: 2.618 Thread 0x000000001649b800 3229       2       java.nio.DirectFloatBufferU::put (17 bytes)
Event: 2.618 Thread 0x000000001649b800 nmethod 3229 0x00000000036c2d10 code [0x00000000036c2e80, 0x00000000036c3068]
Event: 2.635 Thread 0x000000001649b800 3231       2       java.nio.ByteBuffer::array (35 bytes)
Event: 2.635 Thread 0x000000001649b800 nmethod 3231 0x00000000036c3510 code [0x00000000036c3680, 0x00000000036c38f8]

GC Heap History (10 events):
Event: 0.713 GC heap before
{Heap before GC invocations=2 (full 0):
 PSYoungGen      total 17920K, used 17880K [0x00000000ec300000, 0x00000000ed700000, 0x0000000100000000)
  eden space 15360K, 100% used [0x00000000ec300000,0x00000000ed200000,0x00000000ed200000)
  from space 2560K, 98% used [0x00000000ed200000,0x00000000ed476060,0x00000000ed480000)
  to   space 2560K, 0% used [0x00000000ed480000,0x00000000ed480000,0x00000000ed700000)
 ParOldGen       total 40960K, used 16K [0x00000000c4800000, 0x00000000c7000000, 0x00000000ec300000)
  object space 40960K, 0% used [0x00000000c4800000,0x00000000c4804000,0x00000000c7000000)
 Metaspace       used 11492K, capacity 11938K, committed 12032K, reserved 1058816K
  class space    used 1566K, capacity 1706K, committed 1792K, reserved 1048576K
Event: 0.717 GC heap after
Heap after GC invocations=2 (full 0):
 PSYoungGen      total 17920K, used 2536K [0x00000000ec300000, 0x00000000ee600000, 0x0000000100000000)
  eden space 15360K, 0% used [0x00000000ec300000,0x00000000ec300000,0x00000000ed200000)
  from space 2560K, 99% used [0x00000000ed480000,0x00000000ed6fa060,0x00000000ed700000)
  to   space 2560K, 0% used [0x00000000ed200000,0x00000000ed200000,0x00000000ed480000)
 ParOldGen       total 40960K, used 1165K [0x00000000c4800000, 0x00000000c7000000, 0x00000000ec300000)
  object space 40960K, 2% used [0x00000000c4800000,0x00000000c4923418,0x00000000c7000000)
 Metaspace       used 11492K, capacity 11938K, committed 12032K, reserved 1058816K
  class space    used 1566K, capacity 1706K, committed 1792K, reserved 1048576K
}
Event: 1.033 GC heap before
{Heap before GC invocations=3 (full 0):
 PSYoungGen      total 17920K, used 17896K [0x00000000ec300000, 0x00000000ee600000, 0x0000000100000000)
  eden space 15360K, 100% used [0x00000000ec300000,0x00000000ed200000,0x00000000ed200000)
  from space 2560K, 99% used [0x00000000ed480000,0x00000000ed6fa060,0x00000000ed700000)
  to   space 2560K, 0% used [0x00000000ed200000,0x00000000ed200000,0x00000000ed480000)
 ParOldGen       total 40960K, used 1165K [0x00000000c4800000, 0x00000000c7000000, 0x00000000ec300000)
  object space 40960K, 2% used [0x00000000c4800000,0x00000000c4923418,0x00000000c7000000)
 Metaspace       used 13504K, capacity 14126K, committed 14336K, reserved 1060864K
  class space    used 1847K, capacity 1984K, committed 2048K, reserved 1048576K
Event: 1.047 GC heap after
Heap after GC invocations=3 (full 0):
 PSYoungGen      total 17920K, used 2552K [0x00000000ec300000, 0x00000000ee600000, 0x0000000100000000)
  eden space 15360K, 0% used [0x00000000ec300000,0x00000000ec300000,0x00000000ed200000)
  from space 2560K, 99% used [0x00000000ed200000,0x00000000ed47e030,0x00000000ed480000)
  to   space 2560K, 0% used [0x00000000ee380000,0x00000000ee380000,0x00000000ee600000)
 ParOldGen       total 40960K, used 7675K [0x00000000c4800000, 0x00000000c7000000, 0x00000000ec300000)
  object space 40960K, 18% used [0x00000000c4800000,0x00000000c4f7ed28,0x00000000c7000000)
 Metaspace       used 13504K, capacity 14126K, committed 14336K, reserved 1060864K
  class space    used 1847K, capacity 1984K, committed 2048K, reserved 1048576K
}
Event: 1.400 GC heap before
{Heap before GC invocations=4 (full 0):
 PSYoungGen      total 17920K, used 17912K [0x00000000ec300000, 0x00000000ee600000, 0x0000000100000000)
  eden space 15360K, 100% used [0x00000000ec300000,0x00000000ed200000,0x00000000ed200000)
  from space 2560K, 99% used [0x00000000ed200000,0x00000000ed47e030,0x00000000ed480000)
  to   space 2560K, 0% used [0x00000000ee380000,0x00000000ee380000,0x00000000ee600000)
 ParOldGen       total 40960K, used 7675K [0x00000000c4800000, 0x00000000c7000000, 0x00000000ec300000)
  object space 40960K, 18% used [0x00000000c4800000,0x00000000c4f7ed28,0x00000000c7000000)
 Metaspace       used 16613K, capacity 17416K, committed 17536K, reserved 1064960K
  class space    used 2451K, capacity 2667K, committed 2688K, reserved 1048576K
Event: 1.409 GC heap after
Heap after GC invocations=4 (full 0):
 PSYoungGen      total 33280K, used 2528K [0x00000000ec300000, 0x00000000ee600000, 0x0000000100000000)
  eden space 30720K, 0% used [0x00000000ec300000,0x00000000ec300000,0x00000000ee100000)
  from space 2560K, 98% used [0x00000000ee380000,0x00000000ee5f8020,0x00000000ee600000)
  to   space 2560K, 0% used [0x00000000ee100000,0x00000000ee100000,0x00000000ee380000)
 ParOldGen       total 40960K, used 8907K [0x00000000c4800000, 0x00000000c7000000, 0x00000000ec300000)
  object space 40960K, 21% used [0x00000000c4800000,0x00000000c50b2d48,0x00000000c7000000)
 Metaspace       used 16613K, capacity 17416K, committed 17536K, reserved 1064960K
  class space    used 2451K, capacity 2667K, committed 2688K, reserved 1048576K
}
Event: 1.657 GC heap before
{Heap before GC invocations=5 (full 0):
 PSYoungGen      total 33280K, used 33248K [0x00000000ec300000, 0x00000000ee600000, 0x0000000100000000)
  eden space 30720K, 100% used [0x00000000ec300000,0x00000000ee100000,0x00000000ee100000)
  from space 2560K, 98% used [0x00000000ee380000,0x00000000ee5f8020,0x00000000ee600000)
  to   space 2560K, 0% used [0x00000000ee100000,0x00000000ee100000,0x00000000ee380000)
 ParOldGen       total 40960K, used 8907K [0x00000000c4800000, 0x00000000c7000000, 0x00000000ec300000)
  object space 40960K, 21% used [0x00000000c4800000,0x00000000c50b2d48,0x00000000c7000000)
 Metaspace       used 16838K, capacity 17726K, committed 17920K, reserved 1064960K
  class space    used 2502K, capacity 2740K, committed 2816K, reserved 1048576K
Event: 1.664 GC heap after
Heap after GC invocations=5 (full 0):
 PSYoungGen      total 33280K, used 2528K [0x00000000ec300000, 0x00000000f1000000, 0x0000000100000000)
  eden space 30720K, 0% used [0x00000000ec300000,0x00000000ec300000,0x00000000ee100000)
  from space 2560K, 98% used [0x00000000ee100000,0x00000000ee378020,0x00000000ee380000)
  to   space 8704K, 0% used [0x00000000f0780000,0x00000000f0780000,0x00000000f1000000)
 ParOldGen       total 40960K, used 9402K [0x00000000c4800000, 0x00000000c7000000, 0x00000000ec300000)
  object space 40960K, 22% used [0x00000000c4800000,0x00000000c512ea48,0x00000000c7000000)
 Metaspace       used 16838K, capacity 17726K, committed 17920K, reserved 1064960K
  class space    used 2502K, capacity 2740K, committed 2816K, reserved 1048576K
}
Event: 2.067 GC heap before
{Heap before GC invocations=6 (full 0):
 PSYoungGen      total 33280K, used 33248K [0x00000000ec300000, 0x00000000f1000000, 0x0000000100000000)
  eden space 30720K, 100% used [0x00000000ec300000,0x00000000ee100000,0x00000000ee100000)
  from space 2560K, 98% used [0x00000000ee100000,0x00000000ee378020,0x00000000ee380000)
  to   space 8704K, 0% used [0x00000000f0780000,0x00000000f0780000,0x00000000f1000000)
 ParOldGen       total 40960K, used 9402K [0x00000000c4800000, 0x00000000c7000000, 0x00000000ec300000)
  object space 40960K, 22% used [0x00000000c4800000,0x00000000c512ea48,0x00000000c7000000)
 Metaspace       used 18203K, capacity 19402K, committed 19712K, reserved 1067008K
  class space    used 2702K, capacity 2962K, committed 3072K, reserved 1048576K
Event: 2.079 GC heap after
Heap after GC invocations=6 (full 0):
 PSYoungGen      total 67584K, used 8679K [0x00000000ec300000, 0x00000000f1500000, 0x0000000100000000)
  eden space 58880K, 0% used [0x00000000ec300000,0x00000000ec300000,0x00000000efc80000)
  from space 8704K, 99% used [0x00000000f0780000,0x00000000f0ff9ec0,0x00000000f1000000)
  to   space 11264K, 0% used [0x00000000efc80000,0x00000000efc80000,0x00000000f0780000)
 ParOldGen       total 40960K, used 10965K [0x00000000c4800000, 0x00000000c7000000, 0x00000000ec300000)
  object space 40960K, 26% used [0x00000000c4800000,0x00000000c52b54c8,0x00000000c7000000)
 Metaspace       used 18203K, capacity 19402K, committed 19712K, reserved 1067008K
  class space    used 2702K, capacity 2962K, committed 3072K, reserved 1048576K
}

Deoptimization events (10 events):
Event: 2.380 Thread 0x00000000171f4800 Uncommon trap: reason=class_check action=maybe_recompile pc=0x000000000361e828 method=com.sun.javafx.css.ParsedValueImpl.hashCode()I @ 117
Event: 2.380 Thread 0x00000000171f4800 Uncommon trap: reason=unstable_if action=reinterpret pc=0x00000000035dbb8c method=javafx.scene.Node.markDirtyLayoutBranch()V @ 16
Event: 2.415 Thread 0x00000000171f4800 Uncommon trap: reason=class_check action=maybe_recompile pc=0x00000000035328f4 method=javafx.beans.property.BooleanPropertyBase.get()Z @ 23
Event: 2.415 Thread 0x00000000171f4800 Uncommon trap: reason=class_check action=maybe_recompile pc=0x00000000035328f4 method=javafx.beans.property.BooleanPropertyBase.get()Z @ 23
Event: 2.416 Thread 0x00000000171f4800 Uncommon trap: reason=class_check action=maybe_recompile pc=0x00000000035328f4 method=javafx.beans.property.BooleanPropertyBase.get()Z @ 23
Event: 2.416 Thread 0x00000000171f4800 Uncommon trap: reason=class_check action=maybe_recompile pc=0x00000000035328f4 method=javafx.beans.property.BooleanPropertyBase.get()Z @ 23
Event: 2.441 Thread 0x00000000171f4800 Uncommon trap: reason=class_check action=maybe_recompile pc=0x00000000035d00b4 method=javafx.beans.property.DoublePropertyBase.get()D @ 23
Event: 2.442 Thread 0x00000000171f4800 Uncommon trap: reason=class_check action=maybe_recompile pc=0x00000000035d00b4 method=javafx.beans.property.DoublePropertyBase.get()D @ 23
Event: 2.442 Thread 0x00000000171f4800 Uncommon trap: reason=class_check action=maybe_recompile pc=0x00000000035d00b4 method=javafx.beans.property.DoublePropertyBase.get()D @ 23
Event: 2.442 Thread 0x00000000171f4800 Uncommon trap: reason=class_check action=maybe_recompile pc=0x00000000035d00b4 method=javafx.beans.property.DoublePropertyBase.get()D @ 23

Classes redefined (0 events):
No events

Internal exceptions (10 events):
Event: 0.788 Thread 0x00000000171f4800 Exception <a 'java/lang/ArrayIndexOutOfBoundsException'> (0x00000000ec5cfea0) thrown at [C:\re\workspace\8-2-build-windows-amd64-cygwin\jdk8u181\11358\hotspot\src\share\vm\runtime\sharedRuntime.cpp, line 605]
Event: 0.831 Thread 0x00000000171f4800 Exception <a 'java/lang/ArrayIndexOutOfBoundsException': 65> (0x00000000ec7d77f8) thrown at [C:\re\workspace\8-2-build-windows-amd64-cygwin\jdk8u181\11358\hotspot\src\share\vm\interpreter\interpreterRuntime.cpp, line 366]
Event: 0.862 Thread 0x00000000171f4800 Exception <a 'java/lang/NoSuchMethodError': <clinit>> (0x00000000ecaa5b68) thrown at [C:\re\workspace\8-2-build-windows-amd64-cygwin\jdk8u181\11358\hotspot\src\share\vm\prims\jni.cpp, line 1613]
Event: 1.053 Thread 0x00000000171f4800 Exception <a 'java/lang/NoSuchMethodError': <clinit>> (0x00000000ec33f780) thrown at [C:\re\workspace\8-2-build-windows-amd64-cygwin\jdk8u181\11358\hotspot\src\share\vm\prims\jni.cpp, line 1613]
Event: 1.053 Thread 0x00000000171f4800 Exception <a 'java/lang/NoSuchMethodError': <clinit>> (0x00000000ec340118) thrown at [C:\re\workspace\8-2-build-windows-amd64-cygwin\jdk8u181\11358\hotspot\src\share\vm\prims\jni.cpp, line 1613]
Event: 1.119 Thread 0x00000000171f4800 Implicit null exception at 0x0000000002fef235 to 0x0000000002fef451
Event: 1.119 Thread 0x00000000171f4800 Implicit null exception at 0x0000000003013718 to 0x00000000030137a6
Event: 1.142 Thread 0x00000000171f4800 Exception <a 'java/io/FileNotFoundException'> (0x00000000ec569710) thrown at [C:\re\workspace\8-2-build-windows-amd64-cygwin\jdk8u181\11358\hotspot\src\share\vm\prims\jni.cpp, line 709]
Event: 1.338 Thread 0x00000000171f4800 Implicit null exception at 0x000000000319eded to 0x000000000319f4a1
Event: 1.341 Thread 0x00000000171f4800 Implicit null exception at 0x00000000030f6d6a to 0x00000000030f6db1

Events (10 events):
Event: 2.612 loading class com/sun/scenario/effect/impl/prism/ps/PPSPhongLighting_DISTANTPeer
Event: 2.612 loading class com/sun/scenario/effect/impl/prism/ps/PPSPhongLighting_DISTANTPeer done
Event: 2.613 loading class com/sun/scenario/effect/impl/prism/ps/PPSTwoSamplerPeer
Event: 2.613 loading class com/sun/scenario/effect/impl/prism/ps/PPSTwoSamplerPeer done
Event: 2.633 loading class java/lang/Throwable$WrappedPrintStream
Event: 2.633 loading class java/lang/Throwable$PrintStreamOrWriter
Event: 2.634 loading class java/lang/Throwable$PrintStreamOrWriter done
Event: 2.634 loading class java/lang/Throwable$WrappedPrintStream done
Event: 2.634 loading class java/util/IdentityHashMap$KeySet
Event: 2.634 loading class java/util/IdentityHashMap$KeySet done


Dynamic libraries:
0x00007ff717940000 - 0x00007ff717977000 	C:\Program Files\Java\jre1.8.0_181\bin\javaw.exe
0x00007fff7aba0000 - 0x00007fff7ad90000 	C:\WINDOWS\SYSTEM32\ntdll.dll
0x00007fff79210000 - 0x00007fff792c2000 	C:\WINDOWS\System32\KERNEL32.DLL
0x00007fff78110000 - 0x00007fff783b3000 	C:\WINDOWS\System32\KERNELBASE.dll
0x00007fff792e0000 - 0x00007fff79383000 	C:\WINDOWS\System32\ADVAPI32.dll
0x00007fff78d80000 - 0x00007fff78e1e000 	C:\WINDOWS\System32\msvcrt.dll
0x00007fff79390000 - 0x00007fff79427000 	C:\WINDOWS\System32\sechost.dll
0x00007fff790f0000 - 0x00007fff79210000 	C:\WINDOWS\System32\RPCRT4.dll
0x00007fff79a00000 - 0x00007fff79b94000 	C:\WINDOWS\System32\USER32.dll
0x00007fff78440000 - 0x00007fff78461000 	C:\WINDOWS\System32\win32u.dll
0x00007fff7a010000 - 0x00007fff7a036000 	C:\WINDOWS\System32\GDI32.dll
0x00007fff77d70000 - 0x00007fff77f04000 	C:\WINDOWS\System32\gdi32full.dll
0x00007fff77c80000 - 0x00007fff77d1e000 	C:\WINDOWS\System32\msvcp_win.dll
0x00007fff77b80000 - 0x00007fff77c7a000 	C:\WINDOWS\System32\ucrtbase.dll
0x00007fff6b910000 - 0x00007fff6bb95000 	C:\WINDOWS\WinSxS\amd64_microsoft.windows.common-controls_6595b64144ccf1df_6.0.18362.418_none_e6c6b287130d565d\COMCTL32.dll
0x00007fff794b0000 - 0x00007fff797e6000 	C:\WINDOWS\System32\combase.dll
0x00007fff783c0000 - 0x00007fff78440000 	C:\WINDOWS\System32\bcryptPrimitives.dll
0x00007fff7ab10000 - 0x00007fff7ab3e000 	C:\WINDOWS\System32\IMM32.DLL
0x0000000052e20000 - 0x0000000052ef2000 	C:\Program Files\Java\jre1.8.0_181\bin\msvcr100.dll
0x0000000053140000 - 0x00000000539e2000 	C:\Program Files\Java\jre1.8.0_181\bin\server\jvm.dll
0x00007fff792d0000 - 0x00007fff792d8000 	C:\WINDOWS\System32\PSAPI.DLL
0x00007fff60a40000 - 0x00007fff60a49000 	C:\WINDOWS\SYSTEM32\WSOCK32.dll
0x00007fff7a8e0000 - 0x00007fff7a94f000 	C:\WINDOWS\System32\WS2_32.dll
0x00007fff755f0000 - 0x00007fff75614000 	C:\WINDOWS\SYSTEM32\WINMM.dll
0x00007fff6d170000 - 0x00007fff6d17a000 	C:\WINDOWS\SYSTEM32\VERSION.dll
0x00007fff755b0000 - 0x00007fff755dd000 	C:\WINDOWS\SYSTEM32\WINMMBASE.dll
0x00007fff77b30000 - 0x00007fff77b7a000 	C:\WINDOWS\System32\cfgmgr32.dll
0x0000000053050000 - 0x000000005305f000 	C:\Program Files\Java\jre1.8.0_181\bin\verify.dll
0x0000000053020000 - 0x0000000053049000 	C:\Program Files\Java\jre1.8.0_181\bin\java.dll
0x0000000053000000 - 0x0000000053016000 	C:\Program Files\Java\jre1.8.0_181\bin\zip.dll
0x00007fff7a040000 - 0x00007fff7a725000 	C:\WINDOWS\System32\SHELL32.dll
0x00007fff78e90000 - 0x00007fff78f39000 	C:\WINDOWS\System32\shcore.dll
0x00007fff78470000 - 0x00007fff78bef000 	C:\WINDOWS\System32\windows.storage.dll
0x00007fff77b10000 - 0x00007fff77b2f000 	C:\WINDOWS\System32\profapi.dll
0x00007fff77aa0000 - 0x00007fff77aea000 	C:\WINDOWS\System32\powrprof.dll
0x00007fff77a70000 - 0x00007fff77a80000 	C:\WINDOWS\System32\UMPDC.dll
0x00007fff78f50000 - 0x00007fff78fa2000 	C:\WINDOWS\System32\shlwapi.dll
0x00007fff77a80000 - 0x00007fff77a91000 	C:\WINDOWS\System32\kernel.appcore.dll
0x00007fff77d20000 - 0x00007fff77d37000 	C:\WINDOWS\System32\cryptsp.dll
0x0000000002710000 - 0x0000000002713000 	C:\Program Files\Java\jre1.8.0_181\bin\api-ms-win-core-console-l1-1-0.dll
0x0000000002720000 - 0x0000000002723000 	C:\Program Files\Java\jre1.8.0_181\bin\api-ms-win-core-datetime-l1-1-0.dll
0x0000000002730000 - 0x0000000002733000 	C:\Program Files\Java\jre1.8.0_181\bin\api-ms-win-core-debug-l1-1-0.dll
0x0000000002740000 - 0x0000000002743000 	C:\Program Files\Java\jre1.8.0_181\bin\api-ms-win-core-errorhandling-l1-1-0.dll
0x0000000002760000 - 0x0000000002764000 	C:\Program Files\Java\jre1.8.0_181\bin\api-ms-win-core-file-l1-1-0.dll
0x0000000016f90000 - 0x0000000016f93000 	C:\Program Files\Java\jre1.8.0_181\bin\api-ms-win-core-file-l1-2-0.dll
0x0000000016fa0000 - 0x0000000016fa3000 	C:\Program Files\Java\jre1.8.0_181\bin\api-ms-win-core-file-l2-1-0.dll
0x0000000016fb0000 - 0x0000000016fb3000 	C:\Program Files\Java\jre1.8.0_181\bin\api-ms-win-core-handle-l1-1-0.dll
0x0000000016fc0000 - 0x0000000016fc3000 	C:\Program Files\Java\jre1.8.0_181\bin\api-ms-win-core-heap-l1-1-0.dll
0x0000000016fd0000 - 0x0000000016fd3000 	C:\Program Files\Java\jre1.8.0_181\bin\api-ms-win-core-interlocked-l1-1-0.dll
0x0000000016fe0000 - 0x0000000016fe3000 	C:\Program Files\Java\jre1.8.0_181\bin\api-ms-win-core-libraryloader-l1-1-0.dll
0x0000000016ff0000 - 0x0000000016ff3000 	C:\Program Files\Java\jre1.8.0_181\bin\api-ms-win-core-localization-l1-2-0.dll
0x0000000017000000 - 0x0000000017003000 	C:\Program Files\Java\jre1.8.0_181\bin\api-ms-win-core-memory-l1-1-0.dll
0x0000000017010000 - 0x0000000017013000 	C:\Program Files\Java\jre1.8.0_181\bin\api-ms-win-core-namedpipe-l1-1-0.dll
0x0000000017020000 - 0x0000000017023000 	C:\Program Files\Java\jre1.8.0_181\bin\api-ms-win-core-processenvironment-l1-1-0.dll
0x0000000017030000 - 0x0000000017033000 	C:\Program Files\Java\jre1.8.0_181\bin\api-ms-win-core-processthreads-l1-1-0.dll
0x0000000017040000 - 0x0000000017043000 	C:\Program Files\Java\jre1.8.0_181\bin\api-ms-win-core-processthreads-l1-1-1.dll
0x0000000017050000 - 0x0000000017053000 	C:\Program Files\Java\jre1.8.0_181\bin\api-ms-win-core-profile-l1-1-0.dll
0x0000000017060000 - 0x0000000017063000 	C:\Program Files\Java\jre1.8.0_181\bin\api-ms-win-core-rtlsupport-l1-1-0.dll
0x0000000017070000 - 0x0000000017073000 	C:\Program Files\Java\jre1.8.0_181\bin\api-ms-win-core-string-l1-1-0.dll
0x0000000017080000 - 0x0000000017083000 	C:\Program Files\Java\jre1.8.0_181\bin\api-ms-win-core-synch-l1-1-0.dll
0x0000000017090000 - 0x0000000017093000 	C:\Program Files\Java\jre1.8.0_181\bin\api-ms-win-core-synch-l1-2-0.dll
0x00000000170a0000 - 0x00000000170a3000 	C:\Program Files\Java\jre1.8.0_181\bin\api-ms-win-core-sysinfo-l1-1-0.dll
0x00000000170b0000 - 0x00000000170b3000 	C:\Program Files\Java\jre1.8.0_181\bin\api-ms-win-core-timezone-l1-1-0.dll
0x00000000170c0000 - 0x00000000170c3000 	C:\Program Files\Java\jre1.8.0_181\bin\api-ms-win-core-util-l1-1-0.dll
0x00000000170d0000 - 0x00000000170d3000 	C:\Program Files\Java\jre1.8.0_181\bin\api-ms-win-crt-conio-l1-1-0.dll
0x00000000170e0000 - 0x00000000170e4000 	C:\Program Files\Java\jre1.8.0_181\bin\api-ms-win-crt-convert-l1-1-0.dll
0x00000000170f0000 - 0x00000000170f3000 	C:\Program Files\Java\jre1.8.0_181\bin\api-ms-win-crt-environment-l1-1-0.dll
0x0000000017100000 - 0x0000000017103000 	C:\Program Files\Java\jre1.8.0_181\bin\api-ms-win-crt-filesystem-l1-1-0.dll
0x0000000017110000 - 0x0000000017113000 	C:\Program Files\Java\jre1.8.0_181\bin\api-ms-win-crt-heap-l1-1-0.dll
0x0000000017120000 - 0x0000000017123000 	C:\Program Files\Java\jre1.8.0_181\bin\api-ms-win-crt-locale-l1-1-0.dll
0x0000000017130000 - 0x0000000017135000 	C:\Program Files\Java\jre1.8.0_181\bin\api-ms-win-crt-math-l1-1-0.dll
0x0000000017140000 - 0x0000000017145000 	C:\Program Files\Java\jre1.8.0_181\bin\api-ms-win-crt-multibyte-l1-1-0.dll
0x0000000017150000 - 0x0000000017160000 	C:\Program Files\Java\jre1.8.0_181\bin\api-ms-win-crt-private-l1-1-0.dll
0x0000000017160000 - 0x0000000017163000 	C:\Program Files\Java\jre1.8.0_181\bin\api-ms-win-crt-process-l1-1-0.dll
0x0000000017170000 - 0x0000000017174000 	C:\Program Files\Java\jre1.8.0_181\bin\api-ms-win-crt-runtime-l1-1-0.dll
0x0000000017180000 - 0x0000000017184000 	C:\Program Files\Java\jre1.8.0_181\bin\api-ms-win-crt-stdio-l1-1-0.dll
0x0000000017190000 - 0x0000000017194000 	C:\Program Files\Java\jre1.8.0_181\bin\api-ms-win-crt-string-l1-1-0.dll
0x00000000171a0000 - 0x00000000171a3000 	C:\Program Files\Java\jre1.8.0_181\bin\api-ms-win-crt-time-l1-1-0.dll
0x00000000171b0000 - 0x00000000171b3000 	C:\Program Files\Java\jre1.8.0_181\bin\api-ms-win-crt-utility-l1-1-0.dll
0x00007fff5ca00000 - 0x00007fff5caf6000 	C:\Program Files\Java\jre1.8.0_181\bin\ucrtbase.dll
0x00007fff70ce0000 - 0x00007fff70cf6000 	C:\Program Files\Java\jre1.8.0_181\bin\vcruntime140.dll
0x00007fff70c40000 - 0x00007fff70cdc000 	C:\Program Files\Java\jre1.8.0_181\bin\msvcp140.dll
0x00007fff70400000 - 0x00007fff70451000 	C:\Program Files\Java\jre1.8.0_181\bin\concrt140.dll
0x0000000052df0000 - 0x0000000052e13000 	C:\Program Files\Java\jre1.8.0_181\bin\prism_d3d.dll
0x00007fff58e00000 - 0x00007fff58fc7000 	C:\WINDOWS\system32\d3d9.dll
0x00007fff75f30000 - 0x00007fff75f5d000 	C:\WINDOWS\SYSTEM32\dwmapi.dll
0x00007fff766e0000 - 0x00007fff76700000 	C:\WINDOWS\SYSTEM32\dxcore.dll
0x00007fff759f0000 - 0x00007fff75a89000 	C:\WINDOWS\system32\uxtheme.dll
0x00007fff2cb90000 - 0x00007fff303e9000 	C:\WINDOWS\System32\DriverStore\FileRepository\igdlh64.inf_amd64_47ad21e28c856994\igdumdim64.dll
0x00007fff78c50000 - 0x00007fff78d14000 	C:\WINDOWS\System32\OLEAUT32.dll
0x00007fff7a9b0000 - 0x00007fff7ab06000 	C:\WINDOWS\System32\ole32.dll
0x00007fff79ba0000 - 0x00007fff7a010000 	C:\WINDOWS\System32\SETUPAPI.dll
0x00007fff77d40000 - 0x00007fff77d66000 	C:\WINDOWS\System32\bcrypt.dll
0x0000000052da0000 - 0x0000000052de9000 	C:\Program Files\Java\jre1.8.0_181\bin\glass.dll
0x00007fff79930000 - 0x00007fff79a00000 	C:\WINDOWS\System32\COMDLG32.dll
0x00007fff797f0000 - 0x00007fff79926000 	C:\WINDOWS\System32\MSCTF.dll
0x00007fff6d440000 - 0x00007fff6ea42000 	C:\WINDOWS\System32\DriverStore\FileRepository\igdlh64.inf_amd64_47ad21e28c856994\igc64.dll
0x0000000052d80000 - 0x0000000052d94000 	C:\Program Files\Java\jre1.8.0_181\bin\javafx_font.dll
0x00007fff5d7c0000 - 0x00007fff5dabe000 	C:\WINDOWS\SYSTEM32\dwrite.dll
0x00007fff79040000 - 0x00007fff790e2000 	C:\WINDOWS\System32\clbcatq.dll
0x00007fff72990000 - 0x00007fff72b3f000 	C:\WINDOWS\SYSTEM32\WindowsCodecs.dll
0x00007fff56650000 - 0x00007fff5668a000 	C:\WINDOWS\system32\dataexchange.dll
0x00007fff74f80000 - 0x00007fff7515b000 	C:\WINDOWS\system32\dcomp.dll
0x00007fff748c0000 - 0x00007fff74b1b000 	C:\WINDOWS\system32\d3d11.dll
0x00007fff76770000 - 0x00007fff7685b000 	C:\WINDOWS\system32\dxgi.dll
0x00007fff75b20000 - 0x00007fff75d7a000 	C:\WINDOWS\system32\twinapi.appcore.dll
0x00007fff76040000 - 0x00007fff76069000 	C:\WINDOWS\system32\RMCLIENT.dll
0x00007fff68c90000 - 0x00007fff68cc3000 	C:\Program Files\Common Files\Microsoft Shared\Ink\rtscom.dll
0x00007fff68330000 - 0x00007fff683ce000 	C:\WINDOWS\System32\TextInputFramework.dll
0x00007fff72ce0000 - 0x00007fff7300a000 	C:\WINDOWS\System32\CoreUIComponents.dll
0x00007fff754d0000 - 0x00007fff755a4000 	C:\WINDOWS\System32\CoreMessaging.dll
0x00007fff73470000 - 0x00007fff735c3000 	C:\WINDOWS\SYSTEM32\wintypes.dll
0x00007fff76ad0000 - 0x00007fff76b01000 	C:\WINDOWS\SYSTEM32\ntmarta.dll
0x00007fff66b90000 - 0x00007fff66e36000 	C:\WINDOWS\System32\iertutil.dll

VM Arguments:
jvm_args: -Dfile.encoding=UTF-8 
java_command: main.StartOs
java_class_path (initial): C:\Program Files\Java\jre1.8.0_181\lib\resources.jar;C:\Program Files\Java\jre1.8.0_181\lib\rt.jar;C:\Program Files\Java\jre1.8.0_181\lib\jsse.jar;C:\Program Files\Java\jre1.8.0_181\lib\jce.jar;C:\Program Files\Java\jre1.8.0_181\lib\charsets.jar;C:\Program Files\Java\jre1.8.0_181\lib\jfr.jar;C:\Program Files\Java\jre1.8.0_181\lib\ext\access-bridge-64.jar;C:\Program Files\Java\jre1.8.0_181\lib\ext\cldrdata.jar;C:\Program Files\Java\jre1.8.0_181\lib\ext\dnsns.jar;C:\Program Files\Java\jre1.8.0_181\lib\ext\jaccess.jar;C:\Program Files\Java\jre1.8.0_181\lib\ext\jfxrt.jar;C:\Program Files\Java\jre1.8.0_181\lib\ext\localedata.jar;C:\Program Files\Java\jre1.8.0_181\lib\ext\nashorn.jar;C:\Program Files\Java\jre1.8.0_181\lib\ext\sunec.jar;C:\Program Files\Java\jre1.8.0_181\lib\ext\sunjce_provider.jar;C:\Program Files\Java\jre1.8.0_181\lib\ext\sunmscapi.jar;C:\Program Files\Java\jre1.8.0_181\lib\ext\sunpkcs11.jar;C:\Program Files\Java\jre1.8.0_181\lib\ext\zipfs.jar;C:\Users\lenovo\eclipse-workspace\DemoOs\bin;C:\Users\lenovo\.p2\pool\plugins\org.eclipse.fx.ide.css.jfx8_3.1.0.201712060800.jar
Launcher Type: SUN_STANDARD

Environment Variables:
PATH=C:/Program Files/Java/jre1.8.0_181/bin/server;C:/Program Files/Java/jre1.8.0_181/bin;C:/Program Files/Java/jre1.8.0_181/lib/amd64;C:\Program Files (x86)\Common Files\Oracle\Java\javapath;C:\WINDOWS\system32;C:\WINDOWS;C:\WINDOWS\System32\Wbem;C:\WINDOWS\System32\WindowsPowerShell\v1.0\;C:\WINDOWS\System32\OpenSSH\;C:\Program Files\Java\jre-10.0.1;C:\Program Files\Java\jdk-10.0.1;D:\Git\cmd;C:\Program Files\Java\jdk1.8.0_181\bin;C:\Program Files (x86)\NVIDIA Corporation\PhysX\Common;C:\Program Files\dotnet\;%QUARTUS_ROOTDIR%\bin;C:\Program Files\nodejs\;C:\Program Files\Git\cmd;C:\WINDOWS\system32;C:\WINDOWS;C:\WINDOWS\System32\Wbem;C:\WINDOWS\System32\WindowsPowerShell\v1.0\;C:\WINDOWS\System32\OpenSSH\;C:\Users\lenovo\AppData\Local\Microsoft\WindowsApps;C:\Users\lenovo\AppData\Roaming\npm;;C:\WINDOWS\system32;
USERNAME=lenovo
OS=Windows_NT
PROCESSOR_IDENTIFIER=Intel64 Family 6 Model 158 Stepping 9, GenuineIntel



---------------  S Y S T E M  ---------------

OS: Windows 10.0 , 64 bit Build 18362 (10.0.18362.329)

CPU:total 4 (initial active 4) (4 cores per cpu, 1 threads per core) family 6 model 158 stepping 9, cmov, cx8, fxsr, mmx, sse, sse2, sse3, ssse3, sse4.1, sse4.2, popcnt, avx, avx2, aes, clmul, erms, 3dnowpref, lzcnt, tsc, tscinvbit, bmi1, bmi2, adx

Memory: 4k page, physical 3893912k(146904k free), swap 15952536k(8308k free)

vm_info: Java HotSpot(TM) 64-Bit Server VM (25.181-b13) for windows-amd64 JRE (1.8.0_181-b13), built on Jul  7 2018 04:01:33 by "java_re" with MS VC++ 10.0 (VS2010)

time: Sat Oct 26 20:14:40 2019
elapsed time: 2 seconds (0d 0h 0m 2s)

