#
# There is insufficient memory for the Java Runtime Environment to continue.
# Native memory allocation (malloc) failed to allocate 1101936 bytes for Chunk::new
# Possible reasons:
#   The system is out of physical RAM or swap space
#   In 32 bit mode, the process size limit was hit
# Possible solutions:
#   Reduce memory load on the system
#   Increase physical memory or swap space
#   Check if swap backing store is full
#   Use 64 bit Java on a 64 bit OS
#   Decrease Java heap size (-Xmx/-Xms)
#   Decrease number of Java threads
#   Decrease Java thread stack sizes (-Xss)
#   Set larger code cache with -XX:ReservedCodeCacheSize=
# This output file may be truncated or incomplete.
#
#  Out of Memory Error (allocation.cpp:390), pid=28148, tid=0x0000000000006fe8
#
# JRE version: Java(TM) SE Runtime Environment (8.0_181-b13) (build 1.8.0_181-b13)
# Java VM: Java HotSpot(TM) 64-Bit Server VM (25.181-b13 mixed mode windows-amd64 compressed oops)
# Failed to write core dump. Minidumps are not enabled by default on client versions of Windows
#

---------------  T H R E A D  ---------------

Current thread (0x0000000016385000):  JavaThread "C2 CompilerThread1" daemon [_thread_in_native, id=28648, stack(0x0000000016780000,0x0000000016880000)]

Stack: [0x0000000016780000,0x0000000016880000]
[error occurred during error reporting (printing stack bounds), id 0xc0000005]

Native frames: (J=compiled Java code, j=interpreted, Vv=VM code, C=native code)


Current CompileTask:
C2:   2534 2977       4       javafx.scene.CssStyleHelper::lookupFont (1234 bytes)


---------------  P R O C E S S  ---------------

Java Threads: ( => current thread )
  0x0000000017301000 JavaThread "Prism Font Disposer" daemon [_thread_blocked, id=28864, stack(0x0000000021e20000,0x0000000021f20000)]
  0x0000000016f22800 JavaThread "Thread-5" [_thread_blocked, id=29676, stack(0x0000000021540000,0x0000000021640000)]
  0x000000001705b800 JavaThread "Thread-4" [_thread_blocked, id=31140, stack(0x0000000021440000,0x0000000021540000)]
  0x0000000016d29000 JavaThread "JavaFX-Launcher" [_thread_blocked, id=28680, stack(0x000000001e2f0000,0x000000001e3f0000)]
  0x0000000016d28000 JavaThread "Thread-2" daemon [_thread_in_native, id=31448, stack(0x000000001e1f0000,0x000000001e2f0000)]
  0x0000000016cd2000 JavaThread "JavaFX Application Thread" [_thread_in_native, id=16760, stack(0x00000000177c0000,0x00000000178c0000)]
  0x0000000016cca800 JavaThread "Thread-1" daemon [_thread_blocked, id=30392, stack(0x00000000176c0000,0x00000000177c0000)]
  0x0000000016759800 JavaThread "QuantumRenderer-0" daemon [_thread_blocked, id=17688, stack(0x0000000017470000,0x0000000017570000)]
  0x00000000163fa800 JavaThread "Service Thread" daemon [_thread_blocked, id=28084, stack(0x0000000016980000,0x0000000016a80000)]
  0x00000000163ab000 JavaThread "C1 CompilerThread2" daemon [_thread_blocked, id=3944, stack(0x0000000016880000,0x0000000016980000)]
=>0x0000000016385000 JavaThread "C2 CompilerThread1" daemon [_thread_in_native, id=28648, stack(0x0000000016780000,0x0000000016880000)]
  0x0000000014d7c000 JavaThread "C2 CompilerThread0" daemon [_thread_in_native, id=30832, stack(0x0000000016280000,0x0000000016380000)]
  0x0000000014d7b000 JavaThread "Attach Listener" daemon [_thread_blocked, id=3568, stack(0x0000000016180000,0x0000000016280000)]
  0x0000000014d7a000 JavaThread "Signal Dispatcher" daemon [_thread_blocked, id=27160, stack(0x0000000016080000,0x0000000016180000)]
  0x00000000028fd000 JavaThread "Finalizer" daemon [_thread_blocked, id=31048, stack(0x0000000015f80000,0x0000000016080000)]
  0x00000000028f2000 JavaThread "Reference Handler" daemon [_thread_blocked, id=30492, stack(0x0000000015e80000,0x0000000015f80000)]
  0x00000000027fe000 JavaThread "main" [_thread_blocked, id=13204, stack(0x0000000002640000,0x0000000002740000)]

Other Threads:
  0x0000000014ce8800 VMThread [stack: 0x0000000015d80000,0x0000000015e80000] [id=26332]
  0x0000000016430800 WatcherThread [stack: 0x0000000016a80000,0x0000000016b80000] [id=31184]

VM state:not at safepoint (normal execution)

VM Mutex/Monitor currently owned by a thread: None

Heap:
 PSYoungGen      total 67584K, used 33411K [0x00000000ec300000, 0x00000000f1500000, 0x0000000100000000)
  eden space 58880K, 42% used [0x00000000ec300000,0x00000000edb270b8,0x00000000efc80000)
  from space 8704K, 99% used [0x00000000f0780000,0x00000000f0ff9ec0,0x00000000f1000000)
  to   space 11264K, 0% used [0x00000000efc80000,0x00000000efc80000,0x00000000f0780000)
 ParOldGen       total 40960K, used 10976K [0x00000000c4800000, 0x00000000c7000000, 0x00000000ec300000)
  object space 40960K, 26% used [0x00000000c4800000,0x00000000c52b80b0,0x00000000c7000000)
 Metaspace       used 19170K, capacity 20474K, committed 20736K, reserved 1067008K
  class space    used 2777K, capacity 3044K, committed 3072K, reserved 1048576K

Card table byte_map: [0x0000000011cc0000,0x0000000011ea0000] byte_map_base: 0x000000001169c000

Marking Bits: (ParMarkBitMap*) 0x0000000053962d00
 Begin Bits: [0x00000000123e0000, 0x00000000132c0000)
 End Bits:   [0x00000000132c0000, 0x00000000141a0000)

Polling page: 0x00000000009a0000

CodeCache: size=245760Kb used=9884Kb max_used=9884Kb free=235875Kb
 bounds [0x0000000002900000, 0x00000000032b0000, 0x0000000011900000]
 total_blobs=3748 nmethods=3139 adapters=521
 compilation: enabled

Compilation events (10 events):
Event: 2.489 Thread 0x00000000163ab000 3164       2       java.lang.invoke.LambdaForm::signatureArity (28 bytes)
Event: 2.489 Thread 0x00000000163ab000 nmethod 3164 0x00000000032a8b10 code [0x00000000032a8c80, 0x00000000032a8de8]
Event: 2.489 Thread 0x00000000163ab000 3165       2       jdk.internal.org.objectweb.asm.Type::getArgumentTypes (131 bytes)
Event: 2.490 Thread 0x00000000163ab000 nmethod 3165 0x00000000032a8ed0 code [0x00000000032a9080, 0x00000000032a9618]
Event: 2.500 Thread 0x00000000163ab000 3166       1       javafx.event.Event::isConsumed (5 bytes)
Event: 2.500 Thread 0x00000000163ab000 nmethod 3166 0x00000000032aa210 code [0x00000000032aa360, 0x00000000032aa470]
Event: 2.500 Thread 0x00000000163ab000 3167       1       javafx.event.Event::getEventType (5 bytes)
Event: 2.500 Thread 0x00000000163ab000 nmethod 3167 0x00000000032aa4d0 code [0x00000000032aa620, 0x00000000032aa730]
Event: 2.505 Thread 0x00000000163ab000 3168       1       java.util.concurrent.locks.AbstractQueuedSynchronizer::getState (5 bytes)
Event: 2.505 Thread 0x00000000163ab000 nmethod 3168 0x00000000032aa990 code [0x00000000032aaae0, 0x00000000032aabf0]

GC Heap History (10 events):
Event: 0.695 GC heap before
{Heap before GC invocations=2 (full 0):
 PSYoungGen      total 17920K, used 17864K [0x00000000ec300000, 0x00000000ed700000, 0x0000000100000000)
  eden space 15360K, 100% used [0x00000000ec300000,0x00000000ed200000,0x00000000ed200000)
  from space 2560K, 97% used [0x00000000ed200000,0x00000000ed472050,0x00000000ed480000)
  to   space 2560K, 0% used [0x00000000ed480000,0x00000000ed480000,0x00000000ed700000)
 ParOldGen       total 40960K, used 8K [0x00000000c4800000, 0x00000000c7000000, 0x00000000ec300000)
  object space 40960K, 0% used [0x00000000c4800000,0x00000000c4802000,0x00000000c7000000)
 Metaspace       used 11497K, capacity 11970K, committed 12032K, reserved 1058816K
  class space    used 1569K, capacity 1738K, committed 1792K, reserved 1048576K
Event: 0.699 GC heap after
Heap after GC invocations=2 (full 0):
 PSYoungGen      total 17920K, used 2552K [0x00000000ec300000, 0x00000000ee600000, 0x0000000100000000)
  eden space 15360K, 0% used [0x00000000ec300000,0x00000000ec300000,0x00000000ed200000)
  from space 2560K, 99% used [0x00000000ed480000,0x00000000ed6fe030,0x00000000ed700000)
  to   space 2560K, 0% used [0x00000000ed200000,0x00000000ed200000,0x00000000ed480000)
 ParOldGen       total 40960K, used 1136K [0x00000000c4800000, 0x00000000c7000000, 0x00000000ec300000)
  object space 40960K, 2% used [0x00000000c4800000,0x00000000c491c010,0x00000000c7000000)
 Metaspace       used 11497K, capacity 11970K, committed 12032K, reserved 1058816K
  class space    used 1569K, capacity 1738K, committed 1792K, reserved 1048576K
}
Event: 0.974 GC heap before
{Heap before GC invocations=3 (full 0):
 PSYoungGen      total 17920K, used 17912K [0x00000000ec300000, 0x00000000ee600000, 0x0000000100000000)
  eden space 15360K, 100% used [0x00000000ec300000,0x00000000ed200000,0x00000000ed200000)
  from space 2560K, 99% used [0x00000000ed480000,0x00000000ed6fe030,0x00000000ed700000)
  to   space 2560K, 0% used [0x00000000ed200000,0x00000000ed200000,0x00000000ed480000)
 ParOldGen       total 40960K, used 1136K [0x00000000c4800000, 0x00000000c7000000, 0x00000000ec300000)
  object space 40960K, 2% used [0x00000000c4800000,0x00000000c491c010,0x00000000c7000000)
 Metaspace       used 13479K, capacity 14062K, committed 14336K, reserved 1060864K
  class space    used 1846K, capacity 1984K, committed 2048K, reserved 1048576K
Event: 0.983 GC heap after
Heap after GC invocations=3 (full 0):
 PSYoungGen      total 17920K, used 2552K [0x00000000ec300000, 0x00000000ee600000, 0x0000000100000000)
  eden space 15360K, 0% used [0x00000000ec300000,0x00000000ec300000,0x00000000ed200000)
  from space 2560K, 99% used [0x00000000ed200000,0x00000000ed47e030,0x00000000ed480000)
  to   space 2560K, 0% used [0x00000000ee380000,0x00000000ee380000,0x00000000ee600000)
 ParOldGen       total 40960K, used 7678K [0x00000000c4800000, 0x00000000c7000000, 0x00000000ec300000)
  object space 40960K, 18% used [0x00000000c4800000,0x00000000c4f7f920,0x00000000c7000000)
 Metaspace       used 13479K, capacity 14062K, committed 14336K, reserved 1060864K
  class space    used 1846K, capacity 1984K, committed 2048K, reserved 1048576K
}
Event: 1.371 GC heap before
{Heap before GC invocations=4 (full 0):
 PSYoungGen      total 17920K, used 17912K [0x00000000ec300000, 0x00000000ee600000, 0x0000000100000000)
  eden space 15360K, 100% used [0x00000000ec300000,0x00000000ed200000,0x00000000ed200000)
  from space 2560K, 99% used [0x00000000ed200000,0x00000000ed47e030,0x00000000ed480000)
  to   space 2560K, 0% used [0x00000000ee380000,0x00000000ee380000,0x00000000ee600000)
 ParOldGen       total 40960K, used 7678K [0x00000000c4800000, 0x00000000c7000000, 0x00000000ec300000)
  object space 40960K, 18% used [0x00000000c4800000,0x00000000c4f7f920,0x00000000c7000000)
 Metaspace       used 16612K, capacity 17424K, committed 17536K, reserved 1064960K
  class space    used 2451K, capacity 2667K, committed 2688K, reserved 1048576K
Event: 1.377 GC heap after
Heap after GC invocations=4 (full 0):
 PSYoungGen      total 33280K, used 2528K [0x00000000ec300000, 0x00000000ee600000, 0x0000000100000000)
  eden space 30720K, 0% used [0x00000000ec300000,0x00000000ec300000,0x00000000ee100000)
  from space 2560K, 98% used [0x00000000ee380000,0x00000000ee5f8020,0x00000000ee600000)
  to   space 2560K, 0% used [0x00000000ee100000,0x00000000ee100000,0x00000000ee380000)
 ParOldGen       total 40960K, used 8902K [0x00000000c4800000, 0x00000000c7000000, 0x00000000ec300000)
  object space 40960K, 21% used [0x00000000c4800000,0x00000000c50b1930,0x00000000c7000000)
 Metaspace       used 16612K, capacity 17424K, committed 17536K, reserved 1064960K
  class space    used 2451K, capacity 2667K, committed 2688K, reserved 1048576K
}
Event: 1.624 GC heap before
{Heap before GC invocations=5 (full 0):
 PSYoungGen      total 33280K, used 33248K [0x00000000ec300000, 0x00000000ee600000, 0x0000000100000000)
  eden space 30720K, 100% used [0x00000000ec300000,0x00000000ee100000,0x00000000ee100000)
  from space 2560K, 98% used [0x00000000ee380000,0x00000000ee5f8020,0x00000000ee600000)
  to   space 2560K, 0% used [0x00000000ee100000,0x00000000ee100000,0x00000000ee380000)
 ParOldGen       total 40960K, used 8902K [0x00000000c4800000, 0x00000000c7000000, 0x00000000ec300000)
  object space 40960K, 21% used [0x00000000c4800000,0x00000000c50b1930,0x00000000c7000000)
 Metaspace       used 16835K, capacity 17734K, committed 17920K, reserved 1064960K
  class space    used 2502K, capacity 2740K, committed 2816K, reserved 1048576K
Event: 1.633 GC heap after
Heap after GC invocations=5 (full 0):
 PSYoungGen      total 33280K, used 2528K [0x00000000ec300000, 0x00000000f1000000, 0x0000000100000000)
  eden space 30720K, 0% used [0x00000000ec300000,0x00000000ec300000,0x00000000ee100000)
  from space 2560K, 98% used [0x00000000ee100000,0x00000000ee378020,0x00000000ee380000)
  to   space 8704K, 0% used [0x00000000f0780000,0x00000000f0780000,0x00000000f1000000)
 ParOldGen       total 40960K, used 9382K [0x00000000c4800000, 0x00000000c7000000, 0x00000000ec300000)
  object space 40960K, 22% used [0x00000000c4800000,0x00000000c5129930,0x00000000c7000000)
 Metaspace       used 16835K, capacity 17734K, committed 17920K, reserved 1064960K
  class space    used 2502K, capacity 2740K, committed 2816K, reserved 1048576K
}
Event: 2.042 GC heap before
{Heap before GC invocations=6 (full 0):
 PSYoungGen      total 33280K, used 33248K [0x00000000ec300000, 0x00000000f1000000, 0x0000000100000000)
  eden space 30720K, 100% used [0x00000000ec300000,0x00000000ee100000,0x00000000ee100000)
  from space 2560K, 98% used [0x00000000ee100000,0x00000000ee378020,0x00000000ee380000)
  to   space 8704K, 0% used [0x00000000f0780000,0x00000000f0780000,0x00000000f1000000)
 ParOldGen       total 40960K, used 9382K [0x00000000c4800000, 0x00000000c7000000, 0x00000000ec300000)
  object space 40960K, 22% used [0x00000000c4800000,0x00000000c5129930,0x00000000c7000000)
 Metaspace       used 18206K, capacity 19410K, committed 19712K, reserved 1067008K
  class space    used 2700K, capacity 2962K, committed 3072K, reserved 1048576K
Event: 2.070 GC heap after
Heap after GC invocations=6 (full 0):
 PSYoungGen      total 67584K, used 8679K [0x00000000ec300000, 0x00000000f1500000, 0x0000000100000000)
  eden space 58880K, 0% used [0x00000000ec300000,0x00000000ec300000,0x00000000efc80000)
  from space 8704K, 99% used [0x00000000f0780000,0x00000000f0ff9ec0,0x00000000f1000000)
  to   space 11264K, 0% used [0x00000000efc80000,0x00000000efc80000,0x00000000f0780000)
 ParOldGen       total 40960K, used 10976K [0x00000000c4800000, 0x00000000c7000000, 0x00000000ec300000)
  object space 40960K, 26% used [0x00000000c4800000,0x00000000c52b80b0,0x00000000c7000000)
 Metaspace       used 18206K, capacity 19410K, committed 19712K, reserved 1067008K
  class space    used 2700K, capacity 2962K, committed 3072K, reserved 1048576K
}

Deoptimization events (10 events):
Event: 2.315 Thread 0x0000000016cd2000 Uncommon trap: reason=unstable_if action=reinterpret pc=0x0000000002e700e8 method=jdk.internal.org.objectweb.asm.Type.getArgumentsAndReturnSizes(Ljava/lang/String;)I @ 47
Event: 2.321 Thread 0x0000000016cd2000 Uncommon trap: reason=bimorphic action=maybe_recompile pc=0x00000000030fd074 method=java.util.AbstractList.equals(Ljava/lang/Object;)Z @ 25
Event: 2.321 Thread 0x0000000016cd2000 Uncommon trap: reason=bimorphic action=maybe_recompile pc=0x00000000030fd074 method=java.util.AbstractList.equals(Ljava/lang/Object;)Z @ 25
Event: 2.321 Thread 0x0000000016cd2000 Uncommon trap: reason=bimorphic action=maybe_recompile pc=0x00000000030fd074 method=java.util.AbstractList.equals(Ljava/lang/Object;)Z @ 25
Event: 2.321 Thread 0x0000000016cd2000 Uncommon trap: reason=bimorphic action=maybe_recompile pc=0x00000000030fd074 method=java.util.AbstractList.equals(Ljava/lang/Object;)Z @ 25
Event: 2.436 Thread 0x0000000016cd2000 Uncommon trap: reason=class_check action=maybe_recompile pc=0x0000000003186db4 method=javafx.beans.property.BooleanPropertyBase.get()Z @ 23
Event: 2.436 Thread 0x0000000016cd2000 Uncommon trap: reason=class_check action=maybe_recompile pc=0x0000000003186db4 method=javafx.beans.property.BooleanPropertyBase.get()Z @ 23
Event: 2.437 Thread 0x0000000016cd2000 Uncommon trap: reason=class_check action=maybe_recompile pc=0x0000000003186db4 method=javafx.beans.property.BooleanPropertyBase.get()Z @ 23
Event: 2.437 Thread 0x0000000016cd2000 Uncommon trap: reason=class_check action=maybe_recompile pc=0x0000000003186db4 method=javafx.beans.property.BooleanPropertyBase.get()Z @ 23
Event: 2.503 Thread 0x0000000016cd2000 Uncommon trap: reason=unstable_if action=reinterpret pc=0x0000000003187754 method=javafx.scene.Node.impl_isDirtyEmpty()Z @ 4

Classes redefined (0 events):
No events

Internal exceptions (10 events):
Event: 0.804 Thread 0x0000000016cd2000 Exception <a 'java/lang/ArrayIndexOutOfBoundsException': 65> (0x00000000ec7d4208) thrown at [C:\re\workspace\8-2-build-windows-amd64-cygwin\jdk8u181\11358\hotspot\src\share\vm\interpreter\interpreterRuntime.cpp, line 366]
Event: 0.839 Thread 0x0000000016cd2000 Exception <a 'java/lang/NoSuchMethodError': <clinit>> (0x00000000ecaa24d8) thrown at [C:\re\workspace\8-2-build-windows-amd64-cygwin\jdk8u181\11358\hotspot\src\share\vm\prims\jni.cpp, line 1613]
Event: 0.988 Thread 0x0000000016cd2000 Exception <a 'java/lang/NoSuchMethodError': <clinit>> (0x00000000ec33bac0) thrown at [C:\re\workspace\8-2-build-windows-amd64-cygwin\jdk8u181\11358\hotspot\src\share\vm\prims\jni.cpp, line 1613]
Event: 0.988 Thread 0x0000000016cd2000 Exception <a 'java/lang/NoSuchMethodError': <clinit>> (0x00000000ec33c458) thrown at [C:\re\workspace\8-2-build-windows-amd64-cygwin\jdk8u181\11358\hotspot\src\share\vm\prims\jni.cpp, line 1613]
Event: 1.049 Thread 0x0000000016cd2000 Implicit null exception at 0x0000000002c361b5 to 0x0000000002c363d1
Event: 1.049 Thread 0x0000000016cd2000 Implicit null exception at 0x0000000002c4c858 to 0x0000000002c4c8e6
Event: 1.077 Thread 0x0000000016cd2000 Exception <a 'java/io/FileNotFoundException'> (0x00000000ec555960) thrown at [C:\re\workspace\8-2-build-windows-amd64-cygwin\jdk8u181\11358\hotspot\src\share\vm\prims\jni.cpp, line 709]
Event: 1.294 Thread 0x0000000016cd2000 Implicit null exception at 0x0000000002dc46ad to 0x0000000002dc4d3d
Event: 1.296 Thread 0x0000000016cd2000 Implicit null exception at 0x0000000002d355aa to 0x0000000002d355f1
Event: 1.536 Thread 0x0000000016cd2000 Implicit null exception at 0x0000000002f55a35 to 0x0000000002f56581

Events (10 events):
Event: 2.499 loading class javafx/scene/Node done
Event: 2.500 loading class com/sun/javafx/tk/quantum/CursorUtils
Event: 2.500 loading class com/sun/javafx/tk/quantum/CursorUtils done
Event: 2.501 loading class com/sun/javafx/tk/quantum/CursorUtils$1
Event: 2.501 loading class com/sun/javafx/tk/quantum/CursorUtils$1 done
Event: 2.501 loading class com/sun/glass/ui/Size
Event: 2.501 loading class com/sun/glass/ui/Size done
Event: 2.503 Thread 0x0000000016cd2000 Uncommon trap: trap_request=0xffffff65 fr.pc=0x0000000003187754
Event: 2.503 Thread 0x0000000016cd2000 DEOPT PACKING pc=0x0000000003187754 sp=0x00000000178bcf20
Event: 2.503 Thread 0x0000000016cd2000 DEOPT UNPACKING pc=0x000000000294583b sp=0x00000000178bcdf8 mode 2


Dynamic libraries:
0x00007ff717940000 - 0x00007ff717977000 	C:\Program Files\Java\jre1.8.0_181\bin\javaw.exe
0x00007fff7aba0000 - 0x00007fff7ad90000 	C:\WINDOWS\SYSTEM32\ntdll.dll
0x00007fff79210000 - 0x00007fff792c2000 	C:\WINDOWS\System32\KERNEL32.DLL
0x00007fff78110000 - 0x00007fff783b3000 	C:\WINDOWS\System32\KERNELBASE.dll
0x00007fff792e0000 - 0x00007fff79383000 	C:\WINDOWS\System32\ADVAPI32.dll
0x00007fff78d80000 - 0x00007fff78e1e000 	C:\WINDOWS\System32\msvcrt.dll
0x00007fff79390000 - 0x00007fff79427000 	C:\WINDOWS\System32\sechost.dll
0x00007fff790f0000 - 0x00007fff79210000 	C:\WINDOWS\System32\RPCRT4.dll
0x00007fff79a00000 - 0x00007fff79b94000 	C:\WINDOWS\System32\USER32.dll
0x00007fff78440000 - 0x00007fff78461000 	C:\WINDOWS\System32\win32u.dll
0x00007fff7a010000 - 0x00007fff7a036000 	C:\WINDOWS\System32\GDI32.dll
0x00007fff77d70000 - 0x00007fff77f04000 	C:\WINDOWS\System32\gdi32full.dll
0x00007fff77c80000 - 0x00007fff77d1e000 	C:\WINDOWS\System32\msvcp_win.dll
0x00007fff77b80000 - 0x00007fff77c7a000 	C:\WINDOWS\System32\ucrtbase.dll
0x00007fff6b910000 - 0x00007fff6bb95000 	C:\WINDOWS\WinSxS\amd64_microsoft.windows.common-controls_6595b64144ccf1df_6.0.18362.418_none_e6c6b287130d565d\COMCTL32.dll
0x00007fff794b0000 - 0x00007fff797e6000 	C:\WINDOWS\System32\combase.dll
0x00007fff783c0000 - 0x00007fff78440000 	C:\WINDOWS\System32\bcryptPrimitives.dll
0x00007fff7ab10000 - 0x00007fff7ab3e000 	C:\WINDOWS\System32\IMM32.DLL
0x0000000052e20000 - 0x0000000052ef2000 	C:\Program Files\Java\jre1.8.0_181\bin\msvcr100.dll
0x0000000053140000 - 0x00000000539e2000 	C:\Program Files\Java\jre1.8.0_181\bin\server\jvm.dll
0x00007fff792d0000 - 0x00007fff792d8000 	C:\WINDOWS\System32\PSAPI.DLL
0x00007fff755f0000 - 0x00007fff75614000 	C:\WINDOWS\SYSTEM32\WINMM.dll
0x00007fff60a40000 - 0x00007fff60a49000 	C:\WINDOWS\SYSTEM32\WSOCK32.dll
0x00007fff7a8e0000 - 0x00007fff7a94f000 	C:\WINDOWS\System32\WS2_32.dll
0x00007fff6d170000 - 0x00007fff6d17a000 	C:\WINDOWS\SYSTEM32\VERSION.dll
0x00007fff755b0000 - 0x00007fff755dd000 	C:\WINDOWS\SYSTEM32\WINMMBASE.dll
0x00007fff77b30000 - 0x00007fff77b7a000 	C:\WINDOWS\System32\cfgmgr32.dll
0x0000000053050000 - 0x000000005305f000 	C:\Program Files\Java\jre1.8.0_181\bin\verify.dll
0x0000000053020000 - 0x0000000053049000 	C:\Program Files\Java\jre1.8.0_181\bin\java.dll
0x0000000053000000 - 0x0000000053016000 	C:\Program Files\Java\jre1.8.0_181\bin\zip.dll
0x00007fff7a040000 - 0x00007fff7a725000 	C:\WINDOWS\System32\SHELL32.dll
0x00007fff78e90000 - 0x00007fff78f39000 	C:\WINDOWS\System32\shcore.dll
0x00007fff78470000 - 0x00007fff78bef000 	C:\WINDOWS\System32\windows.storage.dll
0x00007fff77b10000 - 0x00007fff77b2f000 	C:\WINDOWS\System32\profapi.dll
0x00007fff77aa0000 - 0x00007fff77aea000 	C:\WINDOWS\System32\powrprof.dll
0x00007fff77a70000 - 0x00007fff77a80000 	C:\WINDOWS\System32\UMPDC.dll
0x00007fff78f50000 - 0x00007fff78fa2000 	C:\WINDOWS\System32\shlwapi.dll
0x00007fff77a80000 - 0x00007fff77a91000 	C:\WINDOWS\System32\kernel.appcore.dll
0x00007fff77d20000 - 0x00007fff77d37000 	C:\WINDOWS\System32\cryptsp.dll
0x0000000002210000 - 0x0000000002213000 	C:\Program Files\Java\jre1.8.0_181\bin\api-ms-win-core-console-l1-1-0.dll
0x0000000002220000 - 0x0000000002223000 	C:\Program Files\Java\jre1.8.0_181\bin\api-ms-win-core-datetime-l1-1-0.dll
0x0000000002230000 - 0x0000000002233000 	C:\Program Files\Java\jre1.8.0_181\bin\api-ms-win-core-debug-l1-1-0.dll
0x0000000002240000 - 0x0000000002243000 	C:\Program Files\Java\jre1.8.0_181\bin\api-ms-win-core-errorhandling-l1-1-0.dll
0x0000000002250000 - 0x0000000002254000 	C:\Program Files\Java\jre1.8.0_181\bin\api-ms-win-core-file-l1-1-0.dll
0x0000000002260000 - 0x0000000002263000 	C:\Program Files\Java\jre1.8.0_181\bin\api-ms-win-core-file-l1-2-0.dll
0x0000000002270000 - 0x0000000002273000 	C:\Program Files\Java\jre1.8.0_181\bin\api-ms-win-core-file-l2-1-0.dll
0x0000000002280000 - 0x0000000002283000 	C:\Program Files\Java\jre1.8.0_181\bin\api-ms-win-core-handle-l1-1-0.dll
0x0000000002290000 - 0x0000000002293000 	C:\Program Files\Java\jre1.8.0_181\bin\api-ms-win-core-heap-l1-1-0.dll
0x00000000022a0000 - 0x00000000022a3000 	C:\Program Files\Java\jre1.8.0_181\bin\api-ms-win-core-interlocked-l1-1-0.dll
0x00000000022b0000 - 0x00000000022b3000 	C:\Program Files\Java\jre1.8.0_181\bin\api-ms-win-core-libraryloader-l1-1-0.dll
0x00000000022c0000 - 0x00000000022c3000 	C:\Program Files\Java\jre1.8.0_181\bin\api-ms-win-core-localization-l1-2-0.dll
0x00000000022d0000 - 0x00000000022d3000 	C:\Program Files\Java\jre1.8.0_181\bin\api-ms-win-core-memory-l1-1-0.dll
0x00000000022e0000 - 0x00000000022e3000 	C:\Program Files\Java\jre1.8.0_181\bin\api-ms-win-core-namedpipe-l1-1-0.dll
0x0000000002740000 - 0x0000000002743000 	C:\Program Files\Java\jre1.8.0_181\bin\api-ms-win-core-processenvironment-l1-1-0.dll
0x0000000002750000 - 0x0000000002753000 	C:\Program Files\Java\jre1.8.0_181\bin\api-ms-win-core-processthreads-l1-1-0.dll
0x0000000002760000 - 0x0000000002763000 	C:\Program Files\Java\jre1.8.0_181\bin\api-ms-win-core-processthreads-l1-1-1.dll
0x0000000002770000 - 0x0000000002773000 	C:\Program Files\Java\jre1.8.0_181\bin\api-ms-win-core-profile-l1-1-0.dll
0x0000000002780000 - 0x0000000002783000 	C:\Program Files\Java\jre1.8.0_181\bin\api-ms-win-core-rtlsupport-l1-1-0.dll
0x0000000002790000 - 0x0000000002793000 	C:\Program Files\Java\jre1.8.0_181\bin\api-ms-win-core-string-l1-1-0.dll
0x00000000027a0000 - 0x00000000027a3000 	C:\Program Files\Java\jre1.8.0_181\bin\api-ms-win-core-synch-l1-1-0.dll
0x00000000027b0000 - 0x00000000027b3000 	C:\Program Files\Java\jre1.8.0_181\bin\api-ms-win-core-synch-l1-2-0.dll
0x00000000027c0000 - 0x00000000027c3000 	C:\Program Files\Java\jre1.8.0_181\bin\api-ms-win-core-sysinfo-l1-1-0.dll
0x00000000027d0000 - 0x00000000027d3000 	C:\Program Files\Java\jre1.8.0_181\bin\api-ms-win-core-timezone-l1-1-0.dll
0x00000000027e0000 - 0x00000000027e3000 	C:\Program Files\Java\jre1.8.0_181\bin\api-ms-win-core-util-l1-1-0.dll
0x0000000016b80000 - 0x0000000016b83000 	C:\Program Files\Java\jre1.8.0_181\bin\api-ms-win-crt-conio-l1-1-0.dll
0x0000000016b90000 - 0x0000000016b94000 	C:\Program Files\Java\jre1.8.0_181\bin\api-ms-win-crt-convert-l1-1-0.dll
0x0000000016ba0000 - 0x0000000016ba3000 	C:\Program Files\Java\jre1.8.0_181\bin\api-ms-win-crt-environment-l1-1-0.dll
0x0000000016bb0000 - 0x0000000016bb3000 	C:\Program Files\Java\jre1.8.0_181\bin\api-ms-win-crt-filesystem-l1-1-0.dll
0x0000000016bc0000 - 0x0000000016bc3000 	C:\Program Files\Java\jre1.8.0_181\bin\api-ms-win-crt-heap-l1-1-0.dll
0x0000000016bd0000 - 0x0000000016bd3000 	C:\Program Files\Java\jre1.8.0_181\bin\api-ms-win-crt-locale-l1-1-0.dll
0x0000000016be0000 - 0x0000000016be5000 	C:\Program Files\Java\jre1.8.0_181\bin\api-ms-win-crt-math-l1-1-0.dll
0x0000000016bf0000 - 0x0000000016bf5000 	C:\Program Files\Java\jre1.8.0_181\bin\api-ms-win-crt-multibyte-l1-1-0.dll
0x0000000016c00000 - 0x0000000016c10000 	C:\Program Files\Java\jre1.8.0_181\bin\api-ms-win-crt-private-l1-1-0.dll
0x0000000016c10000 - 0x0000000016c13000 	C:\Program Files\Java\jre1.8.0_181\bin\api-ms-win-crt-process-l1-1-0.dll
0x0000000016c20000 - 0x0000000016c24000 	C:\Program Files\Java\jre1.8.0_181\bin\api-ms-win-crt-runtime-l1-1-0.dll
0x0000000016c30000 - 0x0000000016c34000 	C:\Program Files\Java\jre1.8.0_181\bin\api-ms-win-crt-stdio-l1-1-0.dll
0x0000000016c40000 - 0x0000000016c44000 	C:\Program Files\Java\jre1.8.0_181\bin\api-ms-win-crt-string-l1-1-0.dll
0x0000000016c50000 - 0x0000000016c53000 	C:\Program Files\Java\jre1.8.0_181\bin\api-ms-win-crt-time-l1-1-0.dll
0x0000000016c60000 - 0x0000000016c63000 	C:\Program Files\Java\jre1.8.0_181\bin\api-ms-win-crt-utility-l1-1-0.dll
0x00007fff5ca00000 - 0x00007fff5caf6000 	C:\Program Files\Java\jre1.8.0_181\bin\ucrtbase.dll
0x00007fff70ce0000 - 0x00007fff70cf6000 	C:\Program Files\Java\jre1.8.0_181\bin\vcruntime140.dll
0x00007fff70c40000 - 0x00007fff70cdc000 	C:\Program Files\Java\jre1.8.0_181\bin\msvcp140.dll
0x00007fff70400000 - 0x00007fff70451000 	C:\Program Files\Java\jre1.8.0_181\bin\concrt140.dll
0x0000000052df0000 - 0x0000000052e13000 	C:\Program Files\Java\jre1.8.0_181\bin\prism_d3d.dll
0x00007fff58e00000 - 0x00007fff58fc7000 	C:\WINDOWS\system32\d3d9.dll
0x00007fff75f30000 - 0x00007fff75f5d000 	C:\WINDOWS\SYSTEM32\dwmapi.dll
0x00007fff766e0000 - 0x00007fff76700000 	C:\WINDOWS\SYSTEM32\dxcore.dll
0x00007fff759f0000 - 0x00007fff75a89000 	C:\WINDOWS\system32\uxtheme.dll
0x00007fff2cb90000 - 0x00007fff303e9000 	C:\WINDOWS\System32\DriverStore\FileRepository\igdlh64.inf_amd64_47ad21e28c856994\igdumdim64.dll
0x00007fff78c50000 - 0x00007fff78d14000 	C:\WINDOWS\System32\OLEAUT32.dll
0x00007fff7a9b0000 - 0x00007fff7ab06000 	C:\WINDOWS\System32\ole32.dll
0x00007fff79ba0000 - 0x00007fff7a010000 	C:\WINDOWS\System32\SETUPAPI.dll
0x00007fff77d40000 - 0x00007fff77d66000 	C:\WINDOWS\System32\bcrypt.dll
0x0000000052da0000 - 0x0000000052de9000 	C:\Program Files\Java\jre1.8.0_181\bin\glass.dll
0x00007fff79930000 - 0x00007fff79a00000 	C:\WINDOWS\System32\COMDLG32.dll
0x00007fff797f0000 - 0x00007fff79926000 	C:\WINDOWS\System32\MSCTF.dll
0x00007fff6d440000 - 0x00007fff6ea42000 	C:\WINDOWS\System32\DriverStore\FileRepository\igdlh64.inf_amd64_47ad21e28c856994\igc64.dll
0x0000000052d80000 - 0x0000000052d94000 	C:\Program Files\Java\jre1.8.0_181\bin\javafx_font.dll
0x00007fff5d7c0000 - 0x00007fff5dabe000 	C:\WINDOWS\SYSTEM32\dwrite.dll
0x00007fff79040000 - 0x00007fff790e2000 	C:\WINDOWS\System32\clbcatq.dll
0x00007fff72990000 - 0x00007fff72b3f000 	C:\WINDOWS\SYSTEM32\WindowsCodecs.dll
0x00007fff56650000 - 0x00007fff5668a000 	C:\WINDOWS\system32\dataexchange.dll
0x00007fff74f80000 - 0x00007fff7515b000 	C:\WINDOWS\system32\dcomp.dll
0x00007fff748c0000 - 0x00007fff74b1b000 	C:\WINDOWS\system32\d3d11.dll
0x00007fff76770000 - 0x00007fff7685b000 	C:\WINDOWS\system32\dxgi.dll
0x00007fff75b20000 - 0x00007fff75d7a000 	C:\WINDOWS\system32\twinapi.appcore.dll
0x00007fff76040000 - 0x00007fff76069000 	C:\WINDOWS\system32\RMCLIENT.dll
0x00007fff6a760000 - 0x00007fff6a793000 	C:\Program Files\Common Files\Microsoft Shared\Ink\rtscom.dll
0x00007fff68330000 - 0x00007fff683ce000 	C:\WINDOWS\System32\TextInputFramework.dll
0x00007fff72ce0000 - 0x00007fff7300a000 	C:\WINDOWS\System32\CoreUIComponents.dll
0x00007fff754d0000 - 0x00007fff755a4000 	C:\WINDOWS\System32\CoreMessaging.dll
0x00007fff76ad0000 - 0x00007fff76b01000 	C:\WINDOWS\SYSTEM32\ntmarta.dll
0x00007fff73470000 - 0x00007fff735c3000 	C:\WINDOWS\SYSTEM32\wintypes.dll
0x00007fff66b90000 - 0x00007fff66e36000 	C:\WINDOWS\System32\iertutil.dll

VM Arguments:
jvm_args: -Dfile.encoding=UTF-8 
java_command: main.StartOs
java_class_path (initial): C:\Program Files\Java\jre1.8.0_181\lib\resources.jar;C:\Program Files\Java\jre1.8.0_181\lib\rt.jar;C:\Program Files\Java\jre1.8.0_181\lib\jsse.jar;C:\Program Files\Java\jre1.8.0_181\lib\jce.jar;C:\Program Files\Java\jre1.8.0_181\lib\charsets.jar;C:\Program Files\Java\jre1.8.0_181\lib\jfr.jar;C:\Program Files\Java\jre1.8.0_181\lib\ext\access-bridge-64.jar;C:\Program Files\Java\jre1.8.0_181\lib\ext\cldrdata.jar;C:\Program Files\Java\jre1.8.0_181\lib\ext\dnsns.jar;C:\Program Files\Java\jre1.8.0_181\lib\ext\jaccess.jar;C:\Program Files\Java\jre1.8.0_181\lib\ext\jfxrt.jar;C:\Program Files\Java\jre1.8.0_181\lib\ext\localedata.jar;C:\Program Files\Java\jre1.8.0_181\lib\ext\nashorn.jar;C:\Program Files\Java\jre1.8.0_181\lib\ext\sunec.jar;C:\Program Files\Java\jre1.8.0_181\lib\ext\sunjce_provider.jar;C:\Program Files\Java\jre1.8.0_181\lib\ext\sunmscapi.jar;C:\Program Files\Java\jre1.8.0_181\lib\ext\sunpkcs11.jar;C:\Program Files\Java\jre1.8.0_181\lib\ext\zipfs.jar;C:\Users\lenovo\eclipse-workspace\DemoOs\bin;C:\Users\lenovo\.p2\pool\plugins\org.eclipse.fx.ide.css.jfx8_3.1.0.201712060800.jar
Launcher Type: SUN_STANDARD

Environment Variables:
PATH=C:/Program Files/Java/jre1.8.0_181/bin/server;C:/Program Files/Java/jre1.8.0_181/bin;C:/Program Files/Java/jre1.8.0_181/lib/amd64;C:\Program Files (x86)\Common Files\Oracle\Java\javapath;C:\WINDOWS\system32;C:\WINDOWS;C:\WINDOWS\System32\Wbem;C:\WINDOWS\System32\WindowsPowerShell\v1.0\;C:\WINDOWS\System32\OpenSSH\;C:\Program Files\Java\jre-10.0.1;C:\Program Files\Java\jdk-10.0.1;D:\Git\cmd;C:\Program Files\Java\jdk1.8.0_181\bin;C:\Program Files (x86)\NVIDIA Corporation\PhysX\Common;C:\Program Files\dotnet\;%QUARTUS_ROOTDIR%\bin;C:\Program Files\nodejs\;C:\Program Files\Git\cmd;C:\WINDOWS\system32;C:\WINDOWS;C:\WINDOWS\System32\Wbem;C:\WINDOWS\System32\WindowsPowerShell\v1.0\;C:\WINDOWS\System32\OpenSSH\;C:\Users\lenovo\AppData\Local\Microsoft\WindowsApps;C:\Users\lenovo\AppData\Roaming\npm;;C:\WINDOWS\system32;
USERNAME=lenovo
OS=Windows_NT
PROCESSOR_IDENTIFIER=Intel64 Family 6 Model 158 Stepping 9, GenuineIntel



---------------  S Y S T E M  ---------------

OS: Windows 10.0 , 64 bit Build 18362 (10.0.18362.329)

CPU:total 4 (initial active 4) (4 cores per cpu, 1 threads per core) family 6 model 158 stepping 9, cmov, cx8, fxsr, mmx, sse, sse2, sse3, ssse3, sse4.1, sse4.2, popcnt, avx, avx2, aes, clmul, erms, 3dnowpref, lzcnt, tsc, tscinvbit, bmi1, bmi2, adx

Memory: 4k page, physical 3893912k(334888k free), swap 15952536k(4844k free)

vm_info: Java HotSpot(TM) 64-Bit Server VM (25.181-b13) for windows-amd64 JRE (1.8.0_181-b13), built on Jul  7 2018 04:01:33 by "java_re" with MS VC++ 10.0 (VS2010)

time: Sat Oct 26 22:44:49 2019
elapsed time: 2 seconds (0d 0h 0m 2s)

