#
# There is insufficient memory for the Java Runtime Environment to continue.
# Native memory allocation (malloc) failed to allocate 368816 bytes for Chunk::new
# Possible reasons:
#   The system is out of physical RAM or swap space
#   In 32 bit mode, the process size limit was hit
# Possible solutions:
#   Reduce memory load on the system
#   Increase physical memory or swap space
#   Check if swap backing store is full
#   Use 64 bit Java on a 64 bit OS
#   Decrease Java heap size (-Xmx/-Xms)
#   Decrease number of Java threads
#   Decrease Java thread stack sizes (-Xss)
#   Set larger code cache with -XX:ReservedCodeCacheSize=
# This output file may be truncated or incomplete.
#
#  Out of Memory Error (allocation.cpp:390), pid=19164, tid=0x0000000000005c80
#
# JRE version: Java(TM) SE Runtime Environment (8.0_181-b13) (build 1.8.0_181-b13)
# Java VM: Java HotSpot(TM) 64-Bit Server VM (25.181-b13 mixed mode windows-amd64 compressed oops)
# Failed to write core dump. Minidumps are not enabled by default on client versions of Windows
#

---------------  T H R E A D  ---------------

Current thread (0x0000000014df2000):  JavaThread "C2 CompilerThread0" daemon [_thread_in_native, id=23680, stack(0x0000000016720000,0x0000000016820000)]

Stack: [0x0000000016720000,0x0000000016820000]
[error occurred during error reporting (printing stack bounds), id 0xc0000005]

Native frames: (J=compiled Java code, j=interpreted, Vv=VM code, C=native code)


Current CompileTask:
C2:   2903 3262       4       javafx.scene.Node::updateBounds (174 bytes)


---------------  P R O C E S S  ---------------

Java Threads: ( => current thread )
  0x000000001e0bf000 JavaThread "Prism Font Disposer" daemon [_thread_blocked, id=30056, stack(0x0000000021fd0000,0x00000000220d0000)]
  0x000000001df0f800 JavaThread "Thread-5" [_thread_blocked, id=23348, stack(0x00000000216e0000,0x00000000217e0000)]
  0x000000001dc84800 JavaThread "Thread-4" [_thread_blocked, id=21004, stack(0x00000000215e0000,0x00000000216e0000)]
  0x000000001da2b000 JavaThread "Thread-3" daemon [_thread_in_native, id=15380, stack(0x000000001e410000,0x000000001e510000)]
  0x000000001da1e800 JavaThread "JavaFX-Launcher" [_thread_blocked, id=31004, stack(0x000000001e510000,0x000000001e610000)]
  0x00000000164c7800 JavaThread "JavaFX Application Thread" [_thread_in_native, id=12572, stack(0x00000000171f0000,0x00000000172f0000)]
  0x00000000164ab000 JavaThread "Thread-1" daemon [_thread_blocked, id=3208, stack(0x00000000170f0000,0x00000000171f0000)]
  0x000000001647a800 JavaThread "QuantumRenderer-0" daemon [_thread_blocked, id=19696, stack(0x0000000016e30000,0x0000000016f30000)]
  0x00000000161a3800 JavaThread "Service Thread" daemon [_thread_blocked, id=24712, stack(0x0000000016a20000,0x0000000016b20000)]
  0x000000001615b000 JavaThread "C1 CompilerThread2" daemon [_thread_blocked, id=26744, stack(0x0000000016920000,0x0000000016a20000)]
  0x0000000014dfb000 JavaThread "C2 CompilerThread1" daemon [_thread_blocked, id=7796, stack(0x0000000016820000,0x0000000016920000)]
=>0x0000000014df2000 JavaThread "C2 CompilerThread0" daemon [_thread_in_native, id=23680, stack(0x0000000016720000,0x0000000016820000)]
  0x0000000014df1000 JavaThread "Attach Listener" daemon [_thread_blocked, id=30988, stack(0x0000000016620000,0x0000000016720000)]
  0x0000000016128800 JavaThread "Signal Dispatcher" daemon [_thread_blocked, id=2952, stack(0x0000000016520000,0x0000000016620000)]
  0x0000000014d8a800 JavaThread "Finalizer" daemon [_thread_blocked, id=26460, stack(0x0000000016020000,0x0000000016120000)]
  0x0000000014d69000 JavaThread "Reference Handler" daemon [_thread_blocked, id=17144, stack(0x0000000015f20000,0x0000000016020000)]
  0x000000000287e000 JavaThread "main" [_thread_blocked, id=30480, stack(0x0000000002680000,0x0000000002780000)]

Other Threads:
  0x0000000014d67800 VMThread [stack: 0x0000000015e20000,0x0000000015f20000] [id=29264]
  0x00000000161cf000 WatcherThread [stack: 0x0000000016b20000,0x0000000016c20000] [id=17180]

VM state:not at safepoint (normal execution)

VM Mutex/Monitor currently owned by a thread: None

Heap:
 PSYoungGen      total 67584K, used 34190K [0x00000000ec300000, 0x00000000f1500000, 0x0000000100000000)
  eden space 58880K, 43% used [0x00000000ec300000,0x00000000edbe3978,0x00000000efc80000)
  from space 8704K, 99% used [0x00000000f0780000,0x00000000f0fffed0,0x00000000f1000000)
  to   space 11264K, 0% used [0x00000000efc80000,0x00000000efc80000,0x00000000f0780000)
 ParOldGen       total 40960K, used 11044K [0x00000000c4800000, 0x00000000c7000000, 0x00000000ec300000)
  object space 40960K, 26% used [0x00000000c4800000,0x00000000c52c90b0,0x00000000c7000000)
 Metaspace       used 19460K, capacity 20816K, committed 21120K, reserved 1067008K
  class space    used 2828K, capacity 3117K, committed 3200K, reserved 1048576K

Card table byte_map: [0x0000000011d40000,0x0000000011f20000] byte_map_base: 0x000000001171c000

Marking Bits: (ParMarkBitMap*) 0x0000000053962d00
 Begin Bits: [0x0000000012460000, 0x0000000013340000)
 End Bits:   [0x0000000013340000, 0x0000000014220000)

Polling page: 0x0000000000750000

CodeCache: size=245760Kb used=10456Kb max_used=10456Kb free=235303Kb
 bounds [0x0000000002980000, 0x00000000033c0000, 0x0000000011980000]
 total_blobs=3908 nmethods=3264 adapters=554
 compilation: enabled

Compilation events (10 events):
Event: 2.878 Thread 0x000000001615b000 3265   !   3       java.io.BufferedWriter::write (117 bytes)
Event: 2.879 Thread 0x000000001615b000 nmethod 3265 0x00000000033b9e90 code [0x00000000033ba060, 0x00000000033ba7c8]
Event: 2.879 Thread 0x000000001615b000 3266       3       java.io.BufferedWriter::min (9 bytes)
Event: 2.879 Thread 0x000000001615b000 nmethod 3266 0x00000000033bac10 code [0x00000000033bad60, 0x00000000033baef0]
Event: 2.879 Thread 0x000000001615b000 3267       3       java.nio.ByteBuffer::hasArray (20 bytes)
Event: 2.879 Thread 0x000000001615b000 nmethod 3267 0x00000000033baf50 code [0x00000000033bb0a0, 0x00000000033bb290]
Event: 2.890 Thread 0x000000001615b000 3268       1       com.sun.scenario.animation.AnimationPulse::getEnabled (5 bytes)
Event: 2.890 Thread 0x000000001615b000 nmethod 3268 0x00000000033bb310 code [0x00000000033bb460, 0x00000000033bb570]
Event: 2.890 Thread 0x000000001615b000 3269       1       com.sun.scenario.animation.AbstractMasterTimer::access$500 (5 bytes)
Event: 2.890 Thread 0x000000001615b000 nmethod 3269 0x00000000033bb5d0 code [0x00000000033bb720, 0x00000000033bb810]

GC Heap History (10 events):
Event: 0.645 GC heap before
{Heap before GC invocations=2 (full 0):
 PSYoungGen      total 17920K, used 17880K [0x00000000ec300000, 0x00000000ed700000, 0x0000000100000000)
  eden space 15360K, 100% used [0x00000000ec300000,0x00000000ed200000,0x00000000ed200000)
  from space 2560K, 98% used [0x00000000ed200000,0x00000000ed476060,0x00000000ed480000)
  to   space 2560K, 0% used [0x00000000ed480000,0x00000000ed480000,0x00000000ed700000)
 ParOldGen       total 40960K, used 8K [0x00000000c4800000, 0x00000000c7000000, 0x00000000ec300000)
  object space 40960K, 0% used [0x00000000c4800000,0x00000000c4802000,0x00000000c7000000)
 Metaspace       used 11493K, capacity 11938K, committed 12032K, reserved 1058816K
  class space    used 1566K, capacity 1706K, committed 1792K, reserved 1048576K
Event: 0.650 GC heap after
Heap after GC invocations=2 (full 0):
 PSYoungGen      total 17920K, used 2536K [0x00000000ec300000, 0x00000000ee600000, 0x0000000100000000)
  eden space 15360K, 0% used [0x00000000ec300000,0x00000000ec300000,0x00000000ed200000)
  from space 2560K, 99% used [0x00000000ed480000,0x00000000ed6fa060,0x00000000ed700000)
  to   space 2560K, 0% used [0x00000000ed200000,0x00000000ed200000,0x00000000ed480000)
 ParOldGen       total 40960K, used 1176K [0x00000000c4800000, 0x00000000c7000000, 0x00000000ec300000)
  object space 40960K, 2% used [0x00000000c4800000,0x00000000c4926010,0x00000000c7000000)
 Metaspace       used 11493K, capacity 11938K, committed 12032K, reserved 1058816K
  class space    used 1566K, capacity 1706K, committed 1792K, reserved 1048576K
}
Event: 0.886 GC heap before
{Heap before GC invocations=3 (full 0):
 PSYoungGen      total 17920K, used 17896K [0x00000000ec300000, 0x00000000ee600000, 0x0000000100000000)
  eden space 15360K, 100% used [0x00000000ec300000,0x00000000ed200000,0x00000000ed200000)
  from space 2560K, 99% used [0x00000000ed480000,0x00000000ed6fa060,0x00000000ed700000)
  to   space 2560K, 0% used [0x00000000ed200000,0x00000000ed200000,0x00000000ed480000)
 ParOldGen       total 40960K, used 1176K [0x00000000c4800000, 0x00000000c7000000, 0x00000000ec300000)
  object space 40960K, 2% used [0x00000000c4800000,0x00000000c4926010,0x00000000c7000000)
 Metaspace       used 13464K, capacity 14062K, committed 14336K, reserved 1060864K
  class space    used 1846K, capacity 1984K, committed 2048K, reserved 1048576K
Event: 0.894 GC heap after
Heap after GC invocations=3 (full 0):
 PSYoungGen      total 17920K, used 2552K [0x00000000ec300000, 0x00000000ee600000, 0x0000000100000000)
  eden space 15360K, 0% used [0x00000000ec300000,0x00000000ec300000,0x00000000ed200000)
  from space 2560K, 99% used [0x00000000ed200000,0x00000000ed47e030,0x00000000ed480000)
  to   space 2560K, 0% used [0x00000000ee380000,0x00000000ee380000,0x00000000ee600000)
 ParOldGen       total 40960K, used 7690K [0x00000000c4800000, 0x00000000c7000000, 0x00000000ec300000)
  object space 40960K, 18% used [0x00000000c4800000,0x00000000c4f82910,0x00000000c7000000)
 Metaspace       used 13464K, capacity 14062K, committed 14336K, reserved 1060864K
  class space    used 1846K, capacity 1984K, committed 2048K, reserved 1048576K
}
Event: 1.189 GC heap before
{Heap before GC invocations=4 (full 0):
 PSYoungGen      total 17920K, used 17912K [0x00000000ec300000, 0x00000000ee600000, 0x0000000100000000)
  eden space 15360K, 100% used [0x00000000ec300000,0x00000000ed200000,0x00000000ed200000)
  from space 2560K, 99% used [0x00000000ed200000,0x00000000ed47e030,0x00000000ed480000)
  to   space 2560K, 0% used [0x00000000ee380000,0x00000000ee380000,0x00000000ee600000)
 ParOldGen       total 40960K, used 7690K [0x00000000c4800000, 0x00000000c7000000, 0x00000000ec300000)
  object space 40960K, 18% used [0x00000000c4800000,0x00000000c4f82910,0x00000000c7000000)
 Metaspace       used 16599K, capacity 17416K, committed 17536K, reserved 1064960K
  class space    used 2456K, capacity 2667K, committed 2688K, reserved 1048576K
Event: 1.197 GC heap after
Heap after GC invocations=4 (full 0):
 PSYoungGen      total 33280K, used 2536K [0x00000000ec300000, 0x00000000ee600000, 0x0000000100000000)
  eden space 30720K, 0% used [0x00000000ec300000,0x00000000ec300000,0x00000000ee100000)
  from space 2560K, 99% used [0x00000000ee380000,0x00000000ee5fa040,0x00000000ee600000)
  to   space 2560K, 0% used [0x00000000ee100000,0x00000000ee100000,0x00000000ee380000)
 ParOldGen       total 40960K, used 8890K [0x00000000c4800000, 0x00000000c7000000, 0x00000000ec300000)
  object space 40960K, 21% used [0x00000000c4800000,0x00000000c50ae930,0x00000000c7000000)
 Metaspace       used 16599K, capacity 17416K, committed 17536K, reserved 1064960K
  class space    used 2456K, capacity 2667K, committed 2688K, reserved 1048576K
}
Event: 1.455 GC heap before
{Heap before GC invocations=5 (full 0):
 PSYoungGen      total 33280K, used 33256K [0x00000000ec300000, 0x00000000ee600000, 0x0000000100000000)
  eden space 30720K, 100% used [0x00000000ec300000,0x00000000ee100000,0x00000000ee100000)
  from space 2560K, 99% used [0x00000000ee380000,0x00000000ee5fa040,0x00000000ee600000)
  to   space 2560K, 0% used [0x00000000ee100000,0x00000000ee100000,0x00000000ee380000)
 ParOldGen       total 40960K, used 8890K [0x00000000c4800000, 0x00000000c7000000, 0x00000000ec300000)
  object space 40960K, 21% used [0x00000000c4800000,0x00000000c50ae930,0x00000000c7000000)
 Metaspace       used 16821K, capacity 17726K, committed 17920K, reserved 1064960K
  class space    used 2505K, capacity 2740K, committed 2816K, reserved 1048576K
Event: 1.471 GC heap after
Heap after GC invocations=5 (full 0):
 PSYoungGen      total 33280K, used 2552K [0x00000000ec300000, 0x00000000f1000000, 0x0000000100000000)
  eden space 30720K, 0% used [0x00000000ec300000,0x00000000ec300000,0x00000000ee100000)
  from space 2560K, 99% used [0x00000000ee100000,0x00000000ee37e030,0x00000000ee380000)
  to   space 8704K, 0% used [0x00000000f0780000,0x00000000f0780000,0x00000000f1000000)
 ParOldGen       total 40960K, used 9377K [0x00000000c4800000, 0x00000000c7000000, 0x00000000ec300000)
  object space 40960K, 22% used [0x00000000c4800000,0x00000000c5128630,0x00000000c7000000)
 Metaspace       used 16821K, capacity 17726K, committed 17920K, reserved 1064960K
  class space    used 2505K, capacity 2740K, committed 2816K, reserved 1048576K
}
Event: 1.852 GC heap before
{Heap before GC invocations=6 (full 0):
 PSYoungGen      total 33280K, used 33272K [0x00000000ec300000, 0x00000000f1000000, 0x0000000100000000)
  eden space 30720K, 100% used [0x00000000ec300000,0x00000000ee100000,0x00000000ee100000)
  from space 2560K, 99% used [0x00000000ee100000,0x00000000ee37e030,0x00000000ee380000)
  to   space 8704K, 0% used [0x00000000f0780000,0x00000000f0780000,0x00000000f1000000)
 ParOldGen       total 40960K, used 9377K [0x00000000c4800000, 0x00000000c7000000, 0x00000000ec300000)
  object space 40960K, 22% used [0x00000000c4800000,0x00000000c5128630,0x00000000c7000000)
 Metaspace       used 18187K, capacity 19402K, committed 19712K, reserved 1067008K
  class space    used 2703K, capacity 2962K, committed 3072K, reserved 1048576K
Event: 1.865 GC heap after
Heap after GC invocations=6 (full 0):
 PSYoungGen      total 67584K, used 8703K [0x00000000ec300000, 0x00000000f1500000, 0x0000000100000000)
  eden space 58880K, 0% used [0x00000000ec300000,0x00000000ec300000,0x00000000efc80000)
  from space 8704K, 99% used [0x00000000f0780000,0x00000000f0fffed0,0x00000000f1000000)
  to   space 11264K, 0% used [0x00000000efc80000,0x00000000efc80000,0x00000000f0780000)
 ParOldGen       total 40960K, used 11044K [0x00000000c4800000, 0x00000000c7000000, 0x00000000ec300000)
  object space 40960K, 26% used [0x00000000c4800000,0x00000000c52c90b0,0x00000000c7000000)
 Metaspace       used 18187K, capacity 19402K, committed 19712K, reserved 1067008K
  class space    used 2703K, capacity 2962K, committed 3072K, reserved 1048576K
}

Deoptimization events (10 events):
Event: 2.098 Thread 0x00000000164c7800 Uncommon trap: reason=bimorphic action=maybe_recompile pc=0x000000000313df34 method=java.util.AbstractList.equals(Ljava/lang/Object;)Z @ 25
Event: 2.098 Thread 0x00000000164c7800 Uncommon trap: reason=bimorphic action=maybe_recompile pc=0x000000000313df34 method=java.util.AbstractList.equals(Ljava/lang/Object;)Z @ 25
Event: 2.098 Thread 0x00000000164c7800 Uncommon trap: reason=bimorphic action=maybe_recompile pc=0x000000000313df34 method=java.util.AbstractList.equals(Ljava/lang/Object;)Z @ 25
Event: 2.099 Thread 0x00000000164c7800 Uncommon trap: reason=bimorphic action=maybe_recompile pc=0x000000000313df34 method=java.util.AbstractList.equals(Ljava/lang/Object;)Z @ 25
Event: 2.191 Thread 0x00000000164c7800 Uncommon trap: reason=class_check action=maybe_recompile pc=0x00000000031670f4 method=javafx.beans.property.BooleanPropertyBase.get()Z @ 23
Event: 2.191 Thread 0x00000000164c7800 Uncommon trap: reason=class_check action=maybe_recompile pc=0x00000000031670f4 method=javafx.beans.property.BooleanPropertyBase.get()Z @ 23
Event: 2.191 Thread 0x00000000164c7800 Uncommon trap: reason=class_check action=maybe_recompile pc=0x00000000031670f4 method=javafx.beans.property.BooleanPropertyBase.get()Z @ 23
Event: 2.192 Thread 0x00000000164c7800 Uncommon trap: reason=class_check action=maybe_recompile pc=0x00000000031670f4 method=javafx.beans.property.BooleanPropertyBase.get()Z @ 23
Event: 2.874 Thread 0x00000000164c7800 Uncommon trap: reason=unstable_if action=reinterpret pc=0x0000000003272bd4 method=javafx.scene.Node.impl_isDirtyEmpty()Z @ 4
Event: 2.874 Thread 0x00000000164c7800 Uncommon trap: reason=unstable_if action=reinterpret pc=0x0000000002f077b8 method=javafx.scene.Node.impl_isDirtyEmpty()Z @ 4

Classes redefined (0 events):
No events

Internal exceptions (10 events):
Event: 0.943 Thread 0x00000000164c7800 Implicit null exception at 0x0000000002cb5535 to 0x0000000002cb5745
Event: 0.943 Thread 0x00000000164c7800 Implicit null exception at 0x0000000002ccebd8 to 0x0000000002ccec66
Event: 0.962 Thread 0x00000000164c7800 Exception <a 'java/io/FileNotFoundException'> (0x00000000ec5664a8) thrown at [C:\re\workspace\8-2-build-windows-amd64-cygwin\jdk8u181\11358\hotspot\src\share\vm\prims\jni.cpp, line 709]
Event: 1.123 Thread 0x00000000164c7800 Implicit null exception at 0x0000000002e2adad to 0x0000000002e2b455
Event: 1.125 Thread 0x00000000164c7800 Implicit null exception at 0x0000000002d9f1ea to 0x0000000002d9f231
Event: 1.876 Thread 0x00000000164c7800 Implicit null exception at 0x000000000313f95b to 0x000000000313ff35
Event: 2.281 Thread 0x000000001647a800 Exception <a 'java/lang/NullPointerException'> (0x00000000edb6e9a8) thrown at [C:\re\workspace\8-2-build-windows-amd64-cygwin\jdk8u181\11358\hotspot\src\share\vm\interpreter\linkResolver.cpp, line 1287]
Event: 2.287 Thread 0x000000001647a800 Exception <a 'java/lang/NullPointerException'> (0x00000000edb79860) thrown at [C:\re\workspace\8-2-build-windows-amd64-cygwin\jdk8u181\11358\hotspot\src\share\vm\interpreter\linkResolver.cpp, line 1287]
Event: 2.300 Thread 0x000000001647a800 Exception <a 'java/lang/NullPointerException'> (0x00000000edb83658) thrown at [C:\re\workspace\8-2-build-windows-amd64-cygwin\jdk8u181\11358\hotspot\src\share\vm\interpreter\linkResolver.cpp, line 1287]
Event: 2.878 Thread 0x000000001647a800 Exception <a 'java/lang/NullPointerException'> (0x00000000edb8d450) thrown at [C:\re\workspace\8-2-build-windows-amd64-cygwin\jdk8u181\11358\hotspot\src\share\vm\interpreter\linkResolver.cpp, line 1287]

Events (10 events):
Event: 2.292 loading class com/sun/javafx/tk/quantum/CursorUtils$1
Event: 2.292 loading class com/sun/javafx/tk/quantum/CursorUtils$1 done
Event: 2.292 loading class com/sun/glass/ui/Size
Event: 2.292 loading class com/sun/glass/ui/Size done
Event: 2.874 Thread 0x00000000164c7800 Uncommon trap: trap_request=0xffffff65 fr.pc=0x0000000003272bd4
Event: 2.874 Thread 0x00000000164c7800 DEOPT PACKING pc=0x0000000003272bd4 sp=0x00000000172ec730
Event: 2.874 Thread 0x00000000164c7800 DEOPT UNPACKING pc=0x00000000029c583b sp=0x00000000172ec608 mode 2
Event: 2.874 Thread 0x00000000164c7800 Uncommon trap: trap_request=0xffffff65 fr.pc=0x0000000002f077b8
Event: 2.874 Thread 0x00000000164c7800 DEOPT PACKING pc=0x0000000002f077b8 sp=0x00000000172ec470
Event: 2.874 Thread 0x00000000164c7800 DEOPT UNPACKING pc=0x00000000029c583b sp=0x00000000172ec3b0 mode 2


Dynamic libraries:
0x00007ff717940000 - 0x00007ff717977000 	C:\Program Files\Java\jre1.8.0_181\bin\javaw.exe
0x00007fff7aba0000 - 0x00007fff7ad90000 	C:\WINDOWS\SYSTEM32\ntdll.dll
0x00007fff79210000 - 0x00007fff792c2000 	C:\WINDOWS\System32\KERNEL32.DLL
0x00007fff78110000 - 0x00007fff783b3000 	C:\WINDOWS\System32\KERNELBASE.dll
0x00007fff792e0000 - 0x00007fff79383000 	C:\WINDOWS\System32\ADVAPI32.dll
0x00007fff78d80000 - 0x00007fff78e1e000 	C:\WINDOWS\System32\msvcrt.dll
0x00007fff79390000 - 0x00007fff79427000 	C:\WINDOWS\System32\sechost.dll
0x00007fff790f0000 - 0x00007fff79210000 	C:\WINDOWS\System32\RPCRT4.dll
0x00007fff79a00000 - 0x00007fff79b94000 	C:\WINDOWS\System32\USER32.dll
0x00007fff78440000 - 0x00007fff78461000 	C:\WINDOWS\System32\win32u.dll
0x00007fff7a010000 - 0x00007fff7a036000 	C:\WINDOWS\System32\GDI32.dll
0x00007fff77d70000 - 0x00007fff77f04000 	C:\WINDOWS\System32\gdi32full.dll
0x00007fff77c80000 - 0x00007fff77d1e000 	C:\WINDOWS\System32\msvcp_win.dll
0x00007fff77b80000 - 0x00007fff77c7a000 	C:\WINDOWS\System32\ucrtbase.dll
0x00007fff6b910000 - 0x00007fff6bb95000 	C:\WINDOWS\WinSxS\amd64_microsoft.windows.common-controls_6595b64144ccf1df_6.0.18362.418_none_e6c6b287130d565d\COMCTL32.dll
0x00007fff794b0000 - 0x00007fff797e6000 	C:\WINDOWS\System32\combase.dll
0x00007fff783c0000 - 0x00007fff78440000 	C:\WINDOWS\System32\bcryptPrimitives.dll
0x00007fff7ab10000 - 0x00007fff7ab3e000 	C:\WINDOWS\System32\IMM32.DLL
0x0000000052e20000 - 0x0000000052ef2000 	C:\Program Files\Java\jre1.8.0_181\bin\msvcr100.dll
0x0000000053140000 - 0x00000000539e2000 	C:\Program Files\Java\jre1.8.0_181\bin\server\jvm.dll
0x00007fff792d0000 - 0x00007fff792d8000 	C:\WINDOWS\System32\PSAPI.DLL
0x00007fff60a40000 - 0x00007fff60a49000 	C:\WINDOWS\SYSTEM32\WSOCK32.dll
0x00007fff7a8e0000 - 0x00007fff7a94f000 	C:\WINDOWS\System32\WS2_32.dll
0x00007fff755f0000 - 0x00007fff75614000 	C:\WINDOWS\SYSTEM32\WINMM.dll
0x00007fff6d170000 - 0x00007fff6d17a000 	C:\WINDOWS\SYSTEM32\VERSION.dll
0x00007fff755b0000 - 0x00007fff755dd000 	C:\WINDOWS\SYSTEM32\WINMMBASE.dll
0x00007fff77b30000 - 0x00007fff77b7a000 	C:\WINDOWS\System32\cfgmgr32.dll
0x0000000053050000 - 0x000000005305f000 	C:\Program Files\Java\jre1.8.0_181\bin\verify.dll
0x0000000053020000 - 0x0000000053049000 	C:\Program Files\Java\jre1.8.0_181\bin\java.dll
0x0000000053000000 - 0x0000000053016000 	C:\Program Files\Java\jre1.8.0_181\bin\zip.dll
0x00007fff7a040000 - 0x00007fff7a725000 	C:\WINDOWS\System32\SHELL32.dll
0x00007fff78e90000 - 0x00007fff78f39000 	C:\WINDOWS\System32\shcore.dll
0x00007fff78470000 - 0x00007fff78bef000 	C:\WINDOWS\System32\windows.storage.dll
0x00007fff77b10000 - 0x00007fff77b2f000 	C:\WINDOWS\System32\profapi.dll
0x00007fff77aa0000 - 0x00007fff77aea000 	C:\WINDOWS\System32\powrprof.dll
0x00007fff77a70000 - 0x00007fff77a80000 	C:\WINDOWS\System32\UMPDC.dll
0x00007fff78f50000 - 0x00007fff78fa2000 	C:\WINDOWS\System32\shlwapi.dll
0x00007fff77a80000 - 0x00007fff77a91000 	C:\WINDOWS\System32\kernel.appcore.dll
0x00007fff77d20000 - 0x00007fff77d37000 	C:\WINDOWS\System32\cryptsp.dll
0x0000000002800000 - 0x0000000002803000 	C:\Program Files\Java\jre1.8.0_181\bin\api-ms-win-core-console-l1-1-0.dll
0x0000000002810000 - 0x0000000002813000 	C:\Program Files\Java\jre1.8.0_181\bin\api-ms-win-core-datetime-l1-1-0.dll
0x0000000002820000 - 0x0000000002823000 	C:\Program Files\Java\jre1.8.0_181\bin\api-ms-win-core-debug-l1-1-0.dll
0x0000000002830000 - 0x0000000002833000 	C:\Program Files\Java\jre1.8.0_181\bin\api-ms-win-core-errorhandling-l1-1-0.dll
0x0000000002840000 - 0x0000000002844000 	C:\Program Files\Java\jre1.8.0_181\bin\api-ms-win-core-file-l1-1-0.dll
0x0000000002850000 - 0x0000000002853000 	C:\Program Files\Java\jre1.8.0_181\bin\api-ms-win-core-file-l1-2-0.dll
0x0000000002860000 - 0x0000000002863000 	C:\Program Files\Java\jre1.8.0_181\bin\api-ms-win-core-file-l2-1-0.dll
0x0000000016c20000 - 0x0000000016c23000 	C:\Program Files\Java\jre1.8.0_181\bin\api-ms-win-core-handle-l1-1-0.dll
0x0000000016c30000 - 0x0000000016c33000 	C:\Program Files\Java\jre1.8.0_181\bin\api-ms-win-core-heap-l1-1-0.dll
0x0000000016c40000 - 0x0000000016c43000 	C:\Program Files\Java\jre1.8.0_181\bin\api-ms-win-core-interlocked-l1-1-0.dll
0x0000000016c50000 - 0x0000000016c53000 	C:\Program Files\Java\jre1.8.0_181\bin\api-ms-win-core-libraryloader-l1-1-0.dll
0x0000000016c60000 - 0x0000000016c63000 	C:\Program Files\Java\jre1.8.0_181\bin\api-ms-win-core-localization-l1-2-0.dll
0x0000000016c70000 - 0x0000000016c73000 	C:\Program Files\Java\jre1.8.0_181\bin\api-ms-win-core-memory-l1-1-0.dll
0x0000000016c80000 - 0x0000000016c83000 	C:\Program Files\Java\jre1.8.0_181\bin\api-ms-win-core-namedpipe-l1-1-0.dll
0x0000000016c90000 - 0x0000000016c93000 	C:\Program Files\Java\jre1.8.0_181\bin\api-ms-win-core-processenvironment-l1-1-0.dll
0x0000000016ca0000 - 0x0000000016ca3000 	C:\Program Files\Java\jre1.8.0_181\bin\api-ms-win-core-processthreads-l1-1-0.dll
0x0000000016cb0000 - 0x0000000016cb3000 	C:\Program Files\Java\jre1.8.0_181\bin\api-ms-win-core-processthreads-l1-1-1.dll
0x0000000016cc0000 - 0x0000000016cc3000 	C:\Program Files\Java\jre1.8.0_181\bin\api-ms-win-core-profile-l1-1-0.dll
0x0000000016cd0000 - 0x0000000016cd3000 	C:\Program Files\Java\jre1.8.0_181\bin\api-ms-win-core-rtlsupport-l1-1-0.dll
0x0000000016ce0000 - 0x0000000016ce3000 	C:\Program Files\Java\jre1.8.0_181\bin\api-ms-win-core-string-l1-1-0.dll
0x0000000016cf0000 - 0x0000000016cf3000 	C:\Program Files\Java\jre1.8.0_181\bin\api-ms-win-core-synch-l1-1-0.dll
0x0000000016d00000 - 0x0000000016d03000 	C:\Program Files\Java\jre1.8.0_181\bin\api-ms-win-core-synch-l1-2-0.dll
0x0000000016d10000 - 0x0000000016d13000 	C:\Program Files\Java\jre1.8.0_181\bin\api-ms-win-core-sysinfo-l1-1-0.dll
0x0000000016d20000 - 0x0000000016d23000 	C:\Program Files\Java\jre1.8.0_181\bin\api-ms-win-core-timezone-l1-1-0.dll
0x0000000016d30000 - 0x0000000016d33000 	C:\Program Files\Java\jre1.8.0_181\bin\api-ms-win-core-util-l1-1-0.dll
0x0000000016d40000 - 0x0000000016d43000 	C:\Program Files\Java\jre1.8.0_181\bin\api-ms-win-crt-conio-l1-1-0.dll
0x0000000016d50000 - 0x0000000016d54000 	C:\Program Files\Java\jre1.8.0_181\bin\api-ms-win-crt-convert-l1-1-0.dll
0x0000000016d60000 - 0x0000000016d63000 	C:\Program Files\Java\jre1.8.0_181\bin\api-ms-win-crt-environment-l1-1-0.dll
0x0000000016d70000 - 0x0000000016d73000 	C:\Program Files\Java\jre1.8.0_181\bin\api-ms-win-crt-filesystem-l1-1-0.dll
0x0000000016d80000 - 0x0000000016d83000 	C:\Program Files\Java\jre1.8.0_181\bin\api-ms-win-crt-heap-l1-1-0.dll
0x0000000016d90000 - 0x0000000016d93000 	C:\Program Files\Java\jre1.8.0_181\bin\api-ms-win-crt-locale-l1-1-0.dll
0x0000000016da0000 - 0x0000000016da5000 	C:\Program Files\Java\jre1.8.0_181\bin\api-ms-win-crt-math-l1-1-0.dll
0x0000000016db0000 - 0x0000000016db5000 	C:\Program Files\Java\jre1.8.0_181\bin\api-ms-win-crt-multibyte-l1-1-0.dll
0x0000000016dc0000 - 0x0000000016dd0000 	C:\Program Files\Java\jre1.8.0_181\bin\api-ms-win-crt-private-l1-1-0.dll
0x0000000016dd0000 - 0x0000000016dd3000 	C:\Program Files\Java\jre1.8.0_181\bin\api-ms-win-crt-process-l1-1-0.dll
0x0000000016de0000 - 0x0000000016de4000 	C:\Program Files\Java\jre1.8.0_181\bin\api-ms-win-crt-runtime-l1-1-0.dll
0x0000000016df0000 - 0x0000000016df4000 	C:\Program Files\Java\jre1.8.0_181\bin\api-ms-win-crt-stdio-l1-1-0.dll
0x0000000016e00000 - 0x0000000016e04000 	C:\Program Files\Java\jre1.8.0_181\bin\api-ms-win-crt-string-l1-1-0.dll
0x0000000016e10000 - 0x0000000016e13000 	C:\Program Files\Java\jre1.8.0_181\bin\api-ms-win-crt-time-l1-1-0.dll
0x0000000016e20000 - 0x0000000016e23000 	C:\Program Files\Java\jre1.8.0_181\bin\api-ms-win-crt-utility-l1-1-0.dll
0x00007fff5ca00000 - 0x00007fff5caf6000 	C:\Program Files\Java\jre1.8.0_181\bin\ucrtbase.dll
0x00007fff70ce0000 - 0x00007fff70cf6000 	C:\Program Files\Java\jre1.8.0_181\bin\vcruntime140.dll
0x00007fff70c40000 - 0x00007fff70cdc000 	C:\Program Files\Java\jre1.8.0_181\bin\msvcp140.dll
0x00007fff70400000 - 0x00007fff70451000 	C:\Program Files\Java\jre1.8.0_181\bin\concrt140.dll
0x0000000052df0000 - 0x0000000052e13000 	C:\Program Files\Java\jre1.8.0_181\bin\prism_d3d.dll
0x00007fff58e00000 - 0x00007fff58fc7000 	C:\WINDOWS\system32\d3d9.dll
0x00007fff75f30000 - 0x00007fff75f5d000 	C:\WINDOWS\SYSTEM32\dwmapi.dll
0x00007fff766e0000 - 0x00007fff76700000 	C:\WINDOWS\SYSTEM32\dxcore.dll
0x00007fff759f0000 - 0x00007fff75a89000 	C:\WINDOWS\system32\uxtheme.dll
0x00007fff2cb90000 - 0x00007fff303e9000 	C:\WINDOWS\System32\DriverStore\FileRepository\igdlh64.inf_amd64_47ad21e28c856994\igdumdim64.dll
0x00007fff78c50000 - 0x00007fff78d14000 	C:\WINDOWS\System32\OLEAUT32.dll
0x00007fff7a9b0000 - 0x00007fff7ab06000 	C:\WINDOWS\System32\ole32.dll
0x00007fff79ba0000 - 0x00007fff7a010000 	C:\WINDOWS\System32\SETUPAPI.dll
0x00007fff77d40000 - 0x00007fff77d66000 	C:\WINDOWS\System32\bcrypt.dll
0x0000000052da0000 - 0x0000000052de9000 	C:\Program Files\Java\jre1.8.0_181\bin\glass.dll
0x00007fff79930000 - 0x00007fff79a00000 	C:\WINDOWS\System32\COMDLG32.dll
0x00007fff797f0000 - 0x00007fff79926000 	C:\WINDOWS\System32\MSCTF.dll
0x00007fff6d440000 - 0x00007fff6ea42000 	C:\WINDOWS\System32\DriverStore\FileRepository\igdlh64.inf_amd64_47ad21e28c856994\igc64.dll
0x0000000052d80000 - 0x0000000052d94000 	C:\Program Files\Java\jre1.8.0_181\bin\javafx_font.dll
0x00007fff5d7c0000 - 0x00007fff5dabe000 	C:\WINDOWS\SYSTEM32\dwrite.dll
0x00007fff79040000 - 0x00007fff790e2000 	C:\WINDOWS\System32\clbcatq.dll
0x00007fff72990000 - 0x00007fff72b3f000 	C:\WINDOWS\SYSTEM32\WindowsCodecs.dll
0x00007fff56650000 - 0x00007fff5668a000 	C:\WINDOWS\system32\dataexchange.dll
0x00007fff74f80000 - 0x00007fff7515b000 	C:\WINDOWS\system32\dcomp.dll
0x00007fff748c0000 - 0x00007fff74b1b000 	C:\WINDOWS\system32\d3d11.dll
0x00007fff76770000 - 0x00007fff7685b000 	C:\WINDOWS\system32\dxgi.dll
0x00007fff75b20000 - 0x00007fff75d7a000 	C:\WINDOWS\system32\twinapi.appcore.dll
0x00007fff76040000 - 0x00007fff76069000 	C:\WINDOWS\system32\RMCLIENT.dll
0x00007fff6a760000 - 0x00007fff6a793000 	C:\Program Files\Common Files\Microsoft Shared\Ink\rtscom.dll
0x00007fff68330000 - 0x00007fff683ce000 	C:\WINDOWS\System32\TextInputFramework.dll
0x00007fff72ce0000 - 0x00007fff7300a000 	C:\WINDOWS\System32\CoreUIComponents.dll
0x00007fff754d0000 - 0x00007fff755a4000 	C:\WINDOWS\System32\CoreMessaging.dll
0x00007fff76ad0000 - 0x00007fff76b01000 	C:\WINDOWS\SYSTEM32\ntmarta.dll
0x00007fff73470000 - 0x00007fff735c3000 	C:\WINDOWS\SYSTEM32\wintypes.dll
0x00007fff66b90000 - 0x00007fff66e36000 	C:\WINDOWS\System32\iertutil.dll

VM Arguments:
jvm_args: -Dfile.encoding=UTF-8 
java_command: main.StartOs
java_class_path (initial): C:\Program Files\Java\jre1.8.0_181\lib\resources.jar;C:\Program Files\Java\jre1.8.0_181\lib\rt.jar;C:\Program Files\Java\jre1.8.0_181\lib\jsse.jar;C:\Program Files\Java\jre1.8.0_181\lib\jce.jar;C:\Program Files\Java\jre1.8.0_181\lib\charsets.jar;C:\Program Files\Java\jre1.8.0_181\lib\jfr.jar;C:\Program Files\Java\jre1.8.0_181\lib\ext\access-bridge-64.jar;C:\Program Files\Java\jre1.8.0_181\lib\ext\cldrdata.jar;C:\Program Files\Java\jre1.8.0_181\lib\ext\dnsns.jar;C:\Program Files\Java\jre1.8.0_181\lib\ext\jaccess.jar;C:\Program Files\Java\jre1.8.0_181\lib\ext\jfxrt.jar;C:\Program Files\Java\jre1.8.0_181\lib\ext\localedata.jar;C:\Program Files\Java\jre1.8.0_181\lib\ext\nashorn.jar;C:\Program Files\Java\jre1.8.0_181\lib\ext\sunec.jar;C:\Program Files\Java\jre1.8.0_181\lib\ext\sunjce_provider.jar;C:\Program Files\Java\jre1.8.0_181\lib\ext\sunmscapi.jar;C:\Program Files\Java\jre1.8.0_181\lib\ext\sunpkcs11.jar;C:\Program Files\Java\jre1.8.0_181\lib\ext\zipfs.jar;C:\Users\lenovo\eclipse-workspace\DemoOs\bin;C:\Users\lenovo\.p2\pool\plugins\org.eclipse.fx.ide.css.jfx8_3.1.0.201712060800.jar
Launcher Type: SUN_STANDARD

Environment Variables:
PATH=C:/Program Files/Java/jre1.8.0_181/bin/server;C:/Program Files/Java/jre1.8.0_181/bin;C:/Program Files/Java/jre1.8.0_181/lib/amd64;C:\Program Files (x86)\Common Files\Oracle\Java\javapath;C:\WINDOWS\system32;C:\WINDOWS;C:\WINDOWS\System32\Wbem;C:\WINDOWS\System32\WindowsPowerShell\v1.0\;C:\WINDOWS\System32\OpenSSH\;C:\Program Files\Java\jre-10.0.1;C:\Program Files\Java\jdk-10.0.1;D:\Git\cmd;C:\Program Files\Java\jdk1.8.0_181\bin;C:\Program Files (x86)\NVIDIA Corporation\PhysX\Common;C:\Program Files\dotnet\;%QUARTUS_ROOTDIR%\bin;C:\Program Files\nodejs\;C:\Program Files\Git\cmd;C:\WINDOWS\system32;C:\WINDOWS;C:\WINDOWS\System32\Wbem;C:\WINDOWS\System32\WindowsPowerShell\v1.0\;C:\WINDOWS\System32\OpenSSH\;C:\Users\lenovo\AppData\Local\Microsoft\WindowsApps;C:\Users\lenovo\AppData\Roaming\npm;;C:\WINDOWS\system32;
USERNAME=lenovo
OS=Windows_NT
PROCESSOR_IDENTIFIER=Intel64 Family 6 Model 158 Stepping 9, GenuineIntel



---------------  S Y S T E M  ---------------

OS: Windows 10.0 , 64 bit Build 18362 (10.0.18362.329)

CPU:total 4 (initial active 4) (4 cores per cpu, 1 threads per core) family 6 model 158 stepping 9, cmov, cx8, fxsr, mmx, sse, sse2, sse3, ssse3, sse4.1, sse4.2, popcnt, avx, avx2, aes, clmul, erms, 3dnowpref, lzcnt, tsc, tscinvbit, bmi1, bmi2, adx

Memory: 4k page, physical 3893912k(388788k free), swap 15952536k(4620k free)

vm_info: Java HotSpot(TM) 64-Bit Server VM (25.181-b13) for windows-amd64 JRE (1.8.0_181-b13), built on Jul  7 2018 04:01:33 by "java_re" with MS VC++ 10.0 (VS2010)

time: Sat Oct 26 22:43:08 2019
elapsed time: 2 seconds (0d 0h 0m 2s)

