#
# There is insufficient memory for the Java Runtime Environment to continue.
# Native memory allocation (malloc) failed to allocate 421904 bytes for Chunk::new
# Possible reasons:
#   The system is out of physical RAM or swap space
#   In 32 bit mode, the process size limit was hit
# Possible solutions:
#   Reduce memory load on the system
#   Increase physical memory or swap space
#   Check if swap backing store is full
#   Use 64 bit Java on a 64 bit OS
#   Decrease Java heap size (-Xmx/-Xms)
#   Decrease number of Java threads
#   Decrease Java thread stack sizes (-Xss)
#   Set larger code cache with -XX:ReservedCodeCacheSize=
# This output file may be truncated or incomplete.
#
#  Out of Memory Error (allocation.cpp:390), pid=24792, tid=0x0000000000003394
#
# JRE version: Java(TM) SE Runtime Environment (8.0_181-b13) (build 1.8.0_181-b13)
# Java VM: Java HotSpot(TM) 64-Bit Server VM (25.181-b13 mixed mode windows-amd64 compressed oops)
# Failed to write core dump. Minidumps are not enabled by default on client versions of Windows
#

---------------  T H R E A D  ---------------

Current thread (0x00000000163f8800):  JavaThread "C2 CompilerThread1" daemon [_thread_in_native, id=13204, stack(0x00000000167f0000,0x00000000168f0000)]

Stack: [0x00000000167f0000,0x00000000168f0000]
[error occurred during error reporting (printing stack bounds), id 0xc0000005]

Native frames: (J=compiled Java code, j=interpreted, Vv=VM code, C=native code)


Current CompileTask:
C2:   3476 3298       4       javafx.scene.Parent::updateBounds (44 bytes)


---------------  P R O C E S S  ---------------

Java Threads: ( => current thread )
  0x00000000176c5800 JavaThread "Prism Font Disposer" daemon [_thread_blocked, id=31740, stack(0x0000000022a50000,0x0000000022b50000)]
  0x00000000173d4800 JavaThread "Thread-5" [_thread_blocked, id=31184, stack(0x00000000216a0000,0x00000000217a0000)]
  0x0000000017401800 JavaThread "Thread-4" [_thread_blocked, id=16528, stack(0x00000000215a0000,0x00000000216a0000)]
  0x000000001709e800 JavaThread "Thread-3" daemon [_thread_in_native, id=26840, stack(0x000000001e350000,0x000000001e450000)]
  0x00000000167ee800 JavaThread "JavaFX-Launcher" [_thread_blocked, id=19984, stack(0x000000001e450000,0x000000001e550000)]
  0x0000000017082800 JavaThread "JavaFX Application Thread" [_thread_in_native, id=30084, stack(0x0000000017940000,0x0000000017a40000)]
  0x00000000167ca000 JavaThread "Thread-1" daemon [_thread_blocked, id=30788, stack(0x0000000017840000,0x0000000017940000)]
  0x000000001679a800 JavaThread "QuantumRenderer-0" daemon [_thread_blocked, id=23000, stack(0x0000000016db0000,0x0000000016eb0000)]
  0x0000000016469000 JavaThread "Service Thread" daemon [_thread_blocked, id=31496, stack(0x00000000169f0000,0x0000000016af0000)]
  0x0000000016403000 JavaThread "C1 CompilerThread2" daemon [_thread_blocked, id=29768, stack(0x00000000168f0000,0x00000000169f0000)]
=>0x00000000163f8800 JavaThread "C2 CompilerThread1" daemon [_thread_in_native, id=13204, stack(0x00000000167f0000,0x00000000168f0000)]
  0x0000000014deb800 JavaThread "C2 CompilerThread0" daemon [_thread_blocked, id=29080, stack(0x00000000162f0000,0x00000000163f0000)]
  0x0000000014dea800 JavaThread "Attach Listener" daemon [_thread_blocked, id=13308, stack(0x00000000161f0000,0x00000000162f0000)]
  0x0000000014de9800 JavaThread "Signal Dispatcher" daemon [_thread_blocked, id=27540, stack(0x00000000160f0000,0x00000000161f0000)]
  0x0000000014d7a800 JavaThread "Finalizer" daemon [_thread_blocked, id=11444, stack(0x0000000015ff0000,0x00000000160f0000)]
  0x0000000014d59000 JavaThread "Reference Handler" daemon [_thread_blocked, id=27276, stack(0x0000000015ef0000,0x0000000015ff0000)]
  0x000000000276e000 JavaThread "main" [_thread_blocked, id=4360, stack(0x0000000002770000,0x0000000002870000)]

Other Threads:
  0x0000000014d57800 VMThread [stack: 0x0000000015df0000,0x0000000015ef0000] [id=30492]
  0x0000000016482800 WatcherThread [stack: 0x0000000016af0000,0x0000000016bf0000] [id=31092]

VM state:not at safepoint (normal execution)

VM Mutex/Monitor currently owned by a thread: None

Heap:
 PSYoungGen      total 67584K, used 33347K [0x00000000ec300000, 0x00000000f1500000, 0x0000000100000000)
  eden space 58880K, 41% used [0x00000000ec300000,0x00000000edb11000,0x00000000efc80000)
  from space 8704K, 99% used [0x00000000f0780000,0x00000000f0fffed0,0x00000000f1000000)
  to   space 11264K, 0% used [0x00000000efc80000,0x00000000efc80000,0x00000000f0780000)
 ParOldGen       total 40960K, used 11004K [0x00000000c4800000, 0x00000000c7000000, 0x00000000ec300000)
  object space 40960K, 26% used [0x00000000c4800000,0x00000000c52bf0c0,0x00000000c7000000)
 Metaspace       used 19183K, capacity 20498K, committed 20864K, reserved 1067008K
  class space    used 2792K, capacity 3076K, committed 3200K, reserved 1048576K

Card table byte_map: [0x0000000011d30000,0x0000000011f10000] byte_map_base: 0x000000001170c000

Marking Bits: (ParMarkBitMap*) 0x0000000053962d00
 Begin Bits: [0x0000000012450000, 0x0000000013330000)
 End Bits:   [0x0000000013330000, 0x0000000014210000)

Polling page: 0x0000000000af0000

CodeCache: size=245760Kb used=10750Kb max_used=10764Kb free=235009Kb
 bounds [0x0000000002970000, 0x0000000003400000, 0x0000000011970000]
 total_blobs=3913 nmethods=3298 adapters=525
 compilation: enabled

Compilation events (10 events):
Event: 3.434 Thread 0x0000000016403000 3299       3       java.nio.ByteBuffer::array (35 bytes)
Event: 3.434 Thread 0x0000000016403000 nmethod 3299 0x00000000033d2490 code [0x00000000033d2620, 0x00000000033d2938]
Event: 3.434 Thread 0x0000000016403000 3300       1       java.util.WeakHashMap$Entry::getValue (5 bytes)
Event: 3.435 Thread 0x0000000016403000 nmethod 3300 0x00000000033d21d0 code [0x00000000033d2320, 0x00000000033d2430]
Event: 3.436 Thread 0x0000000016403000 3301       3       java.util.WeakHashMap$HashIterator::<init> (41 bytes)
Event: 3.436 Thread 0x0000000016403000 nmethod 3301 0x00000000033d19d0 code [0x00000000033d1b60, 0x00000000033d2048]
Event: 3.452 Thread 0x0000000016403000 3302       3       java.lang.ref.ReferenceQueue::<init> (27 bytes)
Event: 3.452 Thread 0x0000000016403000 nmethod 3302 0x00000000033d1390 code [0x00000000033d1500, 0x00000000033d1870]
Event: 3.452 Thread 0x0000000016403000 3303       3       java.lang.ref.ReferenceQueue$Lock::<init> (5 bytes)
Event: 3.452 Thread 0x0000000016403000 nmethod 3303 0x00000000033d0f10 code [0x00000000033d1080, 0x00000000033d1290]

GC Heap History (10 events):
Event: 1.167 GC heap before
{Heap before GC invocations=2 (full 0):
 PSYoungGen      total 17920K, used 17848K [0x00000000ec300000, 0x00000000ed700000, 0x0000000100000000)
  eden space 15360K, 100% used [0x00000000ec300000,0x00000000ed200000,0x00000000ed200000)
  from space 2560K, 97% used [0x00000000ed200000,0x00000000ed46e060,0x00000000ed480000)
  to   space 2560K, 0% used [0x00000000ed480000,0x00000000ed480000,0x00000000ed700000)
 ParOldGen       total 40960K, used 8K [0x00000000c4800000, 0x00000000c7000000, 0x00000000ec300000)
  object space 40960K, 0% used [0x00000000c4800000,0x00000000c4802000,0x00000000c7000000)
 Metaspace       used 11481K, capacity 11906K, committed 12032K, reserved 1058816K
  class space    used 1570K, capacity 1738K, committed 1792K, reserved 1048576K
Event: 1.171 GC heap after
Heap after GC invocations=2 (full 0):
 PSYoungGen      total 17920K, used 2552K [0x00000000ec300000, 0x00000000ee600000, 0x0000000100000000)
  eden space 15360K, 0% used [0x00000000ec300000,0x00000000ec300000,0x00000000ed200000)
  from space 2560K, 99% used [0x00000000ed480000,0x00000000ed6fe050,0x00000000ed700000)
  to   space 2560K, 0% used [0x00000000ed200000,0x00000000ed200000,0x00000000ed480000)
 ParOldGen       total 40960K, used 1152K [0x00000000c4800000, 0x00000000c7000000, 0x00000000ec300000)
  object space 40960K, 2% used [0x00000000c4800000,0x00000000c4920010,0x00000000c7000000)
 Metaspace       used 11481K, capacity 11906K, committed 12032K, reserved 1058816K
  class space    used 1570K, capacity 1738K, committed 1792K, reserved 1048576K
}
Event: 1.424 GC heap before
{Heap before GC invocations=3 (full 0):
 PSYoungGen      total 17920K, used 17912K [0x00000000ec300000, 0x00000000ee600000, 0x0000000100000000)
  eden space 15360K, 100% used [0x00000000ec300000,0x00000000ed200000,0x00000000ed200000)
  from space 2560K, 99% used [0x00000000ed480000,0x00000000ed6fe050,0x00000000ed700000)
  to   space 2560K, 0% used [0x00000000ed200000,0x00000000ed200000,0x00000000ed480000)
 ParOldGen       total 40960K, used 1152K [0x00000000c4800000, 0x00000000c7000000, 0x00000000ec300000)
  object space 40960K, 2% used [0x00000000c4800000,0x00000000c4920010,0x00000000c7000000)
 Metaspace       used 13440K, capacity 13998K, committed 14080K, reserved 1060864K
  class space    used 1847K, capacity 1984K, committed 2048K, reserved 1048576K
Event: 1.431 GC heap after
Heap after GC invocations=3 (full 0):
 PSYoungGen      total 17920K, used 2552K [0x00000000ec300000, 0x00000000ee600000, 0x0000000100000000)
  eden space 15360K, 0% used [0x00000000ec300000,0x00000000ec300000,0x00000000ed200000)
  from space 2560K, 99% used [0x00000000ed200000,0x00000000ed47e030,0x00000000ed480000)
  to   space 2560K, 0% used [0x00000000ee380000,0x00000000ee380000,0x00000000ee600000)
 ParOldGen       total 40960K, used 7698K [0x00000000c4800000, 0x00000000c7000000, 0x00000000ec300000)
  object space 40960K, 18% used [0x00000000c4800000,0x00000000c4f84920,0x00000000c7000000)
 Metaspace       used 13440K, capacity 13998K, committed 14080K, reserved 1060864K
  class space    used 1847K, capacity 1984K, committed 2048K, reserved 1048576K
}
Event: 1.784 GC heap before
{Heap before GC invocations=4 (full 0):
 PSYoungGen      total 17920K, used 17912K [0x00000000ec300000, 0x00000000ee600000, 0x0000000100000000)
  eden space 15360K, 100% used [0x00000000ec300000,0x00000000ed200000,0x00000000ed200000)
  from space 2560K, 99% used [0x00000000ed200000,0x00000000ed47e030,0x00000000ed480000)
  to   space 2560K, 0% used [0x00000000ee380000,0x00000000ee380000,0x00000000ee600000)
 ParOldGen       total 40960K, used 7698K [0x00000000c4800000, 0x00000000c7000000, 0x00000000ec300000)
  object space 40960K, 18% used [0x00000000c4800000,0x00000000c4f84920,0x00000000c7000000)
 Metaspace       used 16563K, capacity 17352K, committed 17536K, reserved 1064960K
  class space    used 2456K, capacity 2667K, committed 2688K, reserved 1048576K
Event: 1.800 GC heap after
Heap after GC invocations=4 (full 0):
 PSYoungGen      total 33280K, used 2552K [0x00000000ec300000, 0x00000000ee600000, 0x0000000100000000)
  eden space 30720K, 0% used [0x00000000ec300000,0x00000000ec300000,0x00000000ee100000)
  from space 2560K, 99% used [0x00000000ee380000,0x00000000ee5fe030,0x00000000ee600000)
  to   space 2560K, 0% used [0x00000000ee100000,0x00000000ee100000,0x00000000ee380000)
 ParOldGen       total 40960K, used 8874K [0x00000000c4800000, 0x00000000c7000000, 0x00000000ec300000)
  object space 40960K, 21% used [0x00000000c4800000,0x00000000c50aa940,0x00000000c7000000)
 Metaspace       used 16563K, capacity 17352K, committed 17536K, reserved 1064960K
  class space    used 2456K, capacity 2667K, committed 2688K, reserved 1048576K
}
Event: 2.064 GC heap before
{Heap before GC invocations=5 (full 0):
 PSYoungGen      total 33280K, used 33272K [0x00000000ec300000, 0x00000000ee600000, 0x0000000100000000)
  eden space 30720K, 100% used [0x00000000ec300000,0x00000000ee100000,0x00000000ee100000)
  from space 2560K, 99% used [0x00000000ee380000,0x00000000ee5fe030,0x00000000ee600000)
  to   space 2560K, 0% used [0x00000000ee100000,0x00000000ee100000,0x00000000ee380000)
 ParOldGen       total 40960K, used 8874K [0x00000000c4800000, 0x00000000c7000000, 0x00000000ec300000)
  object space 40960K, 21% used [0x00000000c4800000,0x00000000c50aa940,0x00000000c7000000)
 Metaspace       used 16789K, capacity 17662K, committed 17920K, reserved 1064960K
  class space    used 2507K, capacity 2740K, committed 2816K, reserved 1048576K
Event: 2.075 GC heap after
Heap after GC invocations=5 (full 0):
 PSYoungGen      total 33280K, used 2552K [0x00000000ec300000, 0x00000000f1000000, 0x0000000100000000)
  eden space 30720K, 0% used [0x00000000ec300000,0x00000000ec300000,0x00000000ee100000)
  from space 2560K, 99% used [0x00000000ee100000,0x00000000ee37e030,0x00000000ee380000)
  to   space 8704K, 0% used [0x00000000f0780000,0x00000000f0780000,0x00000000f1000000)
 ParOldGen       total 40960K, used 9361K [0x00000000c4800000, 0x00000000c7000000, 0x00000000ec300000)
  object space 40960K, 22% used [0x00000000c4800000,0x00000000c5124640,0x00000000c7000000)
 Metaspace       used 16789K, capacity 17662K, committed 17920K, reserved 1064960K
  class space    used 2507K, capacity 2740K, committed 2816K, reserved 1048576K
}
Event: 2.463 GC heap before
{Heap before GC invocations=6 (full 0):
 PSYoungGen      total 33280K, used 33272K [0x00000000ec300000, 0x00000000f1000000, 0x0000000100000000)
  eden space 30720K, 100% used [0x00000000ec300000,0x00000000ee100000,0x00000000ee100000)
  from space 2560K, 99% used [0x00000000ee100000,0x00000000ee37e030,0x00000000ee380000)
  to   space 8704K, 0% used [0x00000000f0780000,0x00000000f0780000,0x00000000f1000000)
 ParOldGen       total 40960K, used 9361K [0x00000000c4800000, 0x00000000c7000000, 0x00000000ec300000)
  object space 40960K, 22% used [0x00000000c4800000,0x00000000c5124640,0x00000000c7000000)
 Metaspace       used 18164K, capacity 19402K, committed 19712K, reserved 1067008K
  class space    used 2705K, capacity 2962K, committed 3072K, reserved 1048576K
Event: 2.476 GC heap after
Heap after GC invocations=6 (full 0):
 PSYoungGen      total 67584K, used 8703K [0x00000000ec300000, 0x00000000f1500000, 0x0000000100000000)
  eden space 58880K, 0% used [0x00000000ec300000,0x00000000ec300000,0x00000000efc80000)
  from space 8704K, 99% used [0x00000000f0780000,0x00000000f0fffed0,0x00000000f1000000)
  to   space 11264K, 0% used [0x00000000efc80000,0x00000000efc80000,0x00000000f0780000)
 ParOldGen       total 40960K, used 11004K [0x00000000c4800000, 0x00000000c7000000, 0x00000000ec300000)
  object space 40960K, 26% used [0x00000000c4800000,0x00000000c52bf0c0,0x00000000c7000000)
 Metaspace       used 18164K, capacity 19402K, committed 19712K, reserved 1067008K
  class space    used 2705K, capacity 2962K, committed 3072K, reserved 1048576K
}

Deoptimization events (10 events):
Event: 2.881 Thread 0x0000000017082800 Uncommon trap: reason=class_check action=maybe_recompile pc=0x00000000032d57e8 method=com.sun.javafx.css.ParsedValueImpl.hashCode()I @ 117
Event: 2.881 Thread 0x0000000017082800 Uncommon trap: reason=class_check action=maybe_recompile pc=0x00000000032d57e8 method=com.sun.javafx.css.ParsedValueImpl.hashCode()I @ 117
Event: 2.921 Thread 0x0000000017082800 Uncommon trap: reason=class_check action=maybe_recompile pc=0x000000000320c874 method=javafx.beans.property.BooleanPropertyBase.get()Z @ 23
Event: 2.921 Thread 0x0000000017082800 Uncommon trap: reason=class_check action=maybe_recompile pc=0x000000000320c874 method=javafx.beans.property.BooleanPropertyBase.get()Z @ 23
Event: 2.921 Thread 0x0000000017082800 Uncommon trap: reason=class_check action=maybe_recompile pc=0x000000000320c874 method=javafx.beans.property.BooleanPropertyBase.get()Z @ 23
Event: 2.921 Thread 0x0000000017082800 Uncommon trap: reason=class_check action=maybe_recompile pc=0x000000000320c874 method=javafx.beans.property.BooleanPropertyBase.get()Z @ 23
Event: 3.002 Thread 0x0000000017082800 Uncommon trap: reason=class_check action=maybe_recompile pc=0x0000000003317d98 method=com.sun.javafx.css.ParsedValueImpl.hashCode()I @ 117
Event: 3.002 Thread 0x0000000017082800 Uncommon trap: reason=unstable_if action=reinterpret pc=0x00000000032124d4 method=javafx.scene.Node.impl_isDirtyEmpty()Z @ 4
Event: 3.421 Thread 0x0000000017082800 Uncommon trap: reason=unstable_if action=reinterpret pc=0x0000000002ef6b78 method=javafx.scene.Node.impl_isDirtyEmpty()Z @ 4
Event: 3.421 Thread 0x0000000017082800 Uncommon trap: reason=unstable_if action=reinterpret pc=0x00000000033d79dc method=javafx.scene.Node.updateBounds()V @ 116

Classes redefined (0 events):
No events

Internal exceptions (10 events):
Event: 1.300 Thread 0x0000000017082800 Exception <a 'java/lang/NoSuchMethodError': <clinit>> (0x00000000ecaa1da8) thrown at [C:\re\workspace\8-2-build-windows-amd64-cygwin\jdk8u181\11358\hotspot\src\share\vm\prims\jni.cpp, line 1613]
Event: 1.436 Thread 0x0000000017082800 Exception <a 'java/lang/NoSuchMethodError': <clinit>> (0x00000000ec33b740) thrown at [C:\re\workspace\8-2-build-windows-amd64-cygwin\jdk8u181\11358\hotspot\src\share\vm\prims\jni.cpp, line 1613]
Event: 1.436 Thread 0x0000000017082800 Exception <a 'java/lang/NoSuchMethodError': <clinit>> (0x00000000ec33c0d8) thrown at [C:\re\workspace\8-2-build-windows-amd64-cygwin\jdk8u181\11358\hotspot\src\share\vm\prims\jni.cpp, line 1613]
Event: 1.481 Thread 0x0000000017082800 Implicit null exception at 0x0000000002ca11b5 to 0x0000000002ca13d1
Event: 1.482 Thread 0x0000000017082800 Implicit null exception at 0x0000000002cb4c58 to 0x0000000002cb4ce6
Event: 1.503 Thread 0x0000000017082800 Exception <a 'java/io/FileNotFoundException'> (0x00000000ec566768) thrown at [C:\re\workspace\8-2-build-windows-amd64-cygwin\jdk8u181\11358\hotspot\src\share\vm\prims\jni.cpp, line 709]
Event: 1.709 Thread 0x0000000017082800 Implicit null exception at 0x0000000002e1b4ed to 0x0000000002e1bba5
Event: 1.712 Thread 0x0000000017082800 Implicit null exception at 0x0000000002d8b66a to 0x0000000002d8b6b1
Event: 2.988 Thread 0x000000001679a800 Exception <a 'java/lang/NullPointerException'> (0x00000000edaa4d58) thrown at [C:\re\workspace\8-2-build-windows-amd64-cygwin\jdk8u181\11358\hotspot\src\share\vm\interpreter\linkResolver.cpp, line 1185]
Event: 3.434 Thread 0x000000001679a800 Exception <a 'java/lang/NullPointerException'> (0x00000000edaab720) thrown at [C:\re\workspace\8-2-build-windows-amd64-cygwin\jdk8u181\11358\hotspot\src\share\vm\interpreter\linkResolver.cpp, line 1185]

Events (10 events):
Event: 3.002 Thread 0x0000000017082800 DEOPT UNPACKING pc=0x00000000029b583b sp=0x0000000017a3cac0 mode 2
Event: 3.002 Thread 0x0000000017082800 Uncommon trap: trap_request=0xffffff65 fr.pc=0x00000000032124d4
Event: 3.002 Thread 0x0000000017082800 DEOPT PACKING pc=0x00000000032124d4 sp=0x0000000017a3cd90
Event: 3.002 Thread 0x0000000017082800 DEOPT UNPACKING pc=0x00000000029b583b sp=0x0000000017a3cc68 mode 2
Event: 3.421 Thread 0x0000000017082800 Uncommon trap: trap_request=0xffffff65 fr.pc=0x0000000002ef6b78
Event: 3.421 Thread 0x0000000017082800 DEOPT PACKING pc=0x0000000002ef6b78 sp=0x0000000017a3c8a0
Event: 3.421 Thread 0x0000000017082800 DEOPT UNPACKING pc=0x00000000029b583b sp=0x0000000017a3c7f0 mode 2
Event: 3.421 Thread 0x0000000017082800 Uncommon trap: trap_request=0xffffff65 fr.pc=0x00000000033d79dc
Event: 3.421 Thread 0x0000000017082800 DEOPT PACKING pc=0x00000000033d79dc sp=0x0000000017a3d600
Event: 3.421 Thread 0x0000000017082800 DEOPT UNPACKING pc=0x00000000029b583b sp=0x0000000017a3d628 mode 2


Dynamic libraries:
0x00007ff717940000 - 0x00007ff717977000 	C:\Program Files\Java\jre1.8.0_181\bin\javaw.exe
0x00007fff7aba0000 - 0x00007fff7ad90000 	C:\WINDOWS\SYSTEM32\ntdll.dll
0x00007fff79210000 - 0x00007fff792c2000 	C:\WINDOWS\System32\KERNEL32.DLL
0x00007fff78110000 - 0x00007fff783b3000 	C:\WINDOWS\System32\KERNELBASE.dll
0x00007fff792e0000 - 0x00007fff79383000 	C:\WINDOWS\System32\ADVAPI32.dll
0x00007fff78d80000 - 0x00007fff78e1e000 	C:\WINDOWS\System32\msvcrt.dll
0x00007fff79390000 - 0x00007fff79427000 	C:\WINDOWS\System32\sechost.dll
0x00007fff790f0000 - 0x00007fff79210000 	C:\WINDOWS\System32\RPCRT4.dll
0x00007fff79a00000 - 0x00007fff79b94000 	C:\WINDOWS\System32\USER32.dll
0x00007fff78440000 - 0x00007fff78461000 	C:\WINDOWS\System32\win32u.dll
0x00007fff7a010000 - 0x00007fff7a036000 	C:\WINDOWS\System32\GDI32.dll
0x00007fff77d70000 - 0x00007fff77f04000 	C:\WINDOWS\System32\gdi32full.dll
0x00007fff77c80000 - 0x00007fff77d1e000 	C:\WINDOWS\System32\msvcp_win.dll
0x00007fff77b80000 - 0x00007fff77c7a000 	C:\WINDOWS\System32\ucrtbase.dll
0x00007fff6b910000 - 0x00007fff6bb95000 	C:\WINDOWS\WinSxS\amd64_microsoft.windows.common-controls_6595b64144ccf1df_6.0.18362.418_none_e6c6b287130d565d\COMCTL32.dll
0x00007fff794b0000 - 0x00007fff797e6000 	C:\WINDOWS\System32\combase.dll
0x00007fff783c0000 - 0x00007fff78440000 	C:\WINDOWS\System32\bcryptPrimitives.dll
0x00007fff7ab10000 - 0x00007fff7ab3e000 	C:\WINDOWS\System32\IMM32.DLL
0x0000000052e20000 - 0x0000000052ef2000 	C:\Program Files\Java\jre1.8.0_181\bin\msvcr100.dll
0x0000000053140000 - 0x00000000539e2000 	C:\Program Files\Java\jre1.8.0_181\bin\server\jvm.dll
0x00007fff792d0000 - 0x00007fff792d8000 	C:\WINDOWS\System32\PSAPI.DLL
0x00007fff755f0000 - 0x00007fff75614000 	C:\WINDOWS\SYSTEM32\WINMM.dll
0x00007fff60a40000 - 0x00007fff60a49000 	C:\WINDOWS\SYSTEM32\WSOCK32.dll
0x00007fff7a8e0000 - 0x00007fff7a94f000 	C:\WINDOWS\System32\WS2_32.dll
0x00007fff755b0000 - 0x00007fff755dd000 	C:\WINDOWS\SYSTEM32\WINMMBASE.dll
0x00007fff77b30000 - 0x00007fff77b7a000 	C:\WINDOWS\System32\cfgmgr32.dll
0x00007fff6d170000 - 0x00007fff6d17a000 	C:\WINDOWS\SYSTEM32\VERSION.dll
0x0000000053050000 - 0x000000005305f000 	C:\Program Files\Java\jre1.8.0_181\bin\verify.dll
0x0000000053020000 - 0x0000000053049000 	C:\Program Files\Java\jre1.8.0_181\bin\java.dll
0x0000000053000000 - 0x0000000053016000 	C:\Program Files\Java\jre1.8.0_181\bin\zip.dll
0x00007fff7a040000 - 0x00007fff7a725000 	C:\WINDOWS\System32\SHELL32.dll
0x00007fff78e90000 - 0x00007fff78f39000 	C:\WINDOWS\System32\shcore.dll
0x00007fff78470000 - 0x00007fff78bef000 	C:\WINDOWS\System32\windows.storage.dll
0x00007fff77b10000 - 0x00007fff77b2f000 	C:\WINDOWS\System32\profapi.dll
0x00007fff77aa0000 - 0x00007fff77aea000 	C:\WINDOWS\System32\powrprof.dll
0x00007fff77a70000 - 0x00007fff77a80000 	C:\WINDOWS\System32\UMPDC.dll
0x00007fff78f50000 - 0x00007fff78fa2000 	C:\WINDOWS\System32\shlwapi.dll
0x00007fff77a80000 - 0x00007fff77a91000 	C:\WINDOWS\System32\kernel.appcore.dll
0x00007fff77d20000 - 0x00007fff77d37000 	C:\WINDOWS\System32\cryptsp.dll
0x0000000000b50000 - 0x0000000000b53000 	C:\Program Files\Java\jre1.8.0_181\bin\api-ms-win-core-console-l1-1-0.dll
0x0000000000b60000 - 0x0000000000b63000 	C:\Program Files\Java\jre1.8.0_181\bin\api-ms-win-core-datetime-l1-1-0.dll
0x0000000000b70000 - 0x0000000000b73000 	C:\Program Files\Java\jre1.8.0_181\bin\api-ms-win-core-debug-l1-1-0.dll
0x0000000000b80000 - 0x0000000000b83000 	C:\Program Files\Java\jre1.8.0_181\bin\api-ms-win-core-errorhandling-l1-1-0.dll
0x00000000026e0000 - 0x00000000026e4000 	C:\Program Files\Java\jre1.8.0_181\bin\api-ms-win-core-file-l1-1-0.dll
0x00000000026f0000 - 0x00000000026f3000 	C:\Program Files\Java\jre1.8.0_181\bin\api-ms-win-core-file-l1-2-0.dll
0x0000000002700000 - 0x0000000002703000 	C:\Program Files\Java\jre1.8.0_181\bin\api-ms-win-core-file-l2-1-0.dll
0x0000000002710000 - 0x0000000002713000 	C:\Program Files\Java\jre1.8.0_181\bin\api-ms-win-core-handle-l1-1-0.dll
0x0000000002720000 - 0x0000000002723000 	C:\Program Files\Java\jre1.8.0_181\bin\api-ms-win-core-heap-l1-1-0.dll
0x0000000002730000 - 0x0000000002733000 	C:\Program Files\Java\jre1.8.0_181\bin\api-ms-win-core-interlocked-l1-1-0.dll
0x0000000002740000 - 0x0000000002743000 	C:\Program Files\Java\jre1.8.0_181\bin\api-ms-win-core-libraryloader-l1-1-0.dll
0x0000000002750000 - 0x0000000002753000 	C:\Program Files\Java\jre1.8.0_181\bin\api-ms-win-core-localization-l1-2-0.dll
0x0000000016bf0000 - 0x0000000016bf3000 	C:\Program Files\Java\jre1.8.0_181\bin\api-ms-win-core-memory-l1-1-0.dll
0x0000000016c00000 - 0x0000000016c03000 	C:\Program Files\Java\jre1.8.0_181\bin\api-ms-win-core-namedpipe-l1-1-0.dll
0x0000000016c10000 - 0x0000000016c13000 	C:\Program Files\Java\jre1.8.0_181\bin\api-ms-win-core-processenvironment-l1-1-0.dll
0x0000000016c20000 - 0x0000000016c23000 	C:\Program Files\Java\jre1.8.0_181\bin\api-ms-win-core-processthreads-l1-1-0.dll
0x0000000016c30000 - 0x0000000016c33000 	C:\Program Files\Java\jre1.8.0_181\bin\api-ms-win-core-processthreads-l1-1-1.dll
0x0000000016c40000 - 0x0000000016c43000 	C:\Program Files\Java\jre1.8.0_181\bin\api-ms-win-core-profile-l1-1-0.dll
0x0000000016c50000 - 0x0000000016c53000 	C:\Program Files\Java\jre1.8.0_181\bin\api-ms-win-core-rtlsupport-l1-1-0.dll
0x0000000016c60000 - 0x0000000016c63000 	C:\Program Files\Java\jre1.8.0_181\bin\api-ms-win-core-string-l1-1-0.dll
0x0000000016c70000 - 0x0000000016c73000 	C:\Program Files\Java\jre1.8.0_181\bin\api-ms-win-core-synch-l1-1-0.dll
0x0000000016c80000 - 0x0000000016c83000 	C:\Program Files\Java\jre1.8.0_181\bin\api-ms-win-core-synch-l1-2-0.dll
0x0000000016c90000 - 0x0000000016c93000 	C:\Program Files\Java\jre1.8.0_181\bin\api-ms-win-core-sysinfo-l1-1-0.dll
0x0000000016ca0000 - 0x0000000016ca3000 	C:\Program Files\Java\jre1.8.0_181\bin\api-ms-win-core-timezone-l1-1-0.dll
0x0000000016cb0000 - 0x0000000016cb3000 	C:\Program Files\Java\jre1.8.0_181\bin\api-ms-win-core-util-l1-1-0.dll
0x0000000016cc0000 - 0x0000000016cc3000 	C:\Program Files\Java\jre1.8.0_181\bin\api-ms-win-crt-conio-l1-1-0.dll
0x0000000016cd0000 - 0x0000000016cd4000 	C:\Program Files\Java\jre1.8.0_181\bin\api-ms-win-crt-convert-l1-1-0.dll
0x0000000016ce0000 - 0x0000000016ce3000 	C:\Program Files\Java\jre1.8.0_181\bin\api-ms-win-crt-environment-l1-1-0.dll
0x0000000016cf0000 - 0x0000000016cf3000 	C:\Program Files\Java\jre1.8.0_181\bin\api-ms-win-crt-filesystem-l1-1-0.dll
0x0000000016d00000 - 0x0000000016d03000 	C:\Program Files\Java\jre1.8.0_181\bin\api-ms-win-crt-heap-l1-1-0.dll
0x0000000016d10000 - 0x0000000016d13000 	C:\Program Files\Java\jre1.8.0_181\bin\api-ms-win-crt-locale-l1-1-0.dll
0x0000000016d20000 - 0x0000000016d25000 	C:\Program Files\Java\jre1.8.0_181\bin\api-ms-win-crt-math-l1-1-0.dll
0x0000000016d30000 - 0x0000000016d35000 	C:\Program Files\Java\jre1.8.0_181\bin\api-ms-win-crt-multibyte-l1-1-0.dll
0x0000000016d40000 - 0x0000000016d50000 	C:\Program Files\Java\jre1.8.0_181\bin\api-ms-win-crt-private-l1-1-0.dll
0x0000000016d50000 - 0x0000000016d53000 	C:\Program Files\Java\jre1.8.0_181\bin\api-ms-win-crt-process-l1-1-0.dll
0x0000000016d60000 - 0x0000000016d64000 	C:\Program Files\Java\jre1.8.0_181\bin\api-ms-win-crt-runtime-l1-1-0.dll
0x0000000016d70000 - 0x0000000016d74000 	C:\Program Files\Java\jre1.8.0_181\bin\api-ms-win-crt-stdio-l1-1-0.dll
0x0000000016d80000 - 0x0000000016d84000 	C:\Program Files\Java\jre1.8.0_181\bin\api-ms-win-crt-string-l1-1-0.dll
0x0000000016d90000 - 0x0000000016d93000 	C:\Program Files\Java\jre1.8.0_181\bin\api-ms-win-crt-time-l1-1-0.dll
0x0000000016da0000 - 0x0000000016da3000 	C:\Program Files\Java\jre1.8.0_181\bin\api-ms-win-crt-utility-l1-1-0.dll
0x00007fff5ca00000 - 0x00007fff5caf6000 	C:\Program Files\Java\jre1.8.0_181\bin\ucrtbase.dll
0x00007fff70ce0000 - 0x00007fff70cf6000 	C:\Program Files\Java\jre1.8.0_181\bin\vcruntime140.dll
0x00007fff70c40000 - 0x00007fff70cdc000 	C:\Program Files\Java\jre1.8.0_181\bin\msvcp140.dll
0x00007fff70400000 - 0x00007fff70451000 	C:\Program Files\Java\jre1.8.0_181\bin\concrt140.dll
0x0000000052df0000 - 0x0000000052e13000 	C:\Program Files\Java\jre1.8.0_181\bin\prism_d3d.dll
0x00007fff58e00000 - 0x00007fff58fc7000 	C:\WINDOWS\system32\d3d9.dll
0x00007fff75f30000 - 0x00007fff75f5d000 	C:\WINDOWS\SYSTEM32\dwmapi.dll
0x00007fff766e0000 - 0x00007fff76700000 	C:\WINDOWS\SYSTEM32\dxcore.dll
0x00007fff759f0000 - 0x00007fff75a89000 	C:\WINDOWS\system32\uxtheme.dll
0x00007fff2cb90000 - 0x00007fff303e9000 	C:\WINDOWS\System32\DriverStore\FileRepository\igdlh64.inf_amd64_47ad21e28c856994\igdumdim64.dll
0x00007fff78c50000 - 0x00007fff78d14000 	C:\WINDOWS\System32\OLEAUT32.dll
0x00007fff7a9b0000 - 0x00007fff7ab06000 	C:\WINDOWS\System32\ole32.dll
0x00007fff79ba0000 - 0x00007fff7a010000 	C:\WINDOWS\System32\SETUPAPI.dll
0x00007fff77d40000 - 0x00007fff77d66000 	C:\WINDOWS\System32\bcrypt.dll
0x0000000052da0000 - 0x0000000052de9000 	C:\Program Files\Java\jre1.8.0_181\bin\glass.dll
0x00007fff79930000 - 0x00007fff79a00000 	C:\WINDOWS\System32\COMDLG32.dll
0x00007fff797f0000 - 0x00007fff79926000 	C:\WINDOWS\System32\MSCTF.dll
0x00007fff6d440000 - 0x00007fff6ea42000 	C:\WINDOWS\System32\DriverStore\FileRepository\igdlh64.inf_amd64_47ad21e28c856994\igc64.dll
0x0000000052d80000 - 0x0000000052d94000 	C:\Program Files\Java\jre1.8.0_181\bin\javafx_font.dll
0x00007fff5d7c0000 - 0x00007fff5dabe000 	C:\WINDOWS\SYSTEM32\dwrite.dll
0x00007fff79040000 - 0x00007fff790e2000 	C:\WINDOWS\System32\clbcatq.dll
0x00007fff72990000 - 0x00007fff72b3f000 	C:\WINDOWS\SYSTEM32\WindowsCodecs.dll
0x00007fff56650000 - 0x00007fff5668a000 	C:\WINDOWS\system32\dataexchange.dll
0x00007fff74f80000 - 0x00007fff7515b000 	C:\WINDOWS\system32\dcomp.dll
0x00007fff748c0000 - 0x00007fff74b1b000 	C:\WINDOWS\system32\d3d11.dll
0x00007fff76770000 - 0x00007fff7685b000 	C:\WINDOWS\system32\dxgi.dll
0x00007fff75b20000 - 0x00007fff75d7a000 	C:\WINDOWS\system32\twinapi.appcore.dll
0x00007fff76040000 - 0x00007fff76069000 	C:\WINDOWS\system32\RMCLIENT.dll
0x00007fff6a760000 - 0x00007fff6a793000 	C:\Program Files\Common Files\Microsoft Shared\Ink\rtscom.dll
0x00007fff68330000 - 0x00007fff683ce000 	C:\WINDOWS\System32\TextInputFramework.dll
0x00007fff754d0000 - 0x00007fff755a4000 	C:\WINDOWS\System32\CoreMessaging.dll
0x00007fff72ce0000 - 0x00007fff7300a000 	C:\WINDOWS\System32\CoreUIComponents.dll
0x00007fff76ad0000 - 0x00007fff76b01000 	C:\WINDOWS\SYSTEM32\ntmarta.dll
0x00007fff73470000 - 0x00007fff735c3000 	C:\WINDOWS\SYSTEM32\wintypes.dll
0x00007fff66b90000 - 0x00007fff66e36000 	C:\WINDOWS\System32\iertutil.dll

VM Arguments:
jvm_args: -Dfile.encoding=UTF-8 
java_command: main.StartOs
java_class_path (initial): C:\Program Files\Java\jre1.8.0_181\lib\resources.jar;C:\Program Files\Java\jre1.8.0_181\lib\rt.jar;C:\Program Files\Java\jre1.8.0_181\lib\jsse.jar;C:\Program Files\Java\jre1.8.0_181\lib\jce.jar;C:\Program Files\Java\jre1.8.0_181\lib\charsets.jar;C:\Program Files\Java\jre1.8.0_181\lib\jfr.jar;C:\Program Files\Java\jre1.8.0_181\lib\ext\access-bridge-64.jar;C:\Program Files\Java\jre1.8.0_181\lib\ext\cldrdata.jar;C:\Program Files\Java\jre1.8.0_181\lib\ext\dnsns.jar;C:\Program Files\Java\jre1.8.0_181\lib\ext\jaccess.jar;C:\Program Files\Java\jre1.8.0_181\lib\ext\jfxrt.jar;C:\Program Files\Java\jre1.8.0_181\lib\ext\localedata.jar;C:\Program Files\Java\jre1.8.0_181\lib\ext\nashorn.jar;C:\Program Files\Java\jre1.8.0_181\lib\ext\sunec.jar;C:\Program Files\Java\jre1.8.0_181\lib\ext\sunjce_provider.jar;C:\Program Files\Java\jre1.8.0_181\lib\ext\sunmscapi.jar;C:\Program Files\Java\jre1.8.0_181\lib\ext\sunpkcs11.jar;C:\Program Files\Java\jre1.8.0_181\lib\ext\zipfs.jar;C:\Users\lenovo\eclipse-workspace\DemoOs\bin;C:\Users\lenovo\.p2\pool\plugins\org.eclipse.fx.ide.css.jfx8_3.1.0.201712060800.jar
Launcher Type: SUN_STANDARD

Environment Variables:
PATH=C:/Program Files/Java/jre1.8.0_181/bin/server;C:/Program Files/Java/jre1.8.0_181/bin;C:/Program Files/Java/jre1.8.0_181/lib/amd64;C:\Program Files (x86)\Common Files\Oracle\Java\javapath;C:\WINDOWS\system32;C:\WINDOWS;C:\WINDOWS\System32\Wbem;C:\WINDOWS\System32\WindowsPowerShell\v1.0\;C:\WINDOWS\System32\OpenSSH\;C:\Program Files\Java\jre-10.0.1;C:\Program Files\Java\jdk-10.0.1;D:\Git\cmd;C:\Program Files\Java\jdk1.8.0_181\bin;C:\Program Files (x86)\NVIDIA Corporation\PhysX\Common;C:\Program Files\dotnet\;%QUARTUS_ROOTDIR%\bin;C:\Program Files\nodejs\;C:\Program Files\Git\cmd;C:\WINDOWS\system32;C:\WINDOWS;C:\WINDOWS\System32\Wbem;C:\WINDOWS\System32\WindowsPowerShell\v1.0\;C:\WINDOWS\System32\OpenSSH\;C:\Users\lenovo\AppData\Local\Microsoft\WindowsApps;C:\Users\lenovo\AppData\Roaming\npm;;C:\WINDOWS\system32;
USERNAME=lenovo
OS=Windows_NT
PROCESSOR_IDENTIFIER=Intel64 Family 6 Model 158 Stepping 9, GenuineIntel



---------------  S Y S T E M  ---------------

OS: Windows 10.0 , 64 bit Build 18362 (10.0.18362.329)

CPU:total 4 (initial active 4) (4 cores per cpu, 1 threads per core) family 6 model 158 stepping 9, cmov, cx8, fxsr, mmx, sse, sse2, sse3, ssse3, sse4.1, sse4.2, popcnt, avx, avx2, aes, clmul, erms, 3dnowpref, lzcnt, tsc, tscinvbit, bmi1, bmi2, adx

Memory: 4k page, physical 3893912k(259776k free), swap 15952536k(1372k free)

vm_info: Java HotSpot(TM) 64-Bit Server VM (25.181-b13) for windows-amd64 JRE (1.8.0_181-b13), built on Jul  7 2018 04:01:33 by "java_re" with MS VC++ 10.0 (VS2010)

time: Sat Oct 26 22:29:52 2019
elapsed time: 3 seconds (0d 0h 0m 3s)

