#
# There is insufficient memory for the Java Runtime Environment to continue.
# Native memory allocation (malloc) failed to allocate 762016 bytes for Chunk::new
# Possible reasons:
#   The system is out of physical RAM or swap space
#   In 32 bit mode, the process size limit was hit
# Possible solutions:
#   Reduce memory load on the system
#   Increase physical memory or swap space
#   Check if swap backing store is full
#   Use 64 bit Java on a 64 bit OS
#   Decrease Java heap size (-Xmx/-Xms)
#   Decrease number of Java threads
#   Decrease Java thread stack sizes (-Xss)
#   Set larger code cache with -XX:ReservedCodeCacheSize=
# This output file may be truncated or incomplete.
#
#  Out of Memory Error (allocation.cpp:390), pid=14020, tid=0x00000000000039f0
#
# JRE version: Java(TM) SE Runtime Environment (8.0_181-b13) (build 1.8.0_181-b13)
# Java VM: Java HotSpot(TM) 64-Bit Server VM (25.181-b13 mixed mode windows-amd64 compressed oops)
# Failed to write core dump. Minidumps are not enabled by default on client versions of Windows
#

---------------  T H R E A D  ---------------

Current thread (0x00000000159e2000):  JavaThread "C2 CompilerThread0" daemon [_thread_in_native, id=14832, stack(0x00000000172e0000,0x00000000173e0000)]

Stack: [0x00000000172e0000,0x00000000173e0000]
[error occurred during error reporting (printing stack bounds), id 0xc0000005]

Native frames: (J=compiled Java code, j=interpreted, Vv=VM code, C=native code)


Current CompileTask:
C2:   2827 2980   !   4       javafx.scene.CssStyleHelper::transitionToState (1075 bytes)


---------------  P R O C E S S  ---------------

Java Threads: ( => current thread )
  0x000000001eb7e800 JavaThread "Prism Font Disposer" daemon [_thread_blocked, id=29540, stack(0x0000000023600000,0x0000000023700000)]
  0x000000001e9b0800 JavaThread "Thread-5" [_thread_blocked, id=5624, stack(0x00000000221c0000,0x00000000222c0000)]
  0x000000001e9b8800 JavaThread "Thread-4" [_thread_blocked, id=12448, stack(0x00000000220c0000,0x00000000221c0000)]
  0x000000001e55b000 JavaThread "Thread-3" daemon [_thread_in_native, id=25204, stack(0x000000001eef0000,0x000000001eff0000)]
  0x000000001e553000 JavaThread "JavaFX-Launcher" [_thread_blocked, id=29676, stack(0x000000001eff0000,0x000000001f0f0000)]
  0x0000000017070800 JavaThread "JavaFX Application Thread" [_thread_in_Java, id=30976, stack(0x0000000017cd0000,0x0000000017dd0000)]
  0x000000001706f000 JavaThread "Thread-1" daemon [_thread_blocked, id=17308, stack(0x0000000017bd0000,0x0000000017cd0000)]
  0x000000001704f000 JavaThread "QuantumRenderer-0" daemon [_thread_blocked, id=26384, stack(0x0000000017920000,0x0000000017a20000)]
  0x0000000016d44000 JavaThread "Service Thread" daemon [_thread_blocked, id=31348, stack(0x00000000175e0000,0x00000000176e0000)]
  0x0000000016d3d800 JavaThread "C1 CompilerThread2" daemon [_thread_in_native, id=1568, stack(0x00000000174e0000,0x00000000175e0000)]
  0x0000000016d3b000 JavaThread "C2 CompilerThread1" daemon [_thread_in_native, id=23876, stack(0x00000000173e0000,0x00000000174e0000)]
=>0x00000000159e2000 JavaThread "C2 CompilerThread0" daemon [_thread_in_native, id=14832, stack(0x00000000172e0000,0x00000000173e0000)]
  0x00000000159e1000 JavaThread "Attach Listener" daemon [_thread_blocked, id=29972, stack(0x00000000171e0000,0x00000000172e0000)]
  0x0000000016ce8800 JavaThread "Signal Dispatcher" daemon [_thread_blocked, id=12964, stack(0x00000000170e0000,0x00000000171e0000)]
  0x000000001597a800 JavaThread "Finalizer" daemon [_thread_blocked, id=31328, stack(0x0000000016be0000,0x0000000016ce0000)]
  0x0000000015959800 JavaThread "Reference Handler" daemon [_thread_blocked, id=22256, stack(0x0000000016ae0000,0x0000000016be0000)]
  0x000000000336e000 JavaThread "main" [_thread_blocked, id=23132, stack(0x0000000003370000,0x0000000003470000)]

Other Threads:
  0x0000000015957800 VMThread [stack: 0x00000000169e0000,0x0000000016ae0000] [id=29528]
  0x0000000016d76000 WatcherThread [stack: 0x00000000176e0000,0x00000000177e0000] [id=31604]

VM state:not at safepoint (normal execution)

VM Mutex/Monitor currently owned by a thread:  ([mutex/lock_event])
[0x0000000003470ad0] Compile_lock - owner thread: 0x0000000000000000

Heap:
 PSYoungGen      total 33280K, used 25206K [0x00000000ec300000, 0x00000000ee600000, 0x0000000100000000)
  eden space 30720K, 73% used [0x00000000ec300000,0x00000000ed923c80,0x00000000ee100000)
  from space 2560K, 99% used [0x00000000ee380000,0x00000000ee5f9ec0,0x00000000ee600000)
  to   space 2560K, 0% used [0x00000000ee100000,0x00000000ee100000,0x00000000ee380000)
 ParOldGen       total 40960K, used 17176K [0x00000000c4800000, 0x00000000c7000000, 0x00000000ec300000)
  object space 40960K, 41% used [0x00000000c4800000,0x00000000c58c60c0,0x00000000c7000000)
 Metaspace       used 19022K, capacity 20292K, committed 20480K, reserved 1067008K
  class space    used 2763K, capacity 3031K, committed 3072K, reserved 1048576K

Card table byte_map: [0x0000000012930000,0x0000000012b10000] byte_map_base: 0x000000001230c000

Marking Bits: (ParMarkBitMap*) 0x0000000053962d00
 Begin Bits: [0x0000000013050000, 0x0000000013f30000)
 End Bits:   [0x0000000013f30000, 0x0000000014e10000)

Polling page: 0x0000000001660000

CodeCache: size=245760Kb used=9849Kb max_used=9849Kb free=235910Kb
 bounds [0x0000000003570000, 0x0000000003f20000, 0x0000000012570000]
 total_blobs=3726 nmethods=3122 adapters=514
 compilation: enabled

Compilation events (10 events):
Event: 2.790 Thread 0x0000000016d3d800 nmethod 3069 0x0000000003ee3fd0 code [0x0000000003ee4140, 0x0000000003ee4508]
Event: 2.790 Thread 0x0000000016d3d800 3068       3       javafx.scene.text.Text::getLogicalBounds (12 bytes)
Event: 2.790 Thread 0x0000000016d3d800 nmethod 3068 0x0000000003ee4850 code [0x0000000003ee49e0, 0x0000000003ee4cd8]
Event: 2.790 Thread 0x0000000016d3d800 3070       3       javafx.scene.Parent::getChildTransformedBounds (19 bytes)
Event: 2.791 Thread 0x0000000016d3d800 nmethod 3070 0x0000000003ee4e50 code [0x0000000003ee4fc0, 0x0000000003ee5228]
Event: 2.791 Thread 0x0000000016d3d800 3073       3       com.sun.javafx.text.TextLine::getLeftSideBearing (5 bytes)
Event: 2.791 Thread 0x0000000016d3d800 nmethod 3073 0x0000000003ee5310 code [0x0000000003ee5460, 0x0000000003ee55b0]
Event: 2.791 Thread 0x0000000016d3d800 3076       3       com.sun.javafx.text.TextLine::getRightSideBearing (5 bytes)
Event: 2.791 Thread 0x0000000016d3d800 nmethod 3076 0x0000000003ee5650 code [0x0000000003ee57a0, 0x0000000003ee58f0]
Event: 2.791 Thread 0x0000000016d3d800 3071       3       javafx.scene.text.Text::impl_computeGeomBounds (480 bytes)

GC Heap History (10 events):
Event: 1.083 GC heap before
{Heap before GC invocations=2 (full 0):
 PSYoungGen      total 17920K, used 17864K [0x00000000ec300000, 0x00000000ed700000, 0x0000000100000000)
  eden space 15360K, 100% used [0x00000000ec300000,0x00000000ed200000,0x00000000ed200000)
  from space 2560K, 97% used [0x00000000ed200000,0x00000000ed472050,0x00000000ed480000)
  to   space 2560K, 0% used [0x00000000ed480000,0x00000000ed480000,0x00000000ed700000)
 ParOldGen       total 40960K, used 8K [0x00000000c4800000, 0x00000000c7000000, 0x00000000ec300000)
  object space 40960K, 0% used [0x00000000c4800000,0x00000000c4802000,0x00000000c7000000)
 Metaspace       used 11496K, capacity 11938K, committed 12032K, reserved 1058816K
  class space    used 1568K, capacity 1706K, committed 1792K, reserved 1048576K
Event: 1.088 GC heap after
Heap after GC invocations=2 (full 0):
 PSYoungGen      total 17920K, used 2552K [0x00000000ec300000, 0x00000000ee600000, 0x0000000100000000)
  eden space 15360K, 0% used [0x00000000ec300000,0x00000000ec300000,0x00000000ed200000)
  from space 2560K, 99% used [0x00000000ed480000,0x00000000ed6fe050,0x00000000ed700000)
  to   space 2560K, 0% used [0x00000000ed200000,0x00000000ed200000,0x00000000ed480000)
 ParOldGen       total 40960K, used 1136K [0x00000000c4800000, 0x00000000c7000000, 0x00000000ec300000)
  object space 40960K, 2% used [0x00000000c4800000,0x00000000c491c010,0x00000000c7000000)
 Metaspace       used 11496K, capacity 11938K, committed 12032K, reserved 1058816K
  class space    used 1568K, capacity 1706K, committed 1792K, reserved 1048576K
}
Event: 1.354 GC heap before
{Heap before GC invocations=3 (full 0):
 PSYoungGen      total 17920K, used 17912K [0x00000000ec300000, 0x00000000ee600000, 0x0000000100000000)
  eden space 15360K, 100% used [0x00000000ec300000,0x00000000ed200000,0x00000000ed200000)
  from space 2560K, 99% used [0x00000000ed480000,0x00000000ed6fe050,0x00000000ed700000)
  to   space 2560K, 0% used [0x00000000ed200000,0x00000000ed200000,0x00000000ed480000)
 ParOldGen       total 40960K, used 1136K [0x00000000c4800000, 0x00000000c7000000, 0x00000000ec300000)
  object space 40960K, 2% used [0x00000000c4800000,0x00000000c491c010,0x00000000c7000000)
 Metaspace       used 13472K, capacity 14062K, committed 14336K, reserved 1060864K
  class space    used 1846K, capacity 1984K, committed 2048K, reserved 1048576K
Event: 1.364 GC heap after
Heap after GC invocations=3 (full 0):
 PSYoungGen      total 17920K, used 2536K [0x00000000ec300000, 0x00000000ee600000, 0x0000000100000000)
  eden space 15360K, 0% used [0x00000000ec300000,0x00000000ec300000,0x00000000ed200000)
  from space 2560K, 99% used [0x00000000ed200000,0x00000000ed47a040,0x00000000ed480000)
  to   space 2560K, 0% used [0x00000000ee380000,0x00000000ee380000,0x00000000ee600000)
 ParOldGen       total 40960K, used 7694K [0x00000000c4800000, 0x00000000c7000000, 0x00000000ec300000)
  object space 40960K, 18% used [0x00000000c4800000,0x00000000c4f83920,0x00000000c7000000)
 Metaspace       used 13472K, capacity 14062K, committed 14336K, reserved 1060864K
  class space    used 1846K, capacity 1984K, committed 2048K, reserved 1048576K
}
Event: 1.691 GC heap before
{Heap before GC invocations=4 (full 0):
 PSYoungGen      total 17920K, used 17896K [0x00000000ec300000, 0x00000000ee600000, 0x0000000100000000)
  eden space 15360K, 100% used [0x00000000ec300000,0x00000000ed200000,0x00000000ed200000)
  from space 2560K, 99% used [0x00000000ed200000,0x00000000ed47a040,0x00000000ed480000)
  to   space 2560K, 0% used [0x00000000ee380000,0x00000000ee380000,0x00000000ee600000)
 ParOldGen       total 40960K, used 7694K [0x00000000c4800000, 0x00000000c7000000, 0x00000000ec300000)
  object space 40960K, 18% used [0x00000000c4800000,0x00000000c4f83920,0x00000000c7000000)
 Metaspace       used 16583K, capacity 17416K, committed 17536K, reserved 1064960K
  class space    used 2455K, capacity 2667K, committed 2688K, reserved 1048576K
Event: 1.704 GC heap after
Heap after GC invocations=4 (full 0):
 PSYoungGen      total 33280K, used 2544K [0x00000000ec300000, 0x00000000ee600000, 0x0000000100000000)
  eden space 30720K, 0% used [0x00000000ec300000,0x00000000ec300000,0x00000000ee100000)
  from space 2560K, 99% used [0x00000000ee380000,0x00000000ee5fc030,0x00000000ee600000)
  to   space 2560K, 0% used [0x00000000ee100000,0x00000000ee100000,0x00000000ee380000)
 ParOldGen       total 40960K, used 8870K [0x00000000c4800000, 0x00000000c7000000, 0x00000000ec300000)
  object space 40960K, 21% used [0x00000000c4800000,0x00000000c50a9940,0x00000000c7000000)
 Metaspace       used 16583K, capacity 17416K, committed 17536K, reserved 1064960K
  class space    used 2455K, capacity 2667K, committed 2688K, reserved 1048576K
}
Event: 2.015 GC heap before
{Heap before GC invocations=5 (full 0):
 PSYoungGen      total 33280K, used 33264K [0x00000000ec300000, 0x00000000ee600000, 0x0000000100000000)
  eden space 30720K, 100% used [0x00000000ec300000,0x00000000ee100000,0x00000000ee100000)
  from space 2560K, 99% used [0x00000000ee380000,0x00000000ee5fc030,0x00000000ee600000)
  to   space 2560K, 0% used [0x00000000ee100000,0x00000000ee100000,0x00000000ee380000)
 ParOldGen       total 40960K, used 8870K [0x00000000c4800000, 0x00000000c7000000, 0x00000000ec300000)
  object space 40960K, 21% used [0x00000000c4800000,0x00000000c50a9940,0x00000000c7000000)
 Metaspace       used 16810K, capacity 17726K, committed 17920K, reserved 1064960K
  class space    used 2503K, capacity 2740K, committed 2816K, reserved 1048576K
Event: 2.023 GC heap after
Heap after GC invocations=5 (full 0):
 PSYoungGen      total 33280K, used 2528K [0x00000000ec300000, 0x00000000ee600000, 0x0000000100000000)
  eden space 30720K, 0% used [0x00000000ec300000,0x00000000ec300000,0x00000000ee100000)
  from space 2560K, 98% used [0x00000000ee100000,0x00000000ee378020,0x00000000ee380000)
  to   space 2560K, 0% used [0x00000000ee380000,0x00000000ee380000,0x00000000ee600000)
 ParOldGen       total 40960K, used 9381K [0x00000000c4800000, 0x00000000c7000000, 0x00000000ec300000)
  object space 40960K, 22% used [0x00000000c4800000,0x00000000c5129640,0x00000000c7000000)
 Metaspace       used 16810K, capacity 17726K, committed 17920K, reserved 1064960K
  class space    used 2503K, capacity 2740K, committed 2816K, reserved 1048576K
}
Event: 2.417 GC heap before
{Heap before GC invocations=6 (full 0):
 PSYoungGen      total 33280K, used 33248K [0x00000000ec300000, 0x00000000ee600000, 0x0000000100000000)
  eden space 30720K, 100% used [0x00000000ec300000,0x00000000ee100000,0x00000000ee100000)
  from space 2560K, 98% used [0x00000000ee100000,0x00000000ee378020,0x00000000ee380000)
  to   space 2560K, 0% used [0x00000000ee380000,0x00000000ee380000,0x00000000ee600000)
 ParOldGen       total 40960K, used 9381K [0x00000000c4800000, 0x00000000c7000000, 0x00000000ec300000)
  object space 40960K, 22% used [0x00000000c4800000,0x00000000c5129640,0x00000000c7000000)
 Metaspace       used 18189K, capacity 19402K, committed 19712K, reserved 1067008K
  class space    used 2702K, capacity 2962K, committed 3072K, reserved 1048576K
Event: 2.435 GC heap after
Heap after GC invocations=6 (full 0):
 PSYoungGen      total 33280K, used 2535K [0x00000000ec300000, 0x00000000ee600000, 0x0000000100000000)
  eden space 30720K, 0% used [0x00000000ec300000,0x00000000ec300000,0x00000000ee100000)
  from space 2560K, 99% used [0x00000000ee380000,0x00000000ee5f9ec0,0x00000000ee600000)
  to   space 2560K, 0% used [0x00000000ee100000,0x00000000ee100000,0x00000000ee380000)
 ParOldGen       total 40960K, used 17176K [0x00000000c4800000, 0x00000000c7000000, 0x00000000ec300000)
  object space 40960K, 41% used [0x00000000c4800000,0x00000000c58c60c0,0x00000000c7000000)
 Metaspace       used 18189K, capacity 19402K, committed 19712K, reserved 1067008K
  class space    used 2702K, capacity 2962K, committed 3072K, reserved 1048576K
}

Deoptimization events (10 events):
Event: 2.383 Thread 0x0000000017070800 Uncommon trap: reason=bimorphic action=maybe_recompile pc=0x00000000039e8bf0 method=com.sun.javafx.binding.ExpressionHelper.fireValueChangedEvent(Lcom/sun/javafx/binding/ExpressionHelper;)V @ 5
Event: 2.399 Thread 0x0000000017070800 Uncommon trap: reason=unstable_if action=reinterpret pc=0x0000000003b1ac84 method=com.sun.javafx.css.BitSet.add(Ljava/lang/Object;)Z @ 91
Event: 2.405 Thread 0x0000000017070800 Uncommon trap: reason=bimorphic action=maybe_recompile pc=0x0000000003a08718 method=com.sun.javafx.binding.ExpressionHelper.fireValueChangedEvent(Lcom/sun/javafx/binding/ExpressionHelper;)V @ 5
Event: 2.454 Thread 0x0000000017070800 Uncommon trap: reason=unstable_if action=reinterpret pc=0x0000000003a394f0 method=javafx.collections.ListChangeBuilder.commit()V @ 16
Event: 2.455 Thread 0x0000000017070800 Uncommon trap: reason=class_check action=maybe_recompile pc=0x0000000003d38664 method=javafx.scene.control.Labeled$StyleableProperties$1.getStyleableProperty(Ljavafx/css/Styleable;)Ljavafx/css/StyleableProperty; @ 2
Event: 2.455 Thread 0x0000000017070800 Uncommon trap: reason=class_check action=maybe_recompile pc=0x0000000003d38664 method=javafx.scene.control.Labeled$StyleableProperties$1.getStyleableProperty(Ljavafx/css/Styleable;)Ljavafx/css/StyleableProperty; @ 2
Event: 2.456 Thread 0x0000000017070800 Uncommon trap: reason=class_check action=maybe_recompile pc=0x0000000003d38664 method=javafx.scene.control.Labeled$StyleableProperties$1.getStyleableProperty(Ljavafx/css/Styleable;)Ljavafx/css/StyleableProperty; @ 2
Event: 2.464 Thread 0x0000000017070800 Uncommon trap: reason=class_check action=maybe_recompile pc=0x0000000003d38664 method=javafx.scene.control.Labeled$StyleableProperties$1.getStyleableProperty(Ljavafx/css/Styleable;)Ljavafx/css/StyleableProperty; @ 2
Event: 2.503 Thread 0x0000000017070800 Uncommon trap: reason=unstable_if action=reinterpret pc=0x0000000003d484d0 method=javafx.scene.Node.notifyParentOfBoundsChange()V @ 18
Event: 2.679 Thread 0x0000000017070800 Uncommon trap: reason=unstable_if action=reinterpret pc=0x00000000038a18e8 method=jdk.internal.org.objectweb.asm.Type.getArgumentsAndReturnSizes(Ljava/lang/String;)I @ 47

Classes redefined (0 events):
No events

Internal exceptions (10 events):
Event: 1.160 Thread 0x0000000017070800 Exception <a 'java/lang/ArrayIndexOutOfBoundsException'> (0x00000000ec5cdb88) thrown at [C:\re\workspace\8-2-build-windows-amd64-cygwin\jdk8u181\11358\hotspot\src\share\vm\runtime\sharedRuntime.cpp, line 605]
Event: 1.198 Thread 0x0000000017070800 Exception <a 'java/lang/ArrayIndexOutOfBoundsException': 65> (0x00000000ec7d4858) thrown at [C:\re\workspace\8-2-build-windows-amd64-cygwin\jdk8u181\11358\hotspot\src\share\vm\interpreter\interpreterRuntime.cpp, line 366]
Event: 1.230 Thread 0x0000000017070800 Exception <a 'java/lang/NoSuchMethodError': <clinit>> (0x00000000ecaa2b18) thrown at [C:\re\workspace\8-2-build-windows-amd64-cygwin\jdk8u181\11358\hotspot\src\share\vm\prims\jni.cpp, line 1613]
Event: 1.369 Thread 0x0000000017070800 Exception <a 'java/lang/NoSuchMethodError': <clinit>> (0x00000000ec33c228) thrown at [C:\re\workspace\8-2-build-windows-amd64-cygwin\jdk8u181\11358\hotspot\src\share\vm\prims\jni.cpp, line 1613]
Event: 1.369 Thread 0x0000000017070800 Exception <a 'java/lang/NoSuchMethodError': <clinit>> (0x00000000ec33cbc0) thrown at [C:\re\workspace\8-2-build-windows-amd64-cygwin\jdk8u181\11358\hotspot\src\share\vm\prims\jni.cpp, line 1613]
Event: 1.416 Thread 0x0000000017070800 Implicit null exception at 0x00000000038c7cf5 to 0x00000000038c7f05
Event: 1.416 Thread 0x0000000017070800 Implicit null exception at 0x00000000038c4718 to 0x00000000038c47a6
Event: 1.437 Thread 0x0000000017070800 Exception <a 'java/io/FileNotFoundException'> (0x00000000ec566038) thrown at [C:\re\workspace\8-2-build-windows-amd64-cygwin\jdk8u181\11358\hotspot\src\share\vm\prims\jni.cpp, line 709]
Event: 1.610 Thread 0x0000000017070800 Implicit null exception at 0x0000000003a233ad to 0x0000000003a23a3d
Event: 1.613 Thread 0x0000000017070800 Implicit null exception at 0x00000000039934ea to 0x0000000003993531

Events (10 events):
Event: 2.688 loading class java/util/Collections$UnmodifiableList$1
Event: 2.688 loading class java/util/Collections$UnmodifiableList$1 done
Event: 2.765 loading class javafx/scene/shape/Shape3D
Event: 2.765 loading class javafx/scene/shape/Shape3D done
Event: 2.768 loading class javafx/scene/effect/Effect$1
Event: 2.768 loading class javafx/scene/effect/Effect$1 done
Event: 2.789 loading class javafx/scene/shape/FillRule
Event: 2.789 loading class javafx/scene/shape/FillRule done
Event: 2.790 loading class com/sun/javafx/geom/Path2D$SVGParser
Event: 2.790 loading class com/sun/javafx/geom/Path2D$SVGParser done


Dynamic libraries:
0x00007ff717940000 - 0x00007ff717977000 	C:\Program Files\Java\jre1.8.0_181\bin\javaw.exe
0x00007fff7aba0000 - 0x00007fff7ad90000 	C:\WINDOWS\SYSTEM32\ntdll.dll
0x00007fff79210000 - 0x00007fff792c2000 	C:\WINDOWS\System32\KERNEL32.DLL
0x00007fff78110000 - 0x00007fff783b3000 	C:\WINDOWS\System32\KERNELBASE.dll
0x00007fff792e0000 - 0x00007fff79383000 	C:\WINDOWS\System32\ADVAPI32.dll
0x00007fff78d80000 - 0x00007fff78e1e000 	C:\WINDOWS\System32\msvcrt.dll
0x00007fff79390000 - 0x00007fff79427000 	C:\WINDOWS\System32\sechost.dll
0x00007fff790f0000 - 0x00007fff79210000 	C:\WINDOWS\System32\RPCRT4.dll
0x00007fff79a00000 - 0x00007fff79b94000 	C:\WINDOWS\System32\USER32.dll
0x00007fff78440000 - 0x00007fff78461000 	C:\WINDOWS\System32\win32u.dll
0x00007fff7a010000 - 0x00007fff7a036000 	C:\WINDOWS\System32\GDI32.dll
0x00007fff77d70000 - 0x00007fff77f04000 	C:\WINDOWS\System32\gdi32full.dll
0x00007fff77c80000 - 0x00007fff77d1e000 	C:\WINDOWS\System32\msvcp_win.dll
0x00007fff77b80000 - 0x00007fff77c7a000 	C:\WINDOWS\System32\ucrtbase.dll
0x00007fff6b910000 - 0x00007fff6bb95000 	C:\WINDOWS\WinSxS\amd64_microsoft.windows.common-controls_6595b64144ccf1df_6.0.18362.418_none_e6c6b287130d565d\COMCTL32.dll
0x00007fff794b0000 - 0x00007fff797e6000 	C:\WINDOWS\System32\combase.dll
0x00007fff783c0000 - 0x00007fff78440000 	C:\WINDOWS\System32\bcryptPrimitives.dll
0x00007fff7ab10000 - 0x00007fff7ab3e000 	C:\WINDOWS\System32\IMM32.DLL
0x0000000052e20000 - 0x0000000052ef2000 	C:\Program Files\Java\jre1.8.0_181\bin\msvcr100.dll
0x0000000053140000 - 0x00000000539e2000 	C:\Program Files\Java\jre1.8.0_181\bin\server\jvm.dll
0x00007fff792d0000 - 0x00007fff792d8000 	C:\WINDOWS\System32\PSAPI.DLL
0x00007fff60a40000 - 0x00007fff60a49000 	C:\WINDOWS\SYSTEM32\WSOCK32.dll
0x00007fff7a8e0000 - 0x00007fff7a94f000 	C:\WINDOWS\System32\WS2_32.dll
0x00007fff755f0000 - 0x00007fff75614000 	C:\WINDOWS\SYSTEM32\WINMM.dll
0x00007fff6d170000 - 0x00007fff6d17a000 	C:\WINDOWS\SYSTEM32\VERSION.dll
0x00007fff755b0000 - 0x00007fff755dd000 	C:\WINDOWS\SYSTEM32\WINMMBASE.dll
0x00007fff77b30000 - 0x00007fff77b7a000 	C:\WINDOWS\System32\cfgmgr32.dll
0x0000000053050000 - 0x000000005305f000 	C:\Program Files\Java\jre1.8.0_181\bin\verify.dll
0x0000000053020000 - 0x0000000053049000 	C:\Program Files\Java\jre1.8.0_181\bin\java.dll
0x0000000053000000 - 0x0000000053016000 	C:\Program Files\Java\jre1.8.0_181\bin\zip.dll
0x00007fff7a040000 - 0x00007fff7a725000 	C:\WINDOWS\System32\SHELL32.dll
0x00007fff78e90000 - 0x00007fff78f39000 	C:\WINDOWS\System32\shcore.dll
0x00007fff78470000 - 0x00007fff78bef000 	C:\WINDOWS\System32\windows.storage.dll
0x00007fff77b10000 - 0x00007fff77b2f000 	C:\WINDOWS\System32\profapi.dll
0x00007fff77aa0000 - 0x00007fff77aea000 	C:\WINDOWS\System32\powrprof.dll
0x00007fff77a70000 - 0x00007fff77a80000 	C:\WINDOWS\System32\UMPDC.dll
0x00007fff78f50000 - 0x00007fff78fa2000 	C:\WINDOWS\System32\shlwapi.dll
0x00007fff77a80000 - 0x00007fff77a91000 	C:\WINDOWS\System32\kernel.appcore.dll
0x00007fff77d20000 - 0x00007fff77d37000 	C:\WINDOWS\System32\cryptsp.dll
0x00000000016c0000 - 0x00000000016c3000 	C:\Program Files\Java\jre1.8.0_181\bin\api-ms-win-core-console-l1-1-0.dll
0x0000000002ee0000 - 0x0000000002ee3000 	C:\Program Files\Java\jre1.8.0_181\bin\api-ms-win-core-datetime-l1-1-0.dll
0x0000000002ef0000 - 0x0000000002ef3000 	C:\Program Files\Java\jre1.8.0_181\bin\api-ms-win-core-debug-l1-1-0.dll
0x0000000002f00000 - 0x0000000002f03000 	C:\Program Files\Java\jre1.8.0_181\bin\api-ms-win-core-errorhandling-l1-1-0.dll
0x0000000002f10000 - 0x0000000002f14000 	C:\Program Files\Java\jre1.8.0_181\bin\api-ms-win-core-file-l1-1-0.dll
0x0000000002f20000 - 0x0000000002f23000 	C:\Program Files\Java\jre1.8.0_181\bin\api-ms-win-core-file-l1-2-0.dll
0x0000000003280000 - 0x0000000003283000 	C:\Program Files\Java\jre1.8.0_181\bin\api-ms-win-core-file-l2-1-0.dll
0x0000000003290000 - 0x0000000003293000 	C:\Program Files\Java\jre1.8.0_181\bin\api-ms-win-core-handle-l1-1-0.dll
0x00000000032a0000 - 0x00000000032a3000 	C:\Program Files\Java\jre1.8.0_181\bin\api-ms-win-core-heap-l1-1-0.dll
0x00000000032b0000 - 0x00000000032b3000 	C:\Program Files\Java\jre1.8.0_181\bin\api-ms-win-core-interlocked-l1-1-0.dll
0x00000000032c0000 - 0x00000000032c3000 	C:\Program Files\Java\jre1.8.0_181\bin\api-ms-win-core-libraryloader-l1-1-0.dll
0x00000000032d0000 - 0x00000000032d3000 	C:\Program Files\Java\jre1.8.0_181\bin\api-ms-win-core-localization-l1-2-0.dll
0x00000000032e0000 - 0x00000000032e3000 	C:\Program Files\Java\jre1.8.0_181\bin\api-ms-win-core-memory-l1-1-0.dll
0x00000000032f0000 - 0x00000000032f3000 	C:\Program Files\Java\jre1.8.0_181\bin\api-ms-win-core-namedpipe-l1-1-0.dll
0x0000000003300000 - 0x0000000003303000 	C:\Program Files\Java\jre1.8.0_181\bin\api-ms-win-core-processenvironment-l1-1-0.dll
0x0000000003310000 - 0x0000000003313000 	C:\Program Files\Java\jre1.8.0_181\bin\api-ms-win-core-processthreads-l1-1-0.dll
0x0000000003320000 - 0x0000000003323000 	C:\Program Files\Java\jre1.8.0_181\bin\api-ms-win-core-processthreads-l1-1-1.dll
0x0000000003330000 - 0x0000000003333000 	C:\Program Files\Java\jre1.8.0_181\bin\api-ms-win-core-profile-l1-1-0.dll
0x0000000003340000 - 0x0000000003343000 	C:\Program Files\Java\jre1.8.0_181\bin\api-ms-win-core-rtlsupport-l1-1-0.dll
0x0000000003350000 - 0x0000000003353000 	C:\Program Files\Java\jre1.8.0_181\bin\api-ms-win-core-string-l1-1-0.dll
0x00000000177e0000 - 0x00000000177e3000 	C:\Program Files\Java\jre1.8.0_181\bin\api-ms-win-core-synch-l1-1-0.dll
0x00000000177f0000 - 0x00000000177f3000 	C:\Program Files\Java\jre1.8.0_181\bin\api-ms-win-core-synch-l1-2-0.dll
0x0000000017800000 - 0x0000000017803000 	C:\Program Files\Java\jre1.8.0_181\bin\api-ms-win-core-sysinfo-l1-1-0.dll
0x0000000017810000 - 0x0000000017813000 	C:\Program Files\Java\jre1.8.0_181\bin\api-ms-win-core-timezone-l1-1-0.dll
0x0000000017820000 - 0x0000000017823000 	C:\Program Files\Java\jre1.8.0_181\bin\api-ms-win-core-util-l1-1-0.dll
0x0000000017830000 - 0x0000000017833000 	C:\Program Files\Java\jre1.8.0_181\bin\api-ms-win-crt-conio-l1-1-0.dll
0x0000000017840000 - 0x0000000017844000 	C:\Program Files\Java\jre1.8.0_181\bin\api-ms-win-crt-convert-l1-1-0.dll
0x0000000017850000 - 0x0000000017853000 	C:\Program Files\Java\jre1.8.0_181\bin\api-ms-win-crt-environment-l1-1-0.dll
0x0000000017860000 - 0x0000000017863000 	C:\Program Files\Java\jre1.8.0_181\bin\api-ms-win-crt-filesystem-l1-1-0.dll
0x0000000017870000 - 0x0000000017873000 	C:\Program Files\Java\jre1.8.0_181\bin\api-ms-win-crt-heap-l1-1-0.dll
0x0000000017880000 - 0x0000000017883000 	C:\Program Files\Java\jre1.8.0_181\bin\api-ms-win-crt-locale-l1-1-0.dll
0x0000000017890000 - 0x0000000017895000 	C:\Program Files\Java\jre1.8.0_181\bin\api-ms-win-crt-math-l1-1-0.dll
0x00000000178a0000 - 0x00000000178a5000 	C:\Program Files\Java\jre1.8.0_181\bin\api-ms-win-crt-multibyte-l1-1-0.dll
0x00000000178b0000 - 0x00000000178c0000 	C:\Program Files\Java\jre1.8.0_181\bin\api-ms-win-crt-private-l1-1-0.dll
0x00000000178c0000 - 0x00000000178c3000 	C:\Program Files\Java\jre1.8.0_181\bin\api-ms-win-crt-process-l1-1-0.dll
0x00000000178d0000 - 0x00000000178d4000 	C:\Program Files\Java\jre1.8.0_181\bin\api-ms-win-crt-runtime-l1-1-0.dll
0x00000000178e0000 - 0x00000000178e4000 	C:\Program Files\Java\jre1.8.0_181\bin\api-ms-win-crt-stdio-l1-1-0.dll
0x00000000178f0000 - 0x00000000178f4000 	C:\Program Files\Java\jre1.8.0_181\bin\api-ms-win-crt-string-l1-1-0.dll
0x0000000017900000 - 0x0000000017903000 	C:\Program Files\Java\jre1.8.0_181\bin\api-ms-win-crt-time-l1-1-0.dll
0x0000000017910000 - 0x0000000017913000 	C:\Program Files\Java\jre1.8.0_181\bin\api-ms-win-crt-utility-l1-1-0.dll
0x00007fff5ca00000 - 0x00007fff5caf6000 	C:\Program Files\Java\jre1.8.0_181\bin\ucrtbase.dll
0x00007fff70ce0000 - 0x00007fff70cf6000 	C:\Program Files\Java\jre1.8.0_181\bin\vcruntime140.dll
0x00007fff70c40000 - 0x00007fff70cdc000 	C:\Program Files\Java\jre1.8.0_181\bin\msvcp140.dll
0x00007fff70400000 - 0x00007fff70451000 	C:\Program Files\Java\jre1.8.0_181\bin\concrt140.dll
0x0000000052df0000 - 0x0000000052e13000 	C:\Program Files\Java\jre1.8.0_181\bin\prism_d3d.dll
0x00007fff58e00000 - 0x00007fff58fc7000 	C:\WINDOWS\system32\d3d9.dll
0x00007fff75f30000 - 0x00007fff75f5d000 	C:\WINDOWS\SYSTEM32\dwmapi.dll
0x00007fff766e0000 - 0x00007fff76700000 	C:\WINDOWS\SYSTEM32\dxcore.dll
0x00007fff759f0000 - 0x00007fff75a89000 	C:\WINDOWS\system32\uxtheme.dll
0x00007fff2cb90000 - 0x00007fff303e9000 	C:\WINDOWS\System32\DriverStore\FileRepository\igdlh64.inf_amd64_47ad21e28c856994\igdumdim64.dll
0x00007fff78c50000 - 0x00007fff78d14000 	C:\WINDOWS\System32\OLEAUT32.dll
0x00007fff7a9b0000 - 0x00007fff7ab06000 	C:\WINDOWS\System32\ole32.dll
0x00007fff79ba0000 - 0x00007fff7a010000 	C:\WINDOWS\System32\SETUPAPI.dll
0x00007fff77d40000 - 0x00007fff77d66000 	C:\WINDOWS\System32\bcrypt.dll
0x0000000052da0000 - 0x0000000052de9000 	C:\Program Files\Java\jre1.8.0_181\bin\glass.dll
0x00007fff79930000 - 0x00007fff79a00000 	C:\WINDOWS\System32\COMDLG32.dll
0x00007fff797f0000 - 0x00007fff79926000 	C:\WINDOWS\System32\MSCTF.dll
0x00007fff6d440000 - 0x00007fff6ea42000 	C:\WINDOWS\System32\DriverStore\FileRepository\igdlh64.inf_amd64_47ad21e28c856994\igc64.dll
0x0000000052d80000 - 0x0000000052d94000 	C:\Program Files\Java\jre1.8.0_181\bin\javafx_font.dll
0x00007fff5d7c0000 - 0x00007fff5dabe000 	C:\WINDOWS\SYSTEM32\dwrite.dll
0x00007fff79040000 - 0x00007fff790e2000 	C:\WINDOWS\System32\clbcatq.dll
0x00007fff72990000 - 0x00007fff72b3f000 	C:\WINDOWS\SYSTEM32\WindowsCodecs.dll
0x00007fff56650000 - 0x00007fff5668a000 	C:\WINDOWS\system32\dataexchange.dll
0x00007fff748c0000 - 0x00007fff74b1b000 	C:\WINDOWS\system32\d3d11.dll
0x00007fff74f80000 - 0x00007fff7515b000 	C:\WINDOWS\system32\dcomp.dll
0x00007fff76770000 - 0x00007fff7685b000 	C:\WINDOWS\system32\dxgi.dll
0x00007fff75b20000 - 0x00007fff75d7a000 	C:\WINDOWS\system32\twinapi.appcore.dll
0x00007fff76040000 - 0x00007fff76069000 	C:\WINDOWS\system32\RMCLIENT.dll
0x00007fff6a760000 - 0x00007fff6a793000 	C:\Program Files\Common Files\Microsoft Shared\Ink\rtscom.dll
0x00007fff68330000 - 0x00007fff683ce000 	C:\WINDOWS\System32\TextInputFramework.dll
0x00007fff754d0000 - 0x00007fff755a4000 	C:\WINDOWS\System32\CoreMessaging.dll
0x00007fff72ce0000 - 0x00007fff7300a000 	C:\WINDOWS\System32\CoreUIComponents.dll
0x00007fff76ad0000 - 0x00007fff76b01000 	C:\WINDOWS\SYSTEM32\ntmarta.dll
0x00007fff73470000 - 0x00007fff735c3000 	C:\WINDOWS\SYSTEM32\wintypes.dll
0x00007fff66b90000 - 0x00007fff66e36000 	C:\WINDOWS\System32\iertutil.dll

VM Arguments:
jvm_args: -Dfile.encoding=UTF-8 
java_command: main.StartOs
java_class_path (initial): C:\Program Files\Java\jre1.8.0_181\lib\resources.jar;C:\Program Files\Java\jre1.8.0_181\lib\rt.jar;C:\Program Files\Java\jre1.8.0_181\lib\jsse.jar;C:\Program Files\Java\jre1.8.0_181\lib\jce.jar;C:\Program Files\Java\jre1.8.0_181\lib\charsets.jar;C:\Program Files\Java\jre1.8.0_181\lib\jfr.jar;C:\Program Files\Java\jre1.8.0_181\lib\ext\access-bridge-64.jar;C:\Program Files\Java\jre1.8.0_181\lib\ext\cldrdata.jar;C:\Program Files\Java\jre1.8.0_181\lib\ext\dnsns.jar;C:\Program Files\Java\jre1.8.0_181\lib\ext\jaccess.jar;C:\Program Files\Java\jre1.8.0_181\lib\ext\jfxrt.jar;C:\Program Files\Java\jre1.8.0_181\lib\ext\localedata.jar;C:\Program Files\Java\jre1.8.0_181\lib\ext\nashorn.jar;C:\Program Files\Java\jre1.8.0_181\lib\ext\sunec.jar;C:\Program Files\Java\jre1.8.0_181\lib\ext\sunjce_provider.jar;C:\Program Files\Java\jre1.8.0_181\lib\ext\sunmscapi.jar;C:\Program Files\Java\jre1.8.0_181\lib\ext\sunpkcs11.jar;C:\Program Files\Java\jre1.8.0_181\lib\ext\zipfs.jar;C:\Users\lenovo\eclipse-workspace\DemoOs\bin;C:\Users\lenovo\.p2\pool\plugins\org.eclipse.fx.ide.css.jfx8_3.1.0.201712060800.jar
Launcher Type: SUN_STANDARD

Environment Variables:
PATH=C:/Program Files/Java/jre1.8.0_181/bin/server;C:/Program Files/Java/jre1.8.0_181/bin;C:/Program Files/Java/jre1.8.0_181/lib/amd64;C:\Program Files (x86)\Common Files\Oracle\Java\javapath;C:\WINDOWS\system32;C:\WINDOWS;C:\WINDOWS\System32\Wbem;C:\WINDOWS\System32\WindowsPowerShell\v1.0\;C:\WINDOWS\System32\OpenSSH\;C:\Program Files\Java\jre-10.0.1;C:\Program Files\Java\jdk-10.0.1;D:\Git\cmd;C:\Program Files\Java\jdk1.8.0_181\bin;C:\Program Files (x86)\NVIDIA Corporation\PhysX\Common;C:\Program Files\dotnet\;%QUARTUS_ROOTDIR%\bin;C:\Program Files\nodejs\;C:\Program Files\Git\cmd;C:\WINDOWS\system32;C:\WINDOWS;C:\WINDOWS\System32\Wbem;C:\WINDOWS\System32\WindowsPowerShell\v1.0\;C:\WINDOWS\System32\OpenSSH\;C:\Users\lenovo\AppData\Local\Microsoft\WindowsApps;C:\Users\lenovo\AppData\Roaming\npm;;C:\WINDOWS\system32;
USERNAME=lenovo
OS=Windows_NT
PROCESSOR_IDENTIFIER=Intel64 Family 6 Model 158 Stepping 9, GenuineIntel



---------------  S Y S T E M  ---------------

OS: Windows 10.0 , 64 bit Build 18362 (10.0.18362.329)

CPU:total 4 (initial active 4) (4 cores per cpu, 1 threads per core) family 6 model 158 stepping 9, cmov, cx8, fxsr, mmx, sse, sse2, sse3, ssse3, sse4.1, sse4.2, popcnt, avx, avx2, aes, clmul, erms, 3dnowpref, lzcnt, tsc, tscinvbit, bmi1, bmi2, adx

Memory: 4k page, physical 3893912k(357328k free), swap 15952536k(5464k free)

vm_info: Java HotSpot(TM) 64-Bit Server VM (25.181-b13) for windows-amd64 JRE (1.8.0_181-b13), built on Jul  7 2018 04:01:33 by "java_re" with MS VC++ 10.0 (VS2010)

time: Sat Oct 26 22:30:33 2019
elapsed time: 2 seconds (0d 0h 0m 2s)

