#
# There is insufficient memory for the Java Runtime Environment to continue.
# Native memory allocation (malloc) failed to allocate 1381984 bytes for Chunk::new
# Possible reasons:
#   The system is out of physical RAM or swap space
#   In 32 bit mode, the process size limit was hit
# Possible solutions:
#   Reduce memory load on the system
#   Increase physical memory or swap space
#   Check if swap backing store is full
#   Use 64 bit Java on a 64 bit OS
#   Decrease Java heap size (-Xmx/-Xms)
#   Decrease number of Java threads
#   Decrease Java thread stack sizes (-Xss)
#   Set larger code cache with -XX:ReservedCodeCacheSize=
# This output file may be truncated or incomplete.
#
#  Out of Memory Error (allocation.cpp:390), pid=2080, tid=0x00000000000015d4
#
# JRE version: Java(TM) SE Runtime Environment (8.0_181-b13) (build 1.8.0_181-b13)
# Java VM: Java HotSpot(TM) 64-Bit Server VM (25.181-b13 mixed mode windows-amd64 compressed oops)
# Failed to write core dump. Minidumps are not enabled by default on client versions of Windows
#

---------------  T H R E A D  ---------------

Current thread (0x0000000015b64000):  JavaThread "C2 CompilerThread0" daemon [_thread_in_native, id=5588, stack(0x0000000017460000,0x0000000017560000)]

Stack: [0x0000000017460000,0x0000000017560000]
[error occurred during error reporting (printing stack bounds), id 0xc0000005]

Native frames: (J=compiled Java code, j=interpreted, Vv=VM code, C=native code)


Current CompileTask:
C2:   1921 1775   !   4       com.sun.javafx.css.StyleManager::findMatchingStyles (1260 bytes)


---------------  P R O C E S S  ---------------

Java Threads: ( => current thread )
  0x0000000017e11000 JavaThread "Prism Font Disposer" daemon [_thread_blocked, id=19704, stack(0x00000000237a0000,0x00000000238a0000)]
  0x0000000017e15000 JavaThread "Thread-5" [_thread_blocked, id=18648, stack(0x00000000224c0000,0x00000000225c0000)]
  0x0000000017e14000 JavaThread "Thread-4" [_thread_blocked, id=27384, stack(0x00000000223c0000,0x00000000224c0000)]
  0x0000000017ada800 JavaThread "Thread-3" daemon [_thread_in_native, id=10476, stack(0x000000001f1f0000,0x000000001f2f0000)]
  0x0000000017ada000 JavaThread "JavaFX-Launcher" [_thread_blocked, id=26560, stack(0x000000001f2f0000,0x000000001f3f0000)]
  0x0000000017a33800 JavaThread "JavaFX Application Thread" [_thread_in_vm, id=31732, stack(0x0000000018750000,0x0000000018850000)]
  0x00000000179d4000 JavaThread "Thread-1" daemon [_thread_blocked, id=12760, stack(0x0000000018650000,0x0000000018750000)]
  0x00000000179b6800 JavaThread "QuantumRenderer-0" daemon [_thread_blocked, id=9840, stack(0x0000000018360000,0x0000000018460000)]
  0x0000000016edc800 JavaThread "Service Thread" daemon [_thread_blocked, id=23408, stack(0x0000000017760000,0x0000000017860000)]
  0x0000000016e73800 JavaThread "C1 CompilerThread2" daemon [_thread_blocked, id=29900, stack(0x0000000017660000,0x0000000017760000)]
  0x0000000015b6c800 JavaThread "C2 CompilerThread1" daemon [_thread_in_native, id=31312, stack(0x0000000017560000,0x0000000017660000)]
=>0x0000000015b64000 JavaThread "C2 CompilerThread0" daemon [_thread_in_native, id=5588, stack(0x0000000017460000,0x0000000017560000)]
  0x0000000015b61000 JavaThread "Attach Listener" daemon [_thread_blocked, id=27944, stack(0x0000000017360000,0x0000000017460000)]
  0x0000000016e68800 JavaThread "Signal Dispatcher" daemon [_thread_blocked, id=29692, stack(0x0000000017260000,0x0000000017360000)]
  0x0000000015afa800 JavaThread "Finalizer" daemon [_thread_blocked, id=9456, stack(0x0000000016d60000,0x0000000016e60000)]
  0x00000000036e0800 JavaThread "Reference Handler" daemon [_thread_blocked, id=29400, stack(0x0000000016c60000,0x0000000016d60000)]
  0x00000000035ee000 JavaThread "main" [_thread_blocked, id=31136, stack(0x0000000003420000,0x0000000003520000)]

Other Threads:
  0x0000000015ad8800 VMThread [stack: 0x0000000016b60000,0x0000000016c60000] [id=20396]
  0x0000000016ef7000 WatcherThread [stack: 0x0000000017860000,0x0000000017960000] [id=24548]

VM state:not at safepoint (normal execution)

VM Mutex/Monitor currently owned by a thread: None

Heap:
 PSYoungGen      total 33280K, used 8987K [0x00000000ec300000, 0x00000000f1000000, 0x0000000100000000)
  eden space 30720K, 20% used [0x00000000ec300000,0x00000000ec94ae00,0x00000000ee100000)
  from space 2560K, 99% used [0x00000000ee100000,0x00000000ee37c030,0x00000000ee380000)
  to   space 8704K, 0% used [0x00000000f0780000,0x00000000f0780000,0x00000000f1000000)
 ParOldGen       total 40960K, used 9435K [0x00000000c4800000, 0x00000000c7000000, 0x00000000ec300000)
  object space 40960K, 23% used [0x00000000c4800000,0x00000000c5136d50,0x00000000c7000000)
 Metaspace       used 17520K, capacity 18638K, committed 18816K, reserved 1064960K
  class space    used 2619K, capacity 2864K, committed 2944K, reserved 1048576K

Card table byte_map: [0x0000000012ab0000,0x0000000012c90000] byte_map_base: 0x000000001248c000

Marking Bits: (ParMarkBitMap*) 0x0000000053962d00
 Begin Bits: [0x00000000131d0000, 0x00000000140b0000)
 End Bits:   [0x00000000140b0000, 0x0000000014f90000)

Polling page: 0x00000000018a0000

CodeCache: size=245760Kb used=6735Kb max_used=6735Kb free=239024Kb
 bounds [0x00000000036f0000, 0x0000000003d90000, 0x00000000126f0000]
 total_blobs=2485 nmethods=1896 adapters=501
 compilation: enabled

Compilation events (10 events):
Event: 1.914 Thread 0x0000000016e73800 1905       2       javafx.scene.paint.Color::getGreen (6 bytes)
Event: 1.914 Thread 0x0000000016e73800 nmethod 1905 0x0000000003d7a8d0 code [0x0000000003d7aa20, 0x0000000003d7ab70]
Event: 1.914 Thread 0x0000000016e73800 1908       2       java.util.Locale::getLanguage (8 bytes)
Event: 1.914 Thread 0x0000000016e73800 nmethod 1908 0x0000000003d7a590 code [0x0000000003d7a6e0, 0x0000000003d7a830]
Event: 1.914 Thread 0x0000000016e73800 1906       2       javafx.scene.paint.Color::getBlue (6 bytes)
Event: 1.914 Thread 0x0000000016e73800 nmethod 1906 0x0000000003d7a250 code [0x0000000003d7a3a0, 0x0000000003d7a4f0]
Event: 1.914 Thread 0x0000000016e73800 1903       2       javafx.scene.Node::getPseudoClassStates (8 bytes)
Event: 1.914 Thread 0x0000000016e73800 nmethod 1903 0x0000000003d84bd0 code [0x0000000003d84d40, 0x0000000003d84fa8]
Event: 1.914 Thread 0x0000000016e73800 1907       1       com.sun.javafx.UnmodifiableArrayList::size (5 bytes)
Event: 1.914 Thread 0x0000000016e73800 nmethod 1907 0x0000000003d79f90 code [0x0000000003d7a0e0, 0x0000000003d7a1f0]

GC Heap History (10 events):
Event: 0.700 GC heap before
{Heap before GC invocations=1 (full 0):
 PSYoungGen      total 17920K, used 15360K [0x00000000ec300000, 0x00000000ed700000, 0x0000000100000000)
  eden space 15360K, 100% used [0x00000000ec300000,0x00000000ed200000,0x00000000ed200000)
  from space 2560K, 0% used [0x00000000ed480000,0x00000000ed480000,0x00000000ed700000)
  to   space 2560K, 0% used [0x00000000ed200000,0x00000000ed200000,0x00000000ed480000)
 ParOldGen       total 40960K, used 0K [0x00000000c4800000, 0x00000000c7000000, 0x00000000ec300000)
  object space 40960K, 0% used [0x00000000c4800000,0x00000000c4800000,0x00000000c7000000)
 Metaspace       used 9455K, capacity 9836K, committed 10112K, reserved 1058816K
  class space    used 1200K, capacity 1333K, committed 1408K, reserved 1048576K
Event: 0.703 GC heap after
Heap after GC invocations=1 (full 0):
 PSYoungGen      total 17920K, used 2528K [0x00000000ec300000, 0x00000000ed700000, 0x0000000100000000)
  eden space 15360K, 0% used [0x00000000ec300000,0x00000000ec300000,0x00000000ed200000)
  from space 2560K, 98% used [0x00000000ed200000,0x00000000ed478060,0x00000000ed480000)
  to   space 2560K, 0% used [0x00000000ed480000,0x00000000ed480000,0x00000000ed700000)
 ParOldGen       total 40960K, used 16K [0x00000000c4800000, 0x00000000c7000000, 0x00000000ec300000)
  object space 40960K, 0% used [0x00000000c4800000,0x00000000c4804000,0x00000000c7000000)
 Metaspace       used 9455K, capacity 9836K, committed 10112K, reserved 1058816K
  class space    used 1200K, capacity 1333K, committed 1408K, reserved 1048576K
}
Event: 0.875 GC heap before
{Heap before GC invocations=2 (full 0):
 PSYoungGen      total 17920K, used 17888K [0x00000000ec300000, 0x00000000ed700000, 0x0000000100000000)
  eden space 15360K, 100% used [0x00000000ec300000,0x00000000ed200000,0x00000000ed200000)
  from space 2560K, 98% used [0x00000000ed200000,0x00000000ed478060,0x00000000ed480000)
  to   space 2560K, 0% used [0x00000000ed480000,0x00000000ed480000,0x00000000ed700000)
 ParOldGen       total 40960K, used 16K [0x00000000c4800000, 0x00000000c7000000, 0x00000000ec300000)
  object space 40960K, 0% used [0x00000000c4800000,0x00000000c4804000,0x00000000c7000000)
 Metaspace       used 11499K, capacity 11970K, committed 12032K, reserved 1058816K
  class space    used 1570K, capacity 1738K, committed 1792K, reserved 1048576K
Event: 0.879 GC heap after
Heap after GC invocations=2 (full 0):
 PSYoungGen      total 17920K, used 2552K [0x00000000ec300000, 0x00000000ee600000, 0x0000000100000000)
  eden space 15360K, 0% used [0x00000000ec300000,0x00000000ec300000,0x00000000ed200000)
  from space 2560K, 99% used [0x00000000ed480000,0x00000000ed6fe050,0x00000000ed700000)
  to   space 2560K, 0% used [0x00000000ed200000,0x00000000ed200000,0x00000000ed480000)
 ParOldGen       total 40960K, used 1149K [0x00000000c4800000, 0x00000000c7000000, 0x00000000ec300000)
  object space 40960K, 2% used [0x00000000c4800000,0x00000000c491f418,0x00000000c7000000)
 Metaspace       used 11499K, capacity 11970K, committed 12032K, reserved 1058816K
  class space    used 1570K, capacity 1738K, committed 1792K, reserved 1048576K
}
Event: 1.128 GC heap before
{Heap before GC invocations=3 (full 0):
 PSYoungGen      total 17920K, used 17912K [0x00000000ec300000, 0x00000000ee600000, 0x0000000100000000)
  eden space 15360K, 100% used [0x00000000ec300000,0x00000000ed200000,0x00000000ed200000)
  from space 2560K, 99% used [0x00000000ed480000,0x00000000ed6fe050,0x00000000ed700000)
  to   space 2560K, 0% used [0x00000000ed200000,0x00000000ed200000,0x00000000ed480000)
 ParOldGen       total 40960K, used 1149K [0x00000000c4800000, 0x00000000c7000000, 0x00000000ec300000)
  object space 40960K, 2% used [0x00000000c4800000,0x00000000c491f418,0x00000000c7000000)
 Metaspace       used 13472K, capacity 14062K, committed 14336K, reserved 1060864K
  class space    used 1847K, capacity 1984K, committed 2048K, reserved 1048576K
Event: 1.137 GC heap after
Heap after GC invocations=3 (full 0):
 PSYoungGen      total 17920K, used 2552K [0x00000000ec300000, 0x00000000ee600000, 0x0000000100000000)
  eden space 15360K, 0% used [0x00000000ec300000,0x00000000ec300000,0x00000000ed200000)
  from space 2560K, 99% used [0x00000000ed200000,0x00000000ed47e030,0x00000000ed480000)
  to   space 2560K, 0% used [0x00000000ee380000,0x00000000ee380000,0x00000000ee600000)
 ParOldGen       total 40960K, used 7727K [0x00000000c4800000, 0x00000000c7000000, 0x00000000ec300000)
  object space 40960K, 18% used [0x00000000c4800000,0x00000000c4f8bce8,0x00000000c7000000)
 Metaspace       used 13472K, capacity 14062K, committed 14336K, reserved 1060864K
  class space    used 1847K, capacity 1984K, committed 2048K, reserved 1048576K
}
Event: 1.544 GC heap before
{Heap before GC invocations=4 (full 0):
 PSYoungGen      total 17920K, used 17912K [0x00000000ec300000, 0x00000000ee600000, 0x0000000100000000)
  eden space 15360K, 100% used [0x00000000ec300000,0x00000000ed200000,0x00000000ed200000)
  from space 2560K, 99% used [0x00000000ed200000,0x00000000ed47e030,0x00000000ed480000)
  to   space 2560K, 0% used [0x00000000ee380000,0x00000000ee380000,0x00000000ee600000)
 ParOldGen       total 40960K, used 7727K [0x00000000c4800000, 0x00000000c7000000, 0x00000000ec300000)
  object space 40960K, 18% used [0x00000000c4800000,0x00000000c4f8bce8,0x00000000c7000000)
 Metaspace       used 16595K, capacity 17416K, committed 17536K, reserved 1064960K
  class space    used 2452K, capacity 2667K, committed 2688K, reserved 1048576K
Event: 1.557 GC heap after
Heap after GC invocations=4 (full 0):
 PSYoungGen      total 33280K, used 2544K [0x00000000ec300000, 0x00000000ee600000, 0x0000000100000000)
  eden space 30720K, 0% used [0x00000000ec300000,0x00000000ec300000,0x00000000ee100000)
  from space 2560K, 99% used [0x00000000ee380000,0x00000000ee5fc050,0x00000000ee600000)
  to   space 2560K, 0% used [0x00000000ee100000,0x00000000ee100000,0x00000000ee380000)
 ParOldGen       total 40960K, used 8980K [0x00000000c4800000, 0x00000000c7000000, 0x00000000ec300000)
  object space 40960K, 21% used [0x00000000c4800000,0x00000000c50c5050,0x00000000c7000000)
 Metaspace       used 16595K, capacity 17416K, committed 17536K, reserved 1064960K
  class space    used 2452K, capacity 2667K, committed 2688K, reserved 1048576K
}
Event: 1.830 GC heap before
{Heap before GC invocations=5 (full 0):
 PSYoungGen      total 33280K, used 33264K [0x00000000ec300000, 0x00000000ee600000, 0x0000000100000000)
  eden space 30720K, 100% used [0x00000000ec300000,0x00000000ee100000,0x00000000ee100000)
  from space 2560K, 99% used [0x00000000ee380000,0x00000000ee5fc050,0x00000000ee600000)
  to   space 2560K, 0% used [0x00000000ee100000,0x00000000ee100000,0x00000000ee380000)
 ParOldGen       total 40960K, used 8980K [0x00000000c4800000, 0x00000000c7000000, 0x00000000ec300000)
  object space 40960K, 21% used [0x00000000c4800000,0x00000000c50c5050,0x00000000c7000000)
 Metaspace       used 16821K, capacity 17726K, committed 17920K, reserved 1064960K
  class space    used 2503K, capacity 2740K, committed 2816K, reserved 1048576K
Event: 1.838 GC heap after
Heap after GC invocations=5 (full 0):
 PSYoungGen      total 33280K, used 2544K [0x00000000ec300000, 0x00000000f1000000, 0x0000000100000000)
  eden space 30720K, 0% used [0x00000000ec300000,0x00000000ec300000,0x00000000ee100000)
  from space 2560K, 99% used [0x00000000ee100000,0x00000000ee37c030,0x00000000ee380000)
  to   space 8704K, 0% used [0x00000000f0780000,0x00000000f0780000,0x00000000f1000000)
 ParOldGen       total 40960K, used 9435K [0x00000000c4800000, 0x00000000c7000000, 0x00000000ec300000)
  object space 40960K, 23% used [0x00000000c4800000,0x00000000c5136d50,0x00000000c7000000)
 Metaspace       used 16821K, capacity 17726K, committed 17920K, reserved 1064960K
  class space    used 2503K, capacity 2740K, committed 2816K, reserved 1048576K
}

Deoptimization events (10 events):
Event: 1.730 Thread 0x0000000017a33800 Uncommon trap: reason=array_check action=maybe_recompile pc=0x0000000003d1574c method=com.sun.javafx.css.SimpleSelector.applies(Ljavafx/css/Styleable;[Ljava/util/Set;I)Z @ 37
Event: 1.730 Thread 0x0000000017a33800 Uncommon trap: reason=array_check action=maybe_recompile pc=0x0000000003d09380 method=com.sun.javafx.css.CompoundSelector.applies(Ljavafx/css/Styleable;[Ljava/util/Set;I)Z @ 128
Event: 1.730 Thread 0x0000000017a33800 Uncommon trap: reason=array_check action=maybe_recompile pc=0x0000000003d09380 method=com.sun.javafx.css.CompoundSelector.applies(Ljavafx/css/Styleable;[Ljava/util/Set;I)Z @ 128
Event: 1.730 Thread 0x0000000017a33800 Uncommon trap: reason=array_check action=maybe_recompile pc=0x0000000003d09380 method=com.sun.javafx.css.CompoundSelector.applies(Ljavafx/css/Styleable;[Ljava/util/Set;I)Z @ 128
Event: 1.730 Thread 0x0000000017a33800 Uncommon trap: reason=array_check action=maybe_recompile pc=0x0000000003d09380 method=com.sun.javafx.css.CompoundSelector.applies(Ljavafx/css/Styleable;[Ljava/util/Set;I)Z @ 128
Event: 1.730 Thread 0x0000000017a33800 Uncommon trap: reason=class_check action=maybe_recompile pc=0x0000000003d29668 method=com.sun.javafx.css.StyleManager$Cache.getStyleMap(Lcom/sun/javafx/css/StyleManager$CacheContainer;Ljavafx/scene/Node;[Ljava/util/Set;Z)Lcom/sun/javafx/css/StyleMap; @ 32
Event: 1.730 Thread 0x0000000017a33800 Uncommon trap: reason=class_check action=maybe_recompile pc=0x0000000003d29668 method=com.sun.javafx.css.StyleManager$Cache.getStyleMap(Lcom/sun/javafx/css/StyleManager$CacheContainer;Ljavafx/scene/Node;[Ljava/util/Set;Z)Lcom/sun/javafx/css/StyleMap; @ 32
Event: 1.730 Thread 0x0000000017a33800 Uncommon trap: reason=class_check action=maybe_recompile pc=0x0000000003d29668 method=com.sun.javafx.css.StyleManager$Cache.getStyleMap(Lcom/sun/javafx/css/StyleManager$CacheContainer;Ljavafx/scene/Node;[Ljava/util/Set;Z)Lcom/sun/javafx/css/StyleMap; @ 32
Event: 1.730 Thread 0x0000000017a33800 Uncommon trap: reason=class_check action=maybe_recompile pc=0x0000000003d29668 method=com.sun.javafx.css.StyleManager$Cache.getStyleMap(Lcom/sun/javafx/css/StyleManager$CacheContainer;Ljavafx/scene/Node;[Ljava/util/Set;Z)Lcom/sun/javafx/css/StyleMap; @ 32
Event: 1.781 Thread 0x0000000017a33800 Uncommon trap: reason=unstable_if action=reinterpret pc=0x0000000003d44f24 method=javafx.scene.CssStyleHelper.isUserSetFont(Ljavafx/css/Styleable;)Z @ 56

Classes redefined (0 events):
No events

Internal exceptions (10 events):
Event: 0.947 Thread 0x0000000017a33800 Exception <a 'java/lang/ArrayIndexOutOfBoundsException'> (0x00000000ec5cd768) thrown at [C:\re\workspace\8-2-build-windows-amd64-cygwin\jdk8u181\11358\hotspot\src\share\vm\runtime\sharedRuntime.cpp, line 605]
Event: 0.980 Thread 0x0000000017a33800 Exception <a 'java/lang/ArrayIndexOutOfBoundsException': 65> (0x00000000ec7d48a0) thrown at [C:\re\workspace\8-2-build-windows-amd64-cygwin\jdk8u181\11358\hotspot\src\share\vm\interpreter\interpreterRuntime.cpp, line 366]
Event: 1.013 Thread 0x0000000017a33800 Exception <a 'java/lang/NoSuchMethodError': <clinit>> (0x00000000ecaa2b48) thrown at [C:\re\workspace\8-2-build-windows-amd64-cygwin\jdk8u181\11358\hotspot\src\share\vm\prims\jni.cpp, line 1613]
Event: 1.143 Thread 0x0000000017a33800 Exception <a 'java/lang/NoSuchMethodError': <clinit>> (0x00000000ec33c1b0) thrown at [C:\re\workspace\8-2-build-windows-amd64-cygwin\jdk8u181\11358\hotspot\src\share\vm\prims\jni.cpp, line 1613]
Event: 1.143 Thread 0x0000000017a33800 Exception <a 'java/lang/NoSuchMethodError': <clinit>> (0x00000000ec33cb48) thrown at [C:\re\workspace\8-2-build-windows-amd64-cygwin\jdk8u181\11358\hotspot\src\share\vm\prims\jni.cpp, line 1613]
Event: 1.189 Thread 0x0000000017a33800 Implicit null exception at 0x0000000003a249f5 to 0x0000000003a24c11
Event: 1.189 Thread 0x0000000017a33800 Implicit null exception at 0x0000000003a44a98 to 0x0000000003a44b26
Event: 1.223 Thread 0x0000000017a33800 Exception <a 'java/io/FileNotFoundException'> (0x00000000ec565fa8) thrown at [C:\re\workspace\8-2-build-windows-amd64-cygwin\jdk8u181\11358\hotspot\src\share\vm\prims\jni.cpp, line 709]
Event: 1.430 Thread 0x0000000017a33800 Implicit null exception at 0x0000000003ba4a2d to 0x0000000003ba50e1
Event: 1.432 Thread 0x0000000017a33800 Implicit null exception at 0x0000000003b1b12a to 0x0000000003b1b171

Events (10 events):
Event: 1.918 loading class com/sun/javafx/scene/control/behavior/TableViewBehaviorBase
Event: 1.918 loading class com/sun/javafx/scene/control/behavior/TableViewBehaviorBase done
Event: 1.919 loading class javafx/beans/value/ObservableValue
Event: 1.919 loading class javafx/beans/value/ObservableValue done
Event: 1.919 loading class javafx/beans/value/ObservableValue
Event: 1.919 loading class javafx/beans/value/ObservableValue done
Event: 1.919 loading class javafx/beans/value/ObservableValue
Event: 1.919 loading class javafx/beans/value/ObservableValue done
Event: 1.919 loading class com/sun/javafx/scene/control/behavior/TableViewBehavior
Event: 1.919 loading class com/sun/javafx/scene/control/behavior/TableViewBehavior done


Dynamic libraries:
0x00007ff717940000 - 0x00007ff717977000 	C:\Program Files\Java\jre1.8.0_181\bin\javaw.exe
0x00007fff7aba0000 - 0x00007fff7ad90000 	C:\WINDOWS\SYSTEM32\ntdll.dll
0x00007fff79210000 - 0x00007fff792c2000 	C:\WINDOWS\System32\KERNEL32.DLL
0x00007fff78110000 - 0x00007fff783b3000 	C:\WINDOWS\System32\KERNELBASE.dll
0x00007fff792e0000 - 0x00007fff79383000 	C:\WINDOWS\System32\ADVAPI32.dll
0x00007fff78d80000 - 0x00007fff78e1e000 	C:\WINDOWS\System32\msvcrt.dll
0x00007fff79390000 - 0x00007fff79427000 	C:\WINDOWS\System32\sechost.dll
0x00007fff790f0000 - 0x00007fff79210000 	C:\WINDOWS\System32\RPCRT4.dll
0x00007fff79a00000 - 0x00007fff79b94000 	C:\WINDOWS\System32\USER32.dll
0x00007fff78440000 - 0x00007fff78461000 	C:\WINDOWS\System32\win32u.dll
0x00007fff7a010000 - 0x00007fff7a036000 	C:\WINDOWS\System32\GDI32.dll
0x00007fff77d70000 - 0x00007fff77f04000 	C:\WINDOWS\System32\gdi32full.dll
0x00007fff77c80000 - 0x00007fff77d1e000 	C:\WINDOWS\System32\msvcp_win.dll
0x00007fff77b80000 - 0x00007fff77c7a000 	C:\WINDOWS\System32\ucrtbase.dll
0x00007fff6b910000 - 0x00007fff6bb95000 	C:\WINDOWS\WinSxS\amd64_microsoft.windows.common-controls_6595b64144ccf1df_6.0.18362.418_none_e6c6b287130d565d\COMCTL32.dll
0x00007fff794b0000 - 0x00007fff797e6000 	C:\WINDOWS\System32\combase.dll
0x00007fff783c0000 - 0x00007fff78440000 	C:\WINDOWS\System32\bcryptPrimitives.dll
0x00007fff7ab10000 - 0x00007fff7ab3e000 	C:\WINDOWS\System32\IMM32.DLL
0x0000000052e20000 - 0x0000000052ef2000 	C:\Program Files\Java\jre1.8.0_181\bin\msvcr100.dll
0x0000000053140000 - 0x00000000539e2000 	C:\Program Files\Java\jre1.8.0_181\bin\server\jvm.dll
0x00007fff792d0000 - 0x00007fff792d8000 	C:\WINDOWS\System32\PSAPI.DLL
0x00007fff755f0000 - 0x00007fff75614000 	C:\WINDOWS\SYSTEM32\WINMM.dll
0x00007fff60a40000 - 0x00007fff60a49000 	C:\WINDOWS\SYSTEM32\WSOCK32.dll
0x00007fff6d170000 - 0x00007fff6d17a000 	C:\WINDOWS\SYSTEM32\VERSION.dll
0x00007fff7a8e0000 - 0x00007fff7a94f000 	C:\WINDOWS\System32\WS2_32.dll
0x00007fff755b0000 - 0x00007fff755dd000 	C:\WINDOWS\SYSTEM32\winmmbase.dll
0x00007fff77b30000 - 0x00007fff77b7a000 	C:\WINDOWS\System32\cfgmgr32.dll
0x0000000053050000 - 0x000000005305f000 	C:\Program Files\Java\jre1.8.0_181\bin\verify.dll
0x0000000053020000 - 0x0000000053049000 	C:\Program Files\Java\jre1.8.0_181\bin\java.dll
0x0000000053000000 - 0x0000000053016000 	C:\Program Files\Java\jre1.8.0_181\bin\zip.dll
0x00007fff7a040000 - 0x00007fff7a725000 	C:\WINDOWS\System32\SHELL32.dll
0x00007fff78e90000 - 0x00007fff78f39000 	C:\WINDOWS\System32\shcore.dll
0x00007fff78470000 - 0x00007fff78bef000 	C:\WINDOWS\System32\windows.storage.dll
0x00007fff77b10000 - 0x00007fff77b2f000 	C:\WINDOWS\System32\profapi.dll
0x00007fff77aa0000 - 0x00007fff77aea000 	C:\WINDOWS\System32\powrprof.dll
0x00007fff77a70000 - 0x00007fff77a80000 	C:\WINDOWS\System32\UMPDC.dll
0x00007fff78f50000 - 0x00007fff78fa2000 	C:\WINDOWS\System32\shlwapi.dll
0x00007fff77a80000 - 0x00007fff77a91000 	C:\WINDOWS\System32\kernel.appcore.dll
0x00007fff77d20000 - 0x00007fff77d37000 	C:\WINDOWS\System32\cryptsp.dll
0x0000000001900000 - 0x0000000001903000 	C:\Program Files\Java\jre1.8.0_181\bin\api-ms-win-core-console-l1-1-0.dll
0x0000000001910000 - 0x0000000001913000 	C:\Program Files\Java\jre1.8.0_181\bin\api-ms-win-core-datetime-l1-1-0.dll
0x0000000003580000 - 0x0000000003583000 	C:\Program Files\Java\jre1.8.0_181\bin\api-ms-win-core-debug-l1-1-0.dll
0x0000000003590000 - 0x0000000003593000 	C:\Program Files\Java\jre1.8.0_181\bin\api-ms-win-core-errorhandling-l1-1-0.dll
0x00000000035a0000 - 0x00000000035a4000 	C:\Program Files\Java\jre1.8.0_181\bin\api-ms-win-core-file-l1-1-0.dll
0x00000000035b0000 - 0x00000000035b3000 	C:\Program Files\Java\jre1.8.0_181\bin\api-ms-win-core-file-l1-2-0.dll
0x00000000035c0000 - 0x00000000035c3000 	C:\Program Files\Java\jre1.8.0_181\bin\api-ms-win-core-file-l2-1-0.dll
0x00000000035d0000 - 0x00000000035d3000 	C:\Program Files\Java\jre1.8.0_181\bin\api-ms-win-core-handle-l1-1-0.dll
0x0000000018160000 - 0x0000000018163000 	C:\Program Files\Java\jre1.8.0_181\bin\api-ms-win-core-heap-l1-1-0.dll
0x0000000018170000 - 0x0000000018173000 	C:\Program Files\Java\jre1.8.0_181\bin\api-ms-win-core-interlocked-l1-1-0.dll
0x0000000018180000 - 0x0000000018183000 	C:\Program Files\Java\jre1.8.0_181\bin\api-ms-win-core-libraryloader-l1-1-0.dll
0x0000000018190000 - 0x0000000018193000 	C:\Program Files\Java\jre1.8.0_181\bin\api-ms-win-core-localization-l1-2-0.dll
0x00000000181a0000 - 0x00000000181a3000 	C:\Program Files\Java\jre1.8.0_181\bin\api-ms-win-core-memory-l1-1-0.dll
0x00000000181b0000 - 0x00000000181b3000 	C:\Program Files\Java\jre1.8.0_181\bin\api-ms-win-core-namedpipe-l1-1-0.dll
0x00000000181c0000 - 0x00000000181c3000 	C:\Program Files\Java\jre1.8.0_181\bin\api-ms-win-core-processenvironment-l1-1-0.dll
0x00000000181d0000 - 0x00000000181d3000 	C:\Program Files\Java\jre1.8.0_181\bin\api-ms-win-core-processthreads-l1-1-0.dll
0x00000000181e0000 - 0x00000000181e3000 	C:\Program Files\Java\jre1.8.0_181\bin\api-ms-win-core-processthreads-l1-1-1.dll
0x00000000181f0000 - 0x00000000181f3000 	C:\Program Files\Java\jre1.8.0_181\bin\api-ms-win-core-profile-l1-1-0.dll
0x0000000018200000 - 0x0000000018203000 	C:\Program Files\Java\jre1.8.0_181\bin\api-ms-win-core-rtlsupport-l1-1-0.dll
0x0000000018210000 - 0x0000000018213000 	C:\Program Files\Java\jre1.8.0_181\bin\api-ms-win-core-string-l1-1-0.dll
0x0000000018220000 - 0x0000000018223000 	C:\Program Files\Java\jre1.8.0_181\bin\api-ms-win-core-synch-l1-1-0.dll
0x0000000018230000 - 0x0000000018233000 	C:\Program Files\Java\jre1.8.0_181\bin\api-ms-win-core-synch-l1-2-0.dll
0x0000000018240000 - 0x0000000018243000 	C:\Program Files\Java\jre1.8.0_181\bin\api-ms-win-core-sysinfo-l1-1-0.dll
0x0000000018250000 - 0x0000000018253000 	C:\Program Files\Java\jre1.8.0_181\bin\api-ms-win-core-timezone-l1-1-0.dll
0x0000000018260000 - 0x0000000018263000 	C:\Program Files\Java\jre1.8.0_181\bin\api-ms-win-core-util-l1-1-0.dll
0x0000000018270000 - 0x0000000018273000 	C:\Program Files\Java\jre1.8.0_181\bin\api-ms-win-crt-conio-l1-1-0.dll
0x0000000018280000 - 0x0000000018284000 	C:\Program Files\Java\jre1.8.0_181\bin\api-ms-win-crt-convert-l1-1-0.dll
0x0000000018290000 - 0x0000000018293000 	C:\Program Files\Java\jre1.8.0_181\bin\api-ms-win-crt-environment-l1-1-0.dll
0x00000000182a0000 - 0x00000000182a3000 	C:\Program Files\Java\jre1.8.0_181\bin\api-ms-win-crt-filesystem-l1-1-0.dll
0x00000000182b0000 - 0x00000000182b3000 	C:\Program Files\Java\jre1.8.0_181\bin\api-ms-win-crt-heap-l1-1-0.dll
0x00000000182c0000 - 0x00000000182c3000 	C:\Program Files\Java\jre1.8.0_181\bin\api-ms-win-crt-locale-l1-1-0.dll
0x00000000182d0000 - 0x00000000182d5000 	C:\Program Files\Java\jre1.8.0_181\bin\api-ms-win-crt-math-l1-1-0.dll
0x00000000182e0000 - 0x00000000182e5000 	C:\Program Files\Java\jre1.8.0_181\bin\api-ms-win-crt-multibyte-l1-1-0.dll
0x00000000182f0000 - 0x0000000018300000 	C:\Program Files\Java\jre1.8.0_181\bin\api-ms-win-crt-private-l1-1-0.dll
0x0000000018300000 - 0x0000000018303000 	C:\Program Files\Java\jre1.8.0_181\bin\api-ms-win-crt-process-l1-1-0.dll
0x0000000018310000 - 0x0000000018314000 	C:\Program Files\Java\jre1.8.0_181\bin\api-ms-win-crt-runtime-l1-1-0.dll
0x0000000018320000 - 0x0000000018324000 	C:\Program Files\Java\jre1.8.0_181\bin\api-ms-win-crt-stdio-l1-1-0.dll
0x0000000018330000 - 0x0000000018334000 	C:\Program Files\Java\jre1.8.0_181\bin\api-ms-win-crt-string-l1-1-0.dll
0x0000000018340000 - 0x0000000018343000 	C:\Program Files\Java\jre1.8.0_181\bin\api-ms-win-crt-time-l1-1-0.dll
0x0000000018350000 - 0x0000000018353000 	C:\Program Files\Java\jre1.8.0_181\bin\api-ms-win-crt-utility-l1-1-0.dll
0x00007fff5ca00000 - 0x00007fff5caf6000 	C:\Program Files\Java\jre1.8.0_181\bin\ucrtbase.dll
0x00007fff70ce0000 - 0x00007fff70cf6000 	C:\Program Files\Java\jre1.8.0_181\bin\vcruntime140.dll
0x00007fff70c40000 - 0x00007fff70cdc000 	C:\Program Files\Java\jre1.8.0_181\bin\msvcp140.dll
0x00007fff70400000 - 0x00007fff70451000 	C:\Program Files\Java\jre1.8.0_181\bin\concrt140.dll
0x0000000052df0000 - 0x0000000052e13000 	C:\Program Files\Java\jre1.8.0_181\bin\prism_d3d.dll
0x00007fff58e00000 - 0x00007fff58fc7000 	C:\WINDOWS\system32\d3d9.dll
0x00007fff75f30000 - 0x00007fff75f5d000 	C:\WINDOWS\SYSTEM32\dwmapi.dll
0x00007fff766e0000 - 0x00007fff76700000 	C:\WINDOWS\SYSTEM32\dxcore.dll
0x00007fff759f0000 - 0x00007fff75a89000 	C:\WINDOWS\system32\uxtheme.dll
0x00007fff2cb90000 - 0x00007fff303e9000 	C:\WINDOWS\System32\DriverStore\FileRepository\igdlh64.inf_amd64_47ad21e28c856994\igdumdim64.dll
0x00007fff78c50000 - 0x00007fff78d14000 	C:\WINDOWS\System32\OLEAUT32.dll
0x00007fff7a9b0000 - 0x00007fff7ab06000 	C:\WINDOWS\System32\ole32.dll
0x00007fff79ba0000 - 0x00007fff7a010000 	C:\WINDOWS\System32\SETUPAPI.dll
0x00007fff77d40000 - 0x00007fff77d66000 	C:\WINDOWS\System32\bcrypt.dll
0x0000000052da0000 - 0x0000000052de9000 	C:\Program Files\Java\jre1.8.0_181\bin\glass.dll
0x00007fff79930000 - 0x00007fff79a00000 	C:\WINDOWS\System32\COMDLG32.dll
0x00007fff797f0000 - 0x00007fff79926000 	C:\WINDOWS\System32\MSCTF.dll
0x00007fff6d440000 - 0x00007fff6ea42000 	C:\WINDOWS\System32\DriverStore\FileRepository\igdlh64.inf_amd64_47ad21e28c856994\igc64.dll
0x0000000052d80000 - 0x0000000052d94000 	C:\Program Files\Java\jre1.8.0_181\bin\javafx_font.dll
0x00007fff5d7c0000 - 0x00007fff5dabe000 	C:\WINDOWS\SYSTEM32\dwrite.dll
0x00007fff79040000 - 0x00007fff790e2000 	C:\WINDOWS\System32\clbcatq.dll
0x00007fff72990000 - 0x00007fff72b3f000 	C:\WINDOWS\SYSTEM32\WindowsCodecs.dll
0x00007fff56650000 - 0x00007fff5668a000 	C:\WINDOWS\system32\dataexchange.dll
0x00007fff74f80000 - 0x00007fff7515b000 	C:\WINDOWS\system32\dcomp.dll
0x00007fff748c0000 - 0x00007fff74b1b000 	C:\WINDOWS\system32\d3d11.dll
0x00007fff76770000 - 0x00007fff7685b000 	C:\WINDOWS\system32\dxgi.dll
0x00007fff75b20000 - 0x00007fff75d7a000 	C:\WINDOWS\system32\twinapi.appcore.dll
0x00007fff76040000 - 0x00007fff76069000 	C:\WINDOWS\system32\RMCLIENT.dll
0x00007fff6a710000 - 0x00007fff6a743000 	C:\Program Files\Common Files\Microsoft Shared\Ink\rtscom.dll
0x00007fff68330000 - 0x00007fff683ce000 	C:\WINDOWS\System32\TextInputFramework.dll
0x00007fff72ce0000 - 0x00007fff7300a000 	C:\WINDOWS\System32\CoreUIComponents.dll
0x00007fff754d0000 - 0x00007fff755a4000 	C:\WINDOWS\System32\CoreMessaging.dll
0x00007fff76ad0000 - 0x00007fff76b01000 	C:\WINDOWS\SYSTEM32\ntmarta.dll
0x00007fff73470000 - 0x00007fff735c3000 	C:\WINDOWS\SYSTEM32\wintypes.dll
0x00007fff66b90000 - 0x00007fff66e36000 	C:\WINDOWS\System32\iertutil.dll

VM Arguments:
jvm_args: -Dfile.encoding=UTF-8 
java_command: main.StartOs
java_class_path (initial): C:\Program Files\Java\jre1.8.0_181\lib\resources.jar;C:\Program Files\Java\jre1.8.0_181\lib\rt.jar;C:\Program Files\Java\jre1.8.0_181\lib\jsse.jar;C:\Program Files\Java\jre1.8.0_181\lib\jce.jar;C:\Program Files\Java\jre1.8.0_181\lib\charsets.jar;C:\Program Files\Java\jre1.8.0_181\lib\jfr.jar;C:\Program Files\Java\jre1.8.0_181\lib\ext\access-bridge-64.jar;C:\Program Files\Java\jre1.8.0_181\lib\ext\cldrdata.jar;C:\Program Files\Java\jre1.8.0_181\lib\ext\dnsns.jar;C:\Program Files\Java\jre1.8.0_181\lib\ext\jaccess.jar;C:\Program Files\Java\jre1.8.0_181\lib\ext\jfxrt.jar;C:\Program Files\Java\jre1.8.0_181\lib\ext\localedata.jar;C:\Program Files\Java\jre1.8.0_181\lib\ext\nashorn.jar;C:\Program Files\Java\jre1.8.0_181\lib\ext\sunec.jar;C:\Program Files\Java\jre1.8.0_181\lib\ext\sunjce_provider.jar;C:\Program Files\Java\jre1.8.0_181\lib\ext\sunmscapi.jar;C:\Program Files\Java\jre1.8.0_181\lib\ext\sunpkcs11.jar;C:\Program Files\Java\jre1.8.0_181\lib\ext\zipfs.jar;C:\Users\lenovo\eclipse-workspace\DemoOs\bin;C:\Users\lenovo\.p2\pool\plugins\org.eclipse.fx.ide.css.jfx8_3.1.0.201712060800.jar
Launcher Type: SUN_STANDARD

Environment Variables:
PATH=C:/Program Files/Java/jre1.8.0_181/bin/server;C:/Program Files/Java/jre1.8.0_181/bin;C:/Program Files/Java/jre1.8.0_181/lib/amd64;C:\Program Files (x86)\Common Files\Oracle\Java\javapath;C:\WINDOWS\system32;C:\WINDOWS;C:\WINDOWS\System32\Wbem;C:\WINDOWS\System32\WindowsPowerShell\v1.0\;C:\WINDOWS\System32\OpenSSH\;C:\Program Files\Java\jre-10.0.1;C:\Program Files\Java\jdk-10.0.1;D:\Git\cmd;C:\Program Files\Java\jdk1.8.0_181\bin;C:\Program Files (x86)\NVIDIA Corporation\PhysX\Common;C:\Program Files\dotnet\;%QUARTUS_ROOTDIR%\bin;C:\Program Files\nodejs\;C:\Program Files\Git\cmd;C:\WINDOWS\system32;C:\WINDOWS;C:\WINDOWS\System32\Wbem;C:\WINDOWS\System32\WindowsPowerShell\v1.0\;C:\WINDOWS\System32\OpenSSH\;C:\Users\lenovo\AppData\Local\Microsoft\WindowsApps;C:\Users\lenovo\AppData\Roaming\npm;;C:\WINDOWS\system32;
USERNAME=lenovo
OS=Windows_NT
PROCESSOR_IDENTIFIER=Intel64 Family 6 Model 158 Stepping 9, GenuineIntel



---------------  S Y S T E M  ---------------

OS: Windows 10.0 , 64 bit Build 18362 (10.0.18362.329)

CPU:total 4 (initial active 4) (4 cores per cpu, 1 threads per core) family 6 model 158 stepping 9, cmov, cx8, fxsr, mmx, sse, sse2, sse3, ssse3, sse4.1, sse4.2, popcnt, avx, avx2, aes, clmul, erms, 3dnowpref, lzcnt, tsc, tscinvbit, bmi1, bmi2, adx

Memory: 4k page, physical 3893912k(387480k free), swap 15952536k(5340k free)

vm_info: Java HotSpot(TM) 64-Bit Server VM (25.181-b13) for windows-amd64 JRE (1.8.0_181-b13), built on Jul  7 2018 04:01:33 by "java_re" with MS VC++ 10.0 (VS2010)

time: Sat Oct 26 22:43:27 2019
elapsed time: 1 seconds (0d 0h 0m 1s)

