#
# There is insufficient memory for the Java Runtime Environment to continue.
# Native memory allocation (malloc) failed to allocate 102160 bytes for Chunk::new
# Possible reasons:
#   The system is out of physical RAM or swap space
#   In 32 bit mode, the process size limit was hit
# Possible solutions:
#   Reduce memory load on the system
#   Increase physical memory or swap space
#   Check if swap backing store is full
#   Use 64 bit Java on a 64 bit OS
#   Decrease Java heap size (-Xmx/-Xms)
#   Decrease number of Java threads
#   Decrease Java thread stack sizes (-Xss)
#   Set larger code cache with -XX:ReservedCodeCacheSize=
# This output file may be truncated or incomplete.
#
#  Out of Memory Error (allocation.cpp:390), pid=21092, tid=0x0000000000007894
#
# JRE version: Java(TM) SE Runtime Environment (8.0_181-b13) (build 1.8.0_181-b13)
# Java VM: Java HotSpot(TM) 64-Bit Server VM (25.181-b13 mixed mode windows-amd64 compressed oops)
# Failed to write core dump. Minidumps are not enabled by default on client versions of Windows
#

---------------  T H R E A D  ---------------

Current thread (0x0000000016813000):  JavaThread "C2 CompilerThread1" daemon [_thread_in_native, id=30868, stack(0x0000000016ec0000,0x0000000016fc0000)]

Stack: [0x0000000016ec0000,0x0000000016fc0000]
[error occurred during error reporting (printing stack bounds), id 0xc0000005]

Native frames: (J=compiled Java code, j=interpreted, Vv=VM code, C=native code)


Current CompileTask:
C2:  27137 4292   !   4       javafx.scene.CssStyleHelper::transitionToState (1075 bytes)


---------------  P R O C E S S  ---------------

Java Threads: ( => current thread )
  0x0000000024229800 JavaThread "Thread-7" [_thread_blocked, id=25128, stack(0x0000000029230000,0x0000000029330000)]
  0x00000000179a9000 JavaThread "Prism Font Disposer" daemon [_thread_blocked, id=12248, stack(0x00000000230c0000,0x00000000231c0000)]
  0x000000001760e000 JavaThread "Thread-5" [_thread_blocked, id=30124, stack(0x0000000021db0000,0x0000000021eb0000)]
  0x0000000017682800 JavaThread "Thread-4" [_thread_blocked, id=30752, stack(0x0000000021cb0000,0x0000000021db0000)]
  0x0000000017397800 JavaThread "Thread-3" daemon [_thread_in_native, id=23700, stack(0x000000001ea60000,0x000000001eb60000)]
  0x0000000017413000 JavaThread "JavaFX-Launcher" [_thread_blocked, id=30332, stack(0x000000001eb60000,0x000000001ec60000)]
  0x000000001731d000 JavaThread "JavaFX Application Thread" [_thread_in_native, id=19336, stack(0x00000000180a0000,0x00000000181a0000)]
  0x0000000017307000 JavaThread "Thread-1" daemon [_thread_blocked, id=21524, stack(0x0000000017fa0000,0x00000000180a0000)]
  0x00000000172ed000 JavaThread "QuantumRenderer-0" daemon [_thread_blocked, id=31668, stack(0x0000000017cc0000,0x0000000017dc0000)]
  0x0000000016824000 JavaThread "Service Thread" daemon [_thread_blocked, id=31192, stack(0x00000000170c0000,0x00000000171c0000)]
  0x000000001681d800 JavaThread "C1 CompilerThread2" daemon [_thread_blocked, id=25456, stack(0x0000000016fc0000,0x00000000170c0000)]
=>0x0000000016813000 JavaThread "C2 CompilerThread1" daemon [_thread_in_native, id=30868, stack(0x0000000016ec0000,0x0000000016fc0000)]
  0x0000000015482000 JavaThread "C2 CompilerThread0" daemon [_thread_blocked, id=29400, stack(0x0000000016dc0000,0x0000000016ec0000)]
  0x0000000015481000 JavaThread "Attach Listener" daemon [_thread_blocked, id=22712, stack(0x0000000016cc0000,0x0000000016dc0000)]
  0x00000000167c8800 JavaThread "Signal Dispatcher" daemon [_thread_blocked, id=24984, stack(0x0000000016bc0000,0x0000000016cc0000)]
  0x000000001541a800 JavaThread "Finalizer" daemon [_thread_blocked, id=30904, stack(0x00000000166c0000,0x00000000167c0000)]
  0x00000000153f9000 JavaThread "Reference Handler" daemon [_thread_blocked, id=25596, stack(0x00000000165c0000,0x00000000166c0000)]
  0x000000000292e000 JavaThread "main" [_thread_blocked, id=27404, stack(0x0000000002e10000,0x0000000002f10000)]

Other Threads:
  0x00000000153f7800 VMThread [stack: 0x00000000164c0000,0x00000000165c0000] [id=30784]
  0x0000000016856000 WatcherThread [stack: 0x00000000171c0000,0x00000000172c0000] [id=29924]

VM state:not at safepoint (normal execution)

VM Mutex/Monitor currently owned by a thread: None

Heap:
 PSYoungGen      total 70144K, used 6708K [0x00000000ec300000, 0x00000000f1600000, 0x0000000100000000)
  eden space 58368K, 11% used [0x00000000ec300000,0x00000000ec98d1d8,0x00000000efc00000)
  from space 11776K, 0% used [0x00000000efc00000,0x00000000efc00000,0x00000000f0780000)
  to   space 8704K, 0% used [0x00000000f0780000,0x00000000f0780000,0x00000000f1000000)
 ParOldGen       total 40960K, used 30284K [0x00000000c4800000, 0x00000000c7000000, 0x00000000ec300000)
  object space 40960K, 73% used [0x00000000c4800000,0x00000000c65930a8,0x00000000c7000000)
 Metaspace       used 20652K, capacity 22108K, committed 22272K, reserved 1069056K
  class space    used 2941K, capacity 3247K, committed 3328K, reserved 1048576K

Card table byte_map: [0x00000000123d0000,0x00000000125b0000] byte_map_base: 0x0000000011dac000

Marking Bits: (ParMarkBitMap*) 0x0000000053962d00
 Begin Bits: [0x0000000012af0000, 0x00000000139d0000)
 End Bits:   [0x00000000139d0000, 0x00000000148b0000)

Polling page: 0x0000000000d50000

CodeCache: size=245760Kb used=13646Kb max_used=13658Kb free=232113Kb
 bounds [0x0000000003010000, 0x0000000003d70000, 0x0000000012010000]
 total_blobs=4916 nmethods=4257 adapters=570
 compilation: enabled

Compilation events (10 events):
Event: 26.935 Thread 0x000000001681d800 4294       3       javafx.scene.Scene::access$2800 (6 bytes)
Event: 26.935 Thread 0x0000000015482000 4295       4       com.sun.javafx.sg.prism.NGRegion::hasVisuals (26 bytes)
Event: 26.935 Thread 0x000000001681d800 nmethod 4294 0x0000000003d6aad0 code [0x0000000003d6ac40, 0x0000000003d6aed0]
Event: 26.935 Thread 0x000000001681d800 4296       3       javafx.scene.Scene::access$2502 (6 bytes)
Event: 26.935 Thread 0x000000001681d800 nmethod 4296 0x0000000003d6a790 code [0x0000000003d6a8e0, 0x0000000003d6aa30]
Event: 26.936 Thread 0x0000000015482000 nmethod 4295 0x0000000003d68d90 code [0x0000000003d68f00, 0x0000000003d69078]
Event: 26.983 Thread 0x000000001681d800 4297       3       com.sun.prism.impl.ps.BaseShaderContext::validateTextureOp (196 bytes)
Event: 26.985 Thread 0x000000001681d800 nmethod 4297 0x0000000003d6c850 code [0x0000000003d6cae0, 0x0000000003d6dcb8]
Event: 27.077 Thread 0x0000000015482000 4298       4       java.util.concurrent.locks.AbstractQueuedSynchronizer::release (33 bytes)
Event: 27.079 Thread 0x0000000015482000 nmethod 4298 0x0000000003d687d0 code [0x0000000003d68920, 0x0000000003d68b08]

GC Heap History (10 events):
Event: 1.301 GC heap before
{Heap before GC invocations=4 (full 0):
 PSYoungGen      total 17920K, used 17912K [0x00000000ec300000, 0x00000000ee600000, 0x0000000100000000)
  eden space 15360K, 100% used [0x00000000ec300000,0x00000000ed200000,0x00000000ed200000)
  from space 2560K, 99% used [0x00000000ed200000,0x00000000ed47e030,0x00000000ed480000)
  to   space 2560K, 0% used [0x00000000ee380000,0x00000000ee380000,0x00000000ee600000)
 ParOldGen       total 40960K, used 7663K [0x00000000c4800000, 0x00000000c7000000, 0x00000000ec300000)
  object space 40960K, 18% used [0x00000000c4800000,0x00000000c4f7bd28,0x00000000c7000000)
 Metaspace       used 16598K, capacity 17416K, committed 17536K, reserved 1064960K
  class space    used 2454K, capacity 2667K, committed 2688K, reserved 1048576K
Event: 1.307 GC heap after
Heap after GC invocations=4 (full 0):
 PSYoungGen      total 33280K, used 2528K [0x00000000ec300000, 0x00000000ee600000, 0x0000000100000000)
  eden space 30720K, 0% used [0x00000000ec300000,0x00000000ec300000,0x00000000ee100000)
  from space 2560K, 98% used [0x00000000ee380000,0x00000000ee5f8020,0x00000000ee600000)
  to   space 2560K, 0% used [0x00000000ee100000,0x00000000ee100000,0x00000000ee380000)
 ParOldGen       total 40960K, used 8919K [0x00000000c4800000, 0x00000000c7000000, 0x00000000ec300000)
  object space 40960K, 21% used [0x00000000c4800000,0x00000000c50b5d58,0x00000000c7000000)
 Metaspace       used 16598K, capacity 17416K, committed 17536K, reserved 1064960K
  class space    used 2454K, capacity 2667K, committed 2688K, reserved 1048576K
}
Event: 1.521 GC heap before
{Heap before GC invocations=5 (full 0):
 PSYoungGen      total 33280K, used 33248K [0x00000000ec300000, 0x00000000ee600000, 0x0000000100000000)
  eden space 30720K, 100% used [0x00000000ec300000,0x00000000ee100000,0x00000000ee100000)
  from space 2560K, 98% used [0x00000000ee380000,0x00000000ee5f8020,0x00000000ee600000)
  to   space 2560K, 0% used [0x00000000ee100000,0x00000000ee100000,0x00000000ee380000)
 ParOldGen       total 40960K, used 8919K [0x00000000c4800000, 0x00000000c7000000, 0x00000000ec300000)
  object space 40960K, 21% used [0x00000000c4800000,0x00000000c50b5d58,0x00000000c7000000)
 Metaspace       used 16813K, capacity 17726K, committed 17920K, reserved 1064960K
  class space    used 2504K, capacity 2740K, committed 2816K, reserved 1048576K
Event: 1.533 GC heap after
Heap after GC invocations=5 (full 0):
 PSYoungGen      total 33280K, used 2544K [0x00000000ec300000, 0x00000000f1000000, 0x0000000100000000)
  eden space 30720K, 0% used [0x00000000ec300000,0x00000000ec300000,0x00000000ee100000)
  from space 2560K, 99% used [0x00000000ee100000,0x00000000ee37c030,0x00000000ee380000)
  to   space 8704K, 0% used [0x00000000f0780000,0x00000000f0780000,0x00000000f1000000)
 ParOldGen       total 40960K, used 9383K [0x00000000c4800000, 0x00000000c7000000, 0x00000000ec300000)
  object space 40960K, 22% used [0x00000000c4800000,0x00000000c5129d58,0x00000000c7000000)
 Metaspace       used 16813K, capacity 17726K, committed 17920K, reserved 1064960K
  class space    used 2504K, capacity 2740K, committed 2816K, reserved 1048576K
}
Event: 1.909 GC heap before
{Heap before GC invocations=6 (full 0):
 PSYoungGen      total 33280K, used 33264K [0x00000000ec300000, 0x00000000f1000000, 0x0000000100000000)
  eden space 30720K, 100% used [0x00000000ec300000,0x00000000ee100000,0x00000000ee100000)
  from space 2560K, 99% used [0x00000000ee100000,0x00000000ee37c030,0x00000000ee380000)
  to   space 8704K, 0% used [0x00000000f0780000,0x00000000f0780000,0x00000000f1000000)
 ParOldGen       total 40960K, used 9383K [0x00000000c4800000, 0x00000000c7000000, 0x00000000ec300000)
  object space 40960K, 22% used [0x00000000c4800000,0x00000000c5129d58,0x00000000c7000000)
 Metaspace       used 18194K, capacity 19402K, committed 19712K, reserved 1067008K
  class space    used 2702K, capacity 2962K, committed 3072K, reserved 1048576K
Event: 1.923 GC heap after
Heap after GC invocations=6 (full 0):
 PSYoungGen      total 67072K, used 8679K [0x00000000ec300000, 0x00000000f1600000, 0x0000000100000000)
  eden space 58368K, 0% used [0x00000000ec300000,0x00000000ec300000,0x00000000efc00000)
  from space 8704K, 99% used [0x00000000f0780000,0x00000000f0ff9ec0,0x00000000f1000000)
  to   space 11776K, 0% used [0x00000000efc00000,0x00000000efc00000,0x00000000f0780000)
 ParOldGen       total 40960K, used 11145K [0x00000000c4800000, 0x00000000c7000000, 0x00000000ec300000)
  object space 40960K, 27% used [0x00000000c4800000,0x00000000c52e27d8,0x00000000c7000000)
 Metaspace       used 18194K, capacity 19402K, committed 19712K, reserved 1067008K
  class space    used 2702K, capacity 2962K, committed 3072K, reserved 1048576K
}
Event: 6.290 GC heap before
{Heap before GC invocations=7 (full 0):
 PSYoungGen      total 67072K, used 39276K [0x00000000ec300000, 0x00000000f1600000, 0x0000000100000000)
  eden space 58368K, 52% used [0x00000000ec300000,0x00000000ee0e1438,0x00000000efc00000)
  from space 8704K, 99% used [0x00000000f0780000,0x00000000f0ff9ec0,0x00000000f1000000)
  to   space 11776K, 0% used [0x00000000efc00000,0x00000000efc00000,0x00000000f0780000)
 ParOldGen       total 40960K, used 11145K [0x00000000c4800000, 0x00000000c7000000, 0x00000000ec300000)
  object space 40960K, 27% used [0x00000000c4800000,0x00000000c52e27d8,0x00000000c7000000)
 Metaspace       used 19913K, capacity 21246K, committed 21296K, reserved 1067008K
  class space    used 2861K, capacity 3154K, committed 3200K, reserved 1048576K
Event: 6.309 GC heap after
Heap after GC invocations=7 (full 0):
 PSYoungGen      total 70144K, used 11775K [0x00000000ec300000, 0x00000000f1600000, 0x0000000100000000)
  eden space 58368K, 0% used [0x00000000ec300000,0x00000000ec300000,0x00000000efc00000)
  from space 11776K, 99% used [0x00000000efc00000,0x00000000f077ffe8,0x00000000f0780000)
  to   space 8704K, 0% used [0x00000000f0780000,0x00000000f0780000,0x00000000f1000000)
 ParOldGen       total 40960K, used 19116K [0x00000000c4800000, 0x00000000c7000000, 0x00000000ec300000)
  object space 40960K, 46% used [0x00000000c4800000,0x00000000c5aab368,0x00000000c7000000)
 Metaspace       used 19913K, capacity 21246K, committed 21296K, reserved 1067008K
  class space    used 2861K, capacity 3154K, committed 3200K, reserved 1048576K
}
Event: 6.309 GC heap before
{Heap before GC invocations=8 (full 1):
 PSYoungGen      total 70144K, used 11775K [0x00000000ec300000, 0x00000000f1600000, 0x0000000100000000)
  eden space 58368K, 0% used [0x00000000ec300000,0x00000000ec300000,0x00000000efc00000)
  from space 11776K, 99% used [0x00000000efc00000,0x00000000f077ffe8,0x00000000f0780000)
  to   space 8704K, 0% used [0x00000000f0780000,0x00000000f0780000,0x00000000f1000000)
 ParOldGen       total 40960K, used 19116K [0x00000000c4800000, 0x00000000c7000000, 0x00000000ec300000)
  object space 40960K, 46% used [0x00000000c4800000,0x00000000c5aab368,0x00000000c7000000)
 Metaspace       used 19913K, capacity 21246K, committed 21296K, reserved 1067008K
  class space    used 2861K, capacity 3154K, committed 3200K, reserved 1048576K
Event: 6.563 GC heap after
Heap after GC invocations=8 (full 1):
 PSYoungGen      total 70144K, used 0K [0x00000000ec300000, 0x00000000f1600000, 0x0000000100000000)
  eden space 58368K, 0% used [0x00000000ec300000,0x00000000ec300000,0x00000000efc00000)
  from space 11776K, 0% used [0x00000000efc00000,0x00000000efc00000,0x00000000f0780000)
  to   space 8704K, 0% used [0x00000000f0780000,0x00000000f0780000,0x00000000f1000000)
 ParOldGen       total 40960K, used 30284K [0x00000000c4800000, 0x00000000c7000000, 0x00000000ec300000)
  object space 40960K, 73% used [0x00000000c4800000,0x00000000c65930a8,0x00000000c7000000)
 Metaspace       used 19913K, capacity 21246K, committed 21296K, reserved 1067008K
  class space    used 2861K, capacity 3154K, committed 3200K, reserved 1048576K
}

Deoptimization events (10 events):
Event: 15.172 Thread 0x000000001731d000 Uncommon trap: reason=null_check action=make_not_entrant pc=0x000000000373e57c method=javafx.beans.property.StringPropertyBase.get()Ljava/lang/String; @ 28
Event: 15.174 Thread 0x000000001731d000 Uncommon trap: reason=unstable_if action=reinterpret pc=0x0000000003a1b1a4 method=com.sun.javafx.sg.prism.NGNode.markDirty()V @ 7
Event: 15.511 Thread 0x000000001731d000 Uncommon trap: reason=unstable_if action=reinterpret pc=0x0000000003c11738 method=java.util.HashMap.removeNode(ILjava/lang/Object;Ljava/lang/Object;ZZ)Ljava/util/HashMap$Node; @ 46
Event: 15.606 Thread 0x000000001731d000 Uncommon trap: reason=unstable_if action=reinterpret pc=0x0000000003c154c0 method=java.util.HashMap.removeNode(ILjava/lang/Object;Ljava/lang/Object;ZZ)Ljava/util/HashMap$Node; @ 46
Event: 16.040 Thread 0x000000001731d000 Uncommon trap: reason=null_check action=make_not_entrant pc=0x0000000003a80d8c method=javafx.scene.Node$MiscProperties.getClip()Ljavafx/scene/Node; @ 20
Event: 16.040 Thread 0x000000001731d000 Uncommon trap: reason=null_check action=make_not_entrant pc=0x0000000003bd20cc method=javafx.scene.Node$MiscProperties.getClip()Ljavafx/scene/Node; @ 20
Event: 16.041 Thread 0x000000001731d000 Uncommon trap: reason=class_check action=maybe_recompile pc=0x0000000003a1c004 method=javafx.scene.layout.Border.isEmpty()Z @ 4
Event: 16.041 Thread 0x000000001731d000 Uncommon trap: reason=class_check action=maybe_recompile pc=0x0000000003a1c004 method=javafx.scene.layout.Border.isEmpty()Z @ 4
Event: 16.919 Thread 0x000000001731d000 Uncommon trap: reason=class_check action=maybe_recompile pc=0x0000000003a1c004 method=javafx.scene.layout.Border.isEmpty()Z @ 4
Event: 16.919 Thread 0x000000001731d000 Uncommon trap: reason=class_check action=maybe_recompile pc=0x0000000003a1c004 method=javafx.scene.layout.Border.isEmpty()Z @ 4

Classes redefined (0 events):
No events

Internal exceptions (10 events):
Event: 2.987 Thread 0x00000000172ed000 Exception <a 'java/lang/NullPointerException'> (0x00000000edb7e698) thrown at [C:\re\workspace\8-2-build-windows-amd64-cygwin\jdk8u181\11358\hotspot\src\share\vm\interpreter\linkResolver.cpp, line 1287]
Event: 3.992 Thread 0x00000000172ed000 Exception <a 'java/lang/NullPointerException'> (0x00000000edca9938) thrown at [C:\re\workspace\8-2-build-windows-amd64-cygwin\jdk8u181\11358\hotspot\src\share\vm\interpreter\linkResolver.cpp, line 1287]
Event: 4.983 Thread 0x00000000172ed000 Exception <a 'java/lang/NullPointerException'> (0x00000000edcb9a08) thrown at [C:\re\workspace\8-2-build-windows-amd64-cygwin\jdk8u181\11358\hotspot\src\share\vm\interpreter\linkResolver.cpp, line 1287]
Event: 13.893 Thread 0x000000001731d000 Implicit null exception at 0x00000000039b4278 to 0x00000000039b4dad
Event: 13.894 Thread 0x000000001731d000 Implicit null exception at 0x0000000003a6f966 to 0x0000000003a702f1
Event: 13.902 Thread 0x000000001731d000 Implicit null exception at 0x00000000039d5744 to 0x00000000039d577e
Event: 15.153 Thread 0x000000001731d000 Implicit null exception at 0x00000000038535d3 to 0x0000000003853fa8
Event: 15.172 Thread 0x000000001731d000 Implicit null exception at 0x000000000373d027 to 0x000000000373e565
Event: 16.040 Thread 0x000000001731d000 Implicit null exception at 0x0000000003a7ff69 to 0x0000000003a80d7d
Event: 16.040 Thread 0x000000001731d000 Implicit null exception at 0x0000000003bd1827 to 0x0000000003bd20b5

Events (10 events):
Event: 18.919 Thread 0x000000001681d800 flushing nmethod 0x000000000323f6d0
Event: 19.917 Thread 0x0000000024228000 Thread added: 0x0000000024228000
Event: 22.869 loading class java/util/WeakHashMap$1
Event: 22.869 loading class java/util/WeakHashMap$1 done
Event: 23.919 Thread 0x0000000024229800 Thread added: 0x0000000024229800
Event: 24.920 Executing VM operation: RevokeBias
Event: 24.920 Executing VM operation: RevokeBias done
Event: 24.920 Thread 0x0000000024228000 Thread exited: 0x0000000024228000
Event: 26.934 Thread 0x000000001731d000 DEOPT PACKING pc=0x00000000037267ed sp=0x000000001819cca0
Event: 26.934 Thread 0x000000001731d000 DEOPT UNPACKING pc=0x0000000003057890 sp=0x000000001819cac0 mode 0


Dynamic libraries:
0x00007ff717940000 - 0x00007ff717977000 	C:\Program Files\Java\jre1.8.0_181\bin\javaw.exe
0x00007fff7aba0000 - 0x00007fff7ad90000 	C:\WINDOWS\SYSTEM32\ntdll.dll
0x00007fff79210000 - 0x00007fff792c2000 	C:\WINDOWS\System32\KERNEL32.DLL
0x00007fff78110000 - 0x00007fff783b3000 	C:\WINDOWS\System32\KERNELBASE.dll
0x00007fff792e0000 - 0x00007fff79383000 	C:\WINDOWS\System32\ADVAPI32.dll
0x00007fff78d80000 - 0x00007fff78e1e000 	C:\WINDOWS\System32\msvcrt.dll
0x00007fff79390000 - 0x00007fff79427000 	C:\WINDOWS\System32\sechost.dll
0x00007fff790f0000 - 0x00007fff79210000 	C:\WINDOWS\System32\RPCRT4.dll
0x00007fff79a00000 - 0x00007fff79b94000 	C:\WINDOWS\System32\USER32.dll
0x00007fff78440000 - 0x00007fff78461000 	C:\WINDOWS\System32\win32u.dll
0x00007fff7a010000 - 0x00007fff7a036000 	C:\WINDOWS\System32\GDI32.dll
0x00007fff77d70000 - 0x00007fff77f04000 	C:\WINDOWS\System32\gdi32full.dll
0x00007fff77c80000 - 0x00007fff77d1e000 	C:\WINDOWS\System32\msvcp_win.dll
0x00007fff77b80000 - 0x00007fff77c7a000 	C:\WINDOWS\System32\ucrtbase.dll
0x00007fff6b910000 - 0x00007fff6bb95000 	C:\WINDOWS\WinSxS\amd64_microsoft.windows.common-controls_6595b64144ccf1df_6.0.18362.418_none_e6c6b287130d565d\COMCTL32.dll
0x00007fff794b0000 - 0x00007fff797e6000 	C:\WINDOWS\System32\combase.dll
0x00007fff783c0000 - 0x00007fff78440000 	C:\WINDOWS\System32\bcryptPrimitives.dll
0x00007fff7ab10000 - 0x00007fff7ab3e000 	C:\WINDOWS\System32\IMM32.DLL
0x0000000052e20000 - 0x0000000052ef2000 	C:\Program Files\Java\jre1.8.0_181\bin\msvcr100.dll
0x0000000053140000 - 0x00000000539e2000 	C:\Program Files\Java\jre1.8.0_181\bin\server\jvm.dll
0x00007fff792d0000 - 0x00007fff792d8000 	C:\WINDOWS\System32\PSAPI.DLL
0x00007fff60a40000 - 0x00007fff60a49000 	C:\WINDOWS\SYSTEM32\WSOCK32.dll
0x00007fff755f0000 - 0x00007fff75614000 	C:\WINDOWS\SYSTEM32\WINMM.dll
0x00007fff6d170000 - 0x00007fff6d17a000 	C:\WINDOWS\SYSTEM32\VERSION.dll
0x00007fff755b0000 - 0x00007fff755dd000 	C:\WINDOWS\SYSTEM32\WINMMBASE.dll
0x00007fff77b30000 - 0x00007fff77b7a000 	C:\WINDOWS\System32\cfgmgr32.dll
0x0000000002860000 - 0x00000000028cf000 	C:\WINDOWS\System32\ws2_32.DLL
0x0000000053050000 - 0x000000005305f000 	C:\Program Files\Java\jre1.8.0_181\bin\verify.dll
0x0000000053020000 - 0x0000000053049000 	C:\Program Files\Java\jre1.8.0_181\bin\java.dll
0x0000000053000000 - 0x0000000053016000 	C:\Program Files\Java\jre1.8.0_181\bin\zip.dll
0x00007fff7a040000 - 0x00007fff7a725000 	C:\WINDOWS\System32\SHELL32.dll
0x00007fff78e90000 - 0x00007fff78f39000 	C:\WINDOWS\System32\shcore.dll
0x00007fff78470000 - 0x00007fff78bef000 	C:\WINDOWS\System32\windows.storage.dll
0x00007fff77b10000 - 0x00007fff77b2f000 	C:\WINDOWS\System32\profapi.dll
0x00007fff77aa0000 - 0x00007fff77aea000 	C:\WINDOWS\System32\powrprof.dll
0x00007fff77a70000 - 0x00007fff77a80000 	C:\WINDOWS\System32\UMPDC.dll
0x00007fff78f50000 - 0x00007fff78fa2000 	C:\WINDOWS\System32\shlwapi.dll
0x00007fff77a80000 - 0x00007fff77a91000 	C:\WINDOWS\System32\kernel.appcore.dll
0x00007fff77d20000 - 0x00007fff77d37000 	C:\WINDOWS\System32\cryptsp.dll
0x00000000028d0000 - 0x00000000028d3000 	C:\Program Files\Java\jre1.8.0_181\bin\api-ms-win-core-console-l1-1-0.dll
0x00000000028e0000 - 0x00000000028e3000 	C:\Program Files\Java\jre1.8.0_181\bin\api-ms-win-core-datetime-l1-1-0.dll
0x00000000028f0000 - 0x00000000028f3000 	C:\Program Files\Java\jre1.8.0_181\bin\api-ms-win-core-debug-l1-1-0.dll
0x0000000002900000 - 0x0000000002903000 	C:\Program Files\Java\jre1.8.0_181\bin\api-ms-win-core-errorhandling-l1-1-0.dll
0x0000000002910000 - 0x0000000002914000 	C:\Program Files\Java\jre1.8.0_181\bin\api-ms-win-core-file-l1-1-0.dll
0x0000000002990000 - 0x0000000002993000 	C:\Program Files\Java\jre1.8.0_181\bin\api-ms-win-core-file-l1-2-0.dll
0x00000000029a0000 - 0x00000000029a3000 	C:\Program Files\Java\jre1.8.0_181\bin\api-ms-win-core-file-l2-1-0.dll
0x00000000029b0000 - 0x00000000029b3000 	C:\Program Files\Java\jre1.8.0_181\bin\api-ms-win-core-handle-l1-1-0.dll
0x0000000017ac0000 - 0x0000000017ac3000 	C:\Program Files\Java\jre1.8.0_181\bin\api-ms-win-core-heap-l1-1-0.dll
0x0000000017ad0000 - 0x0000000017ad3000 	C:\Program Files\Java\jre1.8.0_181\bin\api-ms-win-core-interlocked-l1-1-0.dll
0x0000000017ae0000 - 0x0000000017ae3000 	C:\Program Files\Java\jre1.8.0_181\bin\api-ms-win-core-libraryloader-l1-1-0.dll
0x0000000017af0000 - 0x0000000017af3000 	C:\Program Files\Java\jre1.8.0_181\bin\api-ms-win-core-localization-l1-2-0.dll
0x0000000017b00000 - 0x0000000017b03000 	C:\Program Files\Java\jre1.8.0_181\bin\api-ms-win-core-memory-l1-1-0.dll
0x0000000017b10000 - 0x0000000017b13000 	C:\Program Files\Java\jre1.8.0_181\bin\api-ms-win-core-namedpipe-l1-1-0.dll
0x0000000017b20000 - 0x0000000017b23000 	C:\Program Files\Java\jre1.8.0_181\bin\api-ms-win-core-processenvironment-l1-1-0.dll
0x0000000017b30000 - 0x0000000017b33000 	C:\Program Files\Java\jre1.8.0_181\bin\api-ms-win-core-processthreads-l1-1-0.dll
0x0000000017b40000 - 0x0000000017b43000 	C:\Program Files\Java\jre1.8.0_181\bin\api-ms-win-core-processthreads-l1-1-1.dll
0x0000000017b50000 - 0x0000000017b53000 	C:\Program Files\Java\jre1.8.0_181\bin\api-ms-win-core-profile-l1-1-0.dll
0x0000000017b60000 - 0x0000000017b63000 	C:\Program Files\Java\jre1.8.0_181\bin\api-ms-win-core-rtlsupport-l1-1-0.dll
0x0000000017b70000 - 0x0000000017b73000 	C:\Program Files\Java\jre1.8.0_181\bin\api-ms-win-core-string-l1-1-0.dll
0x0000000017b80000 - 0x0000000017b83000 	C:\Program Files\Java\jre1.8.0_181\bin\api-ms-win-core-synch-l1-1-0.dll
0x0000000017b90000 - 0x0000000017b93000 	C:\Program Files\Java\jre1.8.0_181\bin\api-ms-win-core-synch-l1-2-0.dll
0x0000000017ba0000 - 0x0000000017ba3000 	C:\Program Files\Java\jre1.8.0_181\bin\api-ms-win-core-sysinfo-l1-1-0.dll
0x0000000017bb0000 - 0x0000000017bb3000 	C:\Program Files\Java\jre1.8.0_181\bin\api-ms-win-core-timezone-l1-1-0.dll
0x0000000017bc0000 - 0x0000000017bc3000 	C:\Program Files\Java\jre1.8.0_181\bin\api-ms-win-core-util-l1-1-0.dll
0x0000000017bd0000 - 0x0000000017bd3000 	C:\Program Files\Java\jre1.8.0_181\bin\api-ms-win-crt-conio-l1-1-0.dll
0x0000000017be0000 - 0x0000000017be4000 	C:\Program Files\Java\jre1.8.0_181\bin\api-ms-win-crt-convert-l1-1-0.dll
0x0000000017bf0000 - 0x0000000017bf3000 	C:\Program Files\Java\jre1.8.0_181\bin\api-ms-win-crt-environment-l1-1-0.dll
0x0000000017c00000 - 0x0000000017c03000 	C:\Program Files\Java\jre1.8.0_181\bin\api-ms-win-crt-filesystem-l1-1-0.dll
0x0000000017c10000 - 0x0000000017c13000 	C:\Program Files\Java\jre1.8.0_181\bin\api-ms-win-crt-heap-l1-1-0.dll
0x0000000017c20000 - 0x0000000017c23000 	C:\Program Files\Java\jre1.8.0_181\bin\api-ms-win-crt-locale-l1-1-0.dll
0x0000000017c30000 - 0x0000000017c35000 	C:\Program Files\Java\jre1.8.0_181\bin\api-ms-win-crt-math-l1-1-0.dll
0x0000000017c40000 - 0x0000000017c45000 	C:\Program Files\Java\jre1.8.0_181\bin\api-ms-win-crt-multibyte-l1-1-0.dll
0x0000000017c50000 - 0x0000000017c60000 	C:\Program Files\Java\jre1.8.0_181\bin\api-ms-win-crt-private-l1-1-0.dll
0x0000000017c60000 - 0x0000000017c63000 	C:\Program Files\Java\jre1.8.0_181\bin\api-ms-win-crt-process-l1-1-0.dll
0x0000000017c70000 - 0x0000000017c74000 	C:\Program Files\Java\jre1.8.0_181\bin\api-ms-win-crt-runtime-l1-1-0.dll
0x0000000017c80000 - 0x0000000017c84000 	C:\Program Files\Java\jre1.8.0_181\bin\api-ms-win-crt-stdio-l1-1-0.dll
0x0000000017c90000 - 0x0000000017c94000 	C:\Program Files\Java\jre1.8.0_181\bin\api-ms-win-crt-string-l1-1-0.dll
0x0000000017ca0000 - 0x0000000017ca3000 	C:\Program Files\Java\jre1.8.0_181\bin\api-ms-win-crt-time-l1-1-0.dll
0x0000000017cb0000 - 0x0000000017cb3000 	C:\Program Files\Java\jre1.8.0_181\bin\api-ms-win-crt-utility-l1-1-0.dll
0x00007fff5ca00000 - 0x00007fff5caf6000 	C:\Program Files\Java\jre1.8.0_181\bin\ucrtbase.dll
0x00007fff70ce0000 - 0x00007fff70cf6000 	C:\Program Files\Java\jre1.8.0_181\bin\vcruntime140.dll
0x00007fff70c40000 - 0x00007fff70cdc000 	C:\Program Files\Java\jre1.8.0_181\bin\msvcp140.dll
0x00007fff70400000 - 0x00007fff70451000 	C:\Program Files\Java\jre1.8.0_181\bin\concrt140.dll
0x0000000052df0000 - 0x0000000052e13000 	C:\Program Files\Java\jre1.8.0_181\bin\prism_d3d.dll
0x00007fff58e00000 - 0x00007fff58fc7000 	C:\WINDOWS\system32\d3d9.dll
0x00007fff75f30000 - 0x00007fff75f5d000 	C:\WINDOWS\SYSTEM32\dwmapi.dll
0x00007fff766e0000 - 0x00007fff76700000 	C:\WINDOWS\SYSTEM32\dxcore.dll
0x00007fff759f0000 - 0x00007fff75a89000 	C:\WINDOWS\system32\uxtheme.dll
0x00007fff2cb90000 - 0x00007fff303e9000 	C:\WINDOWS\System32\DriverStore\FileRepository\igdlh64.inf_amd64_47ad21e28c856994\igdumdim64.dll
0x00007fff78c50000 - 0x00007fff78d14000 	C:\WINDOWS\System32\OLEAUT32.dll
0x00007fff7a9b0000 - 0x00007fff7ab06000 	C:\WINDOWS\System32\ole32.dll
0x00007fff79ba0000 - 0x00007fff7a010000 	C:\WINDOWS\System32\SETUPAPI.dll
0x00007fff77d40000 - 0x00007fff77d66000 	C:\WINDOWS\System32\bcrypt.dll
0x0000000052da0000 - 0x0000000052de9000 	C:\Program Files\Java\jre1.8.0_181\bin\glass.dll
0x00007fff79930000 - 0x00007fff79a00000 	C:\WINDOWS\System32\COMDLG32.dll
0x00007fff797f0000 - 0x00007fff79926000 	C:\WINDOWS\System32\MSCTF.dll
0x00007fff6d440000 - 0x00007fff6ea42000 	C:\WINDOWS\System32\DriverStore\FileRepository\igdlh64.inf_amd64_47ad21e28c856994\igc64.dll
0x0000000052d80000 - 0x0000000052d94000 	C:\Program Files\Java\jre1.8.0_181\bin\javafx_font.dll
0x00007fff5d7c0000 - 0x00007fff5dabe000 	C:\WINDOWS\SYSTEM32\dwrite.dll
0x00007fff79040000 - 0x00007fff790e2000 	C:\WINDOWS\System32\clbcatq.dll
0x00007fff72990000 - 0x00007fff72b3f000 	C:\WINDOWS\SYSTEM32\WindowsCodecs.dll
0x00007fff56650000 - 0x00007fff5668a000 	C:\WINDOWS\system32\dataexchange.dll
0x00007fff74f80000 - 0x00007fff7515b000 	C:\WINDOWS\system32\dcomp.dll
0x00007fff748c0000 - 0x00007fff74b1b000 	C:\WINDOWS\system32\d3d11.dll
0x00007fff76770000 - 0x00007fff7685b000 	C:\WINDOWS\system32\dxgi.dll
0x00007fff75b20000 - 0x00007fff75d7a000 	C:\WINDOWS\system32\twinapi.appcore.dll
0x00007fff76040000 - 0x00007fff76069000 	C:\WINDOWS\system32\RMCLIENT.dll
0x00007fff6a760000 - 0x00007fff6a793000 	C:\Program Files\Common Files\Microsoft Shared\Ink\rtscom.dll
0x00007fff68330000 - 0x00007fff683ce000 	C:\WINDOWS\System32\TextInputFramework.dll
0x00007fff72ce0000 - 0x00007fff7300a000 	C:\WINDOWS\System32\CoreUIComponents.dll
0x00007fff754d0000 - 0x00007fff755a4000 	C:\WINDOWS\System32\CoreMessaging.dll
0x00007fff76ad0000 - 0x00007fff76b01000 	C:\WINDOWS\SYSTEM32\ntmarta.dll
0x00007fff73470000 - 0x00007fff735c3000 	C:\WINDOWS\SYSTEM32\wintypes.dll
0x00007fff66b90000 - 0x00007fff66e36000 	C:\WINDOWS\System32\iertutil.dll
0x0000000053a20000 - 0x0000000053a32000 	C:\Program Files\Java\jre1.8.0_181\bin\prism_common.dll

VM Arguments:
jvm_args: -Dfile.encoding=UTF-8 
java_command: main.StartOs
java_class_path (initial): C:\Program Files\Java\jre1.8.0_181\lib\resources.jar;C:\Program Files\Java\jre1.8.0_181\lib\rt.jar;C:\Program Files\Java\jre1.8.0_181\lib\jsse.jar;C:\Program Files\Java\jre1.8.0_181\lib\jce.jar;C:\Program Files\Java\jre1.8.0_181\lib\charsets.jar;C:\Program Files\Java\jre1.8.0_181\lib\jfr.jar;C:\Program Files\Java\jre1.8.0_181\lib\ext\access-bridge-64.jar;C:\Program Files\Java\jre1.8.0_181\lib\ext\cldrdata.jar;C:\Program Files\Java\jre1.8.0_181\lib\ext\dnsns.jar;C:\Program Files\Java\jre1.8.0_181\lib\ext\jaccess.jar;C:\Program Files\Java\jre1.8.0_181\lib\ext\jfxrt.jar;C:\Program Files\Java\jre1.8.0_181\lib\ext\localedata.jar;C:\Program Files\Java\jre1.8.0_181\lib\ext\nashorn.jar;C:\Program Files\Java\jre1.8.0_181\lib\ext\sunec.jar;C:\Program Files\Java\jre1.8.0_181\lib\ext\sunjce_provider.jar;C:\Program Files\Java\jre1.8.0_181\lib\ext\sunmscapi.jar;C:\Program Files\Java\jre1.8.0_181\lib\ext\sunpkcs11.jar;C:\Program Files\Java\jre1.8.0_181\lib\ext\zipfs.jar;C:\Users\lenovo\eclipse-workspace\DemoOs\bin;C:\Users\lenovo\.p2\pool\plugins\org.eclipse.fx.ide.css.jfx8_3.1.0.201712060800.jar
Launcher Type: SUN_STANDARD

Environment Variables:
PATH=C:/Program Files/Java/jre1.8.0_181/bin/server;C:/Program Files/Java/jre1.8.0_181/bin;C:/Program Files/Java/jre1.8.0_181/lib/amd64;C:\Program Files (x86)\Common Files\Oracle\Java\javapath;C:\WINDOWS\system32;C:\WINDOWS;C:\WINDOWS\System32\Wbem;C:\WINDOWS\System32\WindowsPowerShell\v1.0\;C:\WINDOWS\System32\OpenSSH\;C:\Program Files\Java\jre-10.0.1;C:\Program Files\Java\jdk-10.0.1;D:\Git\cmd;C:\Program Files\Java\jdk1.8.0_181\bin;C:\Program Files (x86)\NVIDIA Corporation\PhysX\Common;C:\Program Files\dotnet\;%QUARTUS_ROOTDIR%\bin;C:\Program Files\nodejs\;C:\Program Files\Git\cmd;C:\WINDOWS\system32;C:\WINDOWS;C:\WINDOWS\System32\Wbem;C:\WINDOWS\System32\WindowsPowerShell\v1.0\;C:\WINDOWS\System32\OpenSSH\;C:\Users\lenovo\AppData\Local\Microsoft\WindowsApps;C:\Users\lenovo\AppData\Roaming\npm;;C:\WINDOWS\system32;
USERNAME=lenovo
OS=Windows_NT
PROCESSOR_IDENTIFIER=Intel64 Family 6 Model 158 Stepping 9, GenuineIntel



---------------  S Y S T E M  ---------------

OS: Windows 10.0 , 64 bit Build 18362 (10.0.18362.329)

CPU:total 4 (initial active 4) (4 cores per cpu, 1 threads per core) family 6 model 158 stepping 9, cmov, cx8, fxsr, mmx, sse, sse2, sse3, ssse3, sse4.1, sse4.2, popcnt, avx, avx2, aes, clmul, erms, 3dnowpref, lzcnt, tsc, tscinvbit, bmi1, bmi2, adx

Memory: 4k page, physical 3893912k(395216k free), swap 15952536k(5744k free)

vm_info: Java HotSpot(TM) 64-Bit Server VM (25.181-b13) for windows-amd64 JRE (1.8.0_181-b13), built on Jul  7 2018 04:01:33 by "java_re" with MS VC++ 10.0 (VS2010)

time: Sat Oct 26 22:31:52 2019
elapsed time: 27 seconds (0d 0h 0m 27s)

