#
# There is insufficient memory for the Java Runtime Environment to continue.
# Native memory allocation (malloc) failed to allocate 1146112 bytes for Chunk::new
# Possible reasons:
#   The system is out of physical RAM or swap space
#   In 32 bit mode, the process size limit was hit
# Possible solutions:
#   Reduce memory load on the system
#   Increase physical memory or swap space
#   Check if swap backing store is full
#   Use 64 bit Java on a 64 bit OS
#   Decrease Java heap size (-Xmx/-Xms)
#   Decrease number of Java threads
#   Decrease Java thread stack sizes (-Xss)
#   Set larger code cache with -XX:ReservedCodeCacheSize=
# This output file may be truncated or incomplete.
#
#  Out of Memory Error (allocation.cpp:390), pid=26384, tid=0x00000000000052cc
#
# JRE version: Java(TM) SE Runtime Environment (8.0_181-b13) (build 1.8.0_181-b13)
# Java VM: Java HotSpot(TM) 64-Bit Server VM (25.181-b13 mixed mode windows-amd64 compressed oops)
# Failed to write core dump. Minidumps are not enabled by default on client versions of Windows
#

---------------  T H R E A D  ---------------

Current thread (0x000000001504c000):  JavaThread "C2 CompilerThread1" daemon [_thread_in_native, id=21196, stack(0x0000000016ab0000,0x0000000016bb0000)]

Stack: [0x0000000016ab0000,0x0000000016bb0000]
[error occurred during error reporting (printing stack bounds), id 0xc0000005]

Native frames: (J=compiled Java code, j=interpreted, Vv=VM code, C=native code)


Current CompileTask:
C2:   2933 2834   !   4       javafx.scene.CssStyleHelper::transitionToState (1075 bytes)


---------------  P R O C E S S  ---------------

Java Threads: ( => current thread )
  0x0000000017777000 JavaThread "Prism Font Disposer" daemon [_thread_blocked, id=22236, stack(0x0000000022d40000,0x0000000022e40000)]
  0x00000000176c5800 JavaThread "Thread-5" [_thread_blocked, id=21324, stack(0x00000000219b0000,0x0000000021ab0000)]
  0x000000001753b800 JavaThread "Thread-4" [_thread_blocked, id=21592, stack(0x00000000218b0000,0x00000000219b0000)]
  0x00000000171ab800 JavaThread "Thread-3" daemon [_thread_in_native, id=21992, stack(0x000000001e660000,0x000000001e760000)]
  0x00000000167aa800 JavaThread "JavaFX-Launcher" [_thread_blocked, id=27248, stack(0x000000001e760000,0x000000001e860000)]
  0x00000000170e9800 JavaThread "JavaFX Application Thread" [_thread_blocked, id=28224, stack(0x0000000017c40000,0x0000000017d40000)]
  0x00000000170e9000 JavaThread "Thread-1" daemon [_thread_blocked, id=12448, stack(0x0000000017b40000,0x0000000017c40000)]
  0x0000000016789000 JavaThread "QuantumRenderer-0" daemon [_thread_in_native, id=8028, stack(0x00000000178e0000,0x00000000179e0000)]
  0x0000000016430000 JavaThread "Service Thread" daemon [_thread_blocked, id=30828, stack(0x0000000016cb0000,0x0000000016db0000)]
  0x00000000163fb000 JavaThread "C1 CompilerThread2" daemon [_thread_blocked, id=18936, stack(0x0000000016bb0000,0x0000000016cb0000)]
=>0x000000001504c000 JavaThread "C2 CompilerThread1" daemon [_thread_in_native, id=21196, stack(0x0000000016ab0000,0x0000000016bb0000)]
  0x0000000015043000 JavaThread "C2 CompilerThread0" daemon [_thread_blocked, id=5624, stack(0x00000000169b0000,0x0000000016ab0000)]
  0x0000000015042800 JavaThread "Attach Listener" daemon [_thread_blocked, id=25204, stack(0x00000000168b0000,0x00000000169b0000)]
  0x00000000163b8800 JavaThread "Signal Dispatcher" daemon [_thread_blocked, id=28488, stack(0x00000000167b0000,0x00000000168b0000)]
  0x0000000002bcd000 JavaThread "Finalizer" daemon [_thread_blocked, id=26604, stack(0x0000000016250000,0x0000000016350000)]
  0x0000000002bc2000 JavaThread "Reference Handler" daemon [_thread_blocked, id=18524, stack(0x0000000016150000,0x0000000016250000)]
  0x000000000255e000 JavaThread "main" [_thread_blocked, id=16788, stack(0x00000000029d0000,0x0000000002ad0000)]

Other Threads:
  0x0000000014fb8000 VMThread [stack: 0x0000000016050000,0x0000000016150000] [id=28864]
  0x0000000016446800 WatcherThread [stack: 0x0000000016db0000,0x0000000016eb0000] [id=12412]

VM state:not at safepoint (normal execution)

VM Mutex/Monitor currently owned by a thread: None

Heap:
 PSYoungGen      total 67584K, used 33337K [0x00000000ec300000, 0x00000000f1500000, 0x0000000100000000)
  eden space 58880K, 41% used [0x00000000ec300000,0x00000000edb0e728,0x00000000efc80000)
  from space 8704K, 99% used [0x00000000f0780000,0x00000000f0fffed0,0x00000000f1000000)
  to   space 11264K, 0% used [0x00000000efc80000,0x00000000efc80000,0x00000000f0780000)
 ParOldGen       total 40960K, used 10788K [0x00000000c4800000, 0x00000000c7000000, 0x00000000ec300000)
  object space 40960K, 26% used [0x00000000c4800000,0x00000000c52890a0,0x00000000c7000000)
 Metaspace       used 19094K, capacity 20390K, committed 20480K, reserved 1067008K
  class space    used 2775K, capacity 3042K, committed 3072K, reserved 1048576K

Card table byte_map: [0x0000000011f90000,0x0000000012170000] byte_map_base: 0x000000001196c000

Marking Bits: (ParMarkBitMap*) 0x0000000053962d00
 Begin Bits: [0x00000000126b0000, 0x0000000013590000)
 End Bits:   [0x0000000013590000, 0x0000000014470000)

Polling page: 0x0000000000ea0000

CodeCache: size=245760Kb used=9868Kb max_used=9880Kb free=235891Kb
 bounds [0x0000000002bd0000, 0x0000000003580000, 0x0000000011bd0000]
 total_blobs=3757 nmethods=3153 adapters=514
 compilation: enabled

Compilation events (10 events):
Event: 2.926 Thread 0x0000000015043000 3067       4       java.util.ArrayList::<init> (61 bytes)
Event: 2.926 Thread 0x0000000015043000 nmethod 3067 0x0000000003574110 code [0x0000000003574260, 0x0000000003574398]
Event: 2.926 Thread 0x0000000015043000 2962   !   4       java.util.AbstractList$Itr::next (45 bytes)
Event: 2.927 Thread 0x0000000015043000 nmethod 2962 0x0000000003573d50 code [0x0000000003573ea0, 0x0000000003573fa8]
Event: 2.927 Thread 0x0000000015043000 3021       4       javafx.scene.Node::getClip (21 bytes)
Event: 2.929 Thread 0x0000000015043000 nmethod 3021 0x0000000003573850 code [0x00000000035739c0, 0x0000000003573b28]
Event: 2.929 Thread 0x0000000015043000 3023       4       com.sun.javafx.geom.RectBounds::<init> (26 bytes)
Event: 2.929 Thread 0x0000000015043000 nmethod 3023 0x0000000003573650 code [0x0000000003573780, 0x00000000035737f8]
Event: 2.929 Thread 0x0000000015043000 2986       4       java.util.HashSet::add (20 bytes)
Event: 2.930 Thread 0x0000000015043000 nmethod 2986 0x0000000003573250 code [0x00000000035733a0, 0x0000000003573508]

GC Heap History (10 events):
Event: 1.255 GC heap before
{Heap before GC invocations=2 (full 0):
 PSYoungGen      total 17920K, used 17864K [0x00000000ec300000, 0x00000000ed700000, 0x0000000100000000)
  eden space 15360K, 100% used [0x00000000ec300000,0x00000000ed200000,0x00000000ed200000)
  from space 2560K, 97% used [0x00000000ed200000,0x00000000ed472070,0x00000000ed480000)
  to   space 2560K, 0% used [0x00000000ed480000,0x00000000ed480000,0x00000000ed700000)
 ParOldGen       total 40960K, used 8K [0x00000000c4800000, 0x00000000c7000000, 0x00000000ec300000)
  object space 40960K, 0% used [0x00000000c4800000,0x00000000c4802000,0x00000000c7000000)
 Metaspace       used 11485K, capacity 11938K, committed 12032K, reserved 1058816K
  class space    used 1562K, capacity 1706K, committed 1792K, reserved 1048576K
Event: 1.260 GC heap after
Heap after GC invocations=2 (full 0):
 PSYoungGen      total 17920K, used 2536K [0x00000000ec300000, 0x00000000ee600000, 0x0000000100000000)
  eden space 15360K, 0% used [0x00000000ec300000,0x00000000ec300000,0x00000000ed200000)
  from space 2560K, 99% used [0x00000000ed480000,0x00000000ed6fa040,0x00000000ed700000)
  to   space 2560K, 0% used [0x00000000ed200000,0x00000000ed200000,0x00000000ed480000)
 ParOldGen       total 40960K, used 1152K [0x00000000c4800000, 0x00000000c7000000, 0x00000000ec300000)
  object space 40960K, 2% used [0x00000000c4800000,0x00000000c4920040,0x00000000c7000000)
 Metaspace       used 11485K, capacity 11938K, committed 12032K, reserved 1058816K
  class space    used 1562K, capacity 1706K, committed 1792K, reserved 1048576K
}
Event: 1.501 GC heap before
{Heap before GC invocations=3 (full 0):
 PSYoungGen      total 17920K, used 17896K [0x00000000ec300000, 0x00000000ee600000, 0x0000000100000000)
  eden space 15360K, 100% used [0x00000000ec300000,0x00000000ed200000,0x00000000ed200000)
  from space 2560K, 99% used [0x00000000ed480000,0x00000000ed6fa040,0x00000000ed700000)
  to   space 2560K, 0% used [0x00000000ed200000,0x00000000ed200000,0x00000000ed480000)
 ParOldGen       total 40960K, used 1152K [0x00000000c4800000, 0x00000000c7000000, 0x00000000ec300000)
  object space 40960K, 2% used [0x00000000c4800000,0x00000000c4920040,0x00000000c7000000)
 Metaspace       used 13477K, capacity 14062K, committed 14336K, reserved 1060864K
  class space    used 1846K, capacity 1984K, committed 2048K, reserved 1048576K
Event: 1.508 GC heap after
Heap after GC invocations=3 (full 0):
 PSYoungGen      total 17920K, used 2552K [0x00000000ec300000, 0x00000000ee600000, 0x0000000100000000)
  eden space 15360K, 0% used [0x00000000ec300000,0x00000000ec300000,0x00000000ed200000)
  from space 2560K, 99% used [0x00000000ed200000,0x00000000ed47e030,0x00000000ed480000)
  to   space 2560K, 0% used [0x00000000ee380000,0x00000000ee380000,0x00000000ee600000)
 ParOldGen       total 40960K, used 7650K [0x00000000c4800000, 0x00000000c7000000, 0x00000000ec300000)
  object space 40960K, 18% used [0x00000000c4800000,0x00000000c4f78920,0x00000000c7000000)
 Metaspace       used 13477K, capacity 14062K, committed 14336K, reserved 1060864K
  class space    used 1846K, capacity 1984K, committed 2048K, reserved 1048576K
}
Event: 1.843 GC heap before
{Heap before GC invocations=4 (full 0):
 PSYoungGen      total 17920K, used 17912K [0x00000000ec300000, 0x00000000ee600000, 0x0000000100000000)
  eden space 15360K, 100% used [0x00000000ec300000,0x00000000ed200000,0x00000000ed200000)
  from space 2560K, 99% used [0x00000000ed200000,0x00000000ed47e030,0x00000000ed480000)
  to   space 2560K, 0% used [0x00000000ee380000,0x00000000ee380000,0x00000000ee600000)
 ParOldGen       total 40960K, used 7650K [0x00000000c4800000, 0x00000000c7000000, 0x00000000ec300000)
  object space 40960K, 18% used [0x00000000c4800000,0x00000000c4f78920,0x00000000c7000000)
 Metaspace       used 16598K, capacity 17416K, committed 17536K, reserved 1064960K
  class space    used 2454K, capacity 2667K, committed 2688K, reserved 1048576K
Event: 1.851 GC heap after
Heap after GC invocations=4 (full 0):
 PSYoungGen      total 33280K, used 2552K [0x00000000ec300000, 0x00000000ee600000, 0x0000000100000000)
  eden space 30720K, 0% used [0x00000000ec300000,0x00000000ec300000,0x00000000ee100000)
  from space 2560K, 99% used [0x00000000ee380000,0x00000000ee5fe030,0x00000000ee600000)
  to   space 2560K, 0% used [0x00000000ee100000,0x00000000ee100000,0x00000000ee380000)
 ParOldGen       total 40960K, used 8842K [0x00000000c4800000, 0x00000000c7000000, 0x00000000ec300000)
  object space 40960K, 21% used [0x00000000c4800000,0x00000000c50a2920,0x00000000c7000000)
 Metaspace       used 16598K, capacity 17416K, committed 17536K, reserved 1064960K
  class space    used 2454K, capacity 2667K, committed 2688K, reserved 1048576K
}
Event: 2.134 GC heap before
{Heap before GC invocations=5 (full 0):
 PSYoungGen      total 33280K, used 33272K [0x00000000ec300000, 0x00000000ee600000, 0x0000000100000000)
  eden space 30720K, 100% used [0x00000000ec300000,0x00000000ee100000,0x00000000ee100000)
  from space 2560K, 99% used [0x00000000ee380000,0x00000000ee5fe030,0x00000000ee600000)
  to   space 2560K, 0% used [0x00000000ee100000,0x00000000ee100000,0x00000000ee380000)
 ParOldGen       total 40960K, used 8842K [0x00000000c4800000, 0x00000000c7000000, 0x00000000ec300000)
  object space 40960K, 21% used [0x00000000c4800000,0x00000000c50a2920,0x00000000c7000000)
 Metaspace       used 16823K, capacity 17662K, committed 17920K, reserved 1064960K
  class space    used 2504K, capacity 2740K, committed 2816K, reserved 1048576K
Event: 2.140 GC heap after
Heap after GC invocations=5 (full 0):
 PSYoungGen      total 33280K, used 2552K [0x00000000ec300000, 0x00000000f1000000, 0x0000000100000000)
  eden space 30720K, 0% used [0x00000000ec300000,0x00000000ec300000,0x00000000ee100000)
  from space 2560K, 99% used [0x00000000ee100000,0x00000000ee37e030,0x00000000ee380000)
  to   space 8704K, 0% used [0x00000000f0780000,0x00000000f0780000,0x00000000f1000000)
 ParOldGen       total 40960K, used 9345K [0x00000000c4800000, 0x00000000c7000000, 0x00000000ec300000)
  object space 40960K, 22% used [0x00000000c4800000,0x00000000c5120620,0x00000000c7000000)
 Metaspace       used 16823K, capacity 17662K, committed 17920K, reserved 1064960K
  class space    used 2504K, capacity 2740K, committed 2816K, reserved 1048576K
}
Event: 2.508 GC heap before
{Heap before GC invocations=6 (full 0):
 PSYoungGen      total 33280K, used 33272K [0x00000000ec300000, 0x00000000f1000000, 0x0000000100000000)
  eden space 30720K, 100% used [0x00000000ec300000,0x00000000ee100000,0x00000000ee100000)
  from space 2560K, 99% used [0x00000000ee100000,0x00000000ee37e030,0x00000000ee380000)
  to   space 8704K, 0% used [0x00000000f0780000,0x00000000f0780000,0x00000000f1000000)
 ParOldGen       total 40960K, used 9345K [0x00000000c4800000, 0x00000000c7000000, 0x00000000ec300000)
  object space 40960K, 22% used [0x00000000c4800000,0x00000000c5120620,0x00000000c7000000)
 Metaspace       used 18195K, capacity 19402K, committed 19712K, reserved 1067008K
  class space    used 2702K, capacity 2962K, committed 3072K, reserved 1048576K
Event: 2.521 GC heap after
Heap after GC invocations=6 (full 0):
 PSYoungGen      total 67584K, used 8703K [0x00000000ec300000, 0x00000000f1500000, 0x0000000100000000)
  eden space 58880K, 0% used [0x00000000ec300000,0x00000000ec300000,0x00000000efc80000)
  from space 8704K, 99% used [0x00000000f0780000,0x00000000f0fffed0,0x00000000f1000000)
  to   space 11264K, 0% used [0x00000000efc80000,0x00000000efc80000,0x00000000f0780000)
 ParOldGen       total 40960K, used 10788K [0x00000000c4800000, 0x00000000c7000000, 0x00000000ec300000)
  object space 40960K, 26% used [0x00000000c4800000,0x00000000c52890a0,0x00000000c7000000)
 Metaspace       used 18195K, capacity 19402K, committed 19712K, reserved 1067008K
  class space    used 2702K, capacity 2962K, committed 3072K, reserved 1048576K
}

Deoptimization events (10 events):
Event: 2.478 Thread 0x00000000170e9800 Uncommon trap: reason=bimorphic action=maybe_recompile pc=0x0000000003054270 method=com.sun.javafx.binding.ExpressionHelper.fireValueChangedEvent(Lcom/sun/javafx/binding/ExpressionHelper;)V @ 5
Event: 2.495 Thread 0x00000000170e9800 Uncommon trap: reason=unstable_if action=reinterpret pc=0x00000000031737c4 method=com.sun.javafx.css.BitSet.add(Ljava/lang/Object;)Z @ 91
Event: 2.501 Thread 0x00000000170e9800 Uncommon trap: reason=bimorphic action=maybe_recompile pc=0x000000000305a1d8 method=com.sun.javafx.binding.ExpressionHelper.fireValueChangedEvent(Lcom/sun/javafx/binding/ExpressionHelper;)V @ 5
Event: 2.543 Thread 0x00000000170e9800 Uncommon trap: reason=unstable_if action=reinterpret pc=0x00000000030a70b0 method=javafx.collections.ListChangeBuilder.commit()V @ 16
Event: 2.585 Thread 0x00000000170e9800 Uncommon trap: reason=unstable_if action=reinterpret pc=0x000000000339f1d0 method=javafx.scene.Node.notifyParentOfBoundsChange()V @ 18
Event: 2.770 Thread 0x00000000170e9800 Uncommon trap: reason=unstable_if action=reinterpret pc=0x0000000002ef3d68 method=jdk.internal.org.objectweb.asm.Type.getArgumentsAndReturnSizes(Ljava/lang/String;)I @ 47
Event: 2.881 Thread 0x00000000170e9800 Uncommon trap: reason=class_check action=maybe_recompile pc=0x0000000003442934 method=javafx.beans.property.BooleanPropertyBase.get()Z @ 23
Event: 2.881 Thread 0x00000000170e9800 Uncommon trap: reason=class_check action=maybe_recompile pc=0x0000000003442934 method=javafx.beans.property.BooleanPropertyBase.get()Z @ 23
Event: 2.881 Thread 0x00000000170e9800 Uncommon trap: reason=class_check action=maybe_recompile pc=0x0000000003442934 method=javafx.beans.property.BooleanPropertyBase.get()Z @ 23
Event: 2.881 Thread 0x00000000170e9800 Uncommon trap: reason=class_check action=maybe_recompile pc=0x0000000003442934 method=javafx.beans.property.BooleanPropertyBase.get()Z @ 23

Classes redefined (0 events):
No events

Internal exceptions (10 events):
Event: 1.325 Thread 0x00000000170e9800 Exception <a 'java/lang/ArrayIndexOutOfBoundsException'> (0x00000000ec5d6b60) thrown at [C:\re\workspace\8-2-build-windows-amd64-cygwin\jdk8u181\11358\hotspot\src\share\vm\runtime\sharedRuntime.cpp, line 605]
Event: 1.358 Thread 0x00000000170e9800 Exception <a 'java/lang/ArrayIndexOutOfBoundsException': 65> (0x00000000ec7dd740) thrown at [C:\re\workspace\8-2-build-windows-amd64-cygwin\jdk8u181\11358\hotspot\src\share\vm\interpreter\interpreterRuntime.cpp, line 366]
Event: 1.388 Thread 0x00000000170e9800 Exception <a 'java/lang/NoSuchMethodError': <clinit>> (0x00000000ecaabad0) thrown at [C:\re\workspace\8-2-build-windows-amd64-cygwin\jdk8u181\11358\hotspot\src\share\vm\prims\jni.cpp, line 1613]
Event: 1.513 Thread 0x00000000170e9800 Exception <a 'java/lang/NoSuchMethodError': <clinit>> (0x00000000ec3556d8) thrown at [C:\re\workspace\8-2-build-windows-amd64-cygwin\jdk8u181\11358\hotspot\src\share\vm\prims\jni.cpp, line 1613]
Event: 1.513 Thread 0x00000000170e9800 Exception <a 'java/lang/NoSuchMethodError': <clinit>> (0x00000000ec356070) thrown at [C:\re\workspace\8-2-build-windows-amd64-cygwin\jdk8u181\11358\hotspot\src\share\vm\prims\jni.cpp, line 1613]
Event: 1.564 Thread 0x00000000170e9800 Implicit null exception at 0x0000000002f012f5 to 0x0000000002f01511
Event: 1.564 Thread 0x00000000170e9800 Implicit null exception at 0x0000000002f14c58 to 0x0000000002f14ce6
Event: 1.587 Thread 0x00000000170e9800 Exception <a 'java/io/FileNotFoundException'> (0x00000000ec56f9f0) thrown at [C:\re\workspace\8-2-build-windows-amd64-cygwin\jdk8u181\11358\hotspot\src\share\vm\prims\jni.cpp, line 709]
Event: 1.782 Thread 0x00000000170e9800 Implicit null exception at 0x0000000003077b2d to 0x00000000030781e1
Event: 1.784 Thread 0x00000000170e9800 Implicit null exception at 0x0000000002fe932a to 0x0000000002fe9371

Events (10 events):
Event: 2.928 loading class com/sun/prism/impl/BaseResourcePool$Predicate
Event: 2.928 loading class com/sun/prism/impl/BaseResourcePool$Predicate done
Event: 2.928 loading class com/sun/prism/impl/ManagedResource
Event: 2.928 loading class com/sun/prism/impl/ManagedResource done
Event: 2.928 loading class com/sun/prism/impl/BaseResourcePool$Predicate
Event: 2.928 loading class com/sun/prism/impl/BaseResourcePool$Predicate done
Event: 2.928 loading class com/sun/prism/impl/BaseResourcePool$WeakLinkedList
Event: 2.928 loading class com/sun/prism/impl/BaseResourcePool$WeakLinkedList done
Event: 2.928 loading class com/sun/prism/Texture$Usage
Event: 2.928 loading class com/sun/prism/Texture$Usage done


Dynamic libraries:
0x00007ff717940000 - 0x00007ff717977000 	C:\Program Files\Java\jre1.8.0_181\bin\javaw.exe
0x00007fff7aba0000 - 0x00007fff7ad90000 	C:\WINDOWS\SYSTEM32\ntdll.dll
0x00007fff79210000 - 0x00007fff792c2000 	C:\WINDOWS\System32\KERNEL32.DLL
0x00007fff78110000 - 0x00007fff783b3000 	C:\WINDOWS\System32\KERNELBASE.dll
0x00007fff792e0000 - 0x00007fff79383000 	C:\WINDOWS\System32\ADVAPI32.dll
0x00007fff78d80000 - 0x00007fff78e1e000 	C:\WINDOWS\System32\msvcrt.dll
0x00007fff79390000 - 0x00007fff79427000 	C:\WINDOWS\System32\sechost.dll
0x00007fff790f0000 - 0x00007fff79210000 	C:\WINDOWS\System32\RPCRT4.dll
0x00007fff79a00000 - 0x00007fff79b94000 	C:\WINDOWS\System32\USER32.dll
0x00007fff78440000 - 0x00007fff78461000 	C:\WINDOWS\System32\win32u.dll
0x00007fff7a010000 - 0x00007fff7a036000 	C:\WINDOWS\System32\GDI32.dll
0x00007fff77d70000 - 0x00007fff77f04000 	C:\WINDOWS\System32\gdi32full.dll
0x00007fff77c80000 - 0x00007fff77d1e000 	C:\WINDOWS\System32\msvcp_win.dll
0x00007fff77b80000 - 0x00007fff77c7a000 	C:\WINDOWS\System32\ucrtbase.dll
0x00007fff6b910000 - 0x00007fff6bb95000 	C:\WINDOWS\WinSxS\amd64_microsoft.windows.common-controls_6595b64144ccf1df_6.0.18362.418_none_e6c6b287130d565d\COMCTL32.dll
0x00007fff794b0000 - 0x00007fff797e6000 	C:\WINDOWS\System32\combase.dll
0x00007fff783c0000 - 0x00007fff78440000 	C:\WINDOWS\System32\bcryptPrimitives.dll
0x00007fff7ab10000 - 0x00007fff7ab3e000 	C:\WINDOWS\System32\IMM32.DLL
0x0000000052e20000 - 0x0000000052ef2000 	C:\Program Files\Java\jre1.8.0_181\bin\msvcr100.dll
0x0000000053140000 - 0x00000000539e2000 	C:\Program Files\Java\jre1.8.0_181\bin\server\jvm.dll
0x00007fff792d0000 - 0x00007fff792d8000 	C:\WINDOWS\System32\PSAPI.DLL
0x00007fff755f0000 - 0x00007fff75614000 	C:\WINDOWS\SYSTEM32\WINMM.dll
0x00007fff6d170000 - 0x00007fff6d17a000 	C:\WINDOWS\SYSTEM32\VERSION.dll
0x00007fff755b0000 - 0x00007fff755dd000 	C:\WINDOWS\SYSTEM32\WINMMBASE.dll
0x00007fff77b30000 - 0x00007fff77b7a000 	C:\WINDOWS\System32\cfgmgr32.dll
0x00007fff60a40000 - 0x00007fff60a49000 	C:\WINDOWS\SYSTEM32\WSOCK32.dll
0x00007fff7a8e0000 - 0x00007fff7a94f000 	C:\WINDOWS\System32\WS2_32.dll
0x0000000053050000 - 0x000000005305f000 	C:\Program Files\Java\jre1.8.0_181\bin\verify.dll
0x0000000053020000 - 0x0000000053049000 	C:\Program Files\Java\jre1.8.0_181\bin\java.dll
0x0000000053000000 - 0x0000000053016000 	C:\Program Files\Java\jre1.8.0_181\bin\zip.dll
0x00007fff7a040000 - 0x00007fff7a725000 	C:\WINDOWS\System32\SHELL32.dll
0x00007fff78e90000 - 0x00007fff78f39000 	C:\WINDOWS\System32\shcore.dll
0x00007fff78470000 - 0x00007fff78bef000 	C:\WINDOWS\System32\windows.storage.dll
0x00007fff77b10000 - 0x00007fff77b2f000 	C:\WINDOWS\System32\profapi.dll
0x00007fff77aa0000 - 0x00007fff77aea000 	C:\WINDOWS\System32\powrprof.dll
0x00007fff77a70000 - 0x00007fff77a80000 	C:\WINDOWS\System32\UMPDC.dll
0x00007fff78f50000 - 0x00007fff78fa2000 	C:\WINDOWS\System32\shlwapi.dll
0x00007fff77a80000 - 0x00007fff77a91000 	C:\WINDOWS\System32\kernel.appcore.dll
0x00007fff77d20000 - 0x00007fff77d37000 	C:\WINDOWS\System32\cryptsp.dll
0x0000000002520000 - 0x0000000002523000 	C:\Program Files\Java\jre1.8.0_181\bin\api-ms-win-core-console-l1-1-0.dll
0x0000000002530000 - 0x0000000002533000 	C:\Program Files\Java\jre1.8.0_181\bin\api-ms-win-core-datetime-l1-1-0.dll
0x0000000002540000 - 0x0000000002543000 	C:\Program Files\Java\jre1.8.0_181\bin\api-ms-win-core-debug-l1-1-0.dll
0x0000000002660000 - 0x0000000002663000 	C:\Program Files\Java\jre1.8.0_181\bin\api-ms-win-core-errorhandling-l1-1-0.dll
0x0000000002670000 - 0x0000000002674000 	C:\Program Files\Java\jre1.8.0_181\bin\api-ms-win-core-file-l1-1-0.dll
0x0000000016eb0000 - 0x0000000016eb3000 	C:\Program Files\Java\jre1.8.0_181\bin\api-ms-win-core-file-l1-2-0.dll
0x0000000016ec0000 - 0x0000000016ec3000 	C:\Program Files\Java\jre1.8.0_181\bin\api-ms-win-core-file-l2-1-0.dll
0x0000000016ed0000 - 0x0000000016ed3000 	C:\Program Files\Java\jre1.8.0_181\bin\api-ms-win-core-handle-l1-1-0.dll
0x0000000016ee0000 - 0x0000000016ee3000 	C:\Program Files\Java\jre1.8.0_181\bin\api-ms-win-core-heap-l1-1-0.dll
0x0000000016ef0000 - 0x0000000016ef3000 	C:\Program Files\Java\jre1.8.0_181\bin\api-ms-win-core-interlocked-l1-1-0.dll
0x0000000016f00000 - 0x0000000016f03000 	C:\Program Files\Java\jre1.8.0_181\bin\api-ms-win-core-libraryloader-l1-1-0.dll
0x0000000016f10000 - 0x0000000016f13000 	C:\Program Files\Java\jre1.8.0_181\bin\api-ms-win-core-localization-l1-2-0.dll
0x0000000016f20000 - 0x0000000016f23000 	C:\Program Files\Java\jre1.8.0_181\bin\api-ms-win-core-memory-l1-1-0.dll
0x0000000016f30000 - 0x0000000016f33000 	C:\Program Files\Java\jre1.8.0_181\bin\api-ms-win-core-namedpipe-l1-1-0.dll
0x0000000016f40000 - 0x0000000016f43000 	C:\Program Files\Java\jre1.8.0_181\bin\api-ms-win-core-processenvironment-l1-1-0.dll
0x0000000016f50000 - 0x0000000016f53000 	C:\Program Files\Java\jre1.8.0_181\bin\api-ms-win-core-processthreads-l1-1-0.dll
0x0000000016f60000 - 0x0000000016f63000 	C:\Program Files\Java\jre1.8.0_181\bin\api-ms-win-core-processthreads-l1-1-1.dll
0x0000000016f70000 - 0x0000000016f73000 	C:\Program Files\Java\jre1.8.0_181\bin\api-ms-win-core-profile-l1-1-0.dll
0x0000000016f80000 - 0x0000000016f83000 	C:\Program Files\Java\jre1.8.0_181\bin\api-ms-win-core-rtlsupport-l1-1-0.dll
0x0000000016f90000 - 0x0000000016f93000 	C:\Program Files\Java\jre1.8.0_181\bin\api-ms-win-core-string-l1-1-0.dll
0x0000000016fa0000 - 0x0000000016fa3000 	C:\Program Files\Java\jre1.8.0_181\bin\api-ms-win-core-synch-l1-1-0.dll
0x0000000016fb0000 - 0x0000000016fb3000 	C:\Program Files\Java\jre1.8.0_181\bin\api-ms-win-core-synch-l1-2-0.dll
0x0000000016fc0000 - 0x0000000016fc3000 	C:\Program Files\Java\jre1.8.0_181\bin\api-ms-win-core-sysinfo-l1-1-0.dll
0x0000000016fd0000 - 0x0000000016fd3000 	C:\Program Files\Java\jre1.8.0_181\bin\api-ms-win-core-timezone-l1-1-0.dll
0x0000000016fe0000 - 0x0000000016fe3000 	C:\Program Files\Java\jre1.8.0_181\bin\api-ms-win-core-util-l1-1-0.dll
0x0000000016ff0000 - 0x0000000016ff3000 	C:\Program Files\Java\jre1.8.0_181\bin\api-ms-win-crt-conio-l1-1-0.dll
0x0000000017000000 - 0x0000000017004000 	C:\Program Files\Java\jre1.8.0_181\bin\api-ms-win-crt-convert-l1-1-0.dll
0x0000000017010000 - 0x0000000017013000 	C:\Program Files\Java\jre1.8.0_181\bin\api-ms-win-crt-environment-l1-1-0.dll
0x0000000017020000 - 0x0000000017023000 	C:\Program Files\Java\jre1.8.0_181\bin\api-ms-win-crt-filesystem-l1-1-0.dll
0x0000000017030000 - 0x0000000017033000 	C:\Program Files\Java\jre1.8.0_181\bin\api-ms-win-crt-heap-l1-1-0.dll
0x0000000017040000 - 0x0000000017043000 	C:\Program Files\Java\jre1.8.0_181\bin\api-ms-win-crt-locale-l1-1-0.dll
0x0000000017050000 - 0x0000000017055000 	C:\Program Files\Java\jre1.8.0_181\bin\api-ms-win-crt-math-l1-1-0.dll
0x0000000017060000 - 0x0000000017065000 	C:\Program Files\Java\jre1.8.0_181\bin\api-ms-win-crt-multibyte-l1-1-0.dll
0x0000000017070000 - 0x0000000017080000 	C:\Program Files\Java\jre1.8.0_181\bin\api-ms-win-crt-private-l1-1-0.dll
0x0000000017080000 - 0x0000000017083000 	C:\Program Files\Java\jre1.8.0_181\bin\api-ms-win-crt-process-l1-1-0.dll
0x0000000017090000 - 0x0000000017094000 	C:\Program Files\Java\jre1.8.0_181\bin\api-ms-win-crt-runtime-l1-1-0.dll
0x00000000170a0000 - 0x00000000170a4000 	C:\Program Files\Java\jre1.8.0_181\bin\api-ms-win-crt-stdio-l1-1-0.dll
0x00000000170b0000 - 0x00000000170b4000 	C:\Program Files\Java\jre1.8.0_181\bin\api-ms-win-crt-string-l1-1-0.dll
0x00000000170c0000 - 0x00000000170c3000 	C:\Program Files\Java\jre1.8.0_181\bin\api-ms-win-crt-time-l1-1-0.dll
0x00000000170d0000 - 0x00000000170d3000 	C:\Program Files\Java\jre1.8.0_181\bin\api-ms-win-crt-utility-l1-1-0.dll
0x00007fff5ca00000 - 0x00007fff5caf6000 	C:\Program Files\Java\jre1.8.0_181\bin\ucrtbase.dll
0x00007fff70ce0000 - 0x00007fff70cf6000 	C:\Program Files\Java\jre1.8.0_181\bin\vcruntime140.dll
0x00007fff70c40000 - 0x00007fff70cdc000 	C:\Program Files\Java\jre1.8.0_181\bin\msvcp140.dll
0x00007fff70400000 - 0x00007fff70451000 	C:\Program Files\Java\jre1.8.0_181\bin\concrt140.dll
0x0000000052df0000 - 0x0000000052e13000 	C:\Program Files\Java\jre1.8.0_181\bin\prism_d3d.dll
0x00007fff58e00000 - 0x00007fff58fc7000 	C:\WINDOWS\system32\d3d9.dll
0x00007fff75f30000 - 0x00007fff75f5d000 	C:\WINDOWS\SYSTEM32\dwmapi.dll
0x00007fff766e0000 - 0x00007fff76700000 	C:\WINDOWS\SYSTEM32\dxcore.dll
0x00007fff759f0000 - 0x00007fff75a89000 	C:\WINDOWS\system32\uxtheme.dll
0x00007fff2cb90000 - 0x00007fff303e9000 	C:\WINDOWS\System32\DriverStore\FileRepository\igdlh64.inf_amd64_47ad21e28c856994\igdumdim64.dll
0x00007fff78c50000 - 0x00007fff78d14000 	C:\WINDOWS\System32\OLEAUT32.dll
0x00007fff7a9b0000 - 0x00007fff7ab06000 	C:\WINDOWS\System32\ole32.dll
0x00007fff79ba0000 - 0x00007fff7a010000 	C:\WINDOWS\System32\SETUPAPI.dll
0x00007fff77d40000 - 0x00007fff77d66000 	C:\WINDOWS\System32\bcrypt.dll
0x0000000052da0000 - 0x0000000052de9000 	C:\Program Files\Java\jre1.8.0_181\bin\glass.dll
0x00007fff79930000 - 0x00007fff79a00000 	C:\WINDOWS\System32\COMDLG32.dll
0x00007fff797f0000 - 0x00007fff79926000 	C:\WINDOWS\System32\MSCTF.dll
0x00007fff6d440000 - 0x00007fff6ea42000 	C:\WINDOWS\System32\DriverStore\FileRepository\igdlh64.inf_amd64_47ad21e28c856994\igc64.dll
0x0000000052d80000 - 0x0000000052d94000 	C:\Program Files\Java\jre1.8.0_181\bin\javafx_font.dll
0x00007fff5d7c0000 - 0x00007fff5dabe000 	C:\WINDOWS\SYSTEM32\dwrite.dll
0x00007fff79040000 - 0x00007fff790e2000 	C:\WINDOWS\System32\clbcatq.dll
0x00007fff72990000 - 0x00007fff72b3f000 	C:\WINDOWS\SYSTEM32\WindowsCodecs.dll
0x00007fff56650000 - 0x00007fff5668a000 	C:\WINDOWS\system32\dataexchange.dll
0x00007fff748c0000 - 0x00007fff74b1b000 	C:\WINDOWS\system32\d3d11.dll
0x00007fff74f80000 - 0x00007fff7515b000 	C:\WINDOWS\system32\dcomp.dll
0x00007fff76770000 - 0x00007fff7685b000 	C:\WINDOWS\system32\dxgi.dll
0x00007fff75b20000 - 0x00007fff75d7a000 	C:\WINDOWS\system32\twinapi.appcore.dll
0x00007fff76040000 - 0x00007fff76069000 	C:\WINDOWS\system32\RMCLIENT.dll
0x00007fff6a760000 - 0x00007fff6a793000 	C:\Program Files\Common Files\Microsoft Shared\Ink\rtscom.dll
0x00007fff68330000 - 0x00007fff683ce000 	C:\WINDOWS\System32\TextInputFramework.dll
0x00007fff72ce0000 - 0x00007fff7300a000 	C:\WINDOWS\System32\CoreUIComponents.dll
0x00007fff754d0000 - 0x00007fff755a4000 	C:\WINDOWS\System32\CoreMessaging.dll
0x00007fff76ad0000 - 0x00007fff76b01000 	C:\WINDOWS\SYSTEM32\ntmarta.dll
0x00007fff73470000 - 0x00007fff735c3000 	C:\WINDOWS\SYSTEM32\wintypes.dll
0x00007fff66b90000 - 0x00007fff66e36000 	C:\WINDOWS\System32\iertutil.dll

VM Arguments:
jvm_args: -Dfile.encoding=UTF-8 
java_command: main.StartOs
java_class_path (initial): C:\Program Files\Java\jre1.8.0_181\lib\resources.jar;C:\Program Files\Java\jre1.8.0_181\lib\rt.jar;C:\Program Files\Java\jre1.8.0_181\lib\jsse.jar;C:\Program Files\Java\jre1.8.0_181\lib\jce.jar;C:\Program Files\Java\jre1.8.0_181\lib\charsets.jar;C:\Program Files\Java\jre1.8.0_181\lib\jfr.jar;C:\Program Files\Java\jre1.8.0_181\lib\ext\access-bridge-64.jar;C:\Program Files\Java\jre1.8.0_181\lib\ext\cldrdata.jar;C:\Program Files\Java\jre1.8.0_181\lib\ext\dnsns.jar;C:\Program Files\Java\jre1.8.0_181\lib\ext\jaccess.jar;C:\Program Files\Java\jre1.8.0_181\lib\ext\jfxrt.jar;C:\Program Files\Java\jre1.8.0_181\lib\ext\localedata.jar;C:\Program Files\Java\jre1.8.0_181\lib\ext\nashorn.jar;C:\Program Files\Java\jre1.8.0_181\lib\ext\sunec.jar;C:\Program Files\Java\jre1.8.0_181\lib\ext\sunjce_provider.jar;C:\Program Files\Java\jre1.8.0_181\lib\ext\sunmscapi.jar;C:\Program Files\Java\jre1.8.0_181\lib\ext\sunpkcs11.jar;C:\Program Files\Java\jre1.8.0_181\lib\ext\zipfs.jar;C:\Users\lenovo\eclipse-workspace\DemoOs\bin;C:\Users\lenovo\.p2\pool\plugins\org.eclipse.fx.ide.css.jfx8_3.1.0.201712060800.jar
Launcher Type: SUN_STANDARD

Environment Variables:
PATH=C:/Program Files/Java/jre1.8.0_181/bin/server;C:/Program Files/Java/jre1.8.0_181/bin;C:/Program Files/Java/jre1.8.0_181/lib/amd64;C:\Program Files (x86)\Common Files\Oracle\Java\javapath;C:\WINDOWS\system32;C:\WINDOWS;C:\WINDOWS\System32\Wbem;C:\WINDOWS\System32\WindowsPowerShell\v1.0\;C:\WINDOWS\System32\OpenSSH\;C:\Program Files\Java\jre-10.0.1;C:\Program Files\Java\jdk-10.0.1;D:\Git\cmd;C:\Program Files\Java\jdk1.8.0_181\bin;C:\Program Files (x86)\NVIDIA Corporation\PhysX\Common;C:\Program Files\dotnet\;%QUARTUS_ROOTDIR%\bin;C:\Program Files\nodejs\;C:\Program Files\Git\cmd;C:\WINDOWS\system32;C:\WINDOWS;C:\WINDOWS\System32\Wbem;C:\WINDOWS\System32\WindowsPowerShell\v1.0\;C:\WINDOWS\System32\OpenSSH\;C:\Users\lenovo\AppData\Local\Microsoft\WindowsApps;C:\Users\lenovo\AppData\Roaming\npm;;C:\WINDOWS\system32;
USERNAME=lenovo
OS=Windows_NT
PROCESSOR_IDENTIFIER=Intel64 Family 6 Model 158 Stepping 9, GenuineIntel



---------------  S Y S T E M  ---------------

OS: Windows 10.0 , 64 bit Build 18362 (10.0.18362.329)

CPU:total 4 (initial active 4) (4 cores per cpu, 1 threads per core) family 6 model 158 stepping 9, cmov, cx8, fxsr, mmx, sse, sse2, sse3, ssse3, sse4.1, sse4.2, popcnt, avx, avx2, aes, clmul, erms, 3dnowpref, lzcnt, tsc, tscinvbit, bmi1, bmi2, adx

Memory: 4k page, physical 3893912k(303484k free), swap 15952536k(3572k free)

vm_info: Java HotSpot(TM) 64-Bit Server VM (25.181-b13) for windows-amd64 JRE (1.8.0_181-b13), built on Jul  7 2018 04:01:33 by "java_re" with MS VC++ 10.0 (VS2010)

time: Sat Oct 26 22:42:42 2019
elapsed time: 2 seconds (0d 0h 0m 2s)

