#
# There is insufficient memory for the Java Runtime Environment to continue.
# Native memory allocation (malloc) failed to allocate 1386464 bytes for Chunk::new
# Possible reasons:
#   The system is out of physical RAM or swap space
#   In 32 bit mode, the process size limit was hit
# Possible solutions:
#   Reduce memory load on the system
#   Increase physical memory or swap space
#   Check if swap backing store is full
#   Use 64 bit Java on a 64 bit OS
#   Decrease Java heap size (-Xmx/-Xms)
#   Decrease number of Java threads
#   Decrease Java thread stack sizes (-Xss)
#   Set larger code cache with -XX:ReservedCodeCacheSize=
# This output file may be truncated or incomplete.
#
#  Out of Memory Error (allocation.cpp:390), pid=29484, tid=0x0000000000006290
#
# JRE version: Java(TM) SE Runtime Environment (8.0_181-b13) (build 1.8.0_181-b13)
# Java VM: Java HotSpot(TM) 64-Bit Server VM (25.181-b13 mixed mode windows-amd64 compressed oops)
# Failed to write core dump. Minidumps are not enabled by default on client versions of Windows
#

---------------  T H R E A D  ---------------

Current thread (0x0000000014e13000):  JavaThread "C2 CompilerThread0" daemon [_thread_in_native, id=25232, stack(0x0000000016720000,0x0000000016820000)]

Stack: [0x0000000016720000,0x0000000016820000]
[error occurred during error reporting (printing stack bounds), id 0xc0000005]

Native frames: (J=compiled Java code, j=interpreted, Vv=VM code, C=native code)


Current CompileTask:
C2:   1755 1776   !   4       com.sun.javafx.css.StyleManager::findMatchingStyles (1260 bytes)


---------------  P R O C E S S  ---------------

Java Threads: ( => current thread )
  0x0000000017155000 JavaThread "Prism Font Disposer" daemon [_thread_blocked, id=27992, stack(0x0000000021ff0000,0x00000000220f0000)]
  0x00000000172d7800 JavaThread "Thread-5" [_thread_blocked, id=31340, stack(0x0000000021710000,0x0000000021810000)]
  0x000000001709a800 JavaThread "Thread-4" [_thread_blocked, id=31724, stack(0x0000000021610000,0x0000000021710000)]
  0x0000000016f99800 JavaThread "JavaFX-Launcher" [_thread_blocked, id=1536, stack(0x000000001e4c0000,0x000000001e5c0000)]
  0x0000000016f89000 JavaThread "Thread-2" daemon [_thread_in_native, id=27540, stack(0x000000001e3c0000,0x000000001e4c0000)]
  0x0000000016e96000 JavaThread "JavaFX Application Thread" [_thread_in_Java, id=30532, stack(0x00000000179b0000,0x0000000017ab0000)]
  0x0000000016e87000 JavaThread "Thread-1" daemon [_thread_blocked, id=22940, stack(0x00000000178b0000,0x00000000179b0000)]
  0x0000000016e5e800 JavaThread "QuantumRenderer-0" daemon [_thread_blocked, id=13788, stack(0x0000000017650000,0x0000000017750000)]
  0x00000000161a2000 JavaThread "Service Thread" daemon [_thread_blocked, id=6984, stack(0x0000000016a20000,0x0000000016b20000)]
  0x000000001614d000 JavaThread "C1 CompilerThread2" daemon [_thread_in_vm, id=23016, stack(0x0000000016920000,0x0000000016a20000)]
  0x0000000014e1e800 JavaThread "C2 CompilerThread1" daemon [_thread_in_native, id=31084, stack(0x0000000016820000,0x0000000016920000)]
=>0x0000000014e13000 JavaThread "C2 CompilerThread0" daemon [_thread_in_native, id=25232, stack(0x0000000016720000,0x0000000016820000)]
  0x0000000014e12000 JavaThread "Attach Listener" daemon [_thread_blocked, id=18072, stack(0x0000000016620000,0x0000000016720000)]
  0x0000000016128800 JavaThread "Signal Dispatcher" daemon [_thread_blocked, id=30940, stack(0x0000000016520000,0x0000000016620000)]
  0x0000000014daa800 JavaThread "Finalizer" daemon [_thread_blocked, id=22596, stack(0x0000000016020000,0x0000000016120000)]
  0x0000000014d89000 JavaThread "Reference Handler" daemon [_thread_blocked, id=14456, stack(0x0000000015f20000,0x0000000016020000)]
  0x000000000289e000 JavaThread "main" [_thread_blocked, id=25136, stack(0x0000000002720000,0x0000000002820000)]

Other Threads:
  0x0000000014d87800 VMThread [stack: 0x0000000015e20000,0x0000000015f20000] [id=19336]
  0x00000000161b5000 WatcherThread [stack: 0x0000000016b20000,0x0000000016c20000] [id=29376]

VM state:not at safepoint (normal execution)

VM Mutex/Monitor currently owned by a thread: None

Heap:
 PSYoungGen      total 33280K, used 21137K [0x00000000ec300000, 0x00000000f1000000, 0x0000000100000000)
  eden space 30720K, 60% used [0x00000000ec300000,0x00000000ed526698,0x00000000ee100000)
  from space 2560K, 99% used [0x00000000ee100000,0x00000000ee37e030,0x00000000ee380000)
  to   space 8704K, 0% used [0x00000000f0780000,0x00000000f0780000,0x00000000f1000000)
 ParOldGen       total 40960K, used 9410K [0x00000000c4800000, 0x00000000c7000000, 0x00000000ec300000)
  object space 40960K, 22% used [0x00000000c4800000,0x00000000c5130938,0x00000000c7000000)
 Metaspace       used 17793K, capacity 19000K, committed 19072K, reserved 1064960K
  class space    used 2642K, capacity 2921K, committed 2944K, reserved 1048576K

Card table byte_map: [0x0000000011d60000,0x0000000011f40000] byte_map_base: 0x000000001173c000

Marking Bits: (ParMarkBitMap*) 0x0000000053962d00
 Begin Bits: [0x0000000012480000, 0x0000000013360000)
 End Bits:   [0x0000000013360000, 0x0000000014240000)

Polling page: 0x0000000002330000

CodeCache: size=245760Kb used=7547Kb max_used=7547Kb free=238212Kb
 bounds [0x00000000029a0000, 0x0000000003110000, 0x00000000119a0000]
 total_blobs=2925 nmethods=2335 adapters=502
 compilation: enabled

Compilation events (10 events):
Event: 1.749 Thread 0x000000001614d000 nmethod 2328 0x00000000030f6210 code [0x00000000030f63a0, 0x00000000030f66d8]
Event: 1.749 Thread 0x000000001614d000 2329       2       com.sun.javafx.text.PrismTextLayout::setDirection (46 bytes)
Event: 1.749 Thread 0x000000001614d000 nmethod 2329 0x00000000030f6790 code [0x00000000030f6900, 0x00000000030f6ae8]
Event: 1.750 Thread 0x000000001614d000 2330       2       javafx.css.SimpleStyleableObjectProperty::<init> (31 bytes)
Event: 1.750 Thread 0x000000001614d000 nmethod 2330 0x00000000030f6b90 code [0x00000000030f6ce0, 0x00000000030f6ef0]
Event: 1.751 Thread 0x000000001614d000 2331       2       javafx.scene.control.Control::getSkin (11 bytes)
Event: 1.752 Thread 0x000000001614d000 nmethod 2331 0x00000000030f8490 code [0x00000000030f8600, 0x00000000030f87c8]
Event: 1.752 Thread 0x000000001614d000 2332       2       javafx.scene.Node::focusedProperty (5 bytes)
Event: 1.752 Thread 0x000000001614d000 nmethod 2332 0x00000000030fb310 code [0x00000000030fb460, 0x00000000030fb650]
Event: 1.752 Thread 0x000000001614d000 2333       2       javafx.scene.Node::focusedPropertyImpl (24 bytes)

GC Heap History (10 events):
Event: 0.540 GC heap before
{Heap before GC invocations=1 (full 0):
 PSYoungGen      total 17920K, used 15360K [0x00000000ec300000, 0x00000000ed700000, 0x0000000100000000)
  eden space 15360K, 100% used [0x00000000ec300000,0x00000000ed200000,0x00000000ed200000)
  from space 2560K, 0% used [0x00000000ed480000,0x00000000ed480000,0x00000000ed700000)
  to   space 2560K, 0% used [0x00000000ed200000,0x00000000ed200000,0x00000000ed480000)
 ParOldGen       total 40960K, used 0K [0x00000000c4800000, 0x00000000c7000000, 0x00000000ec300000)
  object space 40960K, 0% used [0x00000000c4800000,0x00000000c4800000,0x00000000c7000000)
 Metaspace       used 9446K, capacity 9836K, committed 10112K, reserved 1058816K
  class space    used 1200K, capacity 1333K, committed 1408K, reserved 1048576K
Event: 0.542 GC heap after
Heap after GC invocations=1 (full 0):
 PSYoungGen      total 17920K, used 2472K [0x00000000ec300000, 0x00000000ed700000, 0x0000000100000000)
  eden space 15360K, 0% used [0x00000000ec300000,0x00000000ec300000,0x00000000ed200000)
  from space 2560K, 96% used [0x00000000ed200000,0x00000000ed46a050,0x00000000ed480000)
  to   space 2560K, 0% used [0x00000000ed480000,0x00000000ed480000,0x00000000ed700000)
 ParOldGen       total 40960K, used 8K [0x00000000c4800000, 0x00000000c7000000, 0x00000000ec300000)
  object space 40960K, 0% used [0x00000000c4800000,0x00000000c4802000,0x00000000c7000000)
 Metaspace       used 9446K, capacity 9836K, committed 10112K, reserved 1058816K
  class space    used 1200K, capacity 1333K, committed 1408K, reserved 1048576K
}
Event: 0.677 GC heap before
{Heap before GC invocations=2 (full 0):
 PSYoungGen      total 17920K, used 17832K [0x00000000ec300000, 0x00000000ed700000, 0x0000000100000000)
  eden space 15360K, 100% used [0x00000000ec300000,0x00000000ed200000,0x00000000ed200000)
  from space 2560K, 96% used [0x00000000ed200000,0x00000000ed46a050,0x00000000ed480000)
  to   space 2560K, 0% used [0x00000000ed480000,0x00000000ed480000,0x00000000ed700000)
 ParOldGen       total 40960K, used 8K [0x00000000c4800000, 0x00000000c7000000, 0x00000000ec300000)
  object space 40960K, 0% used [0x00000000c4800000,0x00000000c4802000,0x00000000c7000000)
 Metaspace       used 11479K, capacity 11906K, committed 12032K, reserved 1058816K
  class space    used 1569K, capacity 1738K, committed 1792K, reserved 1048576K
Event: 0.680 GC heap after
Heap after GC invocations=2 (full 0):
 PSYoungGen      total 17920K, used 2552K [0x00000000ec300000, 0x00000000ee600000, 0x0000000100000000)
  eden space 15360K, 0% used [0x00000000ec300000,0x00000000ec300000,0x00000000ed200000)
  from space 2560K, 99% used [0x00000000ed480000,0x00000000ed6fe050,0x00000000ed700000)
  to   space 2560K, 0% used [0x00000000ed200000,0x00000000ed200000,0x00000000ed480000)
 ParOldGen       total 40960K, used 1136K [0x00000000c4800000, 0x00000000c7000000, 0x00000000ec300000)
  object space 40960K, 2% used [0x00000000c4800000,0x00000000c491c010,0x00000000c7000000)
 Metaspace       used 11479K, capacity 11906K, committed 12032K, reserved 1058816K
  class space    used 1569K, capacity 1738K, committed 1792K, reserved 1048576K
}
Event: 0.914 GC heap before
{Heap before GC invocations=3 (full 0):
 PSYoungGen      total 17920K, used 17912K [0x00000000ec300000, 0x00000000ee600000, 0x0000000100000000)
  eden space 15360K, 100% used [0x00000000ec300000,0x00000000ed200000,0x00000000ed200000)
  from space 2560K, 99% used [0x00000000ed480000,0x00000000ed6fe050,0x00000000ed700000)
  to   space 2560K, 0% used [0x00000000ed200000,0x00000000ed200000,0x00000000ed480000)
 ParOldGen       total 40960K, used 1136K [0x00000000c4800000, 0x00000000c7000000, 0x00000000ec300000)
  object space 40960K, 2% used [0x00000000c4800000,0x00000000c491c010,0x00000000c7000000)
 Metaspace       used 13448K, capacity 14062K, committed 14336K, reserved 1060864K
  class space    used 1846K, capacity 1984K, committed 2048K, reserved 1048576K
Event: 0.922 GC heap after
Heap after GC invocations=3 (full 0):
 PSYoungGen      total 17920K, used 2552K [0x00000000ec300000, 0x00000000ee600000, 0x0000000100000000)
  eden space 15360K, 0% used [0x00000000ec300000,0x00000000ec300000,0x00000000ed200000)
  from space 2560K, 99% used [0x00000000ed200000,0x00000000ed47e030,0x00000000ed480000)
  to   space 2560K, 0% used [0x00000000ee380000,0x00000000ee380000,0x00000000ee600000)
 ParOldGen       total 40960K, used 7574K [0x00000000c4800000, 0x00000000c7000000, 0x00000000ec300000)
  object space 40960K, 18% used [0x00000000c4800000,0x00000000c4f658d0,0x00000000c7000000)
 Metaspace       used 13448K, capacity 14062K, committed 14336K, reserved 1060864K
  class space    used 1846K, capacity 1984K, committed 2048K, reserved 1048576K
}
Event: 1.294 GC heap before
{Heap before GC invocations=4 (full 0):
 PSYoungGen      total 17920K, used 17912K [0x00000000ec300000, 0x00000000ee600000, 0x0000000100000000)
  eden space 15360K, 100% used [0x00000000ec300000,0x00000000ed200000,0x00000000ed200000)
  from space 2560K, 99% used [0x00000000ed200000,0x00000000ed47e030,0x00000000ed480000)
  to   space 2560K, 0% used [0x00000000ee380000,0x00000000ee380000,0x00000000ee600000)
 ParOldGen       total 40960K, used 7574K [0x00000000c4800000, 0x00000000c7000000, 0x00000000ec300000)
  object space 40960K, 18% used [0x00000000c4800000,0x00000000c4f658d0,0x00000000c7000000)
 Metaspace       used 16586K, capacity 17416K, committed 17536K, reserved 1064960K
  class space    used 2453K, capacity 2667K, committed 2688K, reserved 1048576K
Event: 1.325 GC heap after
Heap after GC invocations=4 (full 0):
 PSYoungGen      total 33280K, used 2552K [0x00000000ec300000, 0x00000000ee600000, 0x0000000100000000)
  eden space 30720K, 0% used [0x00000000ec300000,0x00000000ec300000,0x00000000ee100000)
  from space 2560K, 99% used [0x00000000ee380000,0x00000000ee5fe030,0x00000000ee600000)
  to   space 2560K, 0% used [0x00000000ee100000,0x00000000ee100000,0x00000000ee380000)
 ParOldGen       total 40960K, used 8963K [0x00000000c4800000, 0x00000000c7000000, 0x00000000ec300000)
  object space 40960K, 21% used [0x00000000c4800000,0x00000000c50c0c38,0x00000000c7000000)
 Metaspace       used 16586K, capacity 17416K, committed 17536K, reserved 1064960K
  class space    used 2453K, capacity 2667K, committed 2688K, reserved 1048576K
}
Event: 1.524 GC heap before
{Heap before GC invocations=5 (full 0):
 PSYoungGen      total 33280K, used 33272K [0x00000000ec300000, 0x00000000ee600000, 0x0000000100000000)
  eden space 30720K, 100% used [0x00000000ec300000,0x00000000ee100000,0x00000000ee100000)
  from space 2560K, 99% used [0x00000000ee380000,0x00000000ee5fe030,0x00000000ee600000)
  to   space 2560K, 0% used [0x00000000ee100000,0x00000000ee100000,0x00000000ee380000)
 ParOldGen       total 40960K, used 8963K [0x00000000c4800000, 0x00000000c7000000, 0x00000000ec300000)
  object space 40960K, 21% used [0x00000000c4800000,0x00000000c50c0c38,0x00000000c7000000)
 Metaspace       used 16809K, capacity 17662K, committed 17920K, reserved 1064960K
  class space    used 2503K, capacity 2740K, committed 2816K, reserved 1048576K
Event: 1.536 GC heap after
Heap after GC invocations=5 (full 0):
 PSYoungGen      total 33280K, used 2552K [0x00000000ec300000, 0x00000000f1000000, 0x0000000100000000)
  eden space 30720K, 0% used [0x00000000ec300000,0x00000000ec300000,0x00000000ee100000)
  from space 2560K, 99% used [0x00000000ee100000,0x00000000ee37e030,0x00000000ee380000)
  to   space 8704K, 0% used [0x00000000f0780000,0x00000000f0780000,0x00000000f1000000)
 ParOldGen       total 40960K, used 9410K [0x00000000c4800000, 0x00000000c7000000, 0x00000000ec300000)
  object space 40960K, 22% used [0x00000000c4800000,0x00000000c5130938,0x00000000c7000000)
 Metaspace       used 16809K, capacity 17662K, committed 17920K, reserved 1064960K
  class space    used 2503K, capacity 2740K, committed 2816K, reserved 1048576K
}

Deoptimization events (10 events):
Event: 1.388 Thread 0x0000000016e96000 Uncommon trap: reason=unstable_if action=reinterpret pc=0x0000000002fc2734 method=javafx.scene.CssStyleHelper.canReuseStyleHelper(Ljavafx/scene/Node;Lcom/sun/javafx/css/StyleMap;)Z @ 149
Event: 1.446 Thread 0x0000000016e96000 Uncommon trap: reason=unstable_if action=reinterpret pc=0x0000000002f45470 method=javafx.scene.Node.isVisible()Z @ 4
Event: 1.450 Thread 0x0000000016e96000 Uncommon trap: reason=unstable_if action=reinterpret pc=0x0000000002ed7bec method=java.lang.ClassLoader.checkName(Ljava/lang/String;)Z @ 20
Event: 1.457 Thread 0x0000000016e96000 Uncommon trap: reason=unstable_if action=reinterpret pc=0x0000000002fd26c0 method=java.util.WeakHashMap.get(Ljava/lang/Object;)Ljava/lang/Object; @ 35
Event: 1.462 Thread 0x0000000016e96000 Uncommon trap: reason=array_check action=maybe_recompile pc=0x0000000002faf90c method=com.sun.javafx.css.SimpleSelector.applies(Ljavafx/css/Styleable;[Ljava/util/Set;I)Z @ 37
Event: 1.463 Thread 0x0000000016e96000 Uncommon trap: reason=array_check action=maybe_recompile pc=0x0000000002fa47f0 method=com.sun.javafx.css.CompoundSelector.applies(Ljavafx/css/Styleable;[Ljava/util/Set;I)Z @ 128
Event: 1.463 Thread 0x0000000016e96000 Uncommon trap: reason=array_check action=maybe_recompile pc=0x0000000002fa47f0 method=com.sun.javafx.css.CompoundSelector.applies(Ljavafx/css/Styleable;[Ljava/util/Set;I)Z @ 128
Event: 1.463 Thread 0x0000000016e96000 Uncommon trap: reason=array_check action=maybe_recompile pc=0x0000000002fa47f0 method=com.sun.javafx.css.CompoundSelector.applies(Ljavafx/css/Styleable;[Ljava/util/Set;I)Z @ 128
Event: 1.463 Thread 0x0000000016e96000 Uncommon trap: reason=array_check action=maybe_recompile pc=0x0000000002fa47f0 method=com.sun.javafx.css.CompoundSelector.applies(Ljavafx/css/Styleable;[Ljava/util/Set;I)Z @ 128
Event: 1.552 Thread 0x0000000016e96000 Uncommon trap: reason=unstable_if action=reinterpret pc=0x0000000002ff533c method=javafx.scene.CssStyleHelper.updateParentTriggerStates(Ljavafx/css/Styleable;I[Lcom/sun/javafx/css/PseudoClassState;)V @ 47

Classes redefined (0 events):
No events

Internal exceptions (10 events):
Event: 0.799 Thread 0x0000000016e96000 Exception <a 'java/lang/NoSuchMethodError': <clinit>> (0x00000000ecaa19e0) thrown at [C:\re\workspace\8-2-build-windows-amd64-cygwin\jdk8u181\11358\hotspot\src\share\vm\prims\jni.cpp, line 1613]
Event: 0.927 Thread 0x0000000016e96000 Exception <a 'java/lang/NoSuchMethodError': <clinit>> (0x00000000ec362a48) thrown at [C:\re\workspace\8-2-build-windows-amd64-cygwin\jdk8u181\11358\hotspot\src\share\vm\prims\jni.cpp, line 1613]
Event: 0.927 Thread 0x0000000016e96000 Exception <a 'java/lang/NoSuchMethodError': <clinit>> (0x00000000ec3633e0) thrown at [C:\re\workspace\8-2-build-windows-amd64-cygwin\jdk8u181\11358\hotspot\src\share\vm\prims\jni.cpp, line 1613]
Event: 0.972 Thread 0x0000000016e96000 Implicit null exception at 0x0000000002cc4375 to 0x0000000002cc458d
Event: 0.972 Thread 0x0000000016e96000 Implicit null exception at 0x0000000002cddd18 to 0x0000000002cddda6
Event: 0.991 Thread 0x0000000016e96000 Exception <a 'java/io/FileNotFoundException'> (0x00000000ec58d888) thrown at [C:\re\workspace\8-2-build-windows-amd64-cygwin\jdk8u181\11358\hotspot\src\share\vm\prims\jni.cpp, line 709]
Event: 1.182 Thread 0x0000000016e96000 Implicit null exception at 0x0000000002e3e6ed to 0x0000000002e3eda1
Event: 1.184 Thread 0x0000000016e96000 Implicit null exception at 0x0000000002db4f6a to 0x0000000002db4fb1
Event: 1.384 Thread 0x0000000016e96000 Implicit null exception at 0x0000000002fb6782 to 0x0000000002fb6e12
Event: 1.457 Thread 0x0000000016e96000 Implicit null exception at 0x0000000002fd22ff to 0x0000000002fd26a5

Events (10 events):
Event: 1.622 loading class com/sun/javafx/scene/layout/region/Margins
Event: 1.622 loading class com/sun/javafx/scene/layout/region/Margins done
Event: 1.623 loading class javafx/scene/layout/BorderStrokeStyle
Event: 1.623 loading class javafx/scene/layout/BorderStrokeStyle done
Event: 1.623 loading class javafx/scene/layout/BorderStroke
Event: 1.623 loading class javafx/scene/layout/BorderStroke done
Event: 1.697 Executing VM operation: ForceSafepoint
Event: 1.698 Executing VM operation: ForceSafepoint done
Event: 1.713 Thread 0x0000000016e96000 DEOPT PACKING pc=0x000000000304a479 sp=0x0000000017aacdc0
Event: 1.713 Thread 0x0000000016e96000 DEOPT UNPACKING pc=0x00000000029e7890 sp=0x0000000017aacbf0 mode 0


Dynamic libraries:
0x00007ff717940000 - 0x00007ff717977000 	C:\Program Files\Java\jre1.8.0_181\bin\javaw.exe
0x00007fff7aba0000 - 0x00007fff7ad90000 	C:\WINDOWS\SYSTEM32\ntdll.dll
0x00007fff79210000 - 0x00007fff792c2000 	C:\WINDOWS\System32\KERNEL32.DLL
0x00007fff78110000 - 0x00007fff783b3000 	C:\WINDOWS\System32\KERNELBASE.dll
0x00007fff792e0000 - 0x00007fff79383000 	C:\WINDOWS\System32\ADVAPI32.dll
0x00007fff78d80000 - 0x00007fff78e1e000 	C:\WINDOWS\System32\msvcrt.dll
0x00007fff79390000 - 0x00007fff79427000 	C:\WINDOWS\System32\sechost.dll
0x00007fff790f0000 - 0x00007fff79210000 	C:\WINDOWS\System32\RPCRT4.dll
0x00007fff79a00000 - 0x00007fff79b94000 	C:\WINDOWS\System32\USER32.dll
0x00007fff78440000 - 0x00007fff78461000 	C:\WINDOWS\System32\win32u.dll
0x00007fff7a010000 - 0x00007fff7a036000 	C:\WINDOWS\System32\GDI32.dll
0x00007fff77d70000 - 0x00007fff77f04000 	C:\WINDOWS\System32\gdi32full.dll
0x00007fff77c80000 - 0x00007fff77d1e000 	C:\WINDOWS\System32\msvcp_win.dll
0x00007fff77b80000 - 0x00007fff77c7a000 	C:\WINDOWS\System32\ucrtbase.dll
0x00007fff6b910000 - 0x00007fff6bb95000 	C:\WINDOWS\WinSxS\amd64_microsoft.windows.common-controls_6595b64144ccf1df_6.0.18362.418_none_e6c6b287130d565d\COMCTL32.dll
0x00007fff794b0000 - 0x00007fff797e6000 	C:\WINDOWS\System32\combase.dll
0x00007fff783c0000 - 0x00007fff78440000 	C:\WINDOWS\System32\bcryptPrimitives.dll
0x00007fff7ab10000 - 0x00007fff7ab3e000 	C:\WINDOWS\System32\IMM32.DLL
0x0000000052e20000 - 0x0000000052ef2000 	C:\Program Files\Java\jre1.8.0_181\bin\msvcr100.dll
0x0000000053140000 - 0x00000000539e2000 	C:\Program Files\Java\jre1.8.0_181\bin\server\jvm.dll
0x00007fff792d0000 - 0x00007fff792d8000 	C:\WINDOWS\System32\PSAPI.DLL
0x00007fff755f0000 - 0x00007fff75614000 	C:\WINDOWS\SYSTEM32\WINMM.dll
0x00007fff60a40000 - 0x00007fff60a49000 	C:\WINDOWS\SYSTEM32\WSOCK32.dll
0x00007fff7a8e0000 - 0x00007fff7a94f000 	C:\WINDOWS\System32\WS2_32.dll
0x00007fff6d170000 - 0x00007fff6d17a000 	C:\WINDOWS\SYSTEM32\VERSION.dll
0x00007fff755b0000 - 0x00007fff755dd000 	C:\WINDOWS\SYSTEM32\winmmbase.dll
0x00007fff77b30000 - 0x00007fff77b7a000 	C:\WINDOWS\System32\cfgmgr32.dll
0x0000000053050000 - 0x000000005305f000 	C:\Program Files\Java\jre1.8.0_181\bin\verify.dll
0x0000000053020000 - 0x0000000053049000 	C:\Program Files\Java\jre1.8.0_181\bin\java.dll
0x0000000053000000 - 0x0000000053016000 	C:\Program Files\Java\jre1.8.0_181\bin\zip.dll
0x00007fff7a040000 - 0x00007fff7a725000 	C:\WINDOWS\System32\SHELL32.dll
0x00007fff78e90000 - 0x00007fff78f39000 	C:\WINDOWS\System32\shcore.dll
0x00007fff78470000 - 0x00007fff78bef000 	C:\WINDOWS\System32\windows.storage.dll
0x00007fff77b10000 - 0x00007fff77b2f000 	C:\WINDOWS\System32\profapi.dll
0x00007fff77aa0000 - 0x00007fff77aea000 	C:\WINDOWS\System32\powrprof.dll
0x00007fff77a70000 - 0x00007fff77a80000 	C:\WINDOWS\System32\UMPDC.dll
0x00007fff78f50000 - 0x00007fff78fa2000 	C:\WINDOWS\System32\shlwapi.dll
0x00007fff77a80000 - 0x00007fff77a91000 	C:\WINDOWS\System32\kernel.appcore.dll
0x00007fff77d20000 - 0x00007fff77d37000 	C:\WINDOWS\System32\cryptsp.dll
0x0000000002390000 - 0x0000000002393000 	C:\Program Files\Java\jre1.8.0_181\bin\api-ms-win-core-console-l1-1-0.dll
0x00000000023a0000 - 0x00000000023a3000 	C:\Program Files\Java\jre1.8.0_181\bin\api-ms-win-core-datetime-l1-1-0.dll
0x00000000023b0000 - 0x00000000023b3000 	C:\Program Files\Java\jre1.8.0_181\bin\api-ms-win-core-debug-l1-1-0.dll
0x00000000023c0000 - 0x00000000023c3000 	C:\Program Files\Java\jre1.8.0_181\bin\api-ms-win-core-errorhandling-l1-1-0.dll
0x0000000002880000 - 0x0000000002884000 	C:\Program Files\Java\jre1.8.0_181\bin\api-ms-win-core-file-l1-1-0.dll
0x0000000016c20000 - 0x0000000016c23000 	C:\Program Files\Java\jre1.8.0_181\bin\api-ms-win-core-file-l1-2-0.dll
0x0000000016c30000 - 0x0000000016c33000 	C:\Program Files\Java\jre1.8.0_181\bin\api-ms-win-core-file-l2-1-0.dll
0x0000000016c40000 - 0x0000000016c43000 	C:\Program Files\Java\jre1.8.0_181\bin\api-ms-win-core-handle-l1-1-0.dll
0x0000000016c50000 - 0x0000000016c53000 	C:\Program Files\Java\jre1.8.0_181\bin\api-ms-win-core-heap-l1-1-0.dll
0x0000000016c60000 - 0x0000000016c63000 	C:\Program Files\Java\jre1.8.0_181\bin\api-ms-win-core-interlocked-l1-1-0.dll
0x0000000016c70000 - 0x0000000016c73000 	C:\Program Files\Java\jre1.8.0_181\bin\api-ms-win-core-libraryloader-l1-1-0.dll
0x0000000016c80000 - 0x0000000016c83000 	C:\Program Files\Java\jre1.8.0_181\bin\api-ms-win-core-localization-l1-2-0.dll
0x0000000016c90000 - 0x0000000016c93000 	C:\Program Files\Java\jre1.8.0_181\bin\api-ms-win-core-memory-l1-1-0.dll
0x0000000016ca0000 - 0x0000000016ca3000 	C:\Program Files\Java\jre1.8.0_181\bin\api-ms-win-core-namedpipe-l1-1-0.dll
0x0000000016cb0000 - 0x0000000016cb3000 	C:\Program Files\Java\jre1.8.0_181\bin\api-ms-win-core-processenvironment-l1-1-0.dll
0x0000000016cc0000 - 0x0000000016cc3000 	C:\Program Files\Java\jre1.8.0_181\bin\api-ms-win-core-processthreads-l1-1-0.dll
0x0000000016cd0000 - 0x0000000016cd3000 	C:\Program Files\Java\jre1.8.0_181\bin\api-ms-win-core-processthreads-l1-1-1.dll
0x0000000016ce0000 - 0x0000000016ce3000 	C:\Program Files\Java\jre1.8.0_181\bin\api-ms-win-core-profile-l1-1-0.dll
0x0000000016cf0000 - 0x0000000016cf3000 	C:\Program Files\Java\jre1.8.0_181\bin\api-ms-win-core-rtlsupport-l1-1-0.dll
0x0000000016d00000 - 0x0000000016d03000 	C:\Program Files\Java\jre1.8.0_181\bin\api-ms-win-core-string-l1-1-0.dll
0x0000000016d10000 - 0x0000000016d13000 	C:\Program Files\Java\jre1.8.0_181\bin\api-ms-win-core-synch-l1-1-0.dll
0x0000000016d20000 - 0x0000000016d23000 	C:\Program Files\Java\jre1.8.0_181\bin\api-ms-win-core-synch-l1-2-0.dll
0x0000000016d30000 - 0x0000000016d33000 	C:\Program Files\Java\jre1.8.0_181\bin\api-ms-win-core-sysinfo-l1-1-0.dll
0x0000000016d40000 - 0x0000000016d43000 	C:\Program Files\Java\jre1.8.0_181\bin\api-ms-win-core-timezone-l1-1-0.dll
0x0000000016d50000 - 0x0000000016d53000 	C:\Program Files\Java\jre1.8.0_181\bin\api-ms-win-core-util-l1-1-0.dll
0x0000000016d60000 - 0x0000000016d63000 	C:\Program Files\Java\jre1.8.0_181\bin\api-ms-win-crt-conio-l1-1-0.dll
0x0000000016d70000 - 0x0000000016d74000 	C:\Program Files\Java\jre1.8.0_181\bin\api-ms-win-crt-convert-l1-1-0.dll
0x0000000016d80000 - 0x0000000016d83000 	C:\Program Files\Java\jre1.8.0_181\bin\api-ms-win-crt-environment-l1-1-0.dll
0x0000000016d90000 - 0x0000000016d93000 	C:\Program Files\Java\jre1.8.0_181\bin\api-ms-win-crt-filesystem-l1-1-0.dll
0x0000000016da0000 - 0x0000000016da3000 	C:\Program Files\Java\jre1.8.0_181\bin\api-ms-win-crt-heap-l1-1-0.dll
0x0000000016db0000 - 0x0000000016db3000 	C:\Program Files\Java\jre1.8.0_181\bin\api-ms-win-crt-locale-l1-1-0.dll
0x0000000016dc0000 - 0x0000000016dc5000 	C:\Program Files\Java\jre1.8.0_181\bin\api-ms-win-crt-math-l1-1-0.dll
0x0000000016dd0000 - 0x0000000016dd5000 	C:\Program Files\Java\jre1.8.0_181\bin\api-ms-win-crt-multibyte-l1-1-0.dll
0x0000000016de0000 - 0x0000000016df0000 	C:\Program Files\Java\jre1.8.0_181\bin\api-ms-win-crt-private-l1-1-0.dll
0x0000000016df0000 - 0x0000000016df3000 	C:\Program Files\Java\jre1.8.0_181\bin\api-ms-win-crt-process-l1-1-0.dll
0x0000000016e00000 - 0x0000000016e04000 	C:\Program Files\Java\jre1.8.0_181\bin\api-ms-win-crt-runtime-l1-1-0.dll
0x0000000016e10000 - 0x0000000016e14000 	C:\Program Files\Java\jre1.8.0_181\bin\api-ms-win-crt-stdio-l1-1-0.dll
0x0000000016e20000 - 0x0000000016e24000 	C:\Program Files\Java\jre1.8.0_181\bin\api-ms-win-crt-string-l1-1-0.dll
0x0000000016e30000 - 0x0000000016e33000 	C:\Program Files\Java\jre1.8.0_181\bin\api-ms-win-crt-time-l1-1-0.dll
0x0000000016e40000 - 0x0000000016e43000 	C:\Program Files\Java\jre1.8.0_181\bin\api-ms-win-crt-utility-l1-1-0.dll
0x00007fff5ca00000 - 0x00007fff5caf6000 	C:\Program Files\Java\jre1.8.0_181\bin\ucrtbase.dll
0x00007fff70ce0000 - 0x00007fff70cf6000 	C:\Program Files\Java\jre1.8.0_181\bin\vcruntime140.dll
0x00007fff70c40000 - 0x00007fff70cdc000 	C:\Program Files\Java\jre1.8.0_181\bin\msvcp140.dll
0x00007fff70400000 - 0x00007fff70451000 	C:\Program Files\Java\jre1.8.0_181\bin\concrt140.dll
0x0000000052df0000 - 0x0000000052e13000 	C:\Program Files\Java\jre1.8.0_181\bin\prism_d3d.dll
0x00007fff58e00000 - 0x00007fff58fc7000 	C:\WINDOWS\system32\d3d9.dll
0x00007fff75f30000 - 0x00007fff75f5d000 	C:\WINDOWS\SYSTEM32\dwmapi.dll
0x00007fff766e0000 - 0x00007fff76700000 	C:\WINDOWS\SYSTEM32\dxcore.dll
0x00007fff759f0000 - 0x00007fff75a89000 	C:\WINDOWS\system32\uxtheme.dll
0x00007fff2cb90000 - 0x00007fff303e9000 	C:\WINDOWS\System32\DriverStore\FileRepository\igdlh64.inf_amd64_47ad21e28c856994\igdumdim64.dll
0x00007fff78c50000 - 0x00007fff78d14000 	C:\WINDOWS\System32\OLEAUT32.dll
0x00007fff7a9b0000 - 0x00007fff7ab06000 	C:\WINDOWS\System32\ole32.dll
0x00007fff79ba0000 - 0x00007fff7a010000 	C:\WINDOWS\System32\SETUPAPI.dll
0x00007fff77d40000 - 0x00007fff77d66000 	C:\WINDOWS\System32\bcrypt.dll
0x0000000052da0000 - 0x0000000052de9000 	C:\Program Files\Java\jre1.8.0_181\bin\glass.dll
0x00007fff79930000 - 0x00007fff79a00000 	C:\WINDOWS\System32\COMDLG32.dll
0x00007fff797f0000 - 0x00007fff79926000 	C:\WINDOWS\System32\MSCTF.dll
0x00007fff6d440000 - 0x00007fff6ea42000 	C:\WINDOWS\System32\DriverStore\FileRepository\igdlh64.inf_amd64_47ad21e28c856994\igc64.dll
0x0000000052d80000 - 0x0000000052d94000 	C:\Program Files\Java\jre1.8.0_181\bin\javafx_font.dll
0x00007fff5d7c0000 - 0x00007fff5dabe000 	C:\WINDOWS\SYSTEM32\dwrite.dll
0x00007fff79040000 - 0x00007fff790e2000 	C:\WINDOWS\System32\clbcatq.dll
0x00007fff72990000 - 0x00007fff72b3f000 	C:\WINDOWS\SYSTEM32\WindowsCodecs.dll
0x00007fff56650000 - 0x00007fff5668a000 	C:\WINDOWS\system32\dataexchange.dll
0x00007fff748c0000 - 0x00007fff74b1b000 	C:\WINDOWS\system32\d3d11.dll
0x00007fff74f80000 - 0x00007fff7515b000 	C:\WINDOWS\system32\dcomp.dll
0x00007fff76770000 - 0x00007fff7685b000 	C:\WINDOWS\system32\dxgi.dll
0x00007fff75b20000 - 0x00007fff75d7a000 	C:\WINDOWS\system32\twinapi.appcore.dll
0x00007fff76040000 - 0x00007fff76069000 	C:\WINDOWS\system32\RMCLIENT.dll
0x00007fff6a710000 - 0x00007fff6a743000 	C:\Program Files\Common Files\Microsoft Shared\Ink\rtscom.dll
0x00007fff68330000 - 0x00007fff683ce000 	C:\WINDOWS\System32\TextInputFramework.dll
0x00007fff72ce0000 - 0x00007fff7300a000 	C:\WINDOWS\System32\CoreUIComponents.dll
0x00007fff754d0000 - 0x00007fff755a4000 	C:\WINDOWS\System32\CoreMessaging.dll
0x00007fff76ad0000 - 0x00007fff76b01000 	C:\WINDOWS\SYSTEM32\ntmarta.dll
0x00007fff73470000 - 0x00007fff735c3000 	C:\WINDOWS\SYSTEM32\wintypes.dll
0x00007fff66b90000 - 0x00007fff66e36000 	C:\WINDOWS\System32\iertutil.dll

VM Arguments:
jvm_args: -Dfile.encoding=UTF-8 
java_command: main.StartOs
java_class_path (initial): C:\Program Files\Java\jre1.8.0_181\lib\resources.jar;C:\Program Files\Java\jre1.8.0_181\lib\rt.jar;C:\Program Files\Java\jre1.8.0_181\lib\jsse.jar;C:\Program Files\Java\jre1.8.0_181\lib\jce.jar;C:\Program Files\Java\jre1.8.0_181\lib\charsets.jar;C:\Program Files\Java\jre1.8.0_181\lib\jfr.jar;C:\Program Files\Java\jre1.8.0_181\lib\ext\access-bridge-64.jar;C:\Program Files\Java\jre1.8.0_181\lib\ext\cldrdata.jar;C:\Program Files\Java\jre1.8.0_181\lib\ext\dnsns.jar;C:\Program Files\Java\jre1.8.0_181\lib\ext\jaccess.jar;C:\Program Files\Java\jre1.8.0_181\lib\ext\jfxrt.jar;C:\Program Files\Java\jre1.8.0_181\lib\ext\localedata.jar;C:\Program Files\Java\jre1.8.0_181\lib\ext\nashorn.jar;C:\Program Files\Java\jre1.8.0_181\lib\ext\sunec.jar;C:\Program Files\Java\jre1.8.0_181\lib\ext\sunjce_provider.jar;C:\Program Files\Java\jre1.8.0_181\lib\ext\sunmscapi.jar;C:\Program Files\Java\jre1.8.0_181\lib\ext\sunpkcs11.jar;C:\Program Files\Java\jre1.8.0_181\lib\ext\zipfs.jar;C:\Users\lenovo\eclipse-workspace\DemoOs\bin;C:\Users\lenovo\.p2\pool\plugins\org.eclipse.fx.ide.css.jfx8_3.1.0.201712060800.jar
Launcher Type: SUN_STANDARD

Environment Variables:
PATH=C:/Program Files/Java/jre1.8.0_181/bin/server;C:/Program Files/Java/jre1.8.0_181/bin;C:/Program Files/Java/jre1.8.0_181/lib/amd64;C:\Program Files (x86)\Common Files\Oracle\Java\javapath;C:\WINDOWS\system32;C:\WINDOWS;C:\WINDOWS\System32\Wbem;C:\WINDOWS\System32\WindowsPowerShell\v1.0\;C:\WINDOWS\System32\OpenSSH\;C:\Program Files\Java\jre-10.0.1;C:\Program Files\Java\jdk-10.0.1;D:\Git\cmd;C:\Program Files\Java\jdk1.8.0_181\bin;C:\Program Files (x86)\NVIDIA Corporation\PhysX\Common;C:\Program Files\dotnet\;%QUARTUS_ROOTDIR%\bin;C:\Program Files\nodejs\;C:\Program Files\Git\cmd;C:\WINDOWS\system32;C:\WINDOWS;C:\WINDOWS\System32\Wbem;C:\WINDOWS\System32\WindowsPowerShell\v1.0\;C:\WINDOWS\System32\OpenSSH\;C:\Users\lenovo\AppData\Local\Microsoft\WindowsApps;C:\Users\lenovo\AppData\Roaming\npm;;C:\WINDOWS\system32;
USERNAME=lenovo
OS=Windows_NT
PROCESSOR_IDENTIFIER=Intel64 Family 6 Model 158 Stepping 9, GenuineIntel



---------------  S Y S T E M  ---------------

OS: Windows 10.0 , 64 bit Build 18362 (10.0.18362.329)

CPU:total 4 (initial active 4) (4 cores per cpu, 1 threads per core) family 6 model 158 stepping 9, cmov, cx8, fxsr, mmx, sse, sse2, sse3, ssse3, sse4.1, sse4.2, popcnt, avx, avx2, aes, clmul, erms, 3dnowpref, lzcnt, tsc, tscinvbit, bmi1, bmi2, adx

Memory: 4k page, physical 3893912k(404948k free), swap 15952536k(4688k free)

vm_info: Java HotSpot(TM) 64-Bit Server VM (25.181-b13) for windows-amd64 JRE (1.8.0_181-b13), built on Jul  7 2018 04:01:33 by "java_re" with MS VC++ 10.0 (VS2010)

time: Sat Oct 26 22:43:46 2019
elapsed time: 1 seconds (0d 0h 0m 1s)

