#
# There is insufficient memory for the Java Runtime Environment to continue.
# Native memory allocation (malloc) failed to allocate 1738896 bytes for Chunk::new
# Possible reasons:
#   The system is out of physical RAM or swap space
#   In 32 bit mode, the process size limit was hit
# Possible solutions:
#   Reduce memory load on the system
#   Increase physical memory or swap space
#   Check if swap backing store is full
#   Use 64 bit Java on a 64 bit OS
#   Decrease Java heap size (-Xmx/-Xms)
#   Decrease number of Java threads
#   Decrease Java thread stack sizes (-Xss)
#   Set larger code cache with -XX:ReservedCodeCacheSize=
# This output file may be truncated or incomplete.
#
#  Out of Memory Error (allocation.cpp:390), pid=16360, tid=0x0000000000007658
#
# JRE version: Java(TM) SE Runtime Environment (8.0_181-b13) (build 1.8.0_181-b13)
# Java VM: Java HotSpot(TM) 64-Bit Server VM (25.181-b13 mixed mode windows-amd64 compressed oops)
# Failed to write core dump. Minidumps are not enabled by default on client versions of Windows
#

---------------  T H R E A D  ---------------

Current thread (0x0000000014aac800):  JavaThread "C2 CompilerThread0" daemon [_thread_in_native, id=30296, stack(0x00000000160a0000,0x00000000161a0000)]

Stack: [0x00000000160a0000,0x00000000161a0000]
[error occurred during error reporting (printing stack bounds), id 0xc0000005]

Native frames: (J=compiled Java code, j=interpreted, Vv=VM code, C=native code)


Current CompileTask:
C2:   3211 3016   !   4       javafx.scene.CssStyleHelper::transitionToState (1075 bytes)


---------------  P R O C E S S  ---------------

Java Threads: ( => current thread )
  0x0000000016fd4800 JavaThread "Prism Font Disposer" daemon [_thread_blocked, id=13040, stack(0x00000000228a0000,0x00000000229a0000)]
  0x0000000016e5d000 JavaThread "Thread-5" [_thread_blocked, id=30936, stack(0x00000000214d0000,0x00000000215d0000)]
  0x0000000016f54000 JavaThread "Thread-4" [_thread_blocked, id=25988, stack(0x00000000213d0000,0x00000000214d0000)]
  0x0000000016d3b000 JavaThread "Thread-3" daemon [_thread_in_native, id=30884, stack(0x000000001e200000,0x000000001e300000)]
  0x0000000016d32000 JavaThread "JavaFX-Launcher" [_thread_blocked, id=28328, stack(0x000000001e300000,0x000000001e400000)]
  0x0000000016c3f800 JavaThread "JavaFX Application Thread" [_thread_in_native, id=4360, stack(0x00000000177c0000,0x00000000178c0000)]
  0x0000000016c91000 JavaThread "Thread-1" daemon [_thread_blocked, id=31696, stack(0x00000000176c0000,0x00000000177c0000)]
  0x0000000016c07000 JavaThread "QuantumRenderer-0" daemon [_thread_blocked, id=31052, stack(0x00000000173f0000,0x00000000174f0000)]
  0x0000000016221800 JavaThread "Service Thread" daemon [_thread_blocked, id=31072, stack(0x00000000167a0000,0x00000000168a0000)]
  0x00000000161fb800 JavaThread "C1 CompilerThread2" daemon [_thread_blocked, id=31104, stack(0x00000000166a0000,0x00000000167a0000)]
  0x00000000161e6000 JavaThread "C2 CompilerThread1" daemon [_thread_blocked, id=26496, stack(0x00000000165a0000,0x00000000166a0000)]
=>0x0000000014aac800 JavaThread "C2 CompilerThread0" daemon [_thread_in_native, id=30296, stack(0x00000000160a0000,0x00000000161a0000)]
  0x0000000014aab800 JavaThread "Attach Listener" daemon [_thread_blocked, id=13692, stack(0x0000000015fa0000,0x00000000160a0000)]
  0x0000000014aaa000 JavaThread "Signal Dispatcher" daemon [_thread_blocked, id=17032, stack(0x0000000015ea0000,0x0000000015fa0000)]
  0x000000000262d000 JavaThread "Finalizer" daemon [_thread_blocked, id=12788, stack(0x0000000015ca0000,0x0000000015da0000)]
  0x0000000014a19800 JavaThread "Reference Handler" daemon [_thread_blocked, id=29508, stack(0x0000000015ba0000,0x0000000015ca0000)]
  0x000000000210e000 JavaThread "main" [_thread_blocked, id=31264, stack(0x0000000001ff0000,0x00000000020f0000)]

Other Threads:
  0x0000000014a18800 VMThread [stack: 0x0000000015aa0000,0x0000000015ba0000] [id=25516]
  0x0000000016235000 WatcherThread [stack: 0x00000000168a0000,0x00000000169a0000] [id=28140]

VM state:not at safepoint (normal execution)

VM Mutex/Monitor currently owned by a thread: None

Heap:
 PSYoungGen      total 67584K, used 34087K [0x00000000ec300000, 0x00000000f1500000, 0x0000000100000000)
  eden space 58880K, 43% used [0x00000000ec300000,0x00000000edbc9f80,0x00000000efc80000)
  from space 8704K, 99% used [0x00000000f0780000,0x00000000f0fffed0,0x00000000f1000000)
  to   space 11264K, 0% used [0x00000000efc80000,0x00000000efc80000,0x00000000f0780000)
 ParOldGen       total 40960K, used 10892K [0x00000000c4800000, 0x00000000c7000000, 0x00000000ec300000)
  object space 40960K, 26% used [0x00000000c4800000,0x00000000c52a30c0,0x00000000c7000000)
 Metaspace       used 19226K, capacity 20530K, committed 20736K, reserved 1067008K
  class space    used 2791K, capacity 3044K, committed 3072K, reserved 1048576K

Card table byte_map: [0x00000000119f0000,0x0000000011bd0000] byte_map_base: 0x00000000113cc000

Marking Bits: (ParMarkBitMap*) 0x0000000053962d00
 Begin Bits: [0x0000000012110000, 0x0000000012ff0000)
 End Bits:   [0x0000000012ff0000, 0x0000000013ed0000)

Polling page: 0x0000000000420000

CodeCache: size=245760Kb used=10435Kb max_used=10435Kb free=235324Kb
 bounds [0x0000000002630000, 0x0000000003070000, 0x0000000011630000]
 total_blobs=3834 nmethods=3221 adapters=525
 compilation: enabled

Compilation events (10 events):
Event: 3.130 Thread 0x00000000161fb800 3220       1       javafx.event.Event::getTarget (5 bytes)
Event: 3.130 Thread 0x00000000161fb800 nmethod 3220 0x0000000003064e10 code [0x0000000003064f60, 0x0000000003065070]
Event: 3.130 Thread 0x00000000161fb800 3222       1       com.sun.javafx.event.BasicEventDispatcher::getNextDispatcher (5 bytes)
Event: 3.130 Thread 0x00000000161fb800 nmethod 3222 0x00000000030650d0 code [0x0000000003065220, 0x0000000003065330]
Event: 3.130 Thread 0x00000000161fb800 3223       1       com.sun.javafx.geom.PickRay::getDirectionNoClone (5 bytes)
Event: 3.130 Thread 0x00000000161fb800 nmethod 3223 0x0000000003065390 code [0x00000000030654e0, 0x00000000030655f0]
Event: 3.130 Thread 0x00000000161fb800 3225       1       com.sun.javafx.geom.PickRay::getOriginNoClone (5 bytes)
Event: 3.130 Thread 0x00000000161fb800 nmethod 3225 0x0000000003065650 code [0x00000000030657a0, 0x00000000030658b0]
Event: 3.132 Thread 0x00000000161fb800 3226       1       java.util.concurrent.locks.AbstractQueuedSynchronizer::getState (5 bytes)
Event: 3.132 Thread 0x00000000161fb800 nmethod 3226 0x0000000003065b10 code [0x0000000003065c60, 0x0000000003065d70]

GC Heap History (10 events):
Event: 0.968 GC heap before
{Heap before GC invocations=2 (full 0):
 PSYoungGen      total 17920K, used 17880K [0x00000000ec300000, 0x00000000ed700000, 0x0000000100000000)
  eden space 15360K, 100% used [0x00000000ec300000,0x00000000ed200000,0x00000000ed200000)
  from space 2560K, 98% used [0x00000000ed200000,0x00000000ed476060,0x00000000ed480000)
  to   space 2560K, 0% used [0x00000000ed480000,0x00000000ed480000,0x00000000ed700000)
 ParOldGen       total 40960K, used 8K [0x00000000c4800000, 0x00000000c7000000, 0x00000000ec300000)
  object space 40960K, 0% used [0x00000000c4800000,0x00000000c4802000,0x00000000c7000000)
 Metaspace       used 11490K, capacity 11906K, committed 12032K, reserved 1058816K
  class space    used 1570K, capacity 1738K, committed 1792K, reserved 1048576K
Event: 0.973 GC heap after
Heap after GC invocations=2 (full 0):
 PSYoungGen      total 17920K, used 2552K [0x00000000ec300000, 0x00000000ee600000, 0x0000000100000000)
  eden space 15360K, 0% used [0x00000000ec300000,0x00000000ec300000,0x00000000ed200000)
  from space 2560K, 99% used [0x00000000ed480000,0x00000000ed6fe030,0x00000000ed700000)
  to   space 2560K, 0% used [0x00000000ed200000,0x00000000ed200000,0x00000000ed480000)
 ParOldGen       total 40960K, used 1136K [0x00000000c4800000, 0x00000000c7000000, 0x00000000ec300000)
  object space 40960K, 2% used [0x00000000c4800000,0x00000000c491c010,0x00000000c7000000)
 Metaspace       used 11490K, capacity 11906K, committed 12032K, reserved 1058816K
  class space    used 1570K, capacity 1738K, committed 1792K, reserved 1048576K
}
Event: 1.327 GC heap before
{Heap before GC invocations=3 (full 0):
 PSYoungGen      total 17920K, used 17912K [0x00000000ec300000, 0x00000000ee600000, 0x0000000100000000)
  eden space 15360K, 100% used [0x00000000ec300000,0x00000000ed200000,0x00000000ed200000)
  from space 2560K, 99% used [0x00000000ed480000,0x00000000ed6fe030,0x00000000ed700000)
  to   space 2560K, 0% used [0x00000000ed200000,0x00000000ed200000,0x00000000ed480000)
 ParOldGen       total 40960K, used 1136K [0x00000000c4800000, 0x00000000c7000000, 0x00000000ec300000)
  object space 40960K, 2% used [0x00000000c4800000,0x00000000c491c010,0x00000000c7000000)
 Metaspace       used 13501K, capacity 14062K, committed 14336K, reserved 1060864K
  class space    used 1850K, capacity 1984K, committed 2048K, reserved 1048576K
Event: 1.335 GC heap after
Heap after GC invocations=3 (full 0):
 PSYoungGen      total 17920K, used 2536K [0x00000000ec300000, 0x00000000ee600000, 0x0000000100000000)
  eden space 15360K, 0% used [0x00000000ec300000,0x00000000ec300000,0x00000000ed200000)
  from space 2560K, 99% used [0x00000000ed200000,0x00000000ed47a040,0x00000000ed480000)
  to   space 2560K, 0% used [0x00000000ee380000,0x00000000ee380000,0x00000000ee600000)
 ParOldGen       total 40960K, used 7690K [0x00000000c4800000, 0x00000000c7000000, 0x00000000ec300000)
  object space 40960K, 18% used [0x00000000c4800000,0x00000000c4f82920,0x00000000c7000000)
 Metaspace       used 13501K, capacity 14062K, committed 14336K, reserved 1060864K
  class space    used 1850K, capacity 1984K, committed 2048K, reserved 1048576K
}
Event: 1.708 GC heap before
{Heap before GC invocations=4 (full 0):
 PSYoungGen      total 17920K, used 17896K [0x00000000ec300000, 0x00000000ee600000, 0x0000000100000000)
  eden space 15360K, 100% used [0x00000000ec300000,0x00000000ed200000,0x00000000ed200000)
  from space 2560K, 99% used [0x00000000ed200000,0x00000000ed47a040,0x00000000ed480000)
  to   space 2560K, 0% used [0x00000000ee380000,0x00000000ee380000,0x00000000ee600000)
 ParOldGen       total 40960K, used 7690K [0x00000000c4800000, 0x00000000c7000000, 0x00000000ec300000)
  object space 40960K, 18% used [0x00000000c4800000,0x00000000c4f82920,0x00000000c7000000)
 Metaspace       used 16624K, capacity 17416K, committed 17536K, reserved 1064960K
  class space    used 2458K, capacity 2667K, committed 2688K, reserved 1048576K
Event: 1.719 GC heap after
Heap after GC invocations=4 (full 0):
 PSYoungGen      total 33280K, used 2552K [0x00000000ec300000, 0x00000000ee600000, 0x0000000100000000)
  eden space 30720K, 0% used [0x00000000ec300000,0x00000000ec300000,0x00000000ee100000)
  from space 2560K, 99% used [0x00000000ee380000,0x00000000ee5fe030,0x00000000ee600000)
  to   space 2560K, 0% used [0x00000000ee100000,0x00000000ee100000,0x00000000ee380000)
 ParOldGen       total 40960K, used 8866K [0x00000000c4800000, 0x00000000c7000000, 0x00000000ec300000)
  object space 40960K, 21% used [0x00000000c4800000,0x00000000c50a8940,0x00000000c7000000)
 Metaspace       used 16624K, capacity 17416K, committed 17536K, reserved 1064960K
  class space    used 2458K, capacity 2667K, committed 2688K, reserved 1048576K
}
Event: 2.068 GC heap before
{Heap before GC invocations=5 (full 0):
 PSYoungGen      total 33280K, used 33272K [0x00000000ec300000, 0x00000000ee600000, 0x0000000100000000)
  eden space 30720K, 100% used [0x00000000ec300000,0x00000000ee100000,0x00000000ee100000)
  from space 2560K, 99% used [0x00000000ee380000,0x00000000ee5fe030,0x00000000ee600000)
  to   space 2560K, 0% used [0x00000000ee100000,0x00000000ee100000,0x00000000ee380000)
 ParOldGen       total 40960K, used 8866K [0x00000000c4800000, 0x00000000c7000000, 0x00000000ec300000)
  object space 40960K, 21% used [0x00000000c4800000,0x00000000c50a8940,0x00000000c7000000)
 Metaspace       used 16847K, capacity 17726K, committed 17920K, reserved 1064960K
  class space    used 2507K, capacity 2740K, committed 2816K, reserved 1048576K
Event: 2.078 GC heap after
Heap after GC invocations=5 (full 0):
 PSYoungGen      total 33280K, used 2552K [0x00000000ec300000, 0x00000000f1000000, 0x0000000100000000)
  eden space 30720K, 0% used [0x00000000ec300000,0x00000000ec300000,0x00000000ee100000)
  from space 2560K, 99% used [0x00000000ee100000,0x00000000ee37e030,0x00000000ee380000)
  to   space 8704K, 0% used [0x00000000f0780000,0x00000000f0780000,0x00000000f1000000)
 ParOldGen       total 40960K, used 9345K [0x00000000c4800000, 0x00000000c7000000, 0x00000000ec300000)
  object space 40960K, 22% used [0x00000000c4800000,0x00000000c5120640,0x00000000c7000000)
 Metaspace       used 16847K, capacity 17726K, committed 17920K, reserved 1064960K
  class space    used 2507K, capacity 2740K, committed 2816K, reserved 1048576K
}
Event: 2.559 GC heap before
{Heap before GC invocations=6 (full 0):
 PSYoungGen      total 33280K, used 33272K [0x00000000ec300000, 0x00000000f1000000, 0x0000000100000000)
  eden space 30720K, 100% used [0x00000000ec300000,0x00000000ee100000,0x00000000ee100000)
  from space 2560K, 99% used [0x00000000ee100000,0x00000000ee37e030,0x00000000ee380000)
  to   space 8704K, 0% used [0x00000000f0780000,0x00000000f0780000,0x00000000f1000000)
 ParOldGen       total 40960K, used 9345K [0x00000000c4800000, 0x00000000c7000000, 0x00000000ec300000)
  object space 40960K, 22% used [0x00000000c4800000,0x00000000c5120640,0x00000000c7000000)
 Metaspace       used 18227K, capacity 19466K, committed 19712K, reserved 1067008K
  class space    used 2705K, capacity 2962K, committed 3072K, reserved 1048576K
Event: 2.580 GC heap after
Heap after GC invocations=6 (full 0):
 PSYoungGen      total 67584K, used 8703K [0x00000000ec300000, 0x00000000f1500000, 0x0000000100000000)
  eden space 58880K, 0% used [0x00000000ec300000,0x00000000ec300000,0x00000000efc80000)
  from space 8704K, 99% used [0x00000000f0780000,0x00000000f0fffed0,0x00000000f1000000)
  to   space 11264K, 0% used [0x00000000efc80000,0x00000000efc80000,0x00000000f0780000)
 ParOldGen       total 40960K, used 10892K [0x00000000c4800000, 0x00000000c7000000, 0x00000000ec300000)
  object space 40960K, 26% used [0x00000000c4800000,0x00000000c52a30c0,0x00000000c7000000)
 Metaspace       used 18227K, capacity 19466K, committed 19712K, reserved 1067008K
  class space    used 2705K, capacity 2962K, committed 3072K, reserved 1048576K
}

Deoptimization events (10 events):
Event: 2.739 Thread 0x0000000016c3f800 Uncommon trap: reason=array_check action=maybe_recompile pc=0x0000000002ea8244 method=com.sun.javafx.css.CompoundSelector.applies(Ljavafx/css/Styleable;[Ljava/util/Set;I)Z @ 128
Event: 2.739 Thread 0x0000000016c3f800 Uncommon trap: reason=array_check action=maybe_recompile pc=0x0000000002ea8244 method=com.sun.javafx.css.CompoundSelector.applies(Ljavafx/css/Styleable;[Ljava/util/Set;I)Z @ 128
Event: 2.755 Thread 0x0000000016c3f800 Uncommon trap: reason=unstable_if action=reinterpret pc=0x0000000002e7ff74 method=javafx.scene.Node.notifyParentOfBoundsChange()V @ 18
Event: 2.905 Thread 0x0000000016c3f800 Uncommon trap: reason=unstable_if action=reinterpret pc=0x0000000002b82428 method=jdk.internal.org.objectweb.asm.Type.getArgumentsAndReturnSizes(Ljava/lang/String;)I @ 47
Event: 3.037 Thread 0x0000000016c3f800 Uncommon trap: reason=class_check action=maybe_recompile pc=0x0000000002eea874 method=javafx.beans.property.BooleanPropertyBase.get()Z @ 23
Event: 3.037 Thread 0x0000000016c3f800 Uncommon trap: reason=class_check action=maybe_recompile pc=0x0000000002eea874 method=javafx.beans.property.BooleanPropertyBase.get()Z @ 23
Event: 3.038 Thread 0x0000000016c3f800 Uncommon trap: reason=class_check action=maybe_recompile pc=0x0000000002eea874 method=javafx.beans.property.BooleanPropertyBase.get()Z @ 23
Event: 3.038 Thread 0x0000000016c3f800 Uncommon trap: reason=class_check action=maybe_recompile pc=0x0000000002eea874 method=javafx.beans.property.BooleanPropertyBase.get()Z @ 23
Event: 3.078 Thread 0x0000000016c3f800 Uncommon trap: reason=unstable_if action=reinterpret pc=0x000000000302111c method=javafx.beans.property.DoublePropertyBase.get()D @ 9
Event: 3.098 Thread 0x0000000016c3f800 Uncommon trap: reason=class_check action=maybe_recompile pc=0x00000000030482c4 method=javafx.scene.layout.Border.isEmpty()Z @ 4

Classes redefined (0 events):
No events

Internal exceptions (10 events):
Event: 1.190 Thread 0x0000000016c3f800 Exception <a 'java/lang/NoSuchMethodError': <clinit>> (0x00000000ecaa3498) thrown at [C:\re\workspace\8-2-build-windows-amd64-cygwin\jdk8u181\11358\hotspot\src\share\vm\prims\jni.cpp, line 1613]
Event: 1.340 Thread 0x0000000016c3f800 Exception <a 'java/lang/NoSuchMethodError': <clinit>> (0x00000000ec33c420) thrown at [C:\re\workspace\8-2-build-windows-amd64-cygwin\jdk8u181\11358\hotspot\src\share\vm\prims\jni.cpp, line 1613]
Event: 1.341 Thread 0x0000000016c3f800 Exception <a 'java/lang/NoSuchMethodError': <clinit>> (0x00000000ec33cdb8) thrown at [C:\re\workspace\8-2-build-windows-amd64-cygwin\jdk8u181\11358\hotspot\src\share\vm\prims\jni.cpp, line 1613]
Event: 1.396 Thread 0x0000000016c3f800 Implicit null exception at 0x0000000002960875 to 0x0000000002960a8d
Event: 1.396 Thread 0x0000000016c3f800 Implicit null exception at 0x000000000297fb18 to 0x000000000297fba6
Event: 1.421 Thread 0x0000000016c3f800 Exception <a 'java/io/FileNotFoundException'> (0x00000000ec565aa0) thrown at [C:\re\workspace\8-2-build-windows-amd64-cygwin\jdk8u181\11358\hotspot\src\share\vm\prims\jni.cpp, line 709]
Event: 1.629 Thread 0x0000000016c3f800 Implicit null exception at 0x0000000002ae962d to 0x0000000002ae9ce1
Event: 1.632 Thread 0x0000000016c3f800 Implicit null exception at 0x0000000002a5c5aa to 0x0000000002a5c5f1
Event: 1.944 Thread 0x0000000016c3f800 Implicit null exception at 0x0000000002c5c153 to 0x0000000002c5cdf0
Event: 3.119 Thread 0x0000000016c07000 Exception <a 'java/lang/NullPointerException'> (0x00000000edb5e4f0) thrown at [C:\re\workspace\8-2-build-windows-amd64-cygwin\jdk8u181\11358\hotspot\src\share\vm\interpreter\linkResolver.cpp, line 1185]

Events (10 events):
Event: 3.125 loading class javafx/event/Event
Event: 3.125 loading class javafx/event/Event done
Event: 3.125 loading class javafx/scene/Node
Event: 3.125 loading class javafx/scene/Node done
Event: 3.130 loading class com/sun/javafx/tk/quantum/CursorUtils
Event: 3.130 loading class com/sun/javafx/tk/quantum/CursorUtils done
Event: 3.130 loading class com/sun/javafx/tk/quantum/CursorUtils$1
Event: 3.130 loading class com/sun/javafx/tk/quantum/CursorUtils$1 done
Event: 3.130 loading class com/sun/glass/ui/Size
Event: 3.130 loading class com/sun/glass/ui/Size done


Dynamic libraries:
0x00007ff717940000 - 0x00007ff717977000 	C:\Program Files\Java\jre1.8.0_181\bin\javaw.exe
0x00007fff7aba0000 - 0x00007fff7ad90000 	C:\WINDOWS\SYSTEM32\ntdll.dll
0x00007fff79210000 - 0x00007fff792c2000 	C:\WINDOWS\System32\KERNEL32.DLL
0x00007fff78110000 - 0x00007fff783b3000 	C:\WINDOWS\System32\KERNELBASE.dll
0x00007fff792e0000 - 0x00007fff79383000 	C:\WINDOWS\System32\ADVAPI32.dll
0x00007fff78d80000 - 0x00007fff78e1e000 	C:\WINDOWS\System32\msvcrt.dll
0x00007fff79390000 - 0x00007fff79427000 	C:\WINDOWS\System32\sechost.dll
0x00007fff790f0000 - 0x00007fff79210000 	C:\WINDOWS\System32\RPCRT4.dll
0x00007fff79a00000 - 0x00007fff79b94000 	C:\WINDOWS\System32\USER32.dll
0x00007fff78440000 - 0x00007fff78461000 	C:\WINDOWS\System32\win32u.dll
0x00007fff7a010000 - 0x00007fff7a036000 	C:\WINDOWS\System32\GDI32.dll
0x00007fff77d70000 - 0x00007fff77f04000 	C:\WINDOWS\System32\gdi32full.dll
0x00007fff77c80000 - 0x00007fff77d1e000 	C:\WINDOWS\System32\msvcp_win.dll
0x00007fff77b80000 - 0x00007fff77c7a000 	C:\WINDOWS\System32\ucrtbase.dll
0x00007fff6b910000 - 0x00007fff6bb95000 	C:\WINDOWS\WinSxS\amd64_microsoft.windows.common-controls_6595b64144ccf1df_6.0.18362.418_none_e6c6b287130d565d\COMCTL32.dll
0x00007fff794b0000 - 0x00007fff797e6000 	C:\WINDOWS\System32\combase.dll
0x00007fff783c0000 - 0x00007fff78440000 	C:\WINDOWS\System32\bcryptPrimitives.dll
0x00007fff7ab10000 - 0x00007fff7ab3e000 	C:\WINDOWS\System32\IMM32.DLL
0x0000000052e20000 - 0x0000000052ef2000 	C:\Program Files\Java\jre1.8.0_181\bin\msvcr100.dll
0x0000000053140000 - 0x00000000539e2000 	C:\Program Files\Java\jre1.8.0_181\bin\server\jvm.dll
0x00007fff792d0000 - 0x00007fff792d8000 	C:\WINDOWS\System32\PSAPI.DLL
0x00007fff60a40000 - 0x00007fff60a49000 	C:\WINDOWS\SYSTEM32\WSOCK32.dll
0x00007fff7a8e0000 - 0x00007fff7a94f000 	C:\WINDOWS\System32\WS2_32.dll
0x00007fff755f0000 - 0x00007fff75614000 	C:\WINDOWS\SYSTEM32\WINMM.dll
0x00007fff6d170000 - 0x00007fff6d17a000 	C:\WINDOWS\SYSTEM32\VERSION.dll
0x00007fff755b0000 - 0x00007fff755dd000 	C:\WINDOWS\SYSTEM32\winmmbase.dll
0x00007fff77b30000 - 0x00007fff77b7a000 	C:\WINDOWS\System32\cfgmgr32.dll
0x0000000053050000 - 0x000000005305f000 	C:\Program Files\Java\jre1.8.0_181\bin\verify.dll
0x0000000053020000 - 0x0000000053049000 	C:\Program Files\Java\jre1.8.0_181\bin\java.dll
0x0000000053000000 - 0x0000000053016000 	C:\Program Files\Java\jre1.8.0_181\bin\zip.dll
0x00007fff7a040000 - 0x00007fff7a725000 	C:\WINDOWS\System32\SHELL32.dll
0x00007fff78e90000 - 0x00007fff78f39000 	C:\WINDOWS\System32\shcore.dll
0x00007fff78470000 - 0x00007fff78bef000 	C:\WINDOWS\System32\windows.storage.dll
0x00007fff77b10000 - 0x00007fff77b2f000 	C:\WINDOWS\System32\profapi.dll
0x00007fff77aa0000 - 0x00007fff77aea000 	C:\WINDOWS\System32\powrprof.dll
0x00007fff77a70000 - 0x00007fff77a80000 	C:\WINDOWS\System32\UMPDC.dll
0x00007fff78f50000 - 0x00007fff78fa2000 	C:\WINDOWS\System32\shlwapi.dll
0x00007fff77a80000 - 0x00007fff77a91000 	C:\WINDOWS\System32\kernel.appcore.dll
0x00007fff77d20000 - 0x00007fff77d37000 	C:\WINDOWS\System32\cryptsp.dll
0x00000000021b0000 - 0x00000000021b3000 	C:\Program Files\Java\jre1.8.0_181\bin\api-ms-win-core-console-l1-1-0.dll
0x00000000021c0000 - 0x00000000021c3000 	C:\Program Files\Java\jre1.8.0_181\bin\api-ms-win-core-datetime-l1-1-0.dll
0x00000000021d0000 - 0x00000000021d3000 	C:\Program Files\Java\jre1.8.0_181\bin\api-ms-win-core-debug-l1-1-0.dll
0x00000000169a0000 - 0x00000000169a3000 	C:\Program Files\Java\jre1.8.0_181\bin\api-ms-win-core-errorhandling-l1-1-0.dll
0x00000000169b0000 - 0x00000000169b4000 	C:\Program Files\Java\jre1.8.0_181\bin\api-ms-win-core-file-l1-1-0.dll
0x00000000169c0000 - 0x00000000169c3000 	C:\Program Files\Java\jre1.8.0_181\bin\api-ms-win-core-file-l1-2-0.dll
0x00000000169d0000 - 0x00000000169d3000 	C:\Program Files\Java\jre1.8.0_181\bin\api-ms-win-core-file-l2-1-0.dll
0x00000000169e0000 - 0x00000000169e3000 	C:\Program Files\Java\jre1.8.0_181\bin\api-ms-win-core-handle-l1-1-0.dll
0x00000000169f0000 - 0x00000000169f3000 	C:\Program Files\Java\jre1.8.0_181\bin\api-ms-win-core-heap-l1-1-0.dll
0x0000000016a00000 - 0x0000000016a03000 	C:\Program Files\Java\jre1.8.0_181\bin\api-ms-win-core-interlocked-l1-1-0.dll
0x0000000016a10000 - 0x0000000016a13000 	C:\Program Files\Java\jre1.8.0_181\bin\api-ms-win-core-libraryloader-l1-1-0.dll
0x0000000016a20000 - 0x0000000016a23000 	C:\Program Files\Java\jre1.8.0_181\bin\api-ms-win-core-localization-l1-2-0.dll
0x0000000016a30000 - 0x0000000016a33000 	C:\Program Files\Java\jre1.8.0_181\bin\api-ms-win-core-memory-l1-1-0.dll
0x0000000016a40000 - 0x0000000016a43000 	C:\Program Files\Java\jre1.8.0_181\bin\api-ms-win-core-namedpipe-l1-1-0.dll
0x0000000016a50000 - 0x0000000016a53000 	C:\Program Files\Java\jre1.8.0_181\bin\api-ms-win-core-processenvironment-l1-1-0.dll
0x0000000016a60000 - 0x0000000016a63000 	C:\Program Files\Java\jre1.8.0_181\bin\api-ms-win-core-processthreads-l1-1-0.dll
0x0000000016a70000 - 0x0000000016a73000 	C:\Program Files\Java\jre1.8.0_181\bin\api-ms-win-core-processthreads-l1-1-1.dll
0x0000000016a80000 - 0x0000000016a83000 	C:\Program Files\Java\jre1.8.0_181\bin\api-ms-win-core-profile-l1-1-0.dll
0x0000000016a90000 - 0x0000000016a93000 	C:\Program Files\Java\jre1.8.0_181\bin\api-ms-win-core-rtlsupport-l1-1-0.dll
0x0000000016aa0000 - 0x0000000016aa3000 	C:\Program Files\Java\jre1.8.0_181\bin\api-ms-win-core-string-l1-1-0.dll
0x0000000016ab0000 - 0x0000000016ab3000 	C:\Program Files\Java\jre1.8.0_181\bin\api-ms-win-core-synch-l1-1-0.dll
0x0000000016ac0000 - 0x0000000016ac3000 	C:\Program Files\Java\jre1.8.0_181\bin\api-ms-win-core-synch-l1-2-0.dll
0x0000000016ad0000 - 0x0000000016ad3000 	C:\Program Files\Java\jre1.8.0_181\bin\api-ms-win-core-sysinfo-l1-1-0.dll
0x0000000016ae0000 - 0x0000000016ae3000 	C:\Program Files\Java\jre1.8.0_181\bin\api-ms-win-core-timezone-l1-1-0.dll
0x0000000016af0000 - 0x0000000016af3000 	C:\Program Files\Java\jre1.8.0_181\bin\api-ms-win-core-util-l1-1-0.dll
0x0000000016b00000 - 0x0000000016b03000 	C:\Program Files\Java\jre1.8.0_181\bin\api-ms-win-crt-conio-l1-1-0.dll
0x0000000016b10000 - 0x0000000016b14000 	C:\Program Files\Java\jre1.8.0_181\bin\api-ms-win-crt-convert-l1-1-0.dll
0x0000000016b20000 - 0x0000000016b23000 	C:\Program Files\Java\jre1.8.0_181\bin\api-ms-win-crt-environment-l1-1-0.dll
0x0000000016b30000 - 0x0000000016b33000 	C:\Program Files\Java\jre1.8.0_181\bin\api-ms-win-crt-filesystem-l1-1-0.dll
0x0000000016b40000 - 0x0000000016b43000 	C:\Program Files\Java\jre1.8.0_181\bin\api-ms-win-crt-heap-l1-1-0.dll
0x0000000016b50000 - 0x0000000016b53000 	C:\Program Files\Java\jre1.8.0_181\bin\api-ms-win-crt-locale-l1-1-0.dll
0x0000000016b60000 - 0x0000000016b65000 	C:\Program Files\Java\jre1.8.0_181\bin\api-ms-win-crt-math-l1-1-0.dll
0x0000000016b70000 - 0x0000000016b75000 	C:\Program Files\Java\jre1.8.0_181\bin\api-ms-win-crt-multibyte-l1-1-0.dll
0x0000000016b80000 - 0x0000000016b90000 	C:\Program Files\Java\jre1.8.0_181\bin\api-ms-win-crt-private-l1-1-0.dll
0x0000000016b90000 - 0x0000000016b93000 	C:\Program Files\Java\jre1.8.0_181\bin\api-ms-win-crt-process-l1-1-0.dll
0x0000000016ba0000 - 0x0000000016ba4000 	C:\Program Files\Java\jre1.8.0_181\bin\api-ms-win-crt-runtime-l1-1-0.dll
0x0000000016bb0000 - 0x0000000016bb4000 	C:\Program Files\Java\jre1.8.0_181\bin\api-ms-win-crt-stdio-l1-1-0.dll
0x0000000016bc0000 - 0x0000000016bc4000 	C:\Program Files\Java\jre1.8.0_181\bin\api-ms-win-crt-string-l1-1-0.dll
0x0000000016bd0000 - 0x0000000016bd3000 	C:\Program Files\Java\jre1.8.0_181\bin\api-ms-win-crt-time-l1-1-0.dll
0x0000000016be0000 - 0x0000000016be3000 	C:\Program Files\Java\jre1.8.0_181\bin\api-ms-win-crt-utility-l1-1-0.dll
0x00007fff5ca00000 - 0x00007fff5caf6000 	C:\Program Files\Java\jre1.8.0_181\bin\ucrtbase.dll
0x00007fff70ce0000 - 0x00007fff70cf6000 	C:\Program Files\Java\jre1.8.0_181\bin\vcruntime140.dll
0x00007fff70c40000 - 0x00007fff70cdc000 	C:\Program Files\Java\jre1.8.0_181\bin\msvcp140.dll
0x00007fff70400000 - 0x00007fff70451000 	C:\Program Files\Java\jre1.8.0_181\bin\concrt140.dll
0x0000000052df0000 - 0x0000000052e13000 	C:\Program Files\Java\jre1.8.0_181\bin\prism_d3d.dll
0x00007fff58e00000 - 0x00007fff58fc7000 	C:\WINDOWS\system32\d3d9.dll
0x00007fff75f30000 - 0x00007fff75f5d000 	C:\WINDOWS\SYSTEM32\dwmapi.dll
0x00007fff766e0000 - 0x00007fff76700000 	C:\WINDOWS\SYSTEM32\dxcore.dll
0x00007fff759f0000 - 0x00007fff75a89000 	C:\WINDOWS\system32\uxtheme.dll
0x00007fff2cb90000 - 0x00007fff303e9000 	C:\WINDOWS\System32\DriverStore\FileRepository\igdlh64.inf_amd64_47ad21e28c856994\igdumdim64.dll
0x00007fff78c50000 - 0x00007fff78d14000 	C:\WINDOWS\System32\OLEAUT32.dll
0x00007fff7a9b0000 - 0x00007fff7ab06000 	C:\WINDOWS\System32\ole32.dll
0x00007fff79ba0000 - 0x00007fff7a010000 	C:\WINDOWS\System32\SETUPAPI.dll
0x00007fff77d40000 - 0x00007fff77d66000 	C:\WINDOWS\System32\bcrypt.dll
0x0000000052da0000 - 0x0000000052de9000 	C:\Program Files\Java\jre1.8.0_181\bin\glass.dll
0x00007fff79930000 - 0x00007fff79a00000 	C:\WINDOWS\System32\COMDLG32.dll
0x00007fff797f0000 - 0x00007fff79926000 	C:\WINDOWS\System32\MSCTF.dll
0x00007fff6d440000 - 0x00007fff6ea42000 	C:\WINDOWS\System32\DriverStore\FileRepository\igdlh64.inf_amd64_47ad21e28c856994\igc64.dll
0x0000000052d80000 - 0x0000000052d94000 	C:\Program Files\Java\jre1.8.0_181\bin\javafx_font.dll
0x00007fff5d7c0000 - 0x00007fff5dabe000 	C:\WINDOWS\SYSTEM32\dwrite.dll
0x00007fff79040000 - 0x00007fff790e2000 	C:\WINDOWS\System32\clbcatq.dll
0x00007fff72990000 - 0x00007fff72b3f000 	C:\WINDOWS\SYSTEM32\WindowsCodecs.dll
0x00007fff56650000 - 0x00007fff5668a000 	C:\WINDOWS\system32\dataexchange.dll
0x00007fff748c0000 - 0x00007fff74b1b000 	C:\WINDOWS\system32\d3d11.dll
0x00007fff74f80000 - 0x00007fff7515b000 	C:\WINDOWS\system32\dcomp.dll
0x00007fff76770000 - 0x00007fff7685b000 	C:\WINDOWS\system32\dxgi.dll
0x00007fff75b20000 - 0x00007fff75d7a000 	C:\WINDOWS\system32\twinapi.appcore.dll
0x00007fff76040000 - 0x00007fff76069000 	C:\WINDOWS\system32\RMCLIENT.dll
0x00007fff6a760000 - 0x00007fff6a793000 	C:\Program Files\Common Files\Microsoft Shared\Ink\rtscom.dll
0x00007fff68330000 - 0x00007fff683ce000 	C:\WINDOWS\System32\TextInputFramework.dll
0x00007fff72ce0000 - 0x00007fff7300a000 	C:\WINDOWS\System32\CoreUIComponents.dll
0x00007fff754d0000 - 0x00007fff755a4000 	C:\WINDOWS\System32\CoreMessaging.dll
0x00007fff76ad0000 - 0x00007fff76b01000 	C:\WINDOWS\SYSTEM32\ntmarta.dll
0x00007fff73470000 - 0x00007fff735c3000 	C:\WINDOWS\SYSTEM32\wintypes.dll
0x00007fff66b90000 - 0x00007fff66e36000 	C:\WINDOWS\System32\iertutil.dll

VM Arguments:
jvm_args: -Dfile.encoding=UTF-8 
java_command: main.StartOs
java_class_path (initial): C:\Program Files\Java\jre1.8.0_181\lib\resources.jar;C:\Program Files\Java\jre1.8.0_181\lib\rt.jar;C:\Program Files\Java\jre1.8.0_181\lib\jsse.jar;C:\Program Files\Java\jre1.8.0_181\lib\jce.jar;C:\Program Files\Java\jre1.8.0_181\lib\charsets.jar;C:\Program Files\Java\jre1.8.0_181\lib\jfr.jar;C:\Program Files\Java\jre1.8.0_181\lib\ext\access-bridge-64.jar;C:\Program Files\Java\jre1.8.0_181\lib\ext\cldrdata.jar;C:\Program Files\Java\jre1.8.0_181\lib\ext\dnsns.jar;C:\Program Files\Java\jre1.8.0_181\lib\ext\jaccess.jar;C:\Program Files\Java\jre1.8.0_181\lib\ext\jfxrt.jar;C:\Program Files\Java\jre1.8.0_181\lib\ext\localedata.jar;C:\Program Files\Java\jre1.8.0_181\lib\ext\nashorn.jar;C:\Program Files\Java\jre1.8.0_181\lib\ext\sunec.jar;C:\Program Files\Java\jre1.8.0_181\lib\ext\sunjce_provider.jar;C:\Program Files\Java\jre1.8.0_181\lib\ext\sunmscapi.jar;C:\Program Files\Java\jre1.8.0_181\lib\ext\sunpkcs11.jar;C:\Program Files\Java\jre1.8.0_181\lib\ext\zipfs.jar;C:\Users\lenovo\eclipse-workspace\DemoOs\bin;C:\Users\lenovo\.p2\pool\plugins\org.eclipse.fx.ide.css.jfx8_3.1.0.201712060800.jar
Launcher Type: SUN_STANDARD

Environment Variables:
PATH=C:/Program Files/Java/jre1.8.0_181/bin/server;C:/Program Files/Java/jre1.8.0_181/bin;C:/Program Files/Java/jre1.8.0_181/lib/amd64;C:\Program Files (x86)\Common Files\Oracle\Java\javapath;C:\WINDOWS\system32;C:\WINDOWS;C:\WINDOWS\System32\Wbem;C:\WINDOWS\System32\WindowsPowerShell\v1.0\;C:\WINDOWS\System32\OpenSSH\;C:\Program Files\Java\jre-10.0.1;C:\Program Files\Java\jdk-10.0.1;D:\Git\cmd;C:\Program Files\Java\jdk1.8.0_181\bin;C:\Program Files (x86)\NVIDIA Corporation\PhysX\Common;C:\Program Files\dotnet\;%QUARTUS_ROOTDIR%\bin;C:\Program Files\nodejs\;C:\Program Files\Git\cmd;C:\WINDOWS\system32;C:\WINDOWS;C:\WINDOWS\System32\Wbem;C:\WINDOWS\System32\WindowsPowerShell\v1.0\;C:\WINDOWS\System32\OpenSSH\;C:\Users\lenovo\AppData\Local\Microsoft\WindowsApps;C:\Users\lenovo\AppData\Roaming\npm;;C:\WINDOWS\system32;
USERNAME=lenovo
OS=Windows_NT
PROCESSOR_IDENTIFIER=Intel64 Family 6 Model 158 Stepping 9, GenuineIntel



---------------  S Y S T E M  ---------------

OS: Windows 10.0 , 64 bit Build 18362 (10.0.18362.329)

CPU:total 4 (initial active 4) (4 cores per cpu, 1 threads per core) family 6 model 158 stepping 9, cmov, cx8, fxsr, mmx, sse, sse2, sse3, ssse3, sse4.1, sse4.2, popcnt, avx, avx2, aes, clmul, erms, 3dnowpref, lzcnt, tsc, tscinvbit, bmi1, bmi2, adx

Memory: 4k page, physical 3893912k(369340k free), swap 15952536k(2784k free)

vm_info: Java HotSpot(TM) 64-Bit Server VM (25.181-b13) for windows-amd64 JRE (1.8.0_181-b13), built on Jul  7 2018 04:01:33 by "java_re" with MS VC++ 10.0 (VS2010)

time: Sat Oct 26 22:44:17 2019
elapsed time: 3 seconds (0d 0h 0m 3s)

