#
# There is insufficient memory for the Java Runtime Environment to continue.
# Native memory allocation (malloc) failed to allocate 32744 bytes for ChunkPool::allocate
# Possible reasons:
#   The system is out of physical RAM or swap space
#   In 32 bit mode, the process size limit was hit
# Possible solutions:
#   Reduce memory load on the system
#   Increase physical memory or swap space
#   Check if swap backing store is full
#   Use 64 bit Java on a 64 bit OS
#   Decrease Java heap size (-Xmx/-Xms)
#   Decrease number of Java threads
#   Decrease Java thread stack sizes (-Xss)
#   Set larger code cache with -XX:ReservedCodeCacheSize=
# This output file may be truncated or incomplete.
#
#  Out of Memory Error (allocation.cpp:273), pid=30920, tid=0x000000000000061c
#
# JRE version: Java(TM) SE Runtime Environment (8.0_181-b13) (build 1.8.0_181-b13)
# Java VM: Java HotSpot(TM) 64-Bit Server VM (25.181-b13 mixed mode windows-amd64 compressed oops)
# Failed to write core dump. Minidumps are not enabled by default on client versions of Windows
#

---------------  T H R E A D  ---------------

Current thread (0x0000000015212000):  JavaThread "C2 CompilerThread0" daemon [_thread_in_native, id=1564, stack(0x0000000016b30000,0x0000000016c30000)]

Stack: [0x0000000016b30000,0x0000000016c30000]
[error occurred during error reporting (printing stack bounds), id 0xc0000005]

Native frames: (J=compiled Java code, j=interpreted, Vv=VM code, C=native code)


Current CompileTask:
C2:  16568 4307   !   4       javafx.scene.CssStyleHelper::transitionToState (1075 bytes)


---------------  P R O C E S S  ---------------

Java Threads: ( => current thread )
  0x000000001654c000 JavaThread "Thread-7" [_thread_blocked, id=22128, stack(0x0000000029480000,0x0000000029580000)]
  0x000000001e663000 JavaThread "Prism Font Disposer" daemon [_thread_blocked, id=23184, stack(0x00000000223d0000,0x00000000224d0000)]
  0x000000001e4d3000 JavaThread "Thread-5" [_thread_blocked, id=25332, stack(0x0000000021b10000,0x0000000021c10000)]
  0x000000001e383800 JavaThread "Thread-4" [_thread_blocked, id=19500, stack(0x0000000021a10000,0x0000000021b10000)]
  0x000000001dfd4800 JavaThread "Thread-3" daemon [_thread_in_native, id=25868, stack(0x000000001e7c0000,0x000000001e8c0000)]
  0x000000001e04f800 JavaThread "JavaFX-Launcher" [_thread_blocked, id=29528, stack(0x000000001e8c0000,0x000000001e9c0000)]
  0x000000001690b800 JavaThread "JavaFX Application Thread" [_thread_in_native, id=31228, stack(0x0000000017580000,0x0000000017680000)]
  0x00000000168be000 JavaThread "Thread-1" daemon [_thread_blocked, id=29768, stack(0x0000000017480000,0x0000000017580000)]
  0x0000000016892800 JavaThread "QuantumRenderer-0" daemon [_thread_blocked, id=30252, stack(0x0000000017230000,0x0000000017330000)]
  0x00000000165b8000 JavaThread "Service Thread" daemon [_thread_blocked, id=31308, stack(0x0000000016e30000,0x0000000016f30000)]
  0x0000000016545000 JavaThread "C1 CompilerThread2" daemon [_thread_blocked, id=26212, stack(0x0000000016d30000,0x0000000016e30000)]
  0x000000001521c800 JavaThread "C2 CompilerThread1" daemon [_thread_blocked, id=23440, stack(0x0000000016c30000,0x0000000016d30000)]
=>0x0000000015212000 JavaThread "C2 CompilerThread0" daemon [_thread_in_native, id=1564, stack(0x0000000016b30000,0x0000000016c30000)]
  0x0000000015211000 JavaThread "Attach Listener" daemon [_thread_blocked, id=24772, stack(0x0000000016a30000,0x0000000016b30000)]
  0x0000000016538800 JavaThread "Signal Dispatcher" daemon [_thread_blocked, id=31320, stack(0x0000000016930000,0x0000000016a30000)]
  0x00000000151aa800 JavaThread "Finalizer" daemon [_thread_blocked, id=18544, stack(0x0000000016430000,0x0000000016530000)]
  0x0000000015189000 JavaThread "Reference Handler" daemon [_thread_blocked, id=31136, stack(0x0000000016330000,0x0000000016430000)]
  0x000000000107e000 JavaThread "main" [_thread_blocked, id=21148, stack(0x0000000002ba0000,0x0000000002ca0000)]

Other Threads:
  0x0000000015187800 VMThread [stack: 0x0000000016230000,0x0000000016330000] [id=31692]
  0x00000000165eb800 WatcherThread [stack: 0x0000000016f30000,0x0000000017030000] [id=31128]

VM state:not at safepoint (normal execution)

VM Mutex/Monitor currently owned by a thread: None

Heap:
 PSYoungGen      total 70144K, used 5774K [0x00000000ec300000, 0x00000000f1500000, 0x0000000100000000)
  eden space 58880K, 9% used [0x00000000ec300000,0x00000000ec8a3820,0x00000000efc80000)
  from space 11264K, 0% used [0x00000000efc80000,0x00000000efc80000,0x00000000f0780000)
  to   space 8704K, 0% used [0x00000000f0780000,0x00000000f0780000,0x00000000f1000000)
 ParOldGen       total 63488K, used 30295K [0x00000000c4800000, 0x00000000c8600000, 0x00000000ec300000)
  object space 63488K, 47% used [0x00000000c4800000,0x00000000c6595d90,0x00000000c8600000)
 Metaspace       used 20530K, capacity 21940K, committed 22272K, reserved 1069056K
  class space    used 2934K, capacity 3237K, committed 3328K, reserved 1048576K

Card table byte_map: [0x0000000012160000,0x0000000012340000] byte_map_base: 0x0000000011b3c000

Marking Bits: (ParMarkBitMap*) 0x0000000053962d00
 Begin Bits: [0x0000000012880000, 0x0000000013760000)
 End Bits:   [0x0000000013760000, 0x0000000014640000)

Polling page: 0x0000000000b50000

CodeCache: size=245760Kb used=14009Kb max_used=14020Kb free=231750Kb
 bounds [0x0000000002da0000, 0x0000000003b60000, 0x0000000011da0000]
 total_blobs=4961 nmethods=4303 adapters=567
 compilation: enabled

Compilation events (10 events):
Event: 16.208 Thread 0x0000000016545000 4313       3       com.sun.prism.d3d.D3DGraphics::clear (51 bytes)
Event: 16.208 Thread 0x0000000016545000 nmethod 4313 0x0000000003b53d90 code [0x0000000003b53f80, 0x0000000003b54718]
Event: 16.208 Thread 0x0000000016545000 4314       3       com.sun.prism.impl.ps.BaseShaderContext::validateClearOp (12 bytes)
Event: 16.208 Thread 0x0000000016545000 nmethod 4314 0x0000000003b51250 code [0x0000000003b513c0, 0x0000000003b51648]
Event: 16.284 Thread 0x0000000016545000 4315       3       javafx.scene.layout.Region::minWidth (52 bytes)
Event: 16.284 Thread 0x0000000016545000 nmethod 4315 0x0000000003b54950 code [0x0000000003b54b40, 0x0000000003b55348]
Event: 16.316 Thread 0x000000001521c800 4316       4       java.util.WeakHashMap::put (162 bytes)
Event: 16.320 Thread 0x000000001521c800 nmethod 4316 0x0000000003b58510 code [0x0000000003b58680, 0x0000000003b589f8]
Event: 16.556 Thread 0x000000001521c800 4317       4       java.util.WeakHashMap$EntryIterator::next (5 bytes)
Event: 16.557 Thread 0x000000001521c800 nmethod 4317 0x0000000003b50ed0 code [0x0000000003b51020, 0x0000000003b51118]

GC Heap History (10 events):
Event: 1.534 GC heap before
{Heap before GC invocations=4 (full 0):
 PSYoungGen      total 17920K, used 17912K [0x00000000ec300000, 0x00000000ee600000, 0x0000000100000000)
  eden space 15360K, 100% used [0x00000000ec300000,0x00000000ed200000,0x00000000ed200000)
  from space 2560K, 99% used [0x00000000ed200000,0x00000000ed47e030,0x00000000ed480000)
  to   space 2560K, 0% used [0x00000000ee380000,0x00000000ee380000,0x00000000ee600000)
 ParOldGen       total 40960K, used 7662K [0x00000000c4800000, 0x00000000c7000000, 0x00000000ec300000)
  object space 40960K, 18% used [0x00000000c4800000,0x00000000c4f7b910,0x00000000c7000000)
 Metaspace       used 16586K, capacity 17404K, committed 17536K, reserved 1064960K
  class space    used 2454K, capacity 2667K, committed 2688K, reserved 1048576K
Event: 1.542 GC heap after
Heap after GC invocations=4 (full 0):
 PSYoungGen      total 33280K, used 2544K [0x00000000ec300000, 0x00000000ee600000, 0x0000000100000000)
  eden space 30720K, 0% used [0x00000000ec300000,0x00000000ec300000,0x00000000ee100000)
  from space 2560K, 99% used [0x00000000ee380000,0x00000000ee5fc030,0x00000000ee600000)
  to   space 2560K, 0% used [0x00000000ee100000,0x00000000ee100000,0x00000000ee380000)
 ParOldGen       total 40960K, used 8878K [0x00000000c4800000, 0x00000000c7000000, 0x00000000ec300000)
  object space 40960K, 21% used [0x00000000c4800000,0x00000000c50ab940,0x00000000c7000000)
 Metaspace       used 16586K, capacity 17404K, committed 17536K, reserved 1064960K
  class space    used 2454K, capacity 2667K, committed 2688K, reserved 1048576K
}
Event: 1.896 GC heap before
{Heap before GC invocations=5 (full 0):
 PSYoungGen      total 33280K, used 33264K [0x00000000ec300000, 0x00000000ee600000, 0x0000000100000000)
  eden space 30720K, 100% used [0x00000000ec300000,0x00000000ee100000,0x00000000ee100000)
  from space 2560K, 99% used [0x00000000ee380000,0x00000000ee5fc030,0x00000000ee600000)
  to   space 2560K, 0% used [0x00000000ee100000,0x00000000ee100000,0x00000000ee380000)
 ParOldGen       total 40960K, used 8878K [0x00000000c4800000, 0x00000000c7000000, 0x00000000ec300000)
  object space 40960K, 21% used [0x00000000c4800000,0x00000000c50ab940,0x00000000c7000000)
 Metaspace       used 16808K, capacity 17714K, committed 17920K, reserved 1064960K
  class space    used 2503K, capacity 2740K, committed 2816K, reserved 1048576K
Event: 1.906 GC heap after
Heap after GC invocations=5 (full 0):
 PSYoungGen      total 33280K, used 2528K [0x00000000ec300000, 0x00000000f1000000, 0x0000000100000000)
  eden space 30720K, 0% used [0x00000000ec300000,0x00000000ec300000,0x00000000ee100000)
  from space 2560K, 98% used [0x00000000ee100000,0x00000000ee378020,0x00000000ee380000)
  to   space 8704K, 0% used [0x00000000f0780000,0x00000000f0780000,0x00000000f1000000)
 ParOldGen       total 40960K, used 9389K [0x00000000c4800000, 0x00000000c7000000, 0x00000000ec300000)
  object space 40960K, 22% used [0x00000000c4800000,0x00000000c512b640,0x00000000c7000000)
 Metaspace       used 16808K, capacity 17714K, committed 17920K, reserved 1064960K
  class space    used 2503K, capacity 2740K, committed 2816K, reserved 1048576K
}
Event: 2.366 GC heap before
{Heap before GC invocations=6 (full 0):
 PSYoungGen      total 33280K, used 33248K [0x00000000ec300000, 0x00000000f1000000, 0x0000000100000000)
  eden space 30720K, 100% used [0x00000000ec300000,0x00000000ee100000,0x00000000ee100000)
  from space 2560K, 98% used [0x00000000ee100000,0x00000000ee378020,0x00000000ee380000)
  to   space 8704K, 0% used [0x00000000f0780000,0x00000000f0780000,0x00000000f1000000)
 ParOldGen       total 40960K, used 9389K [0x00000000c4800000, 0x00000000c7000000, 0x00000000ec300000)
  object space 40960K, 22% used [0x00000000c4800000,0x00000000c512b640,0x00000000c7000000)
 Metaspace       used 18172K, capacity 19390K, committed 19712K, reserved 1067008K
  class space    used 2701K, capacity 2962K, committed 3072K, reserved 1048576K
Event: 2.423 GC heap after
Heap after GC invocations=6 (full 0):
 PSYoungGen      total 67584K, used 8682K [0x00000000ec300000, 0x00000000f1500000, 0x0000000100000000)
  eden space 58880K, 0% used [0x00000000ec300000,0x00000000ec300000,0x00000000efc80000)
  from space 8704K, 99% used [0x00000000f0780000,0x00000000f0ffaa28,0x00000000f1000000)
  to   space 11264K, 0% used [0x00000000efc80000,0x00000000efc80000,0x00000000f0780000)
 ParOldGen       total 40960K, used 10816K [0x00000000c4800000, 0x00000000c7000000, 0x00000000ec300000)
  object space 40960K, 26% used [0x00000000c4800000,0x00000000c52900c0,0x00000000c7000000)
 Metaspace       used 18172K, capacity 19390K, committed 19712K, reserved 1067008K
  class space    used 2701K, capacity 2962K, committed 3072K, reserved 1048576K
}
Event: 4.912 GC heap before
{Heap before GC invocations=7 (full 0):
 PSYoungGen      total 67584K, used 38316K [0x00000000ec300000, 0x00000000f1500000, 0x0000000100000000)
  eden space 58880K, 50% used [0x00000000ec300000,0x00000000edff0958,0x00000000efc80000)
  from space 8704K, 99% used [0x00000000f0780000,0x00000000f0ffaa28,0x00000000f1000000)
  to   space 11264K, 0% used [0x00000000efc80000,0x00000000efc80000,0x00000000f0780000)
 ParOldGen       total 40960K, used 10816K [0x00000000c4800000, 0x00000000c7000000, 0x00000000ec300000)
  object space 40960K, 26% used [0x00000000c4800000,0x00000000c52900c0,0x00000000c7000000)
 Metaspace       used 19922K, capacity 21202K, committed 21296K, reserved 1067008K
  class space    used 2862K, capacity 3122K, committed 3200K, reserved 1048576K
Event: 4.933 GC heap after
Heap after GC invocations=7 (full 0):
 PSYoungGen      total 70144K, used 11260K [0x00000000ec300000, 0x00000000f1500000, 0x0000000100000000)
  eden space 58880K, 0% used [0x00000000ec300000,0x00000000ec300000,0x00000000efc80000)
  from space 11264K, 99% used [0x00000000efc80000,0x00000000f077f228,0x00000000f0780000)
  to   space 8704K, 0% used [0x00000000f0780000,0x00000000f0780000,0x00000000f1000000)
 ParOldGen       total 40960K, used 19667K [0x00000000c4800000, 0x00000000c7000000, 0x00000000ec300000)
  object space 40960K, 48% used [0x00000000c4800000,0x00000000c5b34c50,0x00000000c7000000)
 Metaspace       used 19922K, capacity 21202K, committed 21296K, reserved 1067008K
  class space    used 2862K, capacity 3122K, committed 3200K, reserved 1048576K
}
Event: 4.933 GC heap before
{Heap before GC invocations=8 (full 1):
 PSYoungGen      total 70144K, used 11260K [0x00000000ec300000, 0x00000000f1500000, 0x0000000100000000)
  eden space 58880K, 0% used [0x00000000ec300000,0x00000000ec300000,0x00000000efc80000)
  from space 11264K, 99% used [0x00000000efc80000,0x00000000f077f228,0x00000000f0780000)
  to   space 8704K, 0% used [0x00000000f0780000,0x00000000f0780000,0x00000000f1000000)
 ParOldGen       total 40960K, used 19667K [0x00000000c4800000, 0x00000000c7000000, 0x00000000ec300000)
  object space 40960K, 48% used [0x00000000c4800000,0x00000000c5b34c50,0x00000000c7000000)
 Metaspace       used 19922K, capacity 21202K, committed 21296K, reserved 1067008K
  class space    used 2862K, capacity 3122K, committed 3200K, reserved 1048576K
Event: 5.191 GC heap after
Heap after GC invocations=8 (full 1):
 PSYoungGen      total 70144K, used 0K [0x00000000ec300000, 0x00000000f1500000, 0x0000000100000000)
  eden space 58880K, 0% used [0x00000000ec300000,0x00000000ec300000,0x00000000efc80000)
  from space 11264K, 0% used [0x00000000efc80000,0x00000000efc80000,0x00000000f0780000)
  to   space 8704K, 0% used [0x00000000f0780000,0x00000000f0780000,0x00000000f1000000)
 ParOldGen       total 63488K, used 30295K [0x00000000c4800000, 0x00000000c8600000, 0x00000000ec300000)
  object space 63488K, 47% used [0x00000000c4800000,0x00000000c6595d90,0x00000000c8600000)
 Metaspace       used 19922K, capacity 21202K, committed 21296K, reserved 1067008K
  class space    used 2862K, capacity 3122K, committed 3200K, reserved 1048576K
}

Deoptimization events (10 events):
Event: 8.207 Thread 0x0000000016892800 Uncommon trap: reason=unstable_if action=reinterpret pc=0x000000000398ce2c method=com.sun.javafx.geom.BoxBounds.isEmpty()Z @ 9
Event: 8.207 Thread 0x0000000016892800 Uncommon trap: reason=unstable_if action=reinterpret pc=0x000000000392d430 method=com.sun.javafx.geom.RectBounds.intersects(Lcom/sun/javafx/geom/BaseBounds;)Z @ 8
Event: 8.207 Thread 0x0000000016892800 Uncommon trap: reason=unstable_if action=reinterpret pc=0x000000000394b258 method=com.sun.javafx.geom.BoxBounds.isEmpty()Z @ 9
Event: 9.174 Thread 0x000000001690b800 Uncommon trap: reason=unstable_if action=reinterpret pc=0x0000000003943044 method=javafx.scene.Node.impl_intersectsBounds(Lcom/sun/javafx/geom/PickRay;)D @ 902
Event: 9.958 Thread 0x000000001690b800 Uncommon trap: reason=unstable_if action=reinterpret pc=0x00000000035c3248 method=com.sun.javafx.css.StyleManager$CacheContainer.getStyleMap(I)Lcom/sun/javafx/css/StyleMap; @ 22
Event: 9.958 Thread 0x000000001690b800 Uncommon trap: reason=unstable_if action=reinterpret pc=0x00000000035b8814 method=com.sun.javafx.css.StyleManager$CacheContainer.getStyleMap(I)Lcom/sun/javafx/css/StyleMap; @ 22
Event: 9.970 Thread 0x000000001690b800 Uncommon trap: reason=unstable_if action=reinterpret pc=0x0000000003a44180 method=javafx.scene.Node.updateBounds()V @ 47
Event: 9.970 Thread 0x000000001690b800 Uncommon trap: reason=class_check action=maybe_recompile pc=0x000000000375e340 method=javafx.scene.Node.updateLocalToParentTransform()V @ 11
Event: 10.207 Thread 0x0000000016892800 Uncommon trap: reason=unstable_if action=reinterpret pc=0x0000000003990c78 method=com.sun.javafx.geom.BoxBounds.isEmpty()Z @ 9
Event: 10.207 Thread 0x0000000016892800 Uncommon trap: reason=unstable_if action=reinterpret pc=0x0000000003939498 method=com.sun.javafx.geom.BoxBounds.isEmpty()Z @ 9

Classes redefined (0 events):
No events

Internal exceptions (10 events):
Event: 1.459 Thread 0x000000001690b800 Implicit null exception at 0x000000000326146d to 0x0000000003261b21
Event: 1.462 Thread 0x000000001690b800 Implicit null exception at 0x00000000031c356a to 0x00000000031c35b1
Event: 4.910 Thread 0x000000001690b800 Implicit null exception at 0x00000000038d14c9 to 0x00000000038d409d
Event: 4.912 Thread 0x000000001690b800 Implicit null exception at 0x00000000038e521a to 0x00000000038e5e71
Event: 6.377 Thread 0x000000001690b800 Implicit null exception at 0x0000000003618783 to 0x0000000003619154
Event: 6.398 Thread 0x000000001690b800 Implicit null exception at 0x00000000033fed42 to 0x0000000003400b1d
Event: 7.301 Thread 0x000000001690b800 Implicit null exception at 0x00000000036498dc to 0x0000000003649922
Event: 7.310 Thread 0x000000001690b800 Implicit null exception at 0x000000000394e3fe to 0x00000000039518a9
Event: 7.310 Thread 0x000000001690b800 Implicit null exception at 0x000000000392623f to 0x0000000003926de1
Event: 7.319 Thread 0x000000001690b800 Implicit null exception at 0x000000000374c170 to 0x000000000374c205

Events (10 events):
Event: 10.207 Thread 0x0000000016892800 DEOPT UNPACKING pc=0x0000000002de583b sp=0x000000001732d490 mode 2
Event: 10.207 Thread 0x0000000016892800 Uncommon trap: trap_request=0xffffff65 fr.pc=0x0000000003939498
Event: 10.207 Thread 0x0000000016892800 DEOPT PACKING pc=0x0000000003939498 sp=0x000000001732d7f0
Event: 10.207 Thread 0x0000000016892800 DEOPT UNPACKING pc=0x0000000002de583b sp=0x000000001732d798 mode 2
Event: 11.193 Executing VM operation: RevokeBias
Event: 11.193 Executing VM operation: RevokeBias done
Event: 11.193 Thread 0x0000000016549000 Thread exited: 0x0000000016549000
Event: 13.194 Thread 0x000000001654c000 Thread added: 0x000000001654c000
Event: 16.205 Thread 0x000000001690b800 DEOPT PACKING pc=0x00000000034eefad sp=0x000000001767d300
Event: 16.205 Thread 0x000000001690b800 DEOPT UNPACKING pc=0x0000000002de7890 sp=0x000000001767d120 mode 0


Dynamic libraries:
0x00007ff717940000 - 0x00007ff717977000 	C:\Program Files\Java\jre1.8.0_181\bin\javaw.exe
0x00007fff7aba0000 - 0x00007fff7ad90000 	C:\WINDOWS\SYSTEM32\ntdll.dll
0x00007fff79210000 - 0x00007fff792c2000 	C:\WINDOWS\System32\KERNEL32.DLL
0x00007fff78110000 - 0x00007fff783b3000 	C:\WINDOWS\System32\KERNELBASE.dll
0x00007fff792e0000 - 0x00007fff79383000 	C:\WINDOWS\System32\ADVAPI32.dll
0x00007fff78d80000 - 0x00007fff78e1e000 	C:\WINDOWS\System32\msvcrt.dll
0x00007fff79390000 - 0x00007fff79427000 	C:\WINDOWS\System32\sechost.dll
0x00007fff790f0000 - 0x00007fff79210000 	C:\WINDOWS\System32\RPCRT4.dll
0x00007fff79a00000 - 0x00007fff79b94000 	C:\WINDOWS\System32\USER32.dll
0x00007fff78440000 - 0x00007fff78461000 	C:\WINDOWS\System32\win32u.dll
0x00007fff7a010000 - 0x00007fff7a036000 	C:\WINDOWS\System32\GDI32.dll
0x00007fff77d70000 - 0x00007fff77f04000 	C:\WINDOWS\System32\gdi32full.dll
0x00007fff77c80000 - 0x00007fff77d1e000 	C:\WINDOWS\System32\msvcp_win.dll
0x00007fff77b80000 - 0x00007fff77c7a000 	C:\WINDOWS\System32\ucrtbase.dll
0x00007fff6b910000 - 0x00007fff6bb95000 	C:\WINDOWS\WinSxS\amd64_microsoft.windows.common-controls_6595b64144ccf1df_6.0.18362.418_none_e6c6b287130d565d\COMCTL32.dll
0x00007fff794b0000 - 0x00007fff797e6000 	C:\WINDOWS\System32\combase.dll
0x00007fff783c0000 - 0x00007fff78440000 	C:\WINDOWS\System32\bcryptPrimitives.dll
0x00007fff7ab10000 - 0x00007fff7ab3e000 	C:\WINDOWS\System32\IMM32.DLL
0x0000000052e20000 - 0x0000000052ef2000 	C:\Program Files\Java\jre1.8.0_181\bin\msvcr100.dll
0x0000000053140000 - 0x00000000539e2000 	C:\Program Files\Java\jre1.8.0_181\bin\server\jvm.dll
0x00007fff792d0000 - 0x00007fff792d8000 	C:\WINDOWS\System32\PSAPI.DLL
0x00007fff60a40000 - 0x00007fff60a49000 	C:\WINDOWS\SYSTEM32\WSOCK32.dll
0x00007fff7a8e0000 - 0x00007fff7a94f000 	C:\WINDOWS\System32\WS2_32.dll
0x00007fff755f0000 - 0x00007fff75614000 	C:\WINDOWS\SYSTEM32\WINMM.dll
0x00007fff6d170000 - 0x00007fff6d17a000 	C:\WINDOWS\SYSTEM32\VERSION.dll
0x00007fff755b0000 - 0x00007fff755dd000 	C:\WINDOWS\SYSTEM32\WINMMBASE.dll
0x00007fff77b30000 - 0x00007fff77b7a000 	C:\WINDOWS\System32\cfgmgr32.dll
0x0000000053050000 - 0x000000005305f000 	C:\Program Files\Java\jre1.8.0_181\bin\verify.dll
0x0000000053020000 - 0x0000000053049000 	C:\Program Files\Java\jre1.8.0_181\bin\java.dll
0x0000000053000000 - 0x0000000053016000 	C:\Program Files\Java\jre1.8.0_181\bin\zip.dll
0x00007fff7a040000 - 0x00007fff7a725000 	C:\WINDOWS\System32\SHELL32.dll
0x00007fff78e90000 - 0x00007fff78f39000 	C:\WINDOWS\System32\shcore.dll
0x00007fff78470000 - 0x00007fff78bef000 	C:\WINDOWS\System32\windows.storage.dll
0x00007fff77b10000 - 0x00007fff77b2f000 	C:\WINDOWS\System32\profapi.dll
0x00007fff77aa0000 - 0x00007fff77aea000 	C:\WINDOWS\System32\powrprof.dll
0x00007fff77a70000 - 0x00007fff77a80000 	C:\WINDOWS\System32\UMPDC.dll
0x00007fff78f50000 - 0x00007fff78fa2000 	C:\WINDOWS\System32\shlwapi.dll
0x00007fff77a80000 - 0x00007fff77a91000 	C:\WINDOWS\System32\kernel.appcore.dll
0x00007fff77d20000 - 0x00007fff77d37000 	C:\WINDOWS\System32\cryptsp.dll
0x0000000001010000 - 0x0000000001013000 	C:\Program Files\Java\jre1.8.0_181\bin\api-ms-win-core-console-l1-1-0.dll
0x0000000001020000 - 0x0000000001023000 	C:\Program Files\Java\jre1.8.0_181\bin\api-ms-win-core-datetime-l1-1-0.dll
0x0000000001030000 - 0x0000000001033000 	C:\Program Files\Java\jre1.8.0_181\bin\api-ms-win-core-debug-l1-1-0.dll
0x0000000001040000 - 0x0000000001043000 	C:\Program Files\Java\jre1.8.0_181\bin\api-ms-win-core-errorhandling-l1-1-0.dll
0x0000000001050000 - 0x0000000001054000 	C:\Program Files\Java\jre1.8.0_181\bin\api-ms-win-core-file-l1-1-0.dll
0x0000000001060000 - 0x0000000001063000 	C:\Program Files\Java\jre1.8.0_181\bin\api-ms-win-core-file-l1-2-0.dll
0x0000000001080000 - 0x0000000001083000 	C:\Program Files\Java\jre1.8.0_181\bin\api-ms-win-core-file-l2-1-0.dll
0x00000000010a0000 - 0x00000000010a3000 	C:\Program Files\Java\jre1.8.0_181\bin\api-ms-win-core-handle-l1-1-0.dll
0x0000000017030000 - 0x0000000017033000 	C:\Program Files\Java\jre1.8.0_181\bin\api-ms-win-core-heap-l1-1-0.dll
0x0000000017040000 - 0x0000000017043000 	C:\Program Files\Java\jre1.8.0_181\bin\api-ms-win-core-interlocked-l1-1-0.dll
0x0000000017050000 - 0x0000000017053000 	C:\Program Files\Java\jre1.8.0_181\bin\api-ms-win-core-libraryloader-l1-1-0.dll
0x0000000017060000 - 0x0000000017063000 	C:\Program Files\Java\jre1.8.0_181\bin\api-ms-win-core-localization-l1-2-0.dll
0x0000000017070000 - 0x0000000017073000 	C:\Program Files\Java\jre1.8.0_181\bin\api-ms-win-core-memory-l1-1-0.dll
0x0000000017080000 - 0x0000000017083000 	C:\Program Files\Java\jre1.8.0_181\bin\api-ms-win-core-namedpipe-l1-1-0.dll
0x0000000017090000 - 0x0000000017093000 	C:\Program Files\Java\jre1.8.0_181\bin\api-ms-win-core-processenvironment-l1-1-0.dll
0x00000000170a0000 - 0x00000000170a3000 	C:\Program Files\Java\jre1.8.0_181\bin\api-ms-win-core-processthreads-l1-1-0.dll
0x00000000170b0000 - 0x00000000170b3000 	C:\Program Files\Java\jre1.8.0_181\bin\api-ms-win-core-processthreads-l1-1-1.dll
0x00000000170c0000 - 0x00000000170c3000 	C:\Program Files\Java\jre1.8.0_181\bin\api-ms-win-core-profile-l1-1-0.dll
0x00000000170d0000 - 0x00000000170d3000 	C:\Program Files\Java\jre1.8.0_181\bin\api-ms-win-core-rtlsupport-l1-1-0.dll
0x00000000170e0000 - 0x00000000170e3000 	C:\Program Files\Java\jre1.8.0_181\bin\api-ms-win-core-string-l1-1-0.dll
0x00000000170f0000 - 0x00000000170f3000 	C:\Program Files\Java\jre1.8.0_181\bin\api-ms-win-core-synch-l1-1-0.dll
0x0000000017100000 - 0x0000000017103000 	C:\Program Files\Java\jre1.8.0_181\bin\api-ms-win-core-synch-l1-2-0.dll
0x0000000017110000 - 0x0000000017113000 	C:\Program Files\Java\jre1.8.0_181\bin\api-ms-win-core-sysinfo-l1-1-0.dll
0x0000000017120000 - 0x0000000017123000 	C:\Program Files\Java\jre1.8.0_181\bin\api-ms-win-core-timezone-l1-1-0.dll
0x0000000017130000 - 0x0000000017133000 	C:\Program Files\Java\jre1.8.0_181\bin\api-ms-win-core-util-l1-1-0.dll
0x0000000017140000 - 0x0000000017143000 	C:\Program Files\Java\jre1.8.0_181\bin\api-ms-win-crt-conio-l1-1-0.dll
0x0000000017150000 - 0x0000000017154000 	C:\Program Files\Java\jre1.8.0_181\bin\api-ms-win-crt-convert-l1-1-0.dll
0x0000000017160000 - 0x0000000017163000 	C:\Program Files\Java\jre1.8.0_181\bin\api-ms-win-crt-environment-l1-1-0.dll
0x0000000017170000 - 0x0000000017173000 	C:\Program Files\Java\jre1.8.0_181\bin\api-ms-win-crt-filesystem-l1-1-0.dll
0x0000000017180000 - 0x0000000017183000 	C:\Program Files\Java\jre1.8.0_181\bin\api-ms-win-crt-heap-l1-1-0.dll
0x0000000017190000 - 0x0000000017193000 	C:\Program Files\Java\jre1.8.0_181\bin\api-ms-win-crt-locale-l1-1-0.dll
0x00000000171a0000 - 0x00000000171a5000 	C:\Program Files\Java\jre1.8.0_181\bin\api-ms-win-crt-math-l1-1-0.dll
0x00000000171b0000 - 0x00000000171b5000 	C:\Program Files\Java\jre1.8.0_181\bin\api-ms-win-crt-multibyte-l1-1-0.dll
0x00000000171c0000 - 0x00000000171d0000 	C:\Program Files\Java\jre1.8.0_181\bin\api-ms-win-crt-private-l1-1-0.dll
0x00000000171d0000 - 0x00000000171d3000 	C:\Program Files\Java\jre1.8.0_181\bin\api-ms-win-crt-process-l1-1-0.dll
0x00000000171e0000 - 0x00000000171e4000 	C:\Program Files\Java\jre1.8.0_181\bin\api-ms-win-crt-runtime-l1-1-0.dll
0x00000000171f0000 - 0x00000000171f4000 	C:\Program Files\Java\jre1.8.0_181\bin\api-ms-win-crt-stdio-l1-1-0.dll
0x0000000017200000 - 0x0000000017204000 	C:\Program Files\Java\jre1.8.0_181\bin\api-ms-win-crt-string-l1-1-0.dll
0x0000000017210000 - 0x0000000017213000 	C:\Program Files\Java\jre1.8.0_181\bin\api-ms-win-crt-time-l1-1-0.dll
0x0000000017220000 - 0x0000000017223000 	C:\Program Files\Java\jre1.8.0_181\bin\api-ms-win-crt-utility-l1-1-0.dll
0x00007fff5ca00000 - 0x00007fff5caf6000 	C:\Program Files\Java\jre1.8.0_181\bin\ucrtbase.dll
0x00007fff70ce0000 - 0x00007fff70cf6000 	C:\Program Files\Java\jre1.8.0_181\bin\vcruntime140.dll
0x00007fff70c40000 - 0x00007fff70cdc000 	C:\Program Files\Java\jre1.8.0_181\bin\msvcp140.dll
0x00007fff70400000 - 0x00007fff70451000 	C:\Program Files\Java\jre1.8.0_181\bin\concrt140.dll
0x0000000052df0000 - 0x0000000052e13000 	C:\Program Files\Java\jre1.8.0_181\bin\prism_d3d.dll
0x00007fff58e00000 - 0x00007fff58fc7000 	C:\WINDOWS\system32\d3d9.dll
0x00007fff75f30000 - 0x00007fff75f5d000 	C:\WINDOWS\SYSTEM32\dwmapi.dll
0x00007fff766e0000 - 0x00007fff76700000 	C:\WINDOWS\SYSTEM32\dxcore.dll
0x00007fff759f0000 - 0x00007fff75a89000 	C:\WINDOWS\system32\uxtheme.dll
0x00007fff2cb90000 - 0x00007fff303e9000 	C:\WINDOWS\System32\DriverStore\FileRepository\igdlh64.inf_amd64_47ad21e28c856994\igdumdim64.dll
0x00007fff78c50000 - 0x00007fff78d14000 	C:\WINDOWS\System32\OLEAUT32.dll
0x00007fff7a9b0000 - 0x00007fff7ab06000 	C:\WINDOWS\System32\ole32.dll
0x00007fff79ba0000 - 0x00007fff7a010000 	C:\WINDOWS\System32\SETUPAPI.dll
0x00007fff77d40000 - 0x00007fff77d66000 	C:\WINDOWS\System32\bcrypt.dll
0x0000000052da0000 - 0x0000000052de9000 	C:\Program Files\Java\jre1.8.0_181\bin\glass.dll
0x00007fff79930000 - 0x00007fff79a00000 	C:\WINDOWS\System32\COMDLG32.dll
0x00007fff797f0000 - 0x00007fff79926000 	C:\WINDOWS\System32\MSCTF.dll
0x00007fff6d440000 - 0x00007fff6ea42000 	C:\WINDOWS\System32\DriverStore\FileRepository\igdlh64.inf_amd64_47ad21e28c856994\igc64.dll
0x0000000052d80000 - 0x0000000052d94000 	C:\Program Files\Java\jre1.8.0_181\bin\javafx_font.dll
0x00007fff5d7c0000 - 0x00007fff5dabe000 	C:\WINDOWS\SYSTEM32\dwrite.dll
0x00007fff79040000 - 0x00007fff790e2000 	C:\WINDOWS\System32\clbcatq.dll
0x00007fff72990000 - 0x00007fff72b3f000 	C:\WINDOWS\SYSTEM32\WindowsCodecs.dll
0x00007fff56650000 - 0x00007fff5668a000 	C:\WINDOWS\system32\dataexchange.dll
0x00007fff748c0000 - 0x00007fff74b1b000 	C:\WINDOWS\system32\d3d11.dll
0x00007fff74f80000 - 0x00007fff7515b000 	C:\WINDOWS\system32\dcomp.dll
0x00007fff76770000 - 0x00007fff7685b000 	C:\WINDOWS\system32\dxgi.dll
0x00007fff75b20000 - 0x00007fff75d7a000 	C:\WINDOWS\system32\twinapi.appcore.dll
0x00007fff76040000 - 0x00007fff76069000 	C:\WINDOWS\system32\RMCLIENT.dll
0x00007fff6a710000 - 0x00007fff6a743000 	C:\Program Files\Common Files\Microsoft Shared\Ink\rtscom.dll
0x00007fff68330000 - 0x00007fff683ce000 	C:\WINDOWS\System32\TextInputFramework.dll
0x00007fff754d0000 - 0x00007fff755a4000 	C:\WINDOWS\System32\CoreMessaging.dll
0x00007fff72ce0000 - 0x00007fff7300a000 	C:\WINDOWS\System32\CoreUIComponents.dll
0x00007fff76ad0000 - 0x00007fff76b01000 	C:\WINDOWS\SYSTEM32\ntmarta.dll
0x00007fff73470000 - 0x00007fff735c3000 	C:\WINDOWS\SYSTEM32\wintypes.dll
0x00007fff66b90000 - 0x00007fff66e36000 	C:\WINDOWS\System32\iertutil.dll
0x0000000053a20000 - 0x0000000053a32000 	C:\Program Files\Java\jre1.8.0_181\bin\prism_common.dll

VM Arguments:
jvm_args: -Dfile.encoding=UTF-8 
java_command: main.StartOs
java_class_path (initial): C:\Program Files\Java\jre1.8.0_181\lib\resources.jar;C:\Program Files\Java\jre1.8.0_181\lib\rt.jar;C:\Program Files\Java\jre1.8.0_181\lib\jsse.jar;C:\Program Files\Java\jre1.8.0_181\lib\jce.jar;C:\Program Files\Java\jre1.8.0_181\lib\charsets.jar;C:\Program Files\Java\jre1.8.0_181\lib\jfr.jar;C:\Program Files\Java\jre1.8.0_181\lib\ext\access-bridge-64.jar;C:\Program Files\Java\jre1.8.0_181\lib\ext\cldrdata.jar;C:\Program Files\Java\jre1.8.0_181\lib\ext\dnsns.jar;C:\Program Files\Java\jre1.8.0_181\lib\ext\jaccess.jar;C:\Program Files\Java\jre1.8.0_181\lib\ext\jfxrt.jar;C:\Program Files\Java\jre1.8.0_181\lib\ext\localedata.jar;C:\Program Files\Java\jre1.8.0_181\lib\ext\nashorn.jar;C:\Program Files\Java\jre1.8.0_181\lib\ext\sunec.jar;C:\Program Files\Java\jre1.8.0_181\lib\ext\sunjce_provider.jar;C:\Program Files\Java\jre1.8.0_181\lib\ext\sunmscapi.jar;C:\Program Files\Java\jre1.8.0_181\lib\ext\sunpkcs11.jar;C:\Program Files\Java\jre1.8.0_181\lib\ext\zipfs.jar;C:\Users\lenovo\eclipse-workspace\DemoOs\bin;C:\Users\lenovo\.p2\pool\plugins\org.eclipse.fx.ide.css.jfx8_3.1.0.201712060800.jar
Launcher Type: SUN_STANDARD

Environment Variables:
PATH=C:/Program Files/Java/jre1.8.0_181/bin/server;C:/Program Files/Java/jre1.8.0_181/bin;C:/Program Files/Java/jre1.8.0_181/lib/amd64;C:\Program Files (x86)\Common Files\Oracle\Java\javapath;C:\WINDOWS\system32;C:\WINDOWS;C:\WINDOWS\System32\Wbem;C:\WINDOWS\System32\WindowsPowerShell\v1.0\;C:\WINDOWS\System32\OpenSSH\;C:\Program Files\Java\jre-10.0.1;C:\Program Files\Java\jdk-10.0.1;D:\Git\cmd;C:\Program Files\Java\jdk1.8.0_181\bin;C:\Program Files (x86)\NVIDIA Corporation\PhysX\Common;C:\Program Files\dotnet\;%QUARTUS_ROOTDIR%\bin;C:\Program Files\nodejs\;C:\Program Files\Git\cmd;C:\WINDOWS\system32;C:\WINDOWS;C:\WINDOWS\System32\Wbem;C:\WINDOWS\System32\WindowsPowerShell\v1.0\;C:\WINDOWS\System32\OpenSSH\;C:\Users\lenovo\AppData\Local\Microsoft\WindowsApps;C:\Users\lenovo\AppData\Roaming\npm;;C:\WINDOWS\system32;
USERNAME=lenovo
OS=Windows_NT
PROCESSOR_IDENTIFIER=Intel64 Family 6 Model 158 Stepping 9, GenuineIntel



---------------  S Y S T E M  ---------------

OS: Windows 10.0 , 64 bit Build 18362 (10.0.18362.329)

CPU:total 4 (initial active 4) (4 cores per cpu, 1 threads per core) family 6 model 158 stepping 9, cmov, cx8, fxsr, mmx, sse, sse2, sse3, ssse3, sse4.1, sse4.2, popcnt, avx, avx2, aes, clmul, erms, 3dnowpref, lzcnt, tsc, tscinvbit, bmi1, bmi2, adx

Memory: 4k page, physical 3893912k(339000k free), swap 15952536k(3296k free)

vm_info: Java HotSpot(TM) 64-Bit Server VM (25.181-b13) for windows-amd64 JRE (1.8.0_181-b13), built on Jul  7 2018 04:01:33 by "java_re" with MS VC++ 10.0 (VS2010)

time: Sat Oct 26 20:56:19 2019
elapsed time: 16 seconds (0d 0h 0m 16s)

